Log file open, 10/02/18 22:32:35
LogWindows: Failed to load 'aqProf.dll' (GetLastError=126)
LogWindows: File 'aqProf.dll' does not exist
LogWindows: Failed to load 'VSPerf140.dll' (GetLastError=126)
LogWindows: File 'VSPerf140.dll' does not exist
LogWindows: Failed to load 'VtuneApi.dll' (GetLastError=126)
LogWindows: File 'VtuneApi.dll' does not exist
LogWindows: Failed to load 'VtuneApi32e.dll' (GetLastError=126)
LogWindows: File 'VtuneApi32e.dll' does not exist
LogInit: Display: Running engine for game: Flamingo_O_O_OOO
LogPlatformFile: Not using cached read wrapper
LogTaskGraph: Started task graph with 5 named threads and 23 total threads with 3 sets of task threads.
LogStats: Stats thread started at 0.321113
LogD3D11RHI: Loaded GFSDK_Aftermath_Lib.x64.dll
LogICUInternationalization: Display: ICU TimeZone Detection - Raw Offset: +0:00, Platform Override: ''
LogPluginManager: Mounting plugin Paper2D
LogPluginManager: Mounting plugin AISupport
LogPluginManager: Mounting plugin LightPropagationVolume
LogPluginManager: Mounting plugin CLionSourceCodeAccess
LogPluginManager: Mounting plugin CodeLiteSourceCodeAccess
LogPluginManager: Mounting plugin GitSourceControl
LogPluginManager: Mounting plugin KDevelopSourceCodeAccess
LogPluginManager: Mounting plugin NullSourceCodeAccess
LogPluginManager: Mounting plugin PerforceSourceControl
LogPluginManager: Mounting plugin SubversionSourceControl
LogPluginManager: Mounting plugin UObjectPlugin
LogPluginManager: Mounting plugin VisualStudioCodeSourceCodeAccess
LogPluginManager: Mounting plugin VisualStudioSourceCodeAccess
LogPluginManager: Mounting plugin XCodeSourceCodeAccess
LogPluginManager: Mounting plugin AssetManagerEditor
LogPluginManager: Mounting plugin CryptoKeys
LogPluginManager: Mounting plugin DataValidation
LogPluginManager: Mounting plugin FacialAnimation
LogPluginManager: Mounting plugin GameplayTagsEditor
LogPluginManager: Mounting plugin MacGraphicsSwitching
LogPluginManager: Mounting plugin MeshEditor
LogPluginManager: Mounting plugin MobileLauncherProfileWizard
LogPluginManager: Mounting plugin PluginBrowser
LogPluginManager: Mounting plugin SpeedTreeImporter
LogPluginManager: Mounting plugin DatasmithContent
LogPluginManager: Mounting plugin AlembicImporter
LogPluginManager: Mounting plugin AppleImageUtils
LogPluginManager: Mounting plugin AppleVision
LogPluginManager: Mounting plugin BackChannel
LogPluginManager: Mounting plugin CharacterAI
LogPluginManager: Mounting plugin GeometryCache
LogPluginManager: Mounting plugin HTML5Networking
LogPluginManager: Mounting plugin ProxyLODPlugin
LogPluginManager: Mounting plugin MagicLeap
LogPluginManager: Mounting plugin MagicLeapEmulator
LogPluginManager: Mounting plugin MagicLeapMedia
LogPluginManager: Mounting plugin AndroidMedia
LogPluginManager: Mounting plugin AvfMedia
LogPluginManager: Mounting plugin ImgMedia
LogPluginManager: Mounting plugin LinearTimecode
LogPluginManager: Mounting plugin MediaCompositing
LogPluginManager: Mounting plugin MediaPlayerEditor
LogPluginManager: Mounting plugin WmfMedia
LogPluginManager: Mounting plugin TcpMessaging
LogPluginManager: Mounting plugin UdpMessaging
LogPluginManager: Mounting plugin ActorSequence
LogPluginManager: Mounting plugin LevelSequenceEditor
LogPluginManager: Mounting plugin MatineeToLevelSequence
LogPluginManager: Mounting plugin NetcodeUnitTest
LogPluginManager: Mounting plugin NUTUnrealEngine4
LogPluginManager: Mounting plugin OnlineSubsystemGooglePlay
LogPluginManager: Mounting plugin OnlineSubsystemIOS
LogPluginManager: Mounting plugin OnlineSubsystem
LogPluginManager: Mounting plugin OnlineSubsystemNull
LogPluginManager: Mounting plugin OnlineSubsystemUtils
LogPluginManager: Mounting plugin LauncherChunkInstaller
LogPluginManager: Mounting plugin AndroidDeviceProfileSelector
LogPluginManager: Mounting plugin AndroidMoviePlayer
LogPluginManager: Mounting plugin AndroidPermission
LogPluginManager: Mounting plugin AppleMoviePlayer
LogPluginManager: Mounting plugin ArchVisCharacter
LogPluginManager: Mounting plugin AudioCapture
LogPluginManager: Mounting plugin CableComponent
LogPluginManager: Mounting plugin CustomMeshComponent
LogPluginManager: Mounting plugin EditableMesh
LogPluginManager: Mounting plugin ExampleDeviceProfileSelector
LogPluginManager: Mounting plugin GoogleCloudMessaging
LogPluginManager: Mounting plugin ImmediatePhysics
LogPluginManager: Mounting plugin IOSDeviceProfileSelector
LogPluginManager: Mounting plugin LinuxDeviceProfileSelector
LogPluginManager: Mounting plugin LocationServicesBPLibrary
LogPluginManager: Mounting plugin MobilePatchingUtils
LogPluginManager: Mounting plugin OculusVR
LogPluginManager: Plugin shader directory ../../../Engine/Plugins/Runtime/Oculus/OculusVR/Shaders found
LogPluginManager: Mapping shader source directory ../../../Engine/Plugins/Runtime/Oculus/OculusVR/Shaders to virtual directory /Plugin/OculusVR
LogPluginManager: Mounting plugin PhysXVehicles
LogPluginManager: Mounting plugin ProceduralMeshComponent
LogPluginManager: Mounting plugin RuntimePhysXCooking
LogPluginManager: Mounting plugin SteamVR
LogPluginManager: Mounting plugin WindowsMoviePlayer
LogStreaming: Display: Took  0.953s to configure plugins.
LogInit: Using libcurl 7.55.1-DEV
LogInit:  - built for x86_64-pc-win32
LogInit:  - supports SSL with OpenSSL/1.0.2h
LogInit:  - supports HTTP deflate (compression) using libz 1.2.8
LogInit:  - other features:
LogInit:      CURL_VERSION_SSL
LogInit:      CURL_VERSION_LIBZ
LogInit:      CURL_VERSION_IPV6
LogInit:      CURL_VERSION_ASYNCHDNS
LogInit:      CURL_VERSION_LARGEFILE
LogInit:      CURL_VERSION_IDN
LogInit:  CurlRequestOptions (configurable via config and command line):
LogInit:  - bVerifyPeer = false  - Libcurl will NOT verify peer certificate
LogInit:  - bUseHttpProxy = false  - Libcurl will NOT use HTTP proxy
LogInit:  - bDontReuseConnections = false  - Libcurl will reuse connections
LogInit:  - CertBundlePath = nullptr  - Libcurl will use whatever was configured at build time.
LogInit:  - MaxHostConnections = 16  - Libcurl will limit the number of connections to a host
LogInit:  - LocalHostAddr = Default
LogInit:  - BufferSize = 65536
LogInit: WinSock: version 1.1 (2.2), MaxSocks=32767, MaxUdp=65467
LogInit: Build: ++UE4+Release-4.20-CL-4369336
LogInit: Engine Version: 4.20.3-4369336+++UE4+Release-4.20
LogInit: Compatible Engine Version: 4.20.0-4212847+++UE4+Release-4.20
LogInit: Net CL: 4212847
LogInit: OS: Windows 10 (), CPU: Intel(R) Core(TM) i7-7700HQ CPU @ 2.80GHz, GPU: Intel(R) HD Graphics 630
LogInit: Compiled (64-bit): Sep 17 2018 12:26:19
LogInit: Compiled with Visual C++: 19.13.26129.00
LogInit: Build Configuration: Development
LogInit: Branch Name: ++UE4+Release-4.20
LogInit: Command Line: -EpicPortal 
LogInit: Base Directory: C:/Program Files/Epic Games/UE_4.20/Engine/Binaries/Win64/
LogInit: Installed Engine Build: 1
LogDevObjectVersion: Number of dev versions registered: 20
LogDevObjectVersion:   Dev-Blueprints (B0D832E4-1F89-4F0D-ACCF-7EB736FD4AA2): 10
LogDevObjectVersion:   Dev-Build (E1C64328-A22C-4D53-A36C-8E866417BD8C): 0
LogDevObjectVersion:   Dev-Core (375EC13C-06E4-48FB-B500-84F0262A717E): 2
LogDevObjectVersion:   Dev-Editor (E4B068ED-F494-42E9-A231-DA0B2E46BB41): 24
LogDevObjectVersion:   Dev-Framework (CFFC743F-43B0-4480-9391-14DF171D2073): 34
LogDevObjectVersion:   Dev-Mobile (B02B49B5-BB20-44E9-A304-32B752E40360): 2
LogDevObjectVersion:   Dev-Networking (A4E4105C-59A1-49B5-A7C5-40C4547EDFEE): 0
LogDevObjectVersion:   Dev-Online (39C831C9-5AE6-47DC-9A44-9C173E1C8E7C): 0
LogDevObjectVersion:   Dev-Physics (78F01B33-EBEA-4F98-B9B4-84EACCB95AA2): 0
LogDevObjectVersion:   Dev-Platform (6631380F-2D4D-43E0-8009-CF276956A95A): 0
LogDevObjectVersion:   Dev-Rendering (12F88B9F-8875-4AFC-A67C-D90C383ABD29): 26
LogDevObjectVersion:   Dev-Sequencer (7B5AE74C-D270-4C10-A958-57980B212A5A): 9
LogDevObjectVersion:   Dev-VR (D7296918-1DD6-4BDD-9DE2-64A83CC13884): 2
LogDevObjectVersion:   Dev-LoadTimes (C2A15278-BFE7-4AFE-6C17-90FF531DF755): 1
LogDevObjectVersion:   Private-Geometry (6EACA3D4-40EC-4CC1-B786-8BED09428FC5): 3
LogDevObjectVersion:   Dev-AnimPhys (29E575DD-E0A3-4627-9D10-D276232CDCEA): 17
LogDevObjectVersion:   Dev-ReflectionCapture (6B266CEC-1EC7-4B8F-A30B-E4D90942FC07): 1
LogDevObjectVersion:   Dev-Automation (0DF73D61-A23F-47EA-B727-89E90C41499A): 1
LogDevObjectVersion:   FortniteMain (601D1886-AC64-4F84-AA16-D3DE0DEAC7D6): 12
LogDevObjectVersion:   Dev-Enterprise (9DFFBCD6-494F-0158-E221-12823C92A888): 1
LogStreaming: Display: Took  0.001s to delete old logs.
LogInit: Presizing for max 8388607 objects, including 0 objects not considered by GC, pre-allocating 0 bytes for permanent pool.
LogInit: Object subsystem initialized
[2018.10.02-21.32.37:052][  0]LogInit: Selected Device Profile: [Windows]
[2018.10.02-21.32.37:052][  0]LogInit: Applying CVar settings loaded from the selected device profile: [Windows]
[2018.10.02-21.32.37:091][  0]LogHAL: Display: Platform has ~ 8 GB [8459030528 / 8589934592 / 8], which maps to Default [LargestMinGB=32, LargerMinGB=12, DefaultMinGB=8, SmallerMinGB=6, SmallestMinGB=0)
[2018.10.02-21.32.37:091][  0]LogInit: Setting Device Profile CVar: [[r.Vulkan.UseRealUBs:1]]
[2018.10.02-21.32.37:091][  0]LogInit: Going up to parent DeviceProfile []
[2018.10.02-21.32.37:091][  0]LogInit: Computer: ALESSIO
[2018.10.02-21.32.37:091][  0]LogInit: User: aless
[2018.10.02-21.32.37:091][  0]LogInit: CPU Page size=4096, Cores=4
[2018.10.02-21.32.37:091][  0]LogInit: High frequency timer resolution =2.742187 MHz
[2018.10.02-21.32.37:092][  0]LogMemory: Memory total: Physical=7.9GB (8GB approx)
[2018.10.02-21.32.37:092][  0]LogMemory: Platform Memory Stats for Windows
[2018.10.02-21.32.37:092][  0]LogMemory: Process Physical Memory: 99.93 MB used, 99.93 MB peak
[2018.10.02-21.32.37:092][  0]LogMemory: Process Virtual Memory: 91.17 MB used, 91.17 MB peak
[2018.10.02-21.32.37:092][  0]LogMemory: Physical Memory: 5738.56 MB used,  2328.60 MB free, 8067.16 MB total
[2018.10.02-21.32.37:093][  0]LogMemory: Virtual Memory: 4630.73 MB used,  2328.60 MB free, 134217728.00 MB total
[2018.10.02-21.32.37:135][  0]LogInit: Using OS detected language (en-US).
[2018.10.02-21.32.37:135][  0]LogInit: Using OS detected locale (en-US).
[2018.10.02-21.32.37:136][  0]LogTextLocalizationManager: No specific localization for 'en-US' exists, so the 'en' localization will be used.
[2018.10.02-21.32.37:678][  0]LogStreaming: Display: Took  0.543s to InitEngineTextLocalization.
[2018.10.02-21.32.37:678][  0]LogInit: Setting process to per monitor DPI aware
[2018.10.02-21.32.37:785][  0]LogSlate: New Slate User Created.  User Index 0, Is Virtual User: 0
[2018.10.02-21.32.37:785][  0]LogSlate: Slate User Registered.  User Index 0, Is Virtual User: 0
[2018.10.02-21.32.38:131][  0]LogHMD: Failed to initialize OpenVR with code 110
[2018.10.02-21.32.38:131][  0]LogD3D11RHI: D3D11 adapters:
[2018.10.02-21.32.38:227][  0]LogD3D11RHI:    0. 'NVIDIA GeForce GTX 1050' (Feature Level 11_0)
[2018.10.02-21.32.38:227][  0]LogD3D11RHI:       4021/0/4033 MB DedicatedVideo/DedicatedSystem/SharedSystem, Outputs:1, VendorId:0x10de
[2018.10.02-21.32.38:245][  0]LogD3D11RHI:    1. 'Intel(R) HD Graphics 630' (Feature Level 11_0)
[2018.10.02-21.32.38:245][  0]LogD3D11RHI:       128/0/4033 MB DedicatedVideo/DedicatedSystem/SharedSystem, Outputs:0, VendorId:0x8086
[2018.10.02-21.32.38:248][  0]LogD3D11RHI:    2. 'Microsoft Basic Render Driver' (Feature Level 11_0)
[2018.10.02-21.32.38:248][  0]LogD3D11RHI:       0/0/4033 MB DedicatedVideo/DedicatedSystem/SharedSystem, Outputs:0, VendorId:0x1414
[2018.10.02-21.32.38:248][  0]LogD3D11RHI: Chosen D3D11 Adapter: 0
[2018.10.02-21.32.38:268][  0]LogD3D11RHI: Creating new Direct3DDevice
[2018.10.02-21.32.38:268][  0]LogD3D11RHI:     GPU DeviceId: 0x1c8d (for the marketing name, search the web for "GPU Device Id")
[2018.10.02-21.32.38:268][  0]LogWindows: EnumDisplayDevices:
[2018.10.02-21.32.38:269][  0]LogWindows:    0. 'Intel(R) HD Graphics 630' (P:1 D:1)
[2018.10.02-21.32.38:269][  0]LogWindows:    1. 'Intel(R) HD Graphics 630' (P:0 D:0)
[2018.10.02-21.32.38:269][  0]LogWindows:    2. 'Intel(R) HD Graphics 630' (P:0 D:0)
[2018.10.02-21.32.38:269][  0]LogWindows: DebugString: PrimaryIsNotTheChoosenAdapter PrimaryIsNotTheChoosenAdapter PrimaryIsNotTheChoosenAdapter FoundDriverCount:0 
[2018.10.02-21.32.38:269][  0]LogD3D11RHI:     Adapter Name: NVIDIA GeForce GTX 1050
[2018.10.02-21.32.38:269][  0]LogD3D11RHI:   Driver Version: Unknown (internal:Unknown, unified:Unknown)
[2018.10.02-21.32.38:269][  0]LogD3D11RHI:      Driver Date: Unknown
[2018.10.02-21.32.38:269][  0]LogRHI: Texture pool is 2814 MB (70% of 4021 MB)
[2018.10.02-21.32.38:330][  0]LogD3D11RHI: Async texture creation enabled
[2018.10.02-21.32.38:349][  0]LogD3D11RHI: GPU Timing Frequency: 1000.000000 (Debug: 2 2)
[2018.10.02-21.32.38:350][  0]LogShaderCompilers: Guid format shader working directory is -27 characters bigger than the processId version (../../../../../../Users/aless/Documents/Unreal Projects/Flamingo_O_O_OOO/Intermediate/Shaders/WorkingDirectory/13344/).
[2018.10.02-21.32.38:350][  0]LogShaderCompilers: Cleaned the shader compiler working directory 'C:/Users/aless/AppData/Local/Temp/UnrealShaderWorkingDir/E136D9D940C5CD5F615DBD9F8056D4AA/'.
[2018.10.02-21.32.39:016][  0]LogTemp: Display: Loaded TP AllDesktopTargetPlatform
[2018.10.02-21.32.39:035][  0]LogTemp: Display: Loaded TP MacClientTargetPlatform
[2018.10.02-21.32.39:116][  0]LogTemp: Display: Loaded TP MacNoEditorTargetPlatform
[2018.10.02-21.32.39:135][  0]LogTemp: Display: Loaded TP MacServerTargetPlatform
[2018.10.02-21.32.39:155][  0]LogTemp: Display: Loaded TP MacTargetPlatform
[2018.10.02-21.32.39:172][  0]LogTemp: Display: Loaded TP WindowsClientTargetPlatform
[2018.10.02-21.32.39:192][  0]LogTemp: Display: Loaded TP WindowsNoEditorTargetPlatform
[2018.10.02-21.32.39:213][  0]LogTemp: Display: Loaded TP WindowsServerTargetPlatform
[2018.10.02-21.32.39:224][  0]LogTemp: Display: Loaded TP WindowsTargetPlatform
[2018.10.02-21.32.39:331][  0]LogTemp: Display: Loaded TP AndroidTargetPlatform
[2018.10.02-21.32.39:332][  0]LogTemp: Display: Loaded TP AndroidTargetPlatform
[2018.10.02-21.32.39:332][  0]LogTemp: Display: Loaded TP AndroidTargetPlatform
[2018.10.02-21.32.39:332][  0]LogTemp: Display: Loaded TP AndroidTargetPlatform
[2018.10.02-21.32.39:332][  0]LogTemp: Display: Loaded TP AndroidTargetPlatform
[2018.10.02-21.32.39:332][  0]LogTemp: Display: Loaded TP AndroidTargetPlatform
[2018.10.02-21.32.39:332][  0]LogTemp: Display: Loaded TP AndroidTargetPlatform
[2018.10.02-21.32.39:332][  0]LogTemp: Display: Loaded TP AndroidTargetPlatform
[2018.10.02-21.32.39:332][  0]LogTemp: Display: Loaded TP AndroidTargetPlatform
[2018.10.02-21.32.39:332][  0]LogTemp: Display: Loaded TP AndroidTargetPlatform
[2018.10.02-21.32.39:332][  0]LogTemp: Display: Loaded TP AndroidTargetPlatform
[2018.10.02-21.32.39:332][  0]LogTemp: Display: Loaded TP AndroidTargetPlatform
[2018.10.02-21.32.39:332][  0]LogTemp: Display: Loaded TP AndroidTargetPlatform
[2018.10.02-21.32.39:332][  0]LogTemp: Display: Loaded TP AndroidTargetPlatform
[2018.10.02-21.32.39:332][  0]LogTemp: Display: Loaded TP AndroidTargetPlatform
[2018.10.02-21.32.39:332][  0]LogTemp: Display: Loaded TP AndroidTargetPlatform
[2018.10.02-21.32.39:332][  0]LogTemp: Display: Loaded TP AndroidTargetPlatform
[2018.10.02-21.32.39:332][  0]LogTemp: Display: Loaded TP AndroidTargetPlatform
[2018.10.02-21.32.39:333][  0]LogTemp: Display: Loaded TP HTML5TargetPlatform
[2018.10.02-21.32.39:398][  0]LogTemp: Display: Loaded TP IOSTargetPlatform
[2018.10.02-21.32.39:398][  0]LogTemp: Display: Loaded TP IOSTargetPlatform
[2018.10.02-21.32.39:429][  0]LogTemp: Display: Loaded TP TVOSTargetPlatform
[2018.10.02-21.32.39:429][  0]LogTemp: Display: Loaded TP TVOSTargetPlatform
[2018.10.02-21.32.39:446][  0]LogTemp: Display: Loaded TP LinuxClientTargetPlatform
[2018.10.02-21.32.39:464][  0]LogTemp: Display: Loaded TP LinuxNoEditorTargetPlatform
[2018.10.02-21.32.39:481][  0]LogTemp: Display: Loaded TP LinuxServerTargetPlatform
[2018.10.02-21.32.39:499][  0]LogTemp: Display: Loaded TP LinuxTargetPlatform
[2018.10.02-21.32.39:511][  0]LogTemp: Display: Loaded TP LuminTargetPlatform
[2018.10.02-21.32.39:511][  0]LogTargetPlatformManager: Display: Building Assets For Windows
[2018.10.02-21.32.39:605][  0]LogXGEController: Cannot use XGE Controller as Incredibuild is not installed on this machine.
[2018.10.02-21.32.39:605][  0]LogShaderCompilers: Cannot use XGE Shader Compiler as Incredibuild is not installed on this machine.
[2018.10.02-21.32.39:605][  0]LogShaderCompilers: Display: Using Local Shader Compiler.
[2018.10.02-21.32.40:561][  0]LogDerivedDataCache: Display: Max Cache Size: 512 MB
[2018.10.02-21.32.40:685][  0]LogDerivedDataCache: Loaded boot cache 0.12s 71MB C:/Users/aless/AppData/Local/UnrealEngine/4.20/DerivedDataCache/Boot.ddc.
[2018.10.02-21.32.40:685][  0]LogDerivedDataCache: Display: Loaded Boot cache: C:/Users/aless/AppData/Local/UnrealEngine/4.20/DerivedDataCache/Boot.ddc
[2018.10.02-21.32.40:686][  0]LogDerivedDataCache: FDerivedDataBackendGraph:  Pak pak cache file ../../../../../../Users/aless/Documents/Unreal Projects/Flamingo_O_O_OOO/DerivedDataCache/DDC.ddp not found, will not use a pak cache.
[2018.10.02-21.32.40:686][  0]LogDerivedDataCache: Unable to find inner node Pak for hierarchical cache Hierarchy.
[2018.10.02-21.32.40:686][  0]LogDerivedDataCache: FDerivedDataBackendGraph:  CompressedPak pak cache file ../../../../../../Users/aless/Documents/Unreal Projects/Flamingo_O_O_OOO/DerivedDataCache/Compressed.ddp not found, will not use a pak cache.
[2018.10.02-21.32.40:686][  0]LogDerivedDataCache: Unable to find inner node CompressedPak for hierarchical cache Hierarchy.
[2018.10.02-21.32.40:703][  0]LogDerivedDataCache: Display: Pak cache opened for reading ../../../Engine/DerivedDataCache/Compressed.ddp.
[2018.10.02-21.32.40:716][  0]LogDerivedDataCache: Using Local data cache path C:/Users/aless/AppData/Local/UnrealEngine/Common/DerivedDataCache: Writable
[2018.10.02-21.32.40:716][  0]LogDerivedDataCache: Shared data cache path not found in *engine.ini, will not use an Shared cache.
[2018.10.02-21.32.40:716][  0]LogDerivedDataCache: Unable to find inner node Shared for hierarchical cache Hierarchy.
[2018.10.02-21.32.40:738][  0]LogMaterial: Verifying Global Shaders for PCD3D_SM5
[2018.10.02-21.32.40:740][  0]LogSlate: Using FreeType 2.6.0
[2018.10.02-21.32.40:740][  0]LogSlate: SlateFontServices - WITH_FREETYPE: 1, WITH_HARFBUZZ: 1
[2018.10.02-21.32.40:862][  0]LogAssetRegistry: FAssetRegistry took 0.0276 seconds to start up
[2018.10.02-21.32.41:414][  0]LogInit: Selected Device Profile: [Windows]
[2018.10.02-21.32.41:643][  0]LogSimplygon: Simplygon DLL not present - disabling.
[2018.10.02-21.32.41:649][  0]LogMeshReduction: Using SimplygonSwarm for distributed automatic mesh merging
[2018.10.02-21.32.41:649][  0]LogMeshReduction: Using ProxyLODMeshReduction for automatic mesh merging
[2018.10.02-21.32.41:649][  0]LogMeshReduction: Using QuadricMeshReduction for automatic static mesh reduction
[2018.10.02-21.32.41:649][  0]LogMeshReduction: No automatic skeletal mesh reduction module available
[2018.10.02-21.32.41:670][  0]LogNetVersion: Flamingo_O_O_OOO 1.0.0, NetCL: 4212847, EngineNetVer: 5, GameNetVer: 0 (Checksum: 3041211453)
[2018.10.02-21.32.42:637][  0]LogPackageLocalizationCache: Processed 11 localized package path(s) for 2 prioritized culture(s) in 0.289733 seconds
[2018.10.02-21.32.42:647][  0]LogUObjectArray: 38425 objects as part of root set at end of initial load.
[2018.10.02-21.32.42:647][  0]LogUObjectAllocator: 6690864 out of 0 bytes used by permanent object pool.
[2018.10.02-21.32.42:647][  0]LogUObjectArray: CloseDisregardForGC: 0/0 objects in disregard for GC pool
[2018.10.02-21.32.43:693][  0]LogTcpMessaging: Initializing TcpMessaging bridge
[2018.10.02-21.32.43:706][  0]LogUdpMessaging: Initializing bridge on interface 0.0.0.0:0 to multicast group 230.0.0.1:6666.
[2018.10.02-21.32.43:873][  0]SourceControl: Source control is disabled
[2018.10.02-21.32.43:874][  0]SourceControl: Source control is disabled
[2018.10.02-21.32.43:875][  0]SourceControl: Source control is disabled
[2018.10.02-21.32.43:876][  0]SourceControl: Source control is disabled
[2018.10.02-21.32.44:106][  0]LogAndroidPermission: UAndroidPermissionCallbackProxy::GetInstance
[2018.10.02-21.32.44:157][  0]LogOcInput: OculusInput pre-init called
[2018.10.02-21.32.44:233][  0]LogEngine: Initializing Engine...
[2018.10.02-21.32.44:234][  0]LogHMD: Failed to initialize OpenVR with code 110
[2018.10.02-21.32.44:235][  0]LogStats: UGameplayTagsManager::ConstructGameplayTagTree: ImportINI prefixes -  0.000 s
[2018.10.02-21.32.44:235][  0]LogStats: UGameplayTagsManager::ConstructGameplayTagTree: Construct from data asset -  0.000 s
[2018.10.02-21.32.44:235][  0]LogStats: UGameplayTagsManager::ConstructGameplayTagTree: ImportINI -  0.000 s
[2018.10.02-21.32.44:235][  0]LogStats: UGameplayTagsManager::ConstructGameplayTagTree: GameplayTagTreeChangedEvent.Broadcast -  0.000 s
[2018.10.02-21.32.44:490][  0]LogInit: Initializing FReadOnlyCVARCache
[2018.10.02-21.32.44:506][  0]LogAIModule: Creating AISystem for world Untitled
[2018.10.02-21.32.44:570][  0]LogInit: XAudio2 using 'Speakers (Realtek High Definition Audio)' : 2 channels at 48 kHz using 32 bits per sample (channel mask 0x3)
[2018.10.02-21.32.44:588][  0]LogInit: FAudioDevice initialized.
[2018.10.02-21.32.44:588][  0]LogNetVersion: Set ProjectVersion to 1.0.0.0. Version Checksum will be recalculated on next use.
[2018.10.02-21.32.45:706][  0]LogDerivedDataCache: Saved boot cache 1.12s 71MB C:/Users/aless/AppData/Local/UnrealEngine/4.20/DerivedDataCache/Boot.ddc.
[2018.10.02-21.32.45:714][  0]LogInit: Texture streaming: Enabled
[2018.10.02-21.32.45:808][  0]LogEngineSessionManager: EngineSessionManager initialized
[2018.10.02-21.32.45:943][  0]LogInit: Transaction tracking system initialized
[2018.10.02-21.32.45:975][  0]BlueprintLog: New page: Editor Load
[2018.10.02-21.32.46:076][  0]LocalizationService: Localization service is disabled
[2018.10.02-21.32.46:606][  0]LogCook: Display: Max memory allowance for cook 16384mb min free memory 0mb
[2018.10.02-21.32.46:606][  0]LogCook: Display: Mobile HDR setting 1
[2018.10.02-21.32.46:667][  0]LogFileCache: Scanning file cache for directory 'C:/Users/aless/Documents/Unreal Projects/Flamingo_O_O_OOO/Content/' took 0.06s
[2018.10.02-21.32.46:667][  0]LogGameplayTags: Display: UGameplayTagsManager::DoneAddingNativeTags. DelegateIsBound: 0
[2018.10.02-21.32.46:667][  0]LogStats: UGameplayTagsManager::ConstructGameplayTagTree: ImportINI prefixes -  0.000 s
[2018.10.02-21.32.46:667][  0]LogStats: UGameplayTagsManager::ConstructGameplayTagTree: Construct from data asset -  0.000 s
[2018.10.02-21.32.46:667][  0]LogStats: UGameplayTagsManager::ConstructGameplayTagTree: ImportINI -  0.000 s
[2018.10.02-21.32.46:667][  0]LogStats: UGameplayTagsManager::ConstructGameplayTagTree: GameplayTagTreeChangedEvent.Broadcast -  0.000 s
[2018.10.02-21.32.46:862][  0]SourceControl: Source control is disabled
[2018.10.02-21.32.46:863][  0]Cmd: MAP LOAD FILE="../../../../../../Users/aless/Documents/Unreal Projects/Flamingo_O_O_OOO/Content/ThirdPersonBP/Maps/ThirdPersonExampleMap.umap" TEMPLATE=0 SHOWPROGRESS=1 FEATURELEVEL=3
[2018.10.02-21.32.46:876][  0]LightingResults: New page: Lighting Build
[2018.10.02-21.32.46:880][  0]MapCheck: New page: Map Check
[2018.10.02-21.32.46:880][  0]LightingResults: New page: Lighting Build
[2018.10.02-21.33.14:993][  0]LogAIModule: Creating AISystem for world ThirdPersonExampleMap
[2018.10.02-21.33.19:341][  0]LogEditorServer: Finished looking for orphan Actors (0.000 secs)
[2018.10.02-21.33.19:431][  0]Cmd: MAP CHECKDEP NOCLEARLOG
[2018.10.02-21.33.19:551][  0]MapCheck: Map check complete: 0 Error(s), 0 Warning(s), took 119.709ms to complete.
[2018.10.02-21.33.19:552][  0]LogFileHelpers: Loading map 'ThirdPersonExampleMap' took 32.689
[2018.10.02-21.33.23:789][  0]LogSlate: Updating window title bar state: overlay mode, drag disabled, window buttons hidden, title bar hidden
[2018.10.02-21.33.23:845][  0]LogSlate: Updating window title bar state: overlay mode, drag disabled, window buttons hidden, title bar hidden
[2018.10.02-21.33.23:856][  0]LogSlate: Updating window title bar state: overlay mode, drag disabled, window buttons hidden, title bar hidden
[2018.10.02-21.33.23:871][  0]LogSlate: Updating window title bar state: overlay mode, drag disabled, window buttons hidden, title bar hidden
[2018.10.02-21.33.24:384][  0]LogCollectionManager: Loaded 0 collections in 0.002074 seconds
[2018.10.02-21.33.25:556][  0]LogFileCache: Scanning file cache for directory 'C:/Users/aless/Documents/Unreal Projects/Flamingo_O_O_OOO/Saved/Collections/' took 0.01s
[2018.10.02-21.33.25:556][  0]LogFileCache: Scanning file cache for directory 'C:/Users/aless/Documents/Unreal Projects/Flamingo_O_O_OOO/Content/Developers/aless/Collections/' took 0.01s
[2018.10.02-21.33.25:556][  0]LogFileCache: Scanning file cache for directory 'C:/Users/aless/Documents/Unreal Projects/Flamingo_O_O_OOO/Content/Collections/' took 0.01s
[2018.10.02-21.33.25:556][  0]LogCollectionManager: Rebuilt the GUID cache for 0 collections in 0.000001 seconds
[2018.10.02-21.33.25:598][  0]LogContentBrowser: Native class hierarchy populated in 0.0223 seconds. Added 2572 classes and 603 folders.
[2018.10.02-21.33.26:388][  0]LogContentBrowser: Native class hierarchy updated for 'WidgetCarousel' in 0.0003 seconds. Added 0 classes and 0 folders.
[2018.10.02-21.33.29:933][  0]LogContentBrowser: Native class hierarchy updated for 'AddContentDialog' in 0.0002 seconds. Added 0 classes and 0 folders.
[2018.10.02-21.33.30:936][  0]LogContentBrowser: Native class hierarchy updated for 'SceneOutliner' in 0.0007 seconds. Added 1 classes and 2 folders.
[2018.10.02-21.33.31:249][  0]LogSlate: Took 0.000271 seconds to synchronously load lazily loaded font '../../../Engine/Content/Slate/Fonts/Roboto-Regular.ttf' (155K)
[2018.10.02-21.33.31:251][  0]LogSlate: Took 0.000243 seconds to synchronously load lazily loaded font '../../../Engine/Content/Slate/Fonts/Roboto-Bold.ttf' (160K)
[2018.10.02-21.33.31:371][  0]LogSlate: Took 0.023524 seconds to synchronously load lazily loaded font '../../../Engine/Content/Editor/Slate/Fonts/FontAwesome.ttf' (139K)
[2018.10.02-21.33.32:206][  0]LogRenderer: Reallocating scene render targets to support 992x392 Format 10 NumSamples 1 (Frame:1).
[2018.10.02-21.33.33:405][  0]LogContentBrowser: Native class hierarchy updated for 'HierarchicalLODOutliner' in 0.0003 seconds. Added 0 classes and 0 folders.
[2018.10.02-21.33.33:405][  0]LogLoad: (Engine Initialization) Total time: 60.65 seconds
[2018.10.02-21.33.33:406][  0]LogLoad: (Engine Initialization) Total Blueprint compile time: 0.00 seconds
[2018.10.02-21.33.33:425][  0]LogWindowsTextInputMethodSystem: Display: IME system now deactivated.
[2018.10.02-21.33.33:573][  0]LogContentStreaming: Texture pool size now 1000 MB
[2018.10.02-21.33.33:730][  0]LogSlate: Took 0.026942 seconds to synchronously load lazily loaded font '../../../Engine/Content/Slate/Fonts/Roboto-Light.ttf' (167K)
[2018.10.02-21.33.33:765][  1]LogAssetRegistry: Asset discovery search completed in 52.9252 seconds
[2018.10.02-21.33.33:767][  1]LogCollectionManager: Rebuilt the object cache for 0 collections in 0.000000 seconds (found 0 objects)
[2018.10.02-21.33.33:767][  1]LogCollectionManager: Fixed up redirectors for 0 collections in 0.000055 seconds (updated 0 objects)
[2018.10.02-21.33.39:105][211]LogSlate: FSceneViewport::OnFocusLost() reason 0
[2018.10.02-21.34.23:971][783]LogEditorViewport: Clicking on Actor (LMB): ThirdPersonCharacter_C (ThirdPersonCharacter)
[2018.10.02-21.34.31:662][118]LogSlate: FSceneViewport::OnFocusLost() reason 0
[2018.10.02-21.34.37:173][411]LogSlate: Took 0.000394 seconds to synchronously load lazily loaded font '../../../Engine/Content/Slate/Fonts/Roboto-Light.ttf' (167K)
[2018.10.02-21.34.37:201][411]LogAssetEditorManager: Opening Asset editor for Skeleton /Game/Mannequin/Character/Mesh/UE4_Mannequin_Skeleton.UE4_Mannequin_Skeleton
[2018.10.02-21.34.37:311][411]LogContentBrowser: Native class hierarchy updated for 'SkeletonEditor' in 0.0003 seconds. Added 1 classes and 2 folders.
[2018.10.02-21.34.38:517][411]LogActorComponent: RegisterComponentWithWorld: (/Engine/Transient.World_3:PersistentLevel.AnimationEditorPreviewActor_0.DebugSkelMeshComponent_0) Already registered. Aborting.
[2018.10.02-21.34.38:558][411]LogContentBrowser: Native class hierarchy updated for 'PinnedCommandList' in 0.0004 seconds. Added 1 classes and 0 folders.
[2018.10.02-21.34.39:173][411]LogSkeletalMesh: USkeletalMeshComponent::InitArticulated : Bodies already created (/Engine/Transient.World_3:PersistentLevel.AnimationEditorPreviewActor_0.DebugSkelMeshComponent_0) - call TermArticulated first.
[2018.10.02-21.34.40:609][411]LogContentBrowser: Native class hierarchy updated for 'ClothingSystemEditorInterface' in 0.0003 seconds. Added 1 classes and 0 folders.
[2018.10.02-21.34.40:651][411]LogRenderer: Reallocating scene render targets to support 992x672 Format 10 NumSamples 1 (Frame:1).
[2018.10.02-21.34.43:816][526]LogSlate: Window 'Retarget Manager' being destroyed
[2018.10.02-21.34.43:819][526]LogSlate: Window 'Retarget Manager' being destroyed
[2018.10.02-21.34.46:773][659]LogSavePackage: Moving '../../../../../../Users/aless/Documents/Unreal Projects/Flamingo_O_O_OOO/Saved/UE4_Mannequin_SkeletonC95A47EE4F086F8395AB2B82735DED77.tmp' to '../../../../../../Users/aless/Documents/Unreal Projects/Flamingo_O_O_OOO/Content/Mannequin/Character/Mesh/UE4_Mannequin_Skeleton.uasset'
[2018.10.02-21.34.53:718][988]LogSlate: Window 'Retarget Manager' being destroyed
[2018.10.02-21.35.35:905][842]LogSlate: FSceneViewport::OnFocusLost() reason 0
[2018.10.02-21.35.36:049][847]LogSavePackage: Moving '../../../../../../Users/aless/Documents/Unreal Projects/Flamingo_O_O_OOO/Saved/UE4_Mannequin_Skeleton881B04504B60A505102F14BBB7BA7FBB.tmp' to '../../../../../../Users/aless/Documents/Unreal Projects/Flamingo_O_O_OOO/Content/Mannequin/Character/Mesh/UE4_Mannequin_Skeleton.uasset'
[2018.10.02-21.35.42:364][151]LogSavePackage: Moving '../../../../../../Users/aless/Documents/Unreal Projects/Flamingo_O_O_OOO/Saved/UE4_Mannequin_SkeletonAC8A4B064360959A6D9974A18B43E551.tmp' to '../../../../../../Users/aless/Documents/Unreal Projects/Flamingo_O_O_OOO/Content/Mannequin/Character/Mesh/UE4_Mannequin_Skeleton.uasset'
[2018.10.02-21.35.44:991][276]LogAssetEditorManager: Opening Asset editor for SkeletalMesh /Game/Mannequin/Character/Mesh/SK_Mannequin.SK_Mannequin
[2018.10.02-21.35.45:051][276]LogActorComponent: RegisterComponentWithWorld: (/Engine/Transient.World_6:PersistentLevel.AnimationEditorPreviewActor_0.DebugSkelMeshComponent_0) Already registered. Aborting.
[2018.10.02-21.35.45:159][276]LogSkeletalMesh: USkeletalMeshComponent::InitArticulated : Bodies already created (/Engine/Transient.World_6:PersistentLevel.AnimationEditorPreviewActor_0.DebugSkelMeshComponent_0) - call TermArticulated first.
[2018.10.02-21.35.45:676][276]LogSlate: Took 0.030984 seconds to synchronously load lazily loaded font '../../../Engine/Content/Slate/Fonts/Roboto-Italic.ttf' (157K)
[2018.10.02-21.35.47:215][330]LogSavePackage: Moving '../../../../../../Users/aless/Documents/Unreal Projects/Flamingo_O_O_OOO/Saved/SK_Mannequin839383CC44F5B80CE2A126A3DA010743.tmp' to '../../../../../../Users/aless/Documents/Unreal Projects/Flamingo_O_O_OOO/Content/Mannequin/Character/Mesh/SK_Mannequin.uasset'
[2018.10.02-21.35.50:400][485]LogSlate: Window 'SK_Mannequin' being destroyed
[2018.10.02-21.35.50:403][485]LogSlate: Window 'SK_Mannequin' being destroyed
[2018.10.02-21.36.35:930][490]LogSavePackage: Moving '../../../../../../Users/aless/Documents/Unreal Projects/Flamingo_O_O_OOO/Saved/SK_IBMannequin_SkeletonCE62C3244CC0A159390CD78F3D19E4D2.tmp' to '../../../../../../Users/aless/Documents/Unreal Projects/Flamingo_O_O_OOO/Content/InfinityBladeWarriors/Character/CompleteCharacters/SK_IBMannequin_Skeleton.uasset'
[2018.10.02-21.36.36:343][490]LogSavePackage: Moving '../../../../../../Users/aless/Documents/Unreal Projects/Flamingo_O_O_OOO/Saved/SK_CharM_BarbarousCC4A847F4BEE48E16AB87597437CE5C8.tmp' to '../../../../../../Users/aless/Documents/Unreal Projects/Flamingo_O_O_OOO/Content/InfinityBladeWarriors/Character/CompleteCharacters/SK_CharM_Barbarous.uasset'
[2018.10.02-21.36.36:390][490]LogSavePackage: Moving '../../../../../../Users/aless/Documents/Unreal Projects/Flamingo_O_O_OOO/Saved/sk_CharM_Base854040AF4C7FE22AE7F012B0C37C67BF.tmp' to '../../../../../../Users/aless/Documents/Unreal Projects/Flamingo_O_O_OOO/Content/InfinityBladeWarriors/Character/CompleteCharacters/sk_CharM_Base.uasset'
[2018.10.02-21.36.36:443][490]LogSavePackage: Moving '../../../../../../Users/aless/Documents/Unreal Projects/Flamingo_O_O_OOO/Saved/SK_CharM_Bladed0ED9256947C2F7DD476A59AEAF060C73.tmp' to '../../../../../../Users/aless/Documents/Unreal Projects/Flamingo_O_O_OOO/Content/InfinityBladeWarriors/Character/CompleteCharacters/SK_CharM_Bladed.uasset'
[2018.10.02-21.36.36:494][490]LogSavePackage: Moving '../../../../../../Users/aless/Documents/Unreal Projects/Flamingo_O_O_OOO/Saved/SK_CharM_Cardboard8E00992B44350867715F37A1A8F8E271.tmp' to '../../../../../../Users/aless/Documents/Unreal Projects/Flamingo_O_O_OOO/Content/InfinityBladeWarriors/Character/CompleteCharacters/SK_CharM_Cardboard.uasset'
[2018.10.02-21.36.36:554][490]LogSavePackage: Moving '../../../../../../Users/aless/Documents/Unreal Projects/Flamingo_O_O_OOO/Saved/SK_CharM_ForgeB6901A364DE44613E8EF87BB39FA8BCE.tmp' to '../../../../../../Users/aless/Documents/Unreal Projects/Flamingo_O_O_OOO/Content/InfinityBladeWarriors/Character/CompleteCharacters/SK_CharM_Forge.uasset'
[2018.10.02-21.36.36:606][490]LogSavePackage: Moving '../../../../../../Users/aless/Documents/Unreal Projects/Flamingo_O_O_OOO/Saved/SK_CharM_FrostGiant6F098EEE44E14170E7137DB0CAD8BE33.tmp' to '../../../../../../Users/aless/Documents/Unreal Projects/Flamingo_O_O_OOO/Content/InfinityBladeWarriors/Character/CompleteCharacters/SK_CharM_FrostGiant.uasset'
[2018.10.02-21.36.36:660][490]LogSavePackage: Moving '../../../../../../Users/aless/Documents/Unreal Projects/Flamingo_O_O_OOO/Saved/SK_CharM_GoldenB367D5D641DB55204D1AFC907DCFE032.tmp' to '../../../../../../Users/aless/Documents/Unreal Projects/Flamingo_O_O_OOO/Content/InfinityBladeWarriors/Character/CompleteCharacters/SK_CharM_Golden.uasset'
[2018.10.02-21.36.36:713][490]LogSavePackage: Moving '../../../../../../Users/aless/Documents/Unreal Projects/Flamingo_O_O_OOO/Saved/SK_CharM_Natural0C6905C843C3D971F1B0F4B25C5BD249.tmp' to '../../../../../../Users/aless/Documents/Unreal Projects/Flamingo_O_O_OOO/Content/InfinityBladeWarriors/Character/CompleteCharacters/SK_CharM_Natural.uasset'
[2018.10.02-21.36.36:875][490]LogSavePackage: Moving '../../../../../../Users/aless/Documents/Unreal Projects/Flamingo_O_O_OOO/Saved/SK_CharM_Pit92B00DCF450AF62BB375A197CFB9276F.tmp' to '../../../../../../Users/aless/Documents/Unreal Projects/Flamingo_O_O_OOO/Content/InfinityBladeWarriors/Character/CompleteCharacters/SK_CharM_Pit.uasset'
[2018.10.02-21.36.36:931][490]LogSavePackage: Moving '../../../../../../Users/aless/Documents/Unreal Projects/Flamingo_O_O_OOO/Saved/SK_CharM_Ragged0701B4EB0471FC2381B18F39955CD6A45.tmp' to '../../../../../../Users/aless/Documents/Unreal Projects/Flamingo_O_O_OOO/Content/InfinityBladeWarriors/Character/CompleteCharacters/SK_CharM_Ragged0.uasset'
[2018.10.02-21.36.36:984][490]LogSavePackage: Moving '../../../../../../Users/aless/Documents/Unreal Projects/Flamingo_O_O_OOO/Saved/SK_CharM_RaggedElite91DB474F4A592841DDF87A9803228017.tmp' to '../../../../../../Users/aless/Documents/Unreal Projects/Flamingo_O_O_OOO/Content/InfinityBladeWarriors/Character/CompleteCharacters/SK_CharM_RaggedElite.uasset'
[2018.10.02-21.36.37:042][490]LogSavePackage: Moving '../../../../../../Users/aless/Documents/Unreal Projects/Flamingo_O_O_OOO/Saved/SK_CharM_Ram99B7A9FA4FA75CF91FBAF4A3ED8A8067.tmp' to '../../../../../../Users/aless/Documents/Unreal Projects/Flamingo_O_O_OOO/Content/InfinityBladeWarriors/Character/CompleteCharacters/SK_CharM_Ram.uasset'
[2018.10.02-21.36.37:100][490]LogSavePackage: Moving '../../../../../../Users/aless/Documents/Unreal Projects/Flamingo_O_O_OOO/Saved/SK_CharM_Robo0B20E18A4516BB2D8D4C9782D3FD0B61.tmp' to '../../../../../../Users/aless/Documents/Unreal Projects/Flamingo_O_O_OOO/Content/InfinityBladeWarriors/Character/CompleteCharacters/SK_CharM_Robo.uasset'
[2018.10.02-21.36.37:152][490]LogSavePackage: Moving '../../../../../../Users/aless/Documents/Unreal Projects/Flamingo_O_O_OOO/Saved/SK_CharM_ShellB0D071F44C816860CBCA5289252152E5.tmp' to '../../../../../../Users/aless/Documents/Unreal Projects/Flamingo_O_O_OOO/Content/InfinityBladeWarriors/Character/CompleteCharacters/SK_CharM_Shell.uasset'
[2018.10.02-21.36.37:205][490]LogSavePackage: Moving '../../../../../../Users/aless/Documents/Unreal Projects/Flamingo_O_O_OOO/Saved/SK_CharM_solidC74244134DD3DB5DFBD2F9ABF012C8F8.tmp' to '../../../../../../Users/aless/Documents/Unreal Projects/Flamingo_O_O_OOO/Content/InfinityBladeWarriors/Character/CompleteCharacters/SK_CharM_solid.uasset'
[2018.10.02-21.36.37:256][490]LogSavePackage: Moving '../../../../../../Users/aless/Documents/Unreal Projects/Flamingo_O_O_OOO/Saved/SK_CharM_StandardA8D686CC4AD420B199060C97745F4F4F.tmp' to '../../../../../../Users/aless/Documents/Unreal Projects/Flamingo_O_O_OOO/Content/InfinityBladeWarriors/Character/CompleteCharacters/SK_CharM_Standard.uasset'
[2018.10.02-21.36.37:321][490]LogSavePackage: Moving '../../../../../../Users/aless/Documents/Unreal Projects/Flamingo_O_O_OOO/Saved/SK_CharM_Tusk48D0727A43F87B38DD281D9C0D300A85.tmp' to '../../../../../../Users/aless/Documents/Unreal Projects/Flamingo_O_O_OOO/Content/InfinityBladeWarriors/Character/CompleteCharacters/SK_CharM_Tusk.uasset'
[2018.10.02-21.36.37:373][490]LogSavePackage: Moving '../../../../../../Users/aless/Documents/Unreal Projects/Flamingo_O_O_OOO/Saved/SK_CharM_Warrior878CF125466D0730DD6037B873026CB9.tmp' to '../../../../../../Users/aless/Documents/Unreal Projects/Flamingo_O_O_OOO/Content/InfinityBladeWarriors/Character/CompleteCharacters/SK_CharM_Warrior.uasset'
[2018.10.02-21.36.41:207][674]LogAssetEditorManager: Opening Asset editor for Skeleton /Game/InfinityBladeWarriors/Character/CompleteCharacters/SK_IBMannequin_Skeleton.SK_IBMannequin_Skeleton
[2018.10.02-21.36.41:230][674]LogActorComponent: RegisterComponentWithWorld: (/Engine/Transient.World_8:PersistentLevel.AnimationEditorPreviewActor_0.DebugSkelMeshComponent_0) Already registered. Aborting.
[2018.10.02-21.36.50:140][ 22]LogSavePackage: Moving '../../../../../../Users/aless/Documents/Unreal Projects/Flamingo_O_O_OOO/Saved/SK_IBMannequin_SkeletonE665EC5E49B8BEE8D77B169986FD0754.tmp' to '../../../../../../Users/aless/Documents/Unreal Projects/Flamingo_O_O_OOO/Content/InfinityBladeWarriors/Character/CompleteCharacters/SK_IBMannequin_Skeleton.uasset'
[2018.10.02-21.37.19:322][374]LogSlate: FSceneViewport::OnFocusLost() reason 0
[2018.10.02-21.38.35:683][948]LogSlate: FSceneViewport::OnFocusLost() reason 0
[2018.10.02-21.38.51:601][632]LogSlate: FSceneViewport::OnFocusLost() reason 0
[2018.10.02-21.38.59:396][963]LogSlate: FSceneViewport::OnFocusLost() reason 0
[2018.10.02-21.39.05:091][211]LogSlate: FSceneViewport::OnFocusLost() reason 0
[2018.10.02-21.39.05:227][215]LogSavePackage: Moving '../../../../../../Users/aless/Documents/Unreal Projects/Flamingo_O_O_OOO/Saved/SK_IBMannequin_Skeleton04E58C154897360ECF3D0E9447E1E4AF.tmp' to '../../../../../../Users/aless/Documents/Unreal Projects/Flamingo_O_O_OOO/Content/InfinityBladeWarriors/Character/CompleteCharacters/SK_IBMannequin_Skeleton.uasset'
[2018.10.02-21.39.10:525][460]LogSavePackage: Moving '../../../../../../Users/aless/Documents/Unreal Projects/Flamingo_O_O_OOO/Saved/SK_IBMannequin_Skeleton7B75373A471DBDDDAE579799A948A7F2.tmp' to '../../../../../../Users/aless/Documents/Unreal Projects/Flamingo_O_O_OOO/Content/InfinityBladeWarriors/Character/CompleteCharacters/SK_IBMannequin_Skeleton.uasset'
[2018.10.02-21.39.14:299][635]LogSlate: Window 'SK_IBMannequin_Skeleton' being destroyed
[2018.10.02-21.39.14:310][635]LogSlate: Window 'SK_IBMannequin_Skeleton' being destroyed
[2018.10.02-21.39.32:018][494]LogContentBrowser: Verbose: The majority of assets in the view are of type: Skeleton
[2018.10.02-21.39.49:413][679]LogSlate: Window 'Create New Animation Object' being destroyed
[2018.10.02-21.39.55:819][984]LogAnimationCompression: Building Anim DDC data for AnimSequence /Game/InfinityBladeWarriors/Animations/ThirdPerson_Jump.ThirdPerson_Jump
[2018.10.02-21.39.55:833][984]LogAnimationCompression: Recompressing (AnimSequence /Engine/Transient.ThirdPerson_Jump) using current/default (AnimCompress_RemoveLinearKeys_0) bFirstRecompressUsingCurrentOrDefault(1) bTryAlternateCompressor(0) IsCompressedDataValid(0)
[2018.10.02-21.39.55:949][984]LogAnimationCompression: Building Anim DDC data for AnimSequence /Game/InfinityBladeWarriors/Animations/ThirdPerson_Jump.ThirdPerson_Jump
[2018.10.02-21.39.55:949][984]LogAnimationCompression: Recompressing (AnimSequence /Engine/Transient.AnimSequence_0) using current/default (AnimCompress_RemoveLinearKeys_1) bFirstRecompressUsingCurrentOrDefault(1) bTryAlternateCompressor(0) IsCompressedDataValid(0)
[2018.10.02-21.39.55:963][984]LogAnimationCompression: Building Anim DDC data for AnimSequence /Game/InfinityBladeWarriors/Animations/ThirdPerson_Jump.ThirdPerson_Jump
[2018.10.02-21.39.55:963][984]LogAnimationCompression: Recompressing (AnimSequence /Engine/Transient.AnimSequence_1) using current/default (AnimCompress_RemoveLinearKeys_2) bFirstRecompressUsingCurrentOrDefault(1) bTryAlternateCompressor(0) IsCompressedDataValid(0)
[2018.10.02-21.39.55:977][984]LogAnimationCompression: Building Anim DDC data for AnimSequence /Game/InfinityBladeWarriors/Animations/ThirdPersonJump_Loop.ThirdPersonJump_Loop
[2018.10.02-21.39.55:978][984]LogAnimationCompression: Recompressing (AnimSequence /Engine/Transient.ThirdPersonJump_Loop) using current/default (AnimCompress_RemoveLinearKeys_2) bFirstRecompressUsingCurrentOrDefault(1) bTryAlternateCompressor(0) IsCompressedDataValid(0)
[2018.10.02-21.39.56:000][984]LogAnimationCompression: Building Anim DDC data for AnimSequence /Game/InfinityBladeWarriors/Animations/ThirdPersonJump_Loop.ThirdPersonJump_Loop
[2018.10.02-21.39.56:000][984]LogAnimationCompression: Recompressing (AnimSequence /Engine/Transient.AnimSequence_2) using current/default (AnimCompress_RemoveLinearKeys_0) bFirstRecompressUsingCurrentOrDefault(1) bTryAlternateCompressor(0) IsCompressedDataValid(0)
[2018.10.02-21.39.56:059][984]LogAnimationCompression: Building Anim DDC data for AnimSequence /Game/InfinityBladeWarriors/Animations/ThirdPersonJump_Loop.ThirdPersonJump_Loop
[2018.10.02-21.39.56:060][984]LogAnimationCompression: Recompressing (AnimSequence /Engine/Transient.AnimSequence_3) using current/default (AnimCompress_RemoveLinearKeys_1) bFirstRecompressUsingCurrentOrDefault(1) bTryAlternateCompressor(0) IsCompressedDataValid(0)
[2018.10.02-21.39.56:095][984]LogAnimationCompression: Building Anim DDC data for AnimSequence /Game/InfinityBladeWarriors/Animations/ThirdPersonJump_Start.ThirdPersonJump_Start
[2018.10.02-21.39.56:096][984]LogAnimationCompression: Recompressing (AnimSequence /Engine/Transient.ThirdPersonJump_Start) using current/default (AnimCompress_RemoveLinearKeys_3) bFirstRecompressUsingCurrentOrDefault(1) bTryAlternateCompressor(0) IsCompressedDataValid(0)
[2018.10.02-21.39.56:166][984]LogAnimationCompression: Building Anim DDC data for AnimSequence /Game/InfinityBladeWarriors/Animations/ThirdPersonJump_Start.ThirdPersonJump_Start
[2018.10.02-21.39.56:166][984]LogAnimationCompression: Recompressing (AnimSequence /Engine/Transient.AnimSequence_4) using current/default (AnimCompress_RemoveLinearKeys_0) bFirstRecompressUsingCurrentOrDefault(1) bTryAlternateCompressor(0) IsCompressedDataValid(0)
[2018.10.02-21.39.56:185][984]LogAnimationCompression: Building Anim DDC data for AnimSequence /Game/InfinityBladeWarriors/Animations/ThirdPersonJump_Start.ThirdPersonJump_Start
[2018.10.02-21.39.56:186][984]LogAnimationCompression: Recompressing (AnimSequence /Engine/Transient.AnimSequence_5) using current/default (AnimCompress_RemoveLinearKeys_1) bFirstRecompressUsingCurrentOrDefault(1) bTryAlternateCompressor(0) IsCompressedDataValid(0)
[2018.10.02-21.39.56:210][984]LogAnimationCompression: Building Anim DDC data for AnimSequence /Game/InfinityBladeWarriors/Animations/ThirdPersonIdle.ThirdPersonIdle
[2018.10.02-21.39.56:211][984]LogAnimationCompression: Recompressing (AnimSequence /Engine/Transient.ThirdPersonIdle) using current/default (AnimCompress_RemoveLinearKeys_1) bFirstRecompressUsingCurrentOrDefault(1) bTryAlternateCompressor(0) IsCompressedDataValid(0)
[2018.10.02-21.39.56:298][984]LogAnimationCompression: Building Anim DDC data for AnimSequence /Game/InfinityBladeWarriors/Animations/ThirdPersonWalk.ThirdPersonWalk
[2018.10.02-21.39.56:299][984]LogAnimationCompression: Recompressing (AnimSequence /Engine/Transient.ThirdPersonWalk) using current/default (AnimCompress_RemoveLinearKeys_5) bFirstRecompressUsingCurrentOrDefault(1) bTryAlternateCompressor(0) IsCompressedDataValid(0)
[2018.10.02-21.39.56:361][984]LogAnimationCompression: Building Anim DDC data for AnimSequence /Game/InfinityBladeWarriors/Animations/ThirdPersonRun.ThirdPersonRun
[2018.10.02-21.39.56:363][984]LogAnimationCompression: Recompressing (AnimSequence /Engine/Transient.ThirdPersonRun) using current/default (AnimCompress_RemoveLinearKeys_4) bFirstRecompressUsingCurrentOrDefault(1) bTryAlternateCompressor(0) IsCompressedDataValid(0)
[2018.10.02-21.39.56:406][984]LogAnimationCompression: Building Anim DDC data for AnimSequence /Game/InfinityBladeWarriors/Animations/ThirdPersonIdle.ThirdPersonIdle
[2018.10.02-21.39.56:407][984]LogAnimationCompression: Recompressing (AnimSequence /Engine/Transient.AnimSequence_6) using current/default (AnimCompress_RemoveLinearKeys_0) bFirstRecompressUsingCurrentOrDefault(1) bTryAlternateCompressor(0) IsCompressedDataValid(0)
[2018.10.02-21.39.56:501][984]LogAnimationCompression: Building Anim DDC data for AnimSequence /Game/InfinityBladeWarriors/Animations/ThirdPersonWalk.ThirdPersonWalk
[2018.10.02-21.39.56:501][984]LogAnimationCompression: Recompressing (AnimSequence /Engine/Transient.AnimSequence_7) using current/default (AnimCompress_RemoveLinearKeys_0) bFirstRecompressUsingCurrentOrDefault(1) bTryAlternateCompressor(0) IsCompressedDataValid(0)
[2018.10.02-21.39.56:536][984]LogAnimationCompression: Building Anim DDC data for AnimSequence /Game/InfinityBladeWarriors/Animations/ThirdPersonRun.ThirdPersonRun
[2018.10.02-21.39.56:537][984]LogAnimationCompression: Recompressing (AnimSequence /Engine/Transient.AnimSequence_8) using current/default (AnimCompress_RemoveLinearKeys_0) bFirstRecompressUsingCurrentOrDefault(1) bTryAlternateCompressor(0) IsCompressedDataValid(0)
[2018.10.02-21.39.56:624][984]LogSlate: Window 'Select Skeleton' being destroyed
[2018.10.02-21.39.56:740][985]LogAnimation: Warning: AnimBP ThirdPerson_AnimBP_C is incompatible with skeleton SK_IBMannequin_Skeleton, removing AnimBP from actor.
[2018.10.02-21.40.05:765][447]LogAnimation: Warning: AnimBP ThirdPerson_AnimBP_C is incompatible with skeleton SK_IBMannequin_Skeleton, removing AnimBP from actor.
[2018.10.02-21.40.20:980][189]LogSavePackage: Moving '../../../../../../Users/aless/Documents/Unreal Projects/Flamingo_O_O_OOO/Saved/ThirdPersonExampleMap64B732574068338AD316E38BADE2C625.tmp' to '../../../../../../Users/aless/Documents/Unreal Projects/Flamingo_O_O_OOO/Content/ThirdPersonBP/Maps/ThirdPersonExampleMap.umap'
[2018.10.02-21.40.21:048][189]LogFileHelpers: Saving map 'ThirdPersonExampleMap' took 0.853
[2018.10.02-21.40.21:071][189]LogSavePackage: Moving '../../../../../../Users/aless/Documents/Unreal Projects/Flamingo_O_O_OOO/Saved/UE4_Mannequin_Skeleton7C366CC44FEA814031640283DC6FAC8D.tmp' to '../../../../../../Users/aless/Documents/Unreal Projects/Flamingo_O_O_OOO/Content/Mannequin/Character/Mesh/UE4_Mannequin_Skeleton.uasset'
[2018.10.02-21.40.21:117][189]LogSavePackage: Moving '../../../../../../Users/aless/Documents/Unreal Projects/Flamingo_O_O_OOO/Saved/ThirdPerson_Jump85158A1F48332B92F4ECC99587890838.tmp' to '../../../../../../Users/aless/Documents/Unreal Projects/Flamingo_O_O_OOO/Content/InfinityBladeWarriors/Animations/ThirdPerson_Jump.uasset'
[2018.10.02-21.40.21:140][189]LogSavePackage: Moving '../../../../../../Users/aless/Documents/Unreal Projects/Flamingo_O_O_OOO/Saved/SK_CharM_Warrior4CF5F64B481F00FB80CF90806D3769BD.tmp' to '../../../../../../Users/aless/Documents/Unreal Projects/Flamingo_O_O_OOO/Content/InfinityBladeWarriors/Character/CompleteCharacters/SK_CharM_Warrior.uasset'
[2018.10.02-21.40.21:165][189]LogSavePackage: Moving '../../../../../../Users/aless/Documents/Unreal Projects/Flamingo_O_O_OOO/Saved/SK_IBMannequin_SkeletonCCA4D79D46B1D3CDCA3F49AF4B15374C.tmp' to '../../../../../../Users/aless/Documents/Unreal Projects/Flamingo_O_O_OOO/Content/InfinityBladeWarriors/Character/CompleteCharacters/SK_IBMannequin_Skeleton.uasset'
[2018.10.02-21.40.21:211][189]LogSavePackage: Moving '../../../../../../Users/aless/Documents/Unreal Projects/Flamingo_O_O_OOO/Saved/ThirdPersonJump_Loop310586134EF63F83BC33B3892A196792.tmp' to '../../../../../../Users/aless/Documents/Unreal Projects/Flamingo_O_O_OOO/Content/InfinityBladeWarriors/Animations/ThirdPersonJump_Loop.uasset'
[2018.10.02-21.40.21:258][189]LogSavePackage: Moving '../../../../../../Users/aless/Documents/Unreal Projects/Flamingo_O_O_OOO/Saved/ThirdPersonJump_StartDD3AE3424FE67196F1FBCE9850DBEF1C.tmp' to '../../../../../../Users/aless/Documents/Unreal Projects/Flamingo_O_O_OOO/Content/InfinityBladeWarriors/Animations/ThirdPersonJump_Start.uasset'
[2018.10.02-21.40.21:308][189]LogSavePackage: Moving '../../../../../../Users/aless/Documents/Unreal Projects/Flamingo_O_O_OOO/Saved/ThirdPerson_IdleRun_2D8CD2507F4DEE5678A84FAA9C515B5650.tmp' to '../../../../../../Users/aless/Documents/Unreal Projects/Flamingo_O_O_OOO/Content/InfinityBladeWarriors/Animations/ThirdPerson_IdleRun_2D.uasset'
[2018.10.02-21.40.21:345][189]LogSavePackage: Moving '../../../../../../Users/aless/Documents/Unreal Projects/Flamingo_O_O_OOO/Saved/ThirdPersonIdle40A2DD5B44ED5E7A9441988F876A5C72.tmp' to '../../../../../../Users/aless/Documents/Unreal Projects/Flamingo_O_O_OOO/Content/InfinityBladeWarriors/Animations/ThirdPersonIdle.uasset'
[2018.10.02-21.40.21:381][189]LogSavePackage: Moving '../../../../../../Users/aless/Documents/Unreal Projects/Flamingo_O_O_OOO/Saved/ThirdPersonWalkFA251E8B4CFC766C65D6C1BB928EF95C.tmp' to '../../../../../../Users/aless/Documents/Unreal Projects/Flamingo_O_O_OOO/Content/InfinityBladeWarriors/Animations/ThirdPersonWalk.uasset'
[2018.10.02-21.40.21:421][189]LogSavePackage: Moving '../../../../../../Users/aless/Documents/Unreal Projects/Flamingo_O_O_OOO/Saved/ThirdPersonRunBB977A844152F3A8A8F4F7AA518B02B9.tmp' to '../../../../../../Users/aless/Documents/Unreal Projects/Flamingo_O_O_OOO/Content/InfinityBladeWarriors/Animations/ThirdPersonRun.uasset'
[2018.10.02-21.40.21:523][189]LogSavePackage: Moving '../../../../../../Users/aless/Documents/Unreal Projects/Flamingo_O_O_OOO/Saved/ThirdPerson_AnimBPDE6D2FBA40EA87435D61EBA87075878B.tmp' to '../../../../../../Users/aless/Documents/Unreal Projects/Flamingo_O_O_OOO/Content/InfinityBladeWarriors/Animations/ThirdPerson_AnimBP.uasset'
[2018.10.02-21.40.23:047][272]LogEditorViewport: Clicking on Actor (LMB): StaticMeshActor (LeftArm_StaticMesh)
[2018.10.02-21.40.24:720][341]LogSlate: FSceneViewport::OnFocusLost() reason 0
[2018.10.02-21.40.24:802][346]LogTemp: Repeating last play command: Selected Viewport
[2018.10.02-21.40.24:861][346]LogBlueprintUserMessages: Early PlayInEditor Detection: Level '/Game/ThirdPersonBP/Maps/ThirdPersonExampleMap.ThirdPersonExampleMap:PersistentLevel' has LevelScriptBlueprint '/Game/ThirdPersonBP/Maps/ThirdPersonExampleMap.ThirdPersonExampleMap:PersistentLevel.ThirdPersonExampleMap' with GeneratedClass '/Game/ThirdPersonBP/Maps/ThirdPersonExampleMap.ThirdPersonExampleMap_C' with ClassGeneratedBy '/Game/ThirdPersonBP/Maps/ThirdPersonExampleMap.ThirdPersonExampleMap:PersistentLevel.ThirdPersonExampleMap'
[2018.10.02-21.40.24:891][346]LogPlayLevel: PlayLevel: No blueprints needed recompiling
[2018.10.02-21.40.25:091][346]PIE: New page: PIE session: ThirdPersonExampleMap (Oct 2, 2018, 11:40:25 PM)
[2018.10.02-21.40.25:092][346]LogPlayLevel: Creating play world package: /Game/ThirdPersonBP/Maps/UEDPIE_0_ThirdPersonExampleMap
[2018.10.02-21.40.25:163][346]LogPlayLevel: PIE: StaticDuplicateObject took: (0.070638s)
[2018.10.02-21.40.25:164][346]LogAIModule: Creating AISystem for world ThirdPersonExampleMap
[2018.10.02-21.40.25:177][346]LogPlayLevel: PIE: World Init took: (0.013890s)
[2018.10.02-21.40.25:177][346]LogPlayLevel: PIE: Created PIE world by copying editor world from /Game/ThirdPersonBP/Maps/ThirdPersonExampleMap.ThirdPersonExampleMap to /Game/ThirdPersonBP/Maps/UEDPIE_0_ThirdPersonExampleMap.ThirdPersonExampleMap (0.084757s)
[2018.10.02-21.40.25:294][346]LogInit: XAudio2 using 'Speakers (Realtek High Definition Audio)' : 2 channels at 48 kHz using 32 bits per sample (channel mask 0x3)
[2018.10.02-21.40.25:309][346]LogInit: FAudioDevice initialized.
[2018.10.02-21.40.25:428][346]LogLoad: Game class is 'ThirdPersonGameMode_C'
[2018.10.02-21.40.25:467][346]LogWorld: Bringing World /Game/ThirdPersonBP/Maps/UEDPIE_0_ThirdPersonExampleMap.ThirdPersonExampleMap up for play (max tick rate 60) at 2018.10.02-22.40.25
[2018.10.02-21.40.25:555][346]LogWorld: Bringing up level for play took: 0.124470
[2018.10.02-21.40.25:973][346]LogContentBrowser: Native class hierarchy updated for 'MovieSceneCapture' in 0.0003 seconds. Added 10 classes and 0 folders.
[2018.10.02-21.40.26:070][346]PIE: Play in editor start time for /Game/ThirdPersonBP/Maps/UEDPIE_0_ThirdPersonExampleMap 1.036
[2018.10.02-21.40.26:070][346]LogBlueprintUserMessages: Late PlayInEditor Detection: Level '/Game/ThirdPersonBP/Maps/ThirdPersonExampleMap.ThirdPersonExampleMap:PersistentLevel' has LevelScriptBlueprint '/Game/ThirdPersonBP/Maps/ThirdPersonExampleMap.ThirdPersonExampleMap:PersistentLevel.ThirdPersonExampleMap' with GeneratedClass '/Game/ThirdPersonBP/Maps/ThirdPersonExampleMap.ThirdPersonExampleMap_C' with ClassGeneratedBy '/Game/ThirdPersonBP/Maps/ThirdPersonExampleMap.ThirdPersonExampleMap:PersistentLevel.ThirdPersonExampleMap'
[2018.10.02-21.40.30:036][561]LogBlueprintUserMessages: Early EndPlayMap Detection: Level '/Game/ThirdPersonBP/Maps/ThirdPersonExampleMap.ThirdPersonExampleMap:PersistentLevel' has LevelScriptBlueprint '/Game/ThirdPersonBP/Maps/ThirdPersonExampleMap.ThirdPersonExampleMap:PersistentLevel.ThirdPersonExampleMap' with GeneratedClass '/Game/ThirdPersonBP/Maps/ThirdPersonExampleMap.ThirdPersonExampleMap_C' with ClassGeneratedBy '/Game/ThirdPersonBP/Maps/ThirdPersonExampleMap.ThirdPersonExampleMap:PersistentLevel.ThirdPersonExampleMap'
[2018.10.02-21.40.30:102][561]LogSlate: Updating window title bar state: overlay mode, drag disabled, window buttons hidden, title bar hidden
[2018.10.02-21.40.30:271][561]LogPlayLevel: Display: Shutting down PIE online subsystems
[2018.10.02-21.40.30:271][561]LogBlueprintUserMessages: Late EndPlayMap Detection: Level '/Game/ThirdPersonBP/Maps/ThirdPersonExampleMap.ThirdPersonExampleMap:PersistentLevel' has LevelScriptBlueprint '/Game/ThirdPersonBP/Maps/ThirdPersonExampleMap.ThirdPersonExampleMap:PersistentLevel.ThirdPersonExampleMap' with GeneratedClass '/Game/ThirdPersonBP/Maps/ThirdPersonExampleMap.ThirdPersonExampleMap_C' with ClassGeneratedBy '/Game/ThirdPersonBP/Maps/ThirdPersonExampleMap.ThirdPersonExampleMap:PersistentLevel.ThirdPersonExampleMap'
[2018.10.02-21.40.30:298][561]LogSlate: Updating window title bar state: overlay mode, drag disabled, window buttons hidden, title bar hidden
[2018.10.02-21.40.30:337][562]LogPlayLevel: Display: Destroying online subsystem :Context_13
[2018.10.02-21.41.08:740][850]LogSlate: FSceneViewport::OnFocusLost() reason 2
[2018.10.02-21.41.37:284][195]LogD3D11RHI: Error: D3DDevice failed CreateBuffer VB with ByteWidth=262144, BindFlags=0x89 Usage=0, CPUAccess=0x0, MiscFlags=0x0
[2018.10.02-21.41.37:286][195]LogD3D11RHI: Error: Result failed 
 at D:\Build\++UE4\Sync\Engine\Source\Runtime\Windows\D3D11RHI\Private\D3D11VertexBuffer.cpp:83 
 with error E_OUTOFMEMORY
[2018.10.02-21.41.39:427][195]LogConsoleResponse:     30 = 32768 KB (2D 4096x4096 PF_ShadowDepth) PreShadowCacheDepthZ
[2018.10.02-21.41.39:427][195]LogConsoleResponse:     71 = 32768 KB (2D 4096x4096 PF_ShadowDepth) PreShadowCacheDepthZ unused(631)
[2018.10.02-21.41.39:427][195]LogConsoleResponse:     89 = 24576 KB (2D 6144x2048 PF_ShadowDepth) WholeSceneShadowmap
[2018.10.02-21.41.39:427][195]LogConsoleResponse:     88 = 24576 KB (2D 6144x2048 PF_ShadowDepth) WholeSceneShadowmap
[2018.10.02-21.41.39:427][195]LogConsoleResponse:     90 = 24576 KB (2D 6144x2048 PF_ShadowDepth) WholeSceneShadowmap
[2018.10.02-21.41.39:427][195]LogConsoleResponse:     68 = 8192 KB (2D 2048x2048 PF_ShadowDepth) ShadowDepthAtlas unused(1)
[2018.10.02-21.41.39:427][195]LogConsoleResponse:     45 = 8192 KB (3D 256x128x32 PF_FloatRGBA RT) AtmosphereDeltaJ
[2018.10.02-21.41.39:427][195]LogConsoleResponse:     48 = 8192 KB (3D 256x128x32 PF_FloatRGBA RT) AtmosphereDeltaSM
[2018.10.02-21.41.39:427][195]LogConsoleResponse:     49 = 8192 KB (3D 256x128x32 PF_FloatRGBA RT) AtmosphereDeltaSR
[2018.10.02-21.41.39:427][195]LogConsoleResponse:     50 = 8192 KB (3D 256x128x32 PF_FloatRGBA RT) AtmosphereInscatter
[2018.10.02-21.41.39:427][195]LogConsoleResponse:     19 = 5208 KB (2D 992x672 PF_B8G8R8A8 RT 4xMSAA) EditorPrimitivesColor unused(1)
[2018.10.02-21.41.39:427][195]LogConsoleResponse:     26 = 5208 KB (2D 992x672 PF_DepthStencil 4xMSAA) EditorPrimitivesDepth unused(1)
[2018.10.02-21.41.39:427][195]LogConsoleResponse:     69 = 5208 KB (2D 992x672 PF_FloatRGBA RT UAV VRam) SceneColor VRamInKB(Start/Size):<NONE>
[2018.10.02-21.41.39:427][195]LogConsoleResponse:     79 = 5208 KB (2D 992x672 PF_FloatRGBA RT UAV) LightAccumulation
[2018.10.02-21.41.39:427][195]LogConsoleResponse:     63 = 5208 KB (2D 992x672 PF_FloatRGBA RT) BokehDOFRecombine unused(1)
[2018.10.02-21.41.39:427][195]LogConsoleResponse:     54 = 5208 KB (2D 992x672 PF_FloatRGBA RT) ScreenSpaceReflections unused(1)
[2018.10.02-21.41.39:427][195]LogConsoleResponse:     44 = 5208 KB (2D 992x672 PF_FloatRGBA RT) SeparateTranslucency unused(1)
[2018.10.02-21.41.39:427][195]LogConsoleResponse:     75 = 5208 KB (2D 992x672 PF_FloatRGBA RT) SSRTemporalAA
[2018.10.02-21.41.39:427][195]LogConsoleResponse:     76 = 5208 KB (2D 992x672 PF_FloatRGBA RT) TemporalAA
[2018.10.02-21.41.39:427][195]LogConsoleResponse:     73 = 5208 KB (2D 992x672 PF_FloatRGBA RT) TemporalAA
[2018.10.02-21.41.39:427][195]LogConsoleResponse:     67 = 2604 KB (2D 992x672 PF_A2B10G10R10 RT) GBufferA
[2018.10.02-21.41.39:427][195]LogConsoleResponse:     65 = 2604 KB (2D 992x672 PF_B8G8R8A8 RT sRGB) GBufferC
[2018.10.02-21.41.39:427][195]LogConsoleResponse:     66 = 2604 KB (2D 992x672 PF_B8G8R8A8 RT VRam) GBufferE VRamInKB(Start/Size):<NONE>
[2018.10.02-21.41.39:427][195]LogConsoleResponse:     55 = 2604 KB (2D 992x672 PF_B8G8R8A8 RT VRam) ScreenShadowMaskTexture VRamInKB(Start/Size):<NONE>
[2018.10.02-21.41.39:427][195]LogConsoleResponse:     64 = 2604 KB (2D 992x672 PF_B8G8R8A8 RT) GBufferD
[2018.10.02-21.41.39:427][195]LogConsoleResponse:     70 = 2604 KB (2D 992x672 PF_B8G8R8A8 RT) HitProxy unused(630)
[2018.10.02-21.41.39:427][195]LogConsoleResponse:     62 = 2604 KB (2D 992x672 PF_B8G8R8A8 RT) Tonemap
[2018.10.02-21.41.39:427][195]LogConsoleResponse:     74 = 2604 KB (2D 992x672 PF_DepthStencil VRam) SceneDepthZ VRamInKB(Start/Size):<NONE>
[2018.10.02-21.41.39:427][195]LogConsoleResponse:     58 = 2604 KB (2D 992x672 PF_G16R16 RT) Velocity unused(1)
[2018.10.02-21.41.39:427][195]LogConsoleResponse:     85 = 2048 KB (3D 64x64x64 PF_FloatRGBA RT UAV) TranslucentVolume0
[2018.10.02-21.41.39:427][195]LogConsoleResponse:     86 = 2048 KB (3D 64x64x64 PF_FloatRGBA RT UAV) TranslucentVolume1
[2018.10.02-21.41.39:427][195]LogConsoleResponse:     81 = 2048 KB (3D 64x64x64 PF_FloatRGBA RT UAV) TranslucentVolume2
[2018.10.02-21.41.39:427][195]LogConsoleResponse:     87 = 2048 KB (3D 64x64x64 PF_FloatRGBA RT UAV) TranslucentVolumeDir0
[2018.10.02-21.41.39:427][195]LogConsoleResponse:     84 = 2048 KB (3D 64x64x64 PF_FloatRGBA RT UAV) TranslucentVolumeDir1
[2018.10.02-21.41.39:427][195]LogConsoleResponse:     80 = 2048 KB (3D 64x64x64 PF_FloatRGBA RT UAV) TranslucentVolumeDir2
[2018.10.02-21.41.39:427][195]LogConsoleResponse:     32 = 2048 KB (3D 64x64x64 PF_FloatRGBA) IndirectLightingCache_0
[2018.10.02-21.41.39:427][195]LogConsoleResponse:     33 = 2048 KB (3D 64x64x64 PF_FloatRGBA) IndirectLightingCache_1
[2018.10.02-21.41.39:427][195]LogConsoleResponse:     34 = 2048 KB (3D 64x64x64 PF_FloatRGBA) IndirectLightingCache_2
[2018.10.02-21.41.39:427][195]LogConsoleResponse:     82 = 2048 KB (Cube[2] 128 PF_FloatRGBA) ReflectionEnvs
[2018.10.02-21.41.39:427][195]LogConsoleResponse:     77 = 1302 KB (2D 496x336 PF_DepthStencil) SmallDepthZ
[2018.10.02-21.41.39:427][195]LogConsoleResponse:     57 = 1302 KB (2D 496x336 PF_FloatRGBA RT VRam) AmbientOcclusionSetup unused(1) VRamInKB(Start/Size):<NONE>
[2018.10.02-21.41.39:427][195]LogConsoleResponse:     78 = 1302 KB (2D 992x336 PF_R32_UINT RT UAV) QuadOverdrawBuffer
[2018.10.02-21.41.39:427][195]LogConsoleResponse:     24 = 1024 KB (Cube 128 PF_FloatRGBA RT) ReflectionColorScratchCubemap0
[2018.10.02-21.41.39:428][195]LogConsoleResponse:     23 = 1024 KB (Cube 128 PF_FloatRGBA RT) ReflectionColorScratchCubemap1
[2018.10.02-21.41.39:428][195]LogConsoleResponse:     56 = 651 KB (2D 496x336 PF_B8G8R8A8 RT VRam) AmbientOcclusion unused(1) VRamInKB(Start/Size):<NONE>
[2018.10.02-21.41.39:428][195]LogConsoleResponse:     43 = 651 KB (2D 496x336 PF_FloatRGB RT VRam) BloomBlurX VRamInKB(Start/Size):<NONE>
[2018.10.02-21.41.39:428][195]LogConsoleResponse:     27 = 651 KB (2D 496x336 PF_FloatRGB RT) BloomBlurY
[2018.10.02-21.41.39:428][195]LogConsoleResponse:     83 = 651 KB (2D 992x672 PF_G8 RT UAV) ScreenSpaceAO
[2018.10.02-21.41.39:428][195]LogConsoleResponse:     61 = 342 KB (2D 512x256 PF_R16F RT VRam) HZB unused(1) VRamInKB(Start/Size):<NONE>
[2018.10.02-21.41.39:428][195]LogConsoleResponse:      2 = 256 KB (2D 256x256 PF_B8G8R8A8) HZBResultsCPU
[2018.10.02-21.41.39:428][195]LogConsoleResponse:      3 = 256 KB (2D 256x256 PF_B8G8R8A8) HZBResultsCPU
[2018.10.02-21.41.39:428][195]LogConsoleResponse:      1 = 256 KB (2D 256x256 PF_B8G8R8A8) HZBResultsCPU
[2018.10.02-21.41.39:428][195]LogConsoleResponse:      4 = 256 KB (2D 256x256 PF_B8G8R8A8) HZBResultsCPU
[2018.10.02-21.41.39:428][195]LogConsoleResponse:     41 = 163 KB (2D 248x168 PF_FloatRGB RT VRam) BloomBlurX VRamInKB(Start/Size):<NONE>
[2018.10.02-21.41.39:428][195]LogConsoleResponse:     28 = 163 KB (2D 248x168 PF_FloatRGB RT) BloomBlurY
[2018.10.02-21.41.39:428][195]LogConsoleResponse:     53 = 128 KB (2D 256x64 PF_FloatRGBA RT) AtmosphereTransmittance
[2018.10.02-21.41.39:428][195]LogConsoleResponse:     25 = 128 KB (3D 32x32x32 PF_A2B10G10R10 RT VRam) CombineLUTs VRamInKB(Start/Size):<NONE>
[2018.10.02-21.41.39:428][195]LogConsoleResponse:     72 = 128 KB (3D 32x32x32 PF_A2B10G10R10 RT) CombineLUTs
[2018.10.02-21.41.39:428][195]LogConsoleResponse:     10 = 64 KB (2D 128x128 PF_B8G8R8A8) PerlinNoiseGradient
[2018.10.02-21.41.39:428][195]LogConsoleResponse:     22 = 64 KB (Cube 32 PF_FloatRGBA RT) DiffuseIrradianceScratchCubemap0
[2018.10.02-21.41.39:428][195]LogConsoleResponse:     21 = 64 KB (Cube 32 PF_FloatRGBA RT) DiffuseIrradianceScratchCubemap1
[2018.10.02-21.41.39:428][195]LogConsoleResponse:     40 = 41 KB (2D 124x84 PF_FloatRGB RT VRam) BloomBlurX VRamInKB(Start/Size):<NONE>
[2018.10.02-21.41.39:428][195]LogConsoleResponse:     29 = 41 KB (2D 124x84 PF_FloatRGB RT) BloomBlurY
[2018.10.02-21.41.39:428][195]LogConsoleResponse:     42 = 32 KB (2D 64x64 PF_A16B16G16R16) SSProfiles
[2018.10.02-21.41.39:428][195]LogConsoleResponse:     17 = 32 KB (2D 64x64 PF_FloatRGBA VRam) LTCMat VRamInKB(Start/Size):<NONE>
[2018.10.02-21.41.39:428][195]LogConsoleResponse:     16 = 16 KB (2D 128x32 PF_G16R16) PreintegratedGF
[2018.10.02-21.41.39:428][195]LogConsoleResponse:     18 = 16 KB (2D 64x64 PF_G16R16F VRam) LTCAmp VRamInKB(Start/Size):<NONE>
[2018.10.02-21.41.39:428][195]LogConsoleResponse:     14 = 16 KB (3D 16x16x16 PF_B8G8R8A8) PerlinNoise3D
[2018.10.02-21.41.39:428][195]LogConsoleResponse:     39 = 11 KB (2D 62x42 PF_FloatRGB RT VRam) BloomBlurX VRamInKB(Start/Size):<NONE>
[2018.10.02-21.41.39:428][195]LogConsoleResponse:     31 = 11 KB (2D 62x42 PF_FloatRGB RT) BloomBlurY
[2018.10.02-21.41.39:428][195]LogConsoleResponse:     51 = 8 KB (2D 64x16 PF_FloatRGBA RT) AtmosphereDeltaE
[2018.10.02-21.41.39:428][195]LogConsoleResponse:     52 = 8 KB (2D 64x16 PF_FloatRGBA RT) AtmosphereIrradiance
[2018.10.02-21.41.39:428][195]LogConsoleResponse:     15 = 8 KB (2D 64x64 PF_R8G8) SSAORandomization
[2018.10.02-21.41.39:428][195]LogConsoleResponse:     38 = 3 KB (2D 31x21 PF_FloatRGB RT VRam) BloomBlurX VRamInKB(Start/Size):<NONE>
[2018.10.02-21.41.39:428][195]LogConsoleResponse:     35 = 3 KB (2D 31x21 PF_FloatRGB RT) BloomBlurY
[2018.10.02-21.41.39:428][195]LogConsoleResponse:     37 = 1 KB (2D 16x11 PF_FloatRGB RT VRam) BloomBlurX VRamInKB(Start/Size):<NONE>
[2018.10.02-21.41.39:428][195]LogConsoleResponse:     36 = 1 KB (2D 16x11 PF_FloatRGB RT) BloomBlurY
[2018.10.02-21.41.39:428][195]LogConsoleResponse:      7 = 1 KB (2D 1x1 PF_B8G8R8A8 RT) BlackAlphaOneDummy
[2018.10.02-21.41.39:428][195]LogConsoleResponse:      6 = 1 KB (2D 1x1 PF_B8G8R8A8 RT) BlackDummy
[2018.10.02-21.41.39:428][195]LogConsoleResponse:      9 = 1 KB (2D 1x1 PF_B8G8R8A8 RT) DefaultNormal8Bit
[2018.10.02-21.41.39:428][195]LogConsoleResponse:      8 = 1 KB (2D 1x1 PF_B8G8R8A8 RT) GreenDummy
[2018.10.02-21.41.39:428][195]LogConsoleResponse:      5 = 1 KB (2D 1x1 PF_B8G8R8A8 RT) WhiteDummy
[2018.10.02-21.41.39:428][195]LogConsoleResponse:     13 = 1 KB (2D 1x1 PF_DepthStencil) DepthDummy
[2018.10.02-21.41.39:428][195]LogConsoleResponse:     12 = 1 KB (2D 1x1 PF_FloatRGBA RT) MaxFP16Depth
[2018.10.02-21.41.39:428][195]LogConsoleResponse:     60 = 1 KB (2D 1x1 PF_G32R32F RT UAV) EyeAdaptation
[2018.10.02-21.41.39:428][195]LogConsoleResponse:     59 = 1 KB (2D 1x1 PF_G32R32F RT UAV) EyeAdaptation
[2018.10.02-21.41.39:428][195]LogConsoleResponse:     47 = 1 KB (2D 1x1 PF_G32R32F RT UAV) EyeAdaptation unused(631)
[2018.10.02-21.41.39:428][195]LogConsoleResponse:     46 = 1 KB (2D 1x1 PF_G32R32F RT UAV) EyeAdaptation unused(631)
[2018.10.02-21.41.39:428][195]LogConsoleResponse:     11 = 1 KB (2D 32x16 PF_R16_UINT) SobolSampling
[2018.10.02-21.41.39:428][195]LogConsoleResponse:     20 = 1 KB (2D 9x1 PF_FloatRGBA RT) SkySHIrradianceMap
[2018.10.02-21.41.39:428][195]LogConsoleResponse: 
[2018.10.02-21.41.39:428][195]LogConsoleResponse: Pool: 186/281 MB (referenced/allocated)
[2018.10.02-21.41.39:428][195]Cmd: rhi.DumpMemory
[2018.10.02-21.41.39:768][195]RHI resource memory (not tracked by our allocator)
[2018.10.02-21.41.39:768][195]         2228160  -  Render target memory Cube - STAT_RenderTargetMemoryCube - STATGROUP_RHI - STATCAT_Advanced
[2018.10.02-21.41.39:768][195]        46399488  -  Render target memory 3D - STAT_RenderTargetMemory3D - STATGROUP_RHI - STATCAT_Advanced
[2018.10.02-21.41.39:768][195]         1496656  -  Uniform buffer memory - STAT_UniformBufferMemory - STATGROUP_RHI - STATCAT_Advanced
[2018.10.02-21.41.39:768][195]        14696712  -  Texture memory 3D - STAT_TextureMemory3D - STATGROUP_RHI - STATCAT_Advanced
[2018.10.02-21.41.39:768][195]       248329099  -  Texture memory 2D - STAT_TextureMemory2D - STATGROUP_RHI - STATCAT_Advanced
[2018.10.02-21.41.39:768][195]        60882900  -  Texture memory Cube - STAT_TextureMemoryCube - STATGROUP_RHI - STATCAT_Advanced
[2018.10.02-21.41.39:768][195]       735645684  -  Render target memory 2D - STAT_RenderTargetMemory2D - STATGROUP_RHI - STATCAT_Advanced
[2018.10.02-21.41.39:768][195]       149243716  -  Vertex buffer memory - STAT_VertexBufferMemory - STATGROUP_RHI - STATCAT_Advanced
[2018.10.02-21.41.39:768][195]         8514604  -  Index buffer memory - STAT_IndexBufferMemory - STATGROUP_RHI - STATCAT_Advanced
[2018.10.02-21.41.39:768][195]1208.722MB total
[2018.10.02-21.41.39:769][195]Cmd: Mem FromReport
[2018.10.02-21.41.39:784][195]LogWindows: FPlatformMisc::RequestExit(1)
[2018.10.02-21.41.39:784][195]LogMemory: Platform Memory Stats for Windows
[2018.10.02-21.41.39:784][195]LogMemory: Process Physical Memory: 1248.02 MB used, 1252.39 MB peak
[2018.10.02-21.41.39:784][195]LogMemory: Process Virtual Memory: 2451.44 MB used, 2801.87 MB peak
[2018.10.02-21.41.39:784][195]LogMemory: Physical Memory: 6150.56 MB used,  1916.60 MB free, 8067.16 MB total
[2018.10.02-21.41.39:784][195]LogMemory: Virtual Memory: 7882.12 MB used,  1916.60 MB free, 134217728.00 MB total
[2018.10.02-21.41.39:784][195]LogMemory: 
[2018.10.02-21.41.39:784][195]Allocator Stats for TBB: (not implemented)
[2018.10.02-21.41.39:784][195]LogMemory: Memory Stats:
[2018.10.02-21.41.39:784][195]LogMemory: FMemStack (gamethread) current size = 0.00 MB
[2018.10.02-21.41.39:784][195]LogMemory: FPageAllocator (all threads) allocation size [used/ unused] = [0.06 / 0.06] MB
[2018.10.02-21.41.39:784][195]LogMemory: Nametable memory usage = 5.57 MB
[2018.10.02-21.41.39:818][195]Log file closed, 10/02/18 22:41:39
