Log file open, 01/22/19 14:47:00
LogWindows: Failed to load 'aqProf.dll' (GetLastError=126)
LogWindows: File 'aqProf.dll' does not exist
LogWindows: Failed to load 'VSPerf140.dll' (GetLastError=126)
LogWindows: File 'VSPerf140.dll' does not exist
LogWindows: Failed to load 'VtuneApi.dll' (GetLastError=126)
LogWindows: File 'VtuneApi.dll' does not exist
LogWindows: Failed to load 'VtuneApi32e.dll' (GetLastError=126)
LogWindows: File 'VtuneApi32e.dll' does not exist
LogInit: Display: Running engine for game: Flamingo_O_O_OOO
LogPlatformFile: Not using cached read wrapper
LogTaskGraph: Started task graph with 5 named threads and 23 total threads with 3 sets of task threads.
LogStats: Stats thread started at 0.287571
LogD3D11RHI: Loaded GFSDK_Aftermath_Lib.x64.dll
LogICUInternationalization: Display: ICU TimeZone Detection - Raw Offset: +0:00, Platform Override: ''
LogPluginManager: Mounting plugin Paper2D
LogPluginManager: Mounting plugin AISupport
LogPluginManager: Mounting plugin LightPropagationVolume
LogPluginManager: Mounting plugin CLionSourceCodeAccess
LogPluginManager: Mounting plugin CodeLiteSourceCodeAccess
LogPluginManager: Mounting plugin GitSourceControl
LogPluginManager: Mounting plugin KDevelopSourceCodeAccess
LogPluginManager: Mounting plugin NullSourceCodeAccess
LogPluginManager: Mounting plugin PerforceSourceControl
LogPluginManager: Mounting plugin SubversionSourceControl
LogPluginManager: Mounting plugin UObjectPlugin
LogPluginManager: Mounting plugin VisualStudioCodeSourceCodeAccess
LogPluginManager: Mounting plugin VisualStudioSourceCodeAccess
LogPluginManager: Mounting plugin XCodeSourceCodeAccess
LogPluginManager: Mounting plugin AssetManagerEditor
LogPluginManager: Mounting plugin CryptoKeys
LogPluginManager: Mounting plugin DataValidation
LogPluginManager: Mounting plugin FacialAnimation
LogPluginManager: Mounting plugin GameplayTagsEditor
LogPluginManager: Mounting plugin MacGraphicsSwitching
LogPluginManager: Mounting plugin MeshEditor
LogPluginManager: Mounting plugin MobileLauncherProfileWizard
LogPluginManager: Mounting plugin PluginBrowser
LogPluginManager: Mounting plugin SpeedTreeImporter
LogPluginManager: Mounting plugin DatasmithContent
LogPluginManager: Mounting plugin AlembicImporter
LogPluginManager: Mounting plugin AppleImageUtils
LogPluginManager: Mounting plugin AppleVision
LogPluginManager: Mounting plugin BackChannel
LogPluginManager: Mounting plugin CharacterAI
LogPluginManager: Mounting plugin GeometryCache
LogPluginManager: Mounting plugin HTML5Networking
LogPluginManager: Mounting plugin ProxyLODPlugin
LogPluginManager: Mounting plugin MagicLeap
LogPluginManager: Mounting plugin MagicLeapEmulator
LogPluginManager: Mounting plugin MagicLeapMedia
LogPluginManager: Mounting plugin InputBuffer
LogPluginManager: Mounting plugin AndroidMedia
LogPluginManager: Mounting plugin AvfMedia
LogPluginManager: Mounting plugin ImgMedia
LogPluginManager: Mounting plugin LinearTimecode
LogPluginManager: Mounting plugin MediaCompositing
LogPluginManager: Mounting plugin MediaPlayerEditor
LogPluginManager: Mounting plugin WmfMedia
LogPluginManager: Mounting plugin TcpMessaging
LogPluginManager: Mounting plugin UdpMessaging
LogPluginManager: Mounting plugin ActorSequence
LogPluginManager: Mounting plugin LevelSequenceEditor
LogPluginManager: Mounting plugin MatineeToLevelSequence
LogPluginManager: Mounting plugin NetcodeUnitTest
LogPluginManager: Mounting plugin NUTUnrealEngine4
LogPluginManager: Mounting plugin OnlineSubsystemGooglePlay
LogPluginManager: Mounting plugin OnlineSubsystemIOS
LogPluginManager: Mounting plugin OnlineSubsystem
LogPluginManager: Mounting plugin OnlineSubsystemNull
LogPluginManager: Mounting plugin OnlineSubsystemUtils
LogPluginManager: Mounting plugin LauncherChunkInstaller
LogPluginManager: Mounting plugin AndroidDeviceProfileSelector
LogPluginManager: Mounting plugin AndroidMoviePlayer
LogPluginManager: Mounting plugin AndroidPermission
LogPluginManager: Mounting plugin AppleMoviePlayer
LogPluginManager: Mounting plugin ArchVisCharacter
LogPluginManager: Mounting plugin AudioCapture
LogPluginManager: Mounting plugin CableComponent
LogPluginManager: Mounting plugin CustomMeshComponent
LogPluginManager: Mounting plugin EditableMesh
LogPluginManager: Mounting plugin ExampleDeviceProfileSelector
LogPluginManager: Mounting plugin GoogleCloudMessaging
LogPluginManager: Mounting plugin ImmediatePhysics
LogPluginManager: Mounting plugin IOSDeviceProfileSelector
LogPluginManager: Mounting plugin LinuxDeviceProfileSelector
LogPluginManager: Mounting plugin LocationServicesBPLibrary
LogPluginManager: Mounting plugin MobilePatchingUtils
LogPluginManager: Mounting plugin OculusVR
LogPluginManager: Plugin shader directory ../../../Engine/Plugins/Runtime/Oculus/OculusVR/Shaders found
LogPluginManager: Mapping shader source directory ../../../Engine/Plugins/Runtime/Oculus/OculusVR/Shaders to virtual directory /Plugin/OculusVR
LogPluginManager: Mounting plugin PhysXVehicles
LogPluginManager: Mounting plugin ProceduralMeshComponent
LogPluginManager: Mounting plugin RuntimePhysXCooking
LogPluginManager: Mounting plugin SteamVR
LogPluginManager: Mounting plugin WindowsMoviePlayer
LogStreaming: Display: Took  1.834s to configure plugins.
LogInit: Using libcurl 7.55.1-DEV
LogInit:  - built for x86_64-pc-win32
LogInit:  - supports SSL with OpenSSL/1.0.2h
LogInit:  - supports HTTP deflate (compression) using libz 1.2.8
LogInit:  - other features:
LogInit:      CURL_VERSION_SSL
LogInit:      CURL_VERSION_LIBZ
LogInit:      CURL_VERSION_IPV6
LogInit:      CURL_VERSION_ASYNCHDNS
LogInit:      CURL_VERSION_LARGEFILE
LogInit:      CURL_VERSION_IDN
LogInit:  CurlRequestOptions (configurable via config and command line):
LogInit:  - bVerifyPeer = false  - Libcurl will NOT verify peer certificate
LogInit:  - bUseHttpProxy = false  - Libcurl will NOT use HTTP proxy
LogInit:  - bDontReuseConnections = false  - Libcurl will reuse connections
LogInit:  - CertBundlePath = nullptr  - Libcurl will use whatever was configured at build time.
LogInit:  - MaxHostConnections = 16  - Libcurl will limit the number of connections to a host
LogInit:  - LocalHostAddr = Default
LogInit:  - BufferSize = 65536
LogInit: WinSock: version 1.1 (2.2), MaxSocks=32767, MaxUdp=65467
LogInit: Build: ++UE4+Release-4.20-CL-4369336
LogInit: Engine Version: 4.20.3-4369336+++UE4+Release-4.20
LogInit: Compatible Engine Version: 4.20.0-4212847+++UE4+Release-4.20
LogInit: Net CL: 4212847
LogInit: OS: Windows 10 (), CPU: Intel(R) Core(TM) i7-7700HQ CPU @ 2.80GHz, GPU: Intel(R) HD Graphics 630
LogInit: Compiled (64-bit): Sep 17 2018 12:26:19
LogInit: Compiled with Visual C++: 19.13.26129.00
LogInit: Build Configuration: Development
LogInit: Branch Name: ++UE4+Release-4.20
LogInit: Command Line: 
LogInit: Base Directory: C:/Program Files/Epic Games/UE_4.20/Engine/Binaries/Win64/
LogInit: Installed Engine Build: 1
LogDevObjectVersion: Number of dev versions registered: 20
LogDevObjectVersion:   Dev-Blueprints (B0D832E4-1F89-4F0D-ACCF-7EB736FD4AA2): 10
LogDevObjectVersion:   Dev-Build (E1C64328-A22C-4D53-A36C-8E866417BD8C): 0
LogDevObjectVersion:   Dev-Core (375EC13C-06E4-48FB-B500-84F0262A717E): 2
LogDevObjectVersion:   Dev-Editor (E4B068ED-F494-42E9-A231-DA0B2E46BB41): 24
LogDevObjectVersion:   Dev-Framework (CFFC743F-43B0-4480-9391-14DF171D2073): 34
LogDevObjectVersion:   Dev-Mobile (B02B49B5-BB20-44E9-A304-32B752E40360): 2
LogDevObjectVersion:   Dev-Networking (A4E4105C-59A1-49B5-A7C5-40C4547EDFEE): 0
LogDevObjectVersion:   Dev-Online (39C831C9-5AE6-47DC-9A44-9C173E1C8E7C): 0
LogDevObjectVersion:   Dev-Physics (78F01B33-EBEA-4F98-B9B4-84EACCB95AA2): 0
LogDevObjectVersion:   Dev-Platform (6631380F-2D4D-43E0-8009-CF276956A95A): 0
LogDevObjectVersion:   Dev-Rendering (12F88B9F-8875-4AFC-A67C-D90C383ABD29): 26
LogDevObjectVersion:   Dev-Sequencer (7B5AE74C-D270-4C10-A958-57980B212A5A): 9
LogDevObjectVersion:   Dev-VR (D7296918-1DD6-4BDD-9DE2-64A83CC13884): 2
LogDevObjectVersion:   Dev-LoadTimes (C2A15278-BFE7-4AFE-6C17-90FF531DF755): 1
LogDevObjectVersion:   Private-Geometry (6EACA3D4-40EC-4CC1-B786-8BED09428FC5): 3
LogDevObjectVersion:   Dev-AnimPhys (29E575DD-E0A3-4627-9D10-D276232CDCEA): 17
LogDevObjectVersion:   Dev-ReflectionCapture (6B266CEC-1EC7-4B8F-A30B-E4D90942FC07): 1
LogDevObjectVersion:   Dev-Automation (0DF73D61-A23F-47EA-B727-89E90C41499A): 1
LogDevObjectVersion:   FortniteMain (601D1886-AC64-4F84-AA16-D3DE0DEAC7D6): 12
LogDevObjectVersion:   Dev-Enterprise (9DFFBCD6-494F-0158-E221-12823C92A888): 1
LogStreaming: Display: Took  0.062s to delete old logs.
LogInit: Presizing for max 8388607 objects, including 0 objects not considered by GC, pre-allocating 0 bytes for permanent pool.
LogInit: Object subsystem initialized
[2019.01.22-14.47.00:782][  0]LogInit: Selected Device Profile: [Windows]
[2019.01.22-14.47.00:782][  0]LogInit: Applying CVar settings loaded from the selected device profile: [Windows]
[2019.01.22-14.47.00:884][  0]LogHAL: Display: Platform has ~ 8 GB [8459030528 / 8589934592 / 8], which maps to Default [LargestMinGB=32, LargerMinGB=12, DefaultMinGB=8, SmallerMinGB=6, SmallestMinGB=0)
[2019.01.22-14.47.00:884][  0]LogInit: Setting Device Profile CVar: [[r.Vulkan.UseRealUBs:1]]
[2019.01.22-14.47.00:884][  0]LogInit: Going up to parent DeviceProfile []
[2019.01.22-14.47.00:884][  0]LogInit: Computer: ALESSIO
[2019.01.22-14.47.00:884][  0]LogInit: User: aless
[2019.01.22-14.47.00:885][  0]LogInit: CPU Page size=4096, Cores=4
[2019.01.22-14.47.00:885][  0]LogInit: High frequency timer resolution =10.000000 MHz
[2019.01.22-14.47.00:885][  0]LogMemory: Memory total: Physical=7.9GB (8GB approx)
[2019.01.22-14.47.00:885][  0]LogMemory: Platform Memory Stats for Windows
[2019.01.22-14.47.00:885][  0]LogMemory: Process Physical Memory: 101.89 MB used, 101.89 MB peak
[2019.01.22-14.47.00:885][  0]LogMemory: Process Virtual Memory: 94.58 MB used, 94.58 MB peak
[2019.01.22-14.47.00:885][  0]LogMemory: Physical Memory: 5614.93 MB used,  2452.23 MB free, 8067.16 MB total
[2019.01.22-14.47.00:885][  0]LogMemory: Virtual Memory: 4631.57 MB used,  2452.23 MB free, 134217728.00 MB total
[2019.01.22-14.47.00:934][  0]LogInit: Using OS detected language (en-US).
[2019.01.22-14.47.00:934][  0]LogInit: Using OS detected locale (en-US).
[2019.01.22-14.47.00:936][  0]LogTextLocalizationManager: No specific localization for 'en-US' exists, so the 'en' localization will be used.
[2019.01.22-14.47.01:352][  0]LogStreaming: Display: Took  0.418s to InitEngineTextLocalization.
[2019.01.22-14.47.01:352][  0]LogInit: Setting process to per monitor DPI aware
[2019.01.22-14.47.01:408][  0]LogSlate: New Slate User Created.  User Index 0, Is Virtual User: 0
[2019.01.22-14.47.01:408][  0]LogSlate: Slate User Registered.  User Index 0, Is Virtual User: 0
[2019.01.22-14.47.08:495][  0]LogHMD: Failed to initialize OpenVR with code 110
[2019.01.22-14.47.08:495][  0]LogD3D11RHI: D3D11 adapters:
[2019.01.22-14.47.08:969][  0]LogD3D11RHI:    0. 'NVIDIA GeForce GTX 1050' (Feature Level 11_0)
[2019.01.22-14.47.08:969][  0]LogD3D11RHI:       4021/0/4033 MB DedicatedVideo/DedicatedSystem/SharedSystem, Outputs:1, VendorId:0x10de
[2019.01.22-14.47.08:985][  0]LogD3D11RHI:    1. 'Intel(R) HD Graphics 630' (Feature Level 11_0)
[2019.01.22-14.47.08:985][  0]LogD3D11RHI:       128/0/4033 MB DedicatedVideo/DedicatedSystem/SharedSystem, Outputs:0, VendorId:0x8086
[2019.01.22-14.47.08:988][  0]LogD3D11RHI:    2. 'Microsoft Basic Render Driver' (Feature Level 11_0)
[2019.01.22-14.47.08:988][  0]LogD3D11RHI:       0/0/4033 MB DedicatedVideo/DedicatedSystem/SharedSystem, Outputs:0, VendorId:0x1414
[2019.01.22-14.47.08:988][  0]LogD3D11RHI: Chosen D3D11 Adapter: 0
[2019.01.22-14.47.09:019][  0]LogD3D11RHI: Creating new Direct3DDevice
[2019.01.22-14.47.09:019][  0]LogD3D11RHI:     GPU DeviceId: 0x1c8d (for the marketing name, search the web for "GPU Device Id")
[2019.01.22-14.47.09:019][  0]LogWindows: EnumDisplayDevices:
[2019.01.22-14.47.09:020][  0]LogWindows:    0. 'Intel(R) HD Graphics 630' (P:1 D:1)
[2019.01.22-14.47.09:020][  0]LogWindows:    1. 'Intel(R) HD Graphics 630' (P:0 D:0)
[2019.01.22-14.47.09:021][  0]LogWindows:    2. 'Intel(R) HD Graphics 630' (P:0 D:0)
[2019.01.22-14.47.09:021][  0]LogWindows: DebugString: PrimaryIsNotTheChoosenAdapter PrimaryIsNotTheChoosenAdapter PrimaryIsNotTheChoosenAdapter FoundDriverCount:0 
[2019.01.22-14.47.09:021][  0]LogD3D11RHI:     Adapter Name: NVIDIA GeForce GTX 1050
[2019.01.22-14.47.09:021][  0]LogD3D11RHI:   Driver Version: Unknown (internal:Unknown, unified:Unknown)
[2019.01.22-14.47.09:021][  0]LogD3D11RHI:      Driver Date: Unknown
[2019.01.22-14.47.09:021][  0]LogRHI: Texture pool is 2814 MB (70% of 4021 MB)
[2019.01.22-14.47.09:195][  0]LogD3D11RHI: Async texture creation enabled
[2019.01.22-14.47.09:213][  0]LogD3D11RHI: GPU Timing Frequency: 1000.000000 (Debug: 2 2)
[2019.01.22-14.47.09:215][  0]LogShaderCompilers: Guid format shader working directory is -37 characters bigger than the processId version (../../../../../../Users/aless/Documents/GitHub/UnrealFinalProject/Flamingo_O_O_OOO/Intermediate/Shaders/WorkingDirectory/14728/).
[2019.01.22-14.47.09:215][  0]LogShaderCompilers: Cleaned the shader compiler working directory 'C:/Users/aless/AppData/Local/Temp/UnrealShaderWorkingDir/95FBDC23418647486FE5B2943F816A39/'.
[2019.01.22-14.47.09:702][  0]LogTemp: Display: Loaded TP AllDesktopTargetPlatform
[2019.01.22-14.47.09:717][  0]LogTemp: Display: Loaded TP MacClientTargetPlatform
[2019.01.22-14.47.09:734][  0]LogTemp: Display: Loaded TP MacNoEditorTargetPlatform
[2019.01.22-14.47.09:750][  0]LogTemp: Display: Loaded TP MacServerTargetPlatform
[2019.01.22-14.47.09:784][  0]LogTemp: Display: Loaded TP MacTargetPlatform
[2019.01.22-14.47.09:799][  0]LogTemp: Display: Loaded TP WindowsClientTargetPlatform
[2019.01.22-14.47.09:815][  0]LogTemp: Display: Loaded TP WindowsNoEditorTargetPlatform
[2019.01.22-14.47.09:830][  0]LogTemp: Display: Loaded TP WindowsServerTargetPlatform
[2019.01.22-14.47.09:837][  0]LogTemp: Display: Loaded TP WindowsTargetPlatform
[2019.01.22-14.47.09:930][  0]LogTemp: Display: Loaded TP AndroidTargetPlatform
[2019.01.22-14.47.09:930][  0]LogTemp: Display: Loaded TP AndroidTargetPlatform
[2019.01.22-14.47.09:930][  0]LogTemp: Display: Loaded TP AndroidTargetPlatform
[2019.01.22-14.47.09:930][  0]LogTemp: Display: Loaded TP AndroidTargetPlatform
[2019.01.22-14.47.09:930][  0]LogTemp: Display: Loaded TP AndroidTargetPlatform
[2019.01.22-14.47.09:930][  0]LogTemp: Display: Loaded TP AndroidTargetPlatform
[2019.01.22-14.47.09:930][  0]LogTemp: Display: Loaded TP AndroidTargetPlatform
[2019.01.22-14.47.09:930][  0]LogTemp: Display: Loaded TP AndroidTargetPlatform
[2019.01.22-14.47.09:930][  0]LogTemp: Display: Loaded TP AndroidTargetPlatform
[2019.01.22-14.47.09:930][  0]LogTemp: Display: Loaded TP AndroidTargetPlatform
[2019.01.22-14.47.09:930][  0]LogTemp: Display: Loaded TP AndroidTargetPlatform
[2019.01.22-14.47.09:930][  0]LogTemp: Display: Loaded TP AndroidTargetPlatform
[2019.01.22-14.47.09:930][  0]LogTemp: Display: Loaded TP AndroidTargetPlatform
[2019.01.22-14.47.09:930][  0]LogTemp: Display: Loaded TP AndroidTargetPlatform
[2019.01.22-14.47.09:930][  0]LogTemp: Display: Loaded TP AndroidTargetPlatform
[2019.01.22-14.47.09:930][  0]LogTemp: Display: Loaded TP AndroidTargetPlatform
[2019.01.22-14.47.09:930][  0]LogTemp: Display: Loaded TP AndroidTargetPlatform
[2019.01.22-14.47.09:930][  0]LogTemp: Display: Loaded TP AndroidTargetPlatform
[2019.01.22-14.47.09:932][  0]LogTemp: Display: Loaded TP HTML5TargetPlatform
[2019.01.22-14.47.10:012][  0]LogTemp: Display: Loaded TP IOSTargetPlatform
[2019.01.22-14.47.10:012][  0]LogTemp: Display: Loaded TP IOSTargetPlatform
[2019.01.22-14.47.10:036][  0]LogTemp: Display: Loaded TP TVOSTargetPlatform
[2019.01.22-14.47.10:036][  0]LogTemp: Display: Loaded TP TVOSTargetPlatform
[2019.01.22-14.47.10:050][  0]LogTemp: Display: Loaded TP LinuxClientTargetPlatform
[2019.01.22-14.47.10:064][  0]LogTemp: Display: Loaded TP LinuxNoEditorTargetPlatform
[2019.01.22-14.47.10:080][  0]LogTemp: Display: Loaded TP LinuxServerTargetPlatform
[2019.01.22-14.47.10:110][  0]LogTemp: Display: Loaded TP LinuxTargetPlatform
[2019.01.22-14.47.10:119][  0]LogTemp: Display: Loaded TP LuminTargetPlatform
[2019.01.22-14.47.10:120][  0]LogTargetPlatformManager: Display: Building Assets For Windows
[2019.01.22-14.47.10:206][  0]LogXGEController: Cannot use XGE Controller as Incredibuild is not installed on this machine.
[2019.01.22-14.47.10:206][  0]LogShaderCompilers: Cannot use XGE Shader Compiler as Incredibuild is not installed on this machine.
[2019.01.22-14.47.10:207][  0]LogShaderCompilers: Display: Using Local Shader Compiler.
[2019.01.22-14.47.16:234][  0]LogDerivedDataCache: Display: Max Cache Size: 512 MB
[2019.01.22-14.47.18:693][  0]LogDerivedDataCache: Loaded boot cache 2.46s 71MB C:/Users/aless/AppData/Local/UnrealEngine/4.20/DerivedDataCache/Boot.ddc.
[2019.01.22-14.47.18:694][  0]LogDerivedDataCache: Display: Loaded Boot cache: C:/Users/aless/AppData/Local/UnrealEngine/4.20/DerivedDataCache/Boot.ddc
[2019.01.22-14.47.18:694][  0]LogDerivedDataCache: FDerivedDataBackendGraph:  Pak pak cache file ../../../../../../Users/aless/Documents/GitHub/UnrealFinalProject/Flamingo_O_O_OOO/DerivedDataCache/DDC.ddp not found, will not use a pak cache.
[2019.01.22-14.47.18:694][  0]LogDerivedDataCache: Unable to find inner node Pak for hierarchical cache Hierarchy.
[2019.01.22-14.47.18:694][  0]LogDerivedDataCache: FDerivedDataBackendGraph:  CompressedPak pak cache file ../../../../../../Users/aless/Documents/GitHub/UnrealFinalProject/Flamingo_O_O_OOO/DerivedDataCache/Compressed.ddp not found, will not use a pak cache.
[2019.01.22-14.47.18:694][  0]LogDerivedDataCache: Unable to find inner node CompressedPak for hierarchical cache Hierarchy.
[2019.01.22-14.47.18:708][  0]LogDerivedDataCache: Display: Pak cache opened for reading ../../../Engine/DerivedDataCache/Compressed.ddp.
[2019.01.22-14.47.18:721][  0]LogDerivedDataCache: Using Local data cache path C:/Users/aless/AppData/Local/UnrealEngine/Common/DerivedDataCache: Writable
[2019.01.22-14.47.18:721][  0]LogDerivedDataCache: Shared data cache path not found in *engine.ini, will not use an Shared cache.
[2019.01.22-14.47.18:721][  0]LogDerivedDataCache: Unable to find inner node Shared for hierarchical cache Hierarchy.
[2019.01.22-14.47.18:742][  0]LogMaterial: Verifying Global Shaders for PCD3D_SM5
[2019.01.22-14.47.18:743][  0]LogSlate: Using FreeType 2.6.0
[2019.01.22-14.47.18:752][  0]LogSlate: SlateFontServices - WITH_FREETYPE: 1, WITH_HARFBUZZ: 1
[2019.01.22-14.47.20:874][  0]LogAssetRegistry: FAssetRegistry took 0.0418 seconds to start up
[2019.01.22-14.47.21:232][  0]LogInit: Selected Device Profile: [Windows]
[2019.01.22-14.47.21:444][  0]LogSimplygon: Simplygon DLL not present - disabling.
[2019.01.22-14.47.21:485][  0]LogMeshReduction: Using SimplygonSwarm for distributed automatic mesh merging
[2019.01.22-14.47.21:485][  0]LogMeshReduction: Using ProxyLODMeshReduction for automatic mesh merging
[2019.01.22-14.47.21:485][  0]LogMeshReduction: Using QuadricMeshReduction for automatic static mesh reduction
[2019.01.22-14.47.21:485][  0]LogMeshReduction: No automatic skeletal mesh reduction module available
[2019.01.22-14.47.21:505][  0]LogNetVersion: Flamingo_O_O_OOO 1.0.0, NetCL: 4212847, EngineNetVer: 5, GameNetVer: 0 (Checksum: 3041211453)
[2019.01.22-14.47.22:466][  0]LogPackageLocalizationCache: Processed 12 localized package path(s) for 2 prioritized culture(s) in 0.294818 seconds
[2019.01.22-14.47.22:475][  0]LogUObjectArray: 38425 objects as part of root set at end of initial load.
[2019.01.22-14.47.22:475][  0]LogUObjectAllocator: 6690872 out of 0 bytes used by permanent object pool.
[2019.01.22-14.47.22:475][  0]LogUObjectArray: CloseDisregardForGC: 0/0 objects in disregard for GC pool
[2019.01.22-14.47.58:282][  0]LogTcpMessaging: Initializing TcpMessaging bridge
[2019.01.22-14.47.58:295][  0]LogUdpMessaging: Initializing bridge on interface 0.0.0.0:0 to multicast group 230.0.0.1:6666.
[2019.01.22-14.48.00:157][  0]SourceControl: Source control is disabled
[2019.01.22-14.48.00:157][  0]SourceControl: Source control is disabled
[2019.01.22-14.48.00:160][  0]SourceControl: Source control is disabled
[2019.01.22-14.48.00:161][  0]SourceControl: Source control is disabled
[2019.01.22-14.48.00:687][  0]LogAndroidPermission: UAndroidPermissionCallbackProxy::GetInstance
[2019.01.22-14.48.01:283][  0]LogOcInput: OculusInput pre-init called
[2019.01.22-14.48.01:698][  0]LogEngine: Initializing Engine...
[2019.01.22-14.48.01:699][  0]LogHMD: Failed to initialize OpenVR with code 110
[2019.01.22-14.48.01:784][  0]LogStats: UGameplayTagsManager::ConstructGameplayTagTree: ImportINI prefixes -  0.000 s
[2019.01.22-14.48.01:784][  0]LogStats: UGameplayTagsManager::ConstructGameplayTagTree: Construct from data asset -  0.000 s
[2019.01.22-14.48.01:784][  0]LogStats: UGameplayTagsManager::ConstructGameplayTagTree: ImportINI -  0.000 s
[2019.01.22-14.48.01:784][  0]LogStats: UGameplayTagsManager::ConstructGameplayTagTree: GameplayTagTreeChangedEvent.Broadcast -  0.000 s
[2019.01.22-14.48.02:340][  0]LogInit: Initializing FReadOnlyCVARCache
[2019.01.22-14.48.02:360][  0]LogAIModule: Creating AISystem for world Untitled
[2019.01.22-14.48.02:385][  0]LogInit: XAudio2 using 'Speakers (Realtek High Definition Audio)' : 2 channels at 48 kHz using 32 bits per sample (channel mask 0x3)
[2019.01.22-14.48.02:417][  0]LogInit: FAudioDevice initialized.
[2019.01.22-14.48.02:418][  0]LogNetVersion: Set ProjectVersion to 1.0.0.0. Version Checksum will be recalculated on next use.
[2019.01.22-14.48.04:674][  0]LogDerivedDataCache: Saved boot cache 2.26s 71MB C:/Users/aless/AppData/Local/UnrealEngine/4.20/DerivedDataCache/Boot.ddc.
[2019.01.22-14.48.04:681][  0]LogInit: Texture streaming: Enabled
[2019.01.22-14.48.05:144][  0]LogEngineSessionManager: EngineSessionManager initialized
[2019.01.22-14.48.05:768][  0]LogInit: Transaction tracking system initialized
[2019.01.22-14.48.05:803][  0]BlueprintLog: New page: Editor Load
[2019.01.22-14.48.06:209][  0]LocalizationService: Localization service is disabled
[2019.01.22-14.48.09:078][  0]LogFileCache: Scanning file cache for directory 'C:/Users/aless/Documents/GitHub/UnrealFinalProject/Flamingo_O_O_OOO/Content/' took 0.11s
[2019.01.22-14.48.09:078][  0]LogCook: Display: Max memory allowance for cook 16384mb min free memory 0mb
[2019.01.22-14.48.09:078][  0]LogCook: Display: Mobile HDR setting 1
[2019.01.22-14.48.09:107][  0]LogGameplayTags: Display: UGameplayTagsManager::DoneAddingNativeTags. DelegateIsBound: 0
[2019.01.22-14.48.09:107][  0]LogStats: UGameplayTagsManager::ConstructGameplayTagTree: ImportINI prefixes -  0.000 s
[2019.01.22-14.48.09:107][  0]LogStats: UGameplayTagsManager::ConstructGameplayTagTree: Construct from data asset -  0.000 s
[2019.01.22-14.48.09:107][  0]LogStats: UGameplayTagsManager::ConstructGameplayTagTree: ImportINI -  0.000 s
[2019.01.22-14.48.09:107][  0]LogStats: UGameplayTagsManager::ConstructGameplayTagTree: GameplayTagTreeChangedEvent.Broadcast -  0.000 s
[2019.01.22-14.48.10:764][  0]SourceControl: Source control is disabled
[2019.01.22-14.48.12:086][  0]LogSlate: Took 0.055352 seconds to synchronously load lazily loaded font '../../../Engine/Content/Slate/Fonts/Roboto-Regular.ttf' (155K)
[2019.01.22-15.27.29:041][  0]LogSlate: Window 'Restore Packages' being destroyed
[2019.01.22-15.27.29:127][  0]Cmd: MAP LOAD FILE="../../../../../../Users/aless/Documents/GitHub/UnrealFinalProject/Flamingo_O_O_OOO/Content/ThirdPersonBP/Maps/ThirdPersonExampleMap.umap" TEMPLATE=0 SHOWPROGRESS=1 FEATURELEVEL=3
[2019.01.22-15.27.29:128][  0]LightingResults: New page: Lighting Build
[2019.01.22-15.27.29:134][  0]MapCheck: New page: Map Check
[2019.01.22-15.27.29:134][  0]LightingResults: New page: Lighting Build
[2019.01.22-15.27.34:701][  0]LogMaterial: Display: Missing cached shader map for material MAT_RadialDyn_Master, compiling. 
[2019.01.22-15.27.34:940][  0]LogShaderCompilers: Display: Shaders left to compile 20
[2019.01.22-15.27.34:940][  0]LogShaderCompilers: Display: Shaders left to compile 10
[2019.01.22-15.27.34:940][  0]LogMaterial: Display: Missing cached shader map for material MAT_RadialDyn_Master, compiling. 
[2019.01.22-15.27.35:826][  0]LogShaderCompilers: Display: Shaders left to compile 20
[2019.01.22-15.27.35:826][  0]LogShaderCompilers: Display: Shaders left to compile 10
[2019.01.22-15.27.35:827][  0]LogAIModule: Creating AISystem for world ThirdPersonExampleMap
[2019.01.22-15.27.36:616][  0]LogEditorServer: Finished looking for orphan Actors (0.000 secs)
[2019.01.22-15.27.36:707][  0]Cmd: MAP CHECKDEP NOCLEARLOG
[2019.01.22-15.27.36:853][  0]MapCheck: Map check complete: 0 Error(s), 0 Warning(s), took 145.544ms to complete.
[2019.01.22-15.27.36:853][  0]LogFileHelpers: Loading map 'ThirdPersonExampleMap' took 7.725
[2019.01.22-15.27.38:249][  0]LogSlate: Updating window title bar state: overlay mode, drag disabled, window buttons hidden, title bar hidden
[2019.01.22-15.27.38:276][  0]LogSlate: Updating window title bar state: overlay mode, drag disabled, window buttons hidden, title bar hidden
[2019.01.22-15.27.38:293][  0]LogSlate: Updating window title bar state: overlay mode, drag disabled, window buttons hidden, title bar hidden
[2019.01.22-15.27.38:307][  0]LogSlate: Updating window title bar state: overlay mode, drag disabled, window buttons hidden, title bar hidden
[2019.01.22-15.27.38:476][  0]LogCollectionManager: Loaded 0 collections in 0.004318 seconds
[2019.01.22-15.27.38:682][  0]LogFileCache: Scanning file cache for directory 'C:/Users/aless/Documents/GitHub/UnrealFinalProject/Flamingo_O_O_OOO/Saved/Collections/' took 0.01s
[2019.01.22-15.27.38:682][  0]LogFileCache: Scanning file cache for directory 'C:/Users/aless/Documents/GitHub/UnrealFinalProject/Flamingo_O_O_OOO/Content/Developers/aless/Collections/' took 0.01s
[2019.01.22-15.27.38:682][  0]LogFileCache: Scanning file cache for directory 'C:/Users/aless/Documents/GitHub/UnrealFinalProject/Flamingo_O_O_OOO/Content/Collections/' took 0.01s
[2019.01.22-15.27.38:682][  0]LogCollectionManager: Rebuilt the GUID cache for 0 collections in 0.000001 seconds
[2019.01.22-15.27.38:706][  0]LogContentBrowser: Native class hierarchy populated in 0.0187 seconds. Added 2578 classes and 608 folders.
[2019.01.22-15.27.38:929][  0]LogContentBrowser: Native class hierarchy updated for 'WidgetCarousel' in 0.0004 seconds. Added 0 classes and 0 folders.
[2019.01.22-15.27.40:325][  0]LogContentBrowser: Native class hierarchy updated for 'AddContentDialog' in 0.0004 seconds. Added 0 classes and 0 folders.
[2019.01.22-15.27.40:920][  0]LogContentBrowser: Native class hierarchy updated for 'SceneOutliner' in 0.0003 seconds. Added 1 classes and 2 folders.
[2019.01.22-15.27.41:270][  0]LogSlate: Took 0.017127 seconds to synchronously load lazily loaded font '../../../Engine/Content/Slate/Fonts/Roboto-Bold.ttf' (160K)
[2019.01.22-15.27.41:352][  0]LogSlate: Took 0.020740 seconds to synchronously load lazily loaded font '../../../Engine/Content/Editor/Slate/Fonts/FontAwesome.ttf' (139K)
[2019.01.22-15.27.42:244][  0]LogRenderer: Reallocating scene render targets to support 852x476 Format 9 NumSamples 1 (Frame:1).
[2019.01.22-15.27.43:196][  0]LogContentBrowser: Native class hierarchy updated for 'HierarchicalLODOutliner' in 0.0002 seconds. Added 0 classes and 0 folders.
[2019.01.22-15.27.43:196][  0]LogLoad: (Engine Initialization) Total time: 2448.34 seconds
[2019.01.22-15.27.43:196][  0]LogLoad: (Engine Initialization) Total Blueprint compile time: 0.00 seconds
[2019.01.22-15.27.43:329][  0]LogContentStreaming: Texture pool size now 400 MB
[2019.01.22-15.27.43:452][  0]LogSlate: Took 0.009465 seconds to synchronously load lazily loaded font '../../../Engine/Content/Slate/Fonts/Roboto-Light.ttf' (167K)
[2019.01.22-15.27.44:502][  2]LogAssetRegistry: Asset discovery search completed in 2423.6508 seconds
[2019.01.22-15.27.44:505][  2]LogCollectionManager: Rebuilt the object cache for 0 collections in 0.000000 seconds (found 0 objects)
[2019.01.22-15.27.44:505][  2]LogCollectionManager: Fixed up redirectors for 0 collections in 0.000073 seconds (updated 0 objects)
[2019.01.22-15.27.44:818][  3]LogSlate: Took 0.000250 seconds to synchronously load lazily loaded font '../../../Engine/Content/Slate/Fonts/Roboto-Light.ttf' (167K)
[2019.01.22-15.27.46:735][ 99]LogSlate: FSceneViewport::OnFocusLost() reason 0
[2019.01.22-15.27.54:768][553]LogAssetEditorManager: Opening Asset editor for Blueprint /Game/ThirdPersonBP/Blueprints/ThirdPersonCharacter.ThirdPersonCharacter
[2019.01.22-15.27.56:041][553]LogContentBrowser: Native class hierarchy updated for 'BlueprintGraph' in 0.0007 seconds. Added 116 classes and 0 folders.
[2019.01.22-15.27.57:922][553]LogSlate: Took 0.022786 seconds to synchronously load lazily loaded font '../../../Engine/Content/Slate/Fonts/Roboto-BoldCondensed.ttf' (158K)
[2019.01.22-15.27.59:112][554]LogSlate: Took 0.067222 seconds to synchronously load lazily loaded font '../../../Engine/Content/Slate/Fonts/Roboto-Italic.ttf' (157K)
[2019.01.22-15.32.35:892][764]BlueprintLog: New page: Compile ThirdPersonCharacter
[2019.01.22-15.32.39:157][897]LogSlate: Window 'ThirdPersonCharacter*' being destroyed
[2019.01.22-15.32.39:164][897]LogSlate: Window 'ThirdPersonCharacter*' being destroyed
[2019.01.22-15.33.07:802][763]LogSlate: Window 'Pick Parent Class' being destroyed
[2019.01.22-15.33.12:623][ 40]LogAssetEditorManager: Opening Asset editor for Blueprint /Game/ThirdPersonBP/Blueprints/Sword.Sword
[2019.01.22-15.33.39:269][772]LogSlate: Window 'Pick Parent Class' being destroyed
[2019.01.22-15.33.47:999][199]LogSlate: Window 'Delete Assets' being destroyed
[2019.01.22-15.33.48:007][199]LogSlate: Window 'Sword*' being destroyed
[2019.01.22-15.33.50:702][263]LogAssetEditorManager: Opening Asset editor for Blueprint /Game/ThirdPersonBP/Blueprints/BP_Sword.BP_Sword
[2019.01.22-15.33.52:982][368]LogRenderer: Reallocating scene render targets to support 912x540 Format 9 NumSamples 1 (Frame:1).
[2019.01.22-15.35.06:260][805]BlueprintLog: New page: Compile BP_Sword
[2019.01.22-15.35.17:394][438]LogAssetEditorManager: Opening Asset editor for Blueprint /Game/ThirdPersonBP/Blueprints/ThirdPersonCharacter.ThirdPersonCharacter
[2019.01.22-15.36.07:818][299]BlueprintLog: New page: Compile BP_Sword
[2019.01.22-15.36.08:836][329]LogSavePackage: Moving '../../../../../../Users/aless/Documents/GitHub/UnrealFinalProject/Flamingo_O_O_OOO/Saved/BP_SwordC8D26AB14F11077CF768318652629447.tmp' to '../../../../../../Users/aless/Documents/GitHub/UnrealFinalProject/Flamingo_O_O_OOO/Content/ThirdPersonBP/Blueprints/BP_Sword.uasset'
[2019.01.22-15.37.37:960][ 70]BlueprintLog: New page: Compile BP_Sword
[2019.01.22-15.37.40:186][122]LogSavePackage: Moving '../../../../../../Users/aless/Documents/GitHub/UnrealFinalProject/Flamingo_O_O_OOO/Saved/BP_Sword4E5D60C94948550ACE30CD8B7269A920.tmp' to '../../../../../../Users/aless/Documents/GitHub/UnrealFinalProject/Flamingo_O_O_OOO/Content/ThirdPersonBP/Blueprints/BP_Sword.uasset'
[2019.01.22-15.37.54:425][818]LogSlate: FSceneViewport::OnFocusLost() reason 2
[2019.01.22-15.38.46:290][839]LogTexture: Display: Building textures: T_Blade_DragonSword2_M (AutoDXT, 256X256)
[2019.01.22-15.38.46:290][839]LogTexture: Display: Building textures: T_Blade_DragonSword2_N (BC5, 256X256)
[2019.01.22-15.38.46:291][839]LogTexture: Display: Building textures: T_Blade_DragonSword1_M (AutoDXT, 256X256)
[2019.01.22-15.38.46:291][839]LogTexture: Display: Building textures: T_Blade_DragonSword2_D (AutoDXT, 256X256)
[2019.01.22-15.38.46:291][839]LogTexture: Display: Building textures: T_Blade_DragonSword1_N (BC5, 256X256)
[2019.01.22-15.38.46:291][839]LogTexture: Display: Building textures: T_Blade_DragonSword1_D (AutoDXT, 256X256)
[2019.01.22-15.38.46:291][839]LogMaterial: Display: Missing cached shader map for material M_Blade_DragonSword, compiling. 
[2019.01.22-15.38.46:380][839]LogSkeletalMesh: Building Skeletal Mesh SK_Blade_DragonSword...
[2019.01.22-15.38.46:563][839]LogShaderCompilers: Display: Shaders left to compile 60
[2019.01.22-15.38.46:563][839]LogShaderCompilers: Display: Shaders left to compile 50
[2019.01.22-15.38.46:563][839]LogShaderCompilers: Display: Shaders left to compile 40
[2019.01.22-15.38.46:563][839]LogShaderCompilers: Display: Shaders left to compile 30
[2019.01.22-15.38.46:563][839]LogSkeletalMesh: Built Skeletal Mesh [0.18s] /Game/InfinityBladeWeapons/Weapons/Blade/Swords/Blade_DragonSword/SK_Blade_DragonSword.SK_Blade_DragonSword
[2019.01.22-15.38.51:496][ 31]LogShaderCompilers: Display: Shaders left to compile 20
[2019.01.22-15.38.51:969][ 51]LogShaderCompilers: Display: Shaders left to compile 10
[2019.01.22-15.38.54:632][167]LogSlate: FSceneViewport::OnFocusLost() reason 0
[2019.01.22-15.38.54:702][171]BlueprintLog: New page: Compile BP_Sword
[2019.01.22-15.40.10:617][265]BlueprintLog: New page: Compile BP_Sword
[2019.01.22-15.40.21:921][924]BlueprintLog: New page: Compile BP_Sword
[2019.01.22-15.40.23:029][966]LogSavePackage: Moving '../../../../../../Users/aless/Documents/GitHub/UnrealFinalProject/Flamingo_O_O_OOO/Saved/BP_SwordFD5CC6AD45D2A617DFF1249BFF36FEE6.tmp' to '../../../../../../Users/aless/Documents/GitHub/UnrealFinalProject/Flamingo_O_O_OOO/Content/ThirdPersonBP/Blueprints/BP_Sword.uasset'
[2019.01.22-15.40.43:226][850]BlueprintLog: New page: Compile BP_Sword
[2019.01.22-15.40.44:095][884]LogSavePackage: Moving '../../../../../../Users/aless/Documents/GitHub/UnrealFinalProject/Flamingo_O_O_OOO/Saved/BP_Sword520DADA542675674E11F1BBB65C550D5.tmp' to '../../../../../../Users/aless/Documents/GitHub/UnrealFinalProject/Flamingo_O_O_OOO/Content/ThirdPersonBP/Blueprints/BP_Sword.uasset'
[2019.01.22-15.40.45:801][963]LogSavePackage: Moving '../../../../../../Users/aless/Documents/GitHub/UnrealFinalProject/Flamingo_O_O_OOO/Saved/ThirdPersonCharacterD15C00E845E61E37979149AB3E32D041.tmp' to '../../../../../../Users/aless/Documents/GitHub/UnrealFinalProject/Flamingo_O_O_OOO/Content/ThirdPersonBP/Blueprints/ThirdPersonCharacter.uasset'
[2019.01.22-15.41.10:827][420]LogSavePackage: Moving '../../../../../../Users/aless/Documents/GitHub/UnrealFinalProject/Flamingo_O_O_OOO/Saved/ThirdPersonExampleMap_Auto1E58D8CC749228D717967F38A2F411E87.tmp' to '../../../../../../Users/aless/Documents/GitHub/UnrealFinalProject/Flamingo_O_O_OOO/Saved/Autosaves/Game/ThirdPersonBP/Maps/ThirdPersonExampleMap_Auto1.umap'
[2019.01.22-15.41.10:856][420]LogFileHelpers: Editor autosave (incl. sublevels) for '/Game/ThirdPersonBP/Maps/ThirdPersonExampleMap' took 0.425
[2019.01.22-15.41.10:856][420]LogFileHelpers: Editor autosave (incl. sublevels) for all levels took 0.425
[2019.01.22-16.01.42:017][205]BlueprintLog: New page: Compile BP_Sword
[2019.01.22-16.01.43:053][247]LogSavePackage: Moving '../../../../../../Users/aless/Documents/GitHub/UnrealFinalProject/Flamingo_O_O_OOO/Saved/BP_Sword59483CF94D479F1AF2D1D6A7D563D8CC.tmp' to '../../../../../../Users/aless/Documents/GitHub/UnrealFinalProject/Flamingo_O_O_OOO/Content/ThirdPersonBP/Blueprints/BP_Sword.uasset'
[2019.01.22-16.02.15:852][936]BlueprintLog: New page: Compile BP_Sword
[2019.01.22-16.02.16:580][960]LogSavePackage: Moving '../../../../../../Users/aless/Documents/GitHub/UnrealFinalProject/Flamingo_O_O_OOO/Saved/BP_Sword993700ED4D940DC8EA7BF994648F5E72.tmp' to '../../../../../../Users/aless/Documents/GitHub/UnrealFinalProject/Flamingo_O_O_OOO/Content/ThirdPersonBP/Blueprints/BP_Sword.uasset'
[2019.01.22-16.02.33:050][466]BlueprintLog: New page: Compile BP_Sword
[2019.01.22-16.02.33:871][496]LogSavePackage: Moving '../../../../../../Users/aless/Documents/GitHub/UnrealFinalProject/Flamingo_O_O_OOO/Saved/BP_Sword89D1FE4A4C64D42E43FE5D8B6CFCB30E.tmp' to '../../../../../../Users/aless/Documents/GitHub/UnrealFinalProject/Flamingo_O_O_OOO/Content/ThirdPersonBP/Blueprints/BP_Sword.uasset'
[2019.01.22-16.03.46:157][985]BlueprintLog: New page: Compile BP_Sword
[2019.01.22-16.03.47:156][ 24]LogSavePackage: Moving '../../../../../../Users/aless/Documents/GitHub/UnrealFinalProject/Flamingo_O_O_OOO/Saved/BP_SwordAE2B4CA24DF94B64773F2FA07D78E3A6.tmp' to '../../../../../../Users/aless/Documents/GitHub/UnrealFinalProject/Flamingo_O_O_OOO/Content/ThirdPersonBP/Blueprints/BP_Sword.uasset'
[2019.01.22-16.06.09:909][576]LogFileHelpers: Editor autosave (incl. sublevels) for '/Game/ThirdPersonBP/Maps/ThirdPersonExampleMap' took 0.035
[2019.01.22-16.06.09:911][576]OBJ SavePackage: Generating thumbnails for [0] asset(s) in package [/Game/ThirdPersonBP/Blueprints/BP_Sword] ([1] browsable assets)...
[2019.01.22-16.06.09:912][576]OBJ SavePackage: Finished generating thumbnails for package [/Game/ThirdPersonBP/Blueprints/BP_Sword]
[2019.01.22-16.06.10:004][576]LogSavePackage: Moving '../../../../../../Users/aless/Documents/GitHub/UnrealFinalProject/Flamingo_O_O_OOO/Saved/BP_Sword_Auto224C74D8049503C63191A968099E41EBC.tmp' to '../../../../../../Users/aless/Documents/GitHub/UnrealFinalProject/Flamingo_O_O_OOO/Saved/Autosaves/Game/ThirdPersonBP/Blueprints/BP_Sword_Auto2.uasset'
[2019.01.22-16.06.10:007][576]LogFileHelpers: Auto-saving content packages took 0.097
[2019.01.22-16.08.36:075][826]BlueprintLog: New page: Compile ThirdPersonCharacter
[2019.01.22-16.08.54:470][833]BlueprintLog: New page: Compile ThirdPersonCharacter
[2019.01.22-16.08.55:514][855]LogSavePackage: Moving '../../../../../../Users/aless/Documents/GitHub/UnrealFinalProject/Flamingo_O_O_OOO/Saved/ThirdPersonCharacter523963EE476F4FF7615E78BDB378390E.tmp' to '../../../../../../Users/aless/Documents/GitHub/UnrealFinalProject/Flamingo_O_O_OOO/Content/ThirdPersonBP/Blueprints/ThirdPersonCharacter.uasset'
[2019.01.22-16.08.57:747][985]LogTemp: Repeating last play command: New Editor Window (PIE)
[2019.01.22-16.08.57:923][985]LogBlueprintUserMessages: Early PlayInEditor Detection: Level '/Game/ThirdPersonBP/Maps/ThirdPersonExampleMap.ThirdPersonExampleMap:PersistentLevel' has LevelScriptBlueprint '/Game/ThirdPersonBP/Maps/ThirdPersonExampleMap.ThirdPersonExampleMap:PersistentLevel.ThirdPersonExampleMap' with GeneratedClass '/Game/ThirdPersonBP/Maps/ThirdPersonExampleMap.ThirdPersonExampleMap_C' with ClassGeneratedBy '/Game/ThirdPersonBP/Maps/ThirdPersonExampleMap.ThirdPersonExampleMap:PersistentLevel.ThirdPersonExampleMap'
[2019.01.22-16.08.57:945][985]BlueprintLog: New page: Pre-Play auto-recompile
[2019.01.22-16.08.57:949][985]LogPlayLevel: [PlayLevel] Compiling BP_Sword before play...
[2019.01.22-16.08.58:104][985]LogPlayLevel: PlayLevel: Blueprint regeneration took 160 ms (1 blueprints)
[2019.01.22-16.08.58:374][985]PIE: New page: PIE session: ThirdPersonExampleMap (Jan 22, 2019, 4:08:58 PM)
[2019.01.22-16.08.58:381][985]LogPlayLevel: Creating play world package: /Game/ThirdPersonBP/Maps/UEDPIE_0_ThirdPersonExampleMap
[2019.01.22-16.08.58:468][985]LogPlayLevel: PIE: StaticDuplicateObject took: (0.086840s)
[2019.01.22-16.08.58:469][985]LogAIModule: Creating AISystem for world ThirdPersonExampleMap
[2019.01.22-16.08.58:505][985]LogPlayLevel: PIE: World Init took: (0.037199s)
[2019.01.22-16.08.58:505][985]LogPlayLevel: PIE: Created PIE world by copying editor world from /Game/ThirdPersonBP/Maps/ThirdPersonExampleMap.ThirdPersonExampleMap to /Game/ThirdPersonBP/Maps/UEDPIE_0_ThirdPersonExampleMap.ThirdPersonExampleMap (0.124323s)
[2019.01.22-16.08.58:691][985]LogInit: XAudio2 using 'Speakers (Realtek High Definition Audio)' : 2 channels at 48 kHz using 32 bits per sample (channel mask 0x3)
[2019.01.22-16.08.58:712][985]LogInit: FAudioDevice initialized.
[2019.01.22-16.08.58:748][985]LogSlate: Updating window title bar state: overlay mode, drag disabled, window buttons hidden, title bar hidden
[2019.01.22-16.08.58:992][985]LogLoad: Game class is 'ThirdPersonGameMode_C'
[2019.01.22-16.08.59:205][985]LogWorld: Bringing World /Game/ThirdPersonBP/Maps/UEDPIE_0_ThirdPersonExampleMap.ThirdPersonExampleMap up for play (max tick rate 60) at 2019.01.22-16.08.59
[2019.01.22-16.08.59:477][985]LogWorld: Bringing up level for play took: 0.311065
[2019.01.22-16.08.59:657][985]LogContentBrowser: Native class hierarchy updated for 'MovieSceneCapture' in 0.0008 seconds. Added 10 classes and 0 folders.
[2019.01.22-16.08.59:941][985]PIE: Play in editor start time for /Game/ThirdPersonBP/Maps/UEDPIE_0_ThirdPersonExampleMap 1.221
[2019.01.22-16.08.59:971][985]LogBlueprintUserMessages: Late PlayInEditor Detection: Level '/Game/ThirdPersonBP/Maps/ThirdPersonExampleMap.ThirdPersonExampleMap:PersistentLevel' has LevelScriptBlueprint '/Game/ThirdPersonBP/Maps/ThirdPersonExampleMap.ThirdPersonExampleMap:PersistentLevel.ThirdPersonExampleMap' with GeneratedClass '/Game/ThirdPersonBP/Maps/ThirdPersonExampleMap.ThirdPersonExampleMap_C' with ClassGeneratedBy '/Game/ThirdPersonBP/Maps/ThirdPersonExampleMap.ThirdPersonExampleMap:PersistentLevel.ThirdPersonExampleMap'
[2019.01.22-16.09.00:729][999]LogBlueprintUserMessages: [InputBufferController_C_0] [] [LightSwing] 
[2019.01.22-16.09.02:741][111]LogBlueprintUserMessages: [InputBufferController_C_0] [] [Forward] 
[2019.01.22-16.09.02:928][122]LogBlueprintUserMessages: [InputBufferController_C_0] [] [Forward] [] [LightSwing] 
[2019.01.22-16.09.04:426][212]LogBlueprintUserMessages: [InputBufferController_C_0] [] [Forward] 
[2019.01.22-16.09.04:829][236]LogBlueprintUserMessages: [InputBufferController_C_0] [] [Forward] [] [LightSwing] 
[2019.01.22-16.09.05:597][282]LogBlueprintUserMessages: [InputBufferController_C_0] [] [LightSwing] 
[2019.01.22-16.09.05:812][295]LogBlueprintUserMessages: [InputBufferController_C_0] [] [LightSwing] [] [LightSwing] 
[2019.01.22-16.09.05:996][306]LogBlueprintUserMessages: [InputBufferController_C_0] [] [LightSwing] [] [LightSwing] [] [LightSwing] 
[2019.01.22-16.09.06:178][317]LogBlueprintUserMessages: [InputBufferController_C_0] [] [LightSwing] 
[2019.01.22-16.09.06:378][329]LogBlueprintUserMessages: [InputBufferController_C_0] [] [LightSwing] [] [LightSwing] 
[2019.01.22-16.09.06:548][339]LogBlueprintUserMessages: [InputBufferController_C_0] [] [LightSwing] 
[2019.01.22-16.09.06:748][351]LogBlueprintUserMessages: [InputBufferController_C_0] [] [LightSwing] [] [LightSwing] 
[2019.01.22-16.09.06:914][361]LogBlueprintUserMessages: [InputBufferController_C_0] [] [LightSwing] [] [LightSwing] [] [LightSwing] 
[2019.01.22-16.09.07:130][374]LogBlueprintUserMessages: [InputBufferController_C_0] [] [LightSwing] [] [LightSwing] [] [LightSwing] [] [LightSwing] 
[2019.01.22-16.09.07:329][386]LogBlueprintUserMessages: [InputBufferController_C_0] [] [LightSwing] [] [LightSwing] [] [LightSwing] [] [LightSwing] [] [LightSwing] 
[2019.01.22-16.09.07:564][400]LogBlueprintUserMessages: [InputBufferController_C_0] [] [LightSwing] [] [LightSwing] [] [LightSwing] [] [LightSwing] [] [LightSwing] [] [LightSwing] 
[2019.01.22-16.09.07:714][409]LogBlueprintUserMessages: [InputBufferController_C_0] [] [LightSwing] 
[2019.01.22-16.09.07:948][423]LogBlueprintUserMessages: [InputBufferController_C_0] [] [LightSwing] [] [LightSwing] 
[2019.01.22-16.09.09:810][535]LogBlueprintUserMessages: [InputBufferController_C_0] [] [LightSwing] [] [LightSwing] [] [Forward] 
[2019.01.22-16.09.10:551][579]LogBlueprintUserMessages: [InputBufferController_C_0] [] [LightSwing] 
[2019.01.22-16.09.11:681][646]LogBlueprintUserMessages: [Enemybro_2] -65.0
[2019.01.22-16.09.11:681][646]LogScript: Warning: Accessed None trying to read property Instance1
	Enemybro_C /Game/ThirdPersonBP/Maps/UEDPIE_0_ThirdPersonExampleMap.ThirdPersonExampleMap:PersistentLevel.Enemybro_2
	Function /Game/ThirdPersonBP/Blueprints/Enemybro.Enemybro_C:ModifyHealth:015C
[2019.01.22-16.09.11:682][646]PIE: Error: Blueprint Runtime Error: "Accessed None trying to read property Instance1". Blueprint:  Enemybro Function:  Modify Health Graph:  ModifyHealth Node:  Set Scalar Parameter Value
[2019.01.22-16.09.11:682][646]LogScript: Warning: Accessed None trying to read property Instance1
	Enemybro_C /Game/ThirdPersonBP/Maps/UEDPIE_0_ThirdPersonExampleMap.ThirdPersonExampleMap:PersistentLevel.Enemybro_2
	Function /Game/ThirdPersonBP/Blueprints/Enemybro.Enemybro_C:ModifyHealth:01BC
[2019.01.22-16.09.11:682][646]PIE: Error: Blueprint Runtime Error: "Accessed None trying to read property Instance1". Blueprint:  Enemybro Function:  Modify Health Graph:  ModifyHealth Node:  GetScalarParameterValue
[2019.01.22-16.09.11:682][646]LogBlueprintUserMessages: [Enemybro_2] 0.0
[2019.01.22-16.09.12:892][715]LogBlueprintUserMessages: [InputBufferController_C_0] [] [LightSwing] [] [Forward] 
[2019.01.22-16.09.13:494][751]LogBlueprintUserMessages: [InputBufferController_C_0] [] [LightSwing] 
[2019.01.22-16.09.15:966][897]LogBlueprintUserMessages: [InputBufferController_C_0] [] [LightSwing] [] [Forward] 
[2019.01.22-16.09.16:892][947]LogBlueprintUserMessages: [InputBufferController_C_0] [] [Forward] 
[2019.01.22-16.09.17:525][985]LogBlueprintUserMessages: [Enemybro_2] -30.0
[2019.01.22-16.09.17:535][985]LogBlueprintUserMessages: [Enemybro_2] 0.7
[2019.01.22-16.09.18:444][ 40]LogBlueprintUserMessages: [Enemybro_2] 5.0
[2019.01.22-16.09.18:444][ 40]LogBlueprintUserMessages: [Enemybro_2] 0.9999
[2019.01.22-16.09.19:140][ 80]LogBlueprintUserMessages: [InputBufferController_C_0] [] [Forward] [] [Forward] 
[2019.01.22-16.09.20:207][144]LogBlueprintUserMessages: [InputBufferController_C_0] [] [Forward] [] [Forward] [] [Forward] 
[2019.01.22-16.09.21:909][246]LogBlueprintUserMessages: [InputBufferController_C_0] [] [Forward] [] [Forward] [] [Forward] [] [Forward] 
[2019.01.22-16.09.22:596][287]LogBlueprintUserMessages: Early EndPlayMap Detection: Level '/Game/ThirdPersonBP/Maps/ThirdPersonExampleMap.ThirdPersonExampleMap:PersistentLevel' has LevelScriptBlueprint '/Game/ThirdPersonBP/Maps/ThirdPersonExampleMap.ThirdPersonExampleMap:PersistentLevel.ThirdPersonExampleMap' with GeneratedClass '/Game/ThirdPersonBP/Maps/ThirdPersonExampleMap.ThirdPersonExampleMap_C' with ClassGeneratedBy '/Game/ThirdPersonBP/Maps/ThirdPersonExampleMap.ThirdPersonExampleMap:PersistentLevel.ThirdPersonExampleMap'
[2019.01.22-16.09.22:640][287]LogSlate: Updating window title bar state: overlay mode, drag disabled, window buttons hidden, title bar hidden
[2019.01.22-16.09.22:660][287]LogSlate: Window 'Flamingo_O_O_OOO Game Preview Standalone (64-bit/PCD3D_SM5)' being destroyed
[2019.01.22-16.09.22:785][287]LogPlayLevel: Display: Shutting down PIE online subsystems
[2019.01.22-16.09.22:786][287]LogBlueprintUserMessages: Late EndPlayMap Detection: Level '/Game/ThirdPersonBP/Maps/ThirdPersonExampleMap.ThirdPersonExampleMap:PersistentLevel' has LevelScriptBlueprint '/Game/ThirdPersonBP/Maps/ThirdPersonExampleMap.ThirdPersonExampleMap:PersistentLevel.ThirdPersonExampleMap' with GeneratedClass '/Game/ThirdPersonBP/Maps/ThirdPersonExampleMap.ThirdPersonExampleMap_C' with ClassGeneratedBy '/Game/ThirdPersonBP/Maps/ThirdPersonExampleMap.ThirdPersonExampleMap:PersistentLevel.ThirdPersonExampleMap'
[2019.01.22-16.09.23:045][288]LogPlayLevel: Display: Destroying online subsystem :Context_10
[2019.01.22-16.09.24:108][351]LogTemp: Repeating last play command: New Editor Window (PIE)
[2019.01.22-16.09.24:130][351]LogBlueprintUserMessages: Early PlayInEditor Detection: Level '/Game/ThirdPersonBP/Maps/ThirdPersonExampleMap.ThirdPersonExampleMap:PersistentLevel' has LevelScriptBlueprint '/Game/ThirdPersonBP/Maps/ThirdPersonExampleMap.ThirdPersonExampleMap:PersistentLevel.ThirdPersonExampleMap' with GeneratedClass '/Game/ThirdPersonBP/Maps/ThirdPersonExampleMap.ThirdPersonExampleMap_C' with ClassGeneratedBy '/Game/ThirdPersonBP/Maps/ThirdPersonExampleMap.ThirdPersonExampleMap:PersistentLevel.ThirdPersonExampleMap'
[2019.01.22-16.09.24:131][351]LogPlayLevel: PlayLevel: No blueprints needed recompiling
[2019.01.22-16.09.24:131][351]PIE: New page: PIE session: ThirdPersonExampleMap (Jan 22, 2019, 4:09:24 PM)
[2019.01.22-16.09.24:131][351]LogPlayLevel: Creating play world package: /Game/ThirdPersonBP/Maps/UEDPIE_0_ThirdPersonExampleMap
[2019.01.22-16.09.24:135][351]LogPlayLevel: PIE: StaticDuplicateObject took: (0.003746s)
[2019.01.22-16.09.24:135][351]LogAIModule: Creating AISystem for world ThirdPersonExampleMap
[2019.01.22-16.09.24:135][351]LogPlayLevel: PIE: World Init took: (0.000721s)
[2019.01.22-16.09.24:136][351]LogPlayLevel: PIE: Created PIE world by copying editor world from /Game/ThirdPersonBP/Maps/ThirdPersonExampleMap.ThirdPersonExampleMap to /Game/ThirdPersonBP/Maps/UEDPIE_0_ThirdPersonExampleMap.ThirdPersonExampleMap (0.004696s)
[2019.01.22-16.09.24:171][351]LogInit: XAudio2 using 'Speakers (Realtek High Definition Audio)' : 2 channels at 48 kHz using 32 bits per sample (channel mask 0x3)
[2019.01.22-16.09.24:191][351]LogInit: FAudioDevice initialized.
[2019.01.22-16.09.24:199][351]LogSlate: Updating window title bar state: overlay mode, drag disabled, window buttons hidden, title bar hidden
[2019.01.22-16.09.24:322][351]LogLoad: Game class is 'ThirdPersonGameMode_C'
[2019.01.22-16.09.24:325][351]LogWorld: Bringing World /Game/ThirdPersonBP/Maps/UEDPIE_0_ThirdPersonExampleMap.ThirdPersonExampleMap up for play (max tick rate 60) at 2019.01.22-16.09.24
[2019.01.22-16.09.24:325][351]LogWorld: Bringing up level for play took: 0.002101
[2019.01.22-16.09.24:343][351]PIE: Play in editor start time for /Game/ThirdPersonBP/Maps/UEDPIE_0_ThirdPersonExampleMap -0.377
[2019.01.22-16.09.24:382][351]LogBlueprintUserMessages: Late PlayInEditor Detection: Level '/Game/ThirdPersonBP/Maps/ThirdPersonExampleMap.ThirdPersonExampleMap:PersistentLevel' has LevelScriptBlueprint '/Game/ThirdPersonBP/Maps/ThirdPersonExampleMap.ThirdPersonExampleMap:PersistentLevel.ThirdPersonExampleMap' with GeneratedClass '/Game/ThirdPersonBP/Maps/ThirdPersonExampleMap.ThirdPersonExampleMap_C' with ClassGeneratedBy '/Game/ThirdPersonBP/Maps/ThirdPersonExampleMap.ThirdPersonExampleMap:PersistentLevel.ThirdPersonExampleMap'
[2019.01.22-16.09.25:141][394]LogBlueprintUserMessages: [InputBufferController_C_0] [] [LightSwing] 
[2019.01.22-16.09.26:170][456]LogBlueprintUserMessages: [InputBufferController_C_0] [] [Forward] 
[2019.01.22-16.09.27:057][507]LogBlueprintUserMessages: [InputBufferController_C_0] [] [Forward] [] [Forward] 
[2019.01.22-16.09.27:609][540]LogBlueprintUserMessages: [InputBufferController_C_0] [] [Forward] [] [Forward] [] [LightSwing] 
[2019.01.22-16.09.28:107][570]LogBlueprintUserMessages: [Enemybro_2] -65.0
[2019.01.22-16.09.28:107][570]LogBlueprintUserMessages: [Enemybro_2] 0.35
[2019.01.22-16.09.29:731][667]LogBlueprintUserMessages: [InputBufferController_C_0] [] [Forward] 
[2019.01.22-16.09.33:089][868]LogBlueprintUserMessages: Early EndPlayMap Detection: Level '/Game/ThirdPersonBP/Maps/ThirdPersonExampleMap.ThirdPersonExampleMap:PersistentLevel' has LevelScriptBlueprint '/Game/ThirdPersonBP/Maps/ThirdPersonExampleMap.ThirdPersonExampleMap:PersistentLevel.ThirdPersonExampleMap' with GeneratedClass '/Game/ThirdPersonBP/Maps/ThirdPersonExampleMap.ThirdPersonExampleMap_C' with ClassGeneratedBy '/Game/ThirdPersonBP/Maps/ThirdPersonExampleMap.ThirdPersonExampleMap:PersistentLevel.ThirdPersonExampleMap'
[2019.01.22-16.09.33:089][868]LogSlate: Updating window title bar state: overlay mode, drag disabled, window buttons hidden, title bar hidden
[2019.01.22-16.09.33:109][868]LogSlate: Window 'Flamingo_O_O_OOO Game Preview Standalone (64-bit/PCD3D_SM5)' being destroyed
[2019.01.22-16.09.33:153][868]LogPlayLevel: Display: Shutting down PIE online subsystems
[2019.01.22-16.09.33:153][868]LogBlueprintUserMessages: Late EndPlayMap Detection: Level '/Game/ThirdPersonBP/Maps/ThirdPersonExampleMap.ThirdPersonExampleMap:PersistentLevel' has LevelScriptBlueprint '/Game/ThirdPersonBP/Maps/ThirdPersonExampleMap.ThirdPersonExampleMap:PersistentLevel.ThirdPersonExampleMap' with GeneratedClass '/Game/ThirdPersonBP/Maps/ThirdPersonExampleMap.ThirdPersonExampleMap_C' with ClassGeneratedBy '/Game/ThirdPersonBP/Maps/ThirdPersonExampleMap.ThirdPersonExampleMap:PersistentLevel.ThirdPersonExampleMap'
[2019.01.22-16.09.33:206][869]LogPlayLevel: Display: Destroying online subsystem :Context_11
[2019.01.22-16.09.34:126][924]LogTemp: Repeating last play command: New Editor Window (PIE)
[2019.01.22-16.09.34:150][924]LogBlueprintUserMessages: Early PlayInEditor Detection: Level '/Game/ThirdPersonBP/Maps/ThirdPersonExampleMap.ThirdPersonExampleMap:PersistentLevel' has LevelScriptBlueprint '/Game/ThirdPersonBP/Maps/ThirdPersonExampleMap.ThirdPersonExampleMap:PersistentLevel.ThirdPersonExampleMap' with GeneratedClass '/Game/ThirdPersonBP/Maps/ThirdPersonExampleMap.ThirdPersonExampleMap_C' with ClassGeneratedBy '/Game/ThirdPersonBP/Maps/ThirdPersonExampleMap.ThirdPersonExampleMap:PersistentLevel.ThirdPersonExampleMap'
[2019.01.22-16.09.34:150][924]LogPlayLevel: PlayLevel: No blueprints needed recompiling
[2019.01.22-16.09.34:151][924]PIE: New page: PIE session: ThirdPersonExampleMap (Jan 22, 2019, 4:09:34 PM)
[2019.01.22-16.09.34:151][924]LogPlayLevel: Creating play world package: /Game/ThirdPersonBP/Maps/UEDPIE_0_ThirdPersonExampleMap
[2019.01.22-16.09.34:155][924]LogPlayLevel: PIE: StaticDuplicateObject took: (0.004796s)
[2019.01.22-16.09.34:156][924]LogAIModule: Creating AISystem for world ThirdPersonExampleMap
[2019.01.22-16.09.34:156][924]LogPlayLevel: PIE: World Init took: (0.000888s)
[2019.01.22-16.09.34:156][924]LogPlayLevel: PIE: Created PIE world by copying editor world from /Game/ThirdPersonBP/Maps/ThirdPersonExampleMap.ThirdPersonExampleMap to /Game/ThirdPersonBP/Maps/UEDPIE_0_ThirdPersonExampleMap.ThirdPersonExampleMap (0.005847s)
[2019.01.22-16.09.34:191][924]LogInit: XAudio2 using 'Speakers (Realtek High Definition Audio)' : 2 channels at 48 kHz using 32 bits per sample (channel mask 0x3)
[2019.01.22-16.09.34:210][924]LogInit: FAudioDevice initialized.
[2019.01.22-16.09.34:218][924]LogSlate: Updating window title bar state: overlay mode, drag disabled, window buttons hidden, title bar hidden
[2019.01.22-16.09.34:306][924]LogLoad: Game class is 'ThirdPersonGameMode_C'
[2019.01.22-16.09.34:309][924]LogWorld: Bringing World /Game/ThirdPersonBP/Maps/UEDPIE_0_ThirdPersonExampleMap.ThirdPersonExampleMap up for play (max tick rate 60) at 2019.01.22-16.09.34
[2019.01.22-16.09.34:310][924]LogWorld: Bringing up level for play took: 0.002160
[2019.01.22-16.09.34:326][924]PIE: Play in editor start time for /Game/ThirdPersonBP/Maps/UEDPIE_0_ThirdPersonExampleMap -0.394
[2019.01.22-16.09.34:327][924]LogBlueprintUserMessages: Late PlayInEditor Detection: Level '/Game/ThirdPersonBP/Maps/ThirdPersonExampleMap.ThirdPersonExampleMap:PersistentLevel' has LevelScriptBlueprint '/Game/ThirdPersonBP/Maps/ThirdPersonExampleMap.ThirdPersonExampleMap:PersistentLevel.ThirdPersonExampleMap' with GeneratedClass '/Game/ThirdPersonBP/Maps/ThirdPersonExampleMap.ThirdPersonExampleMap_C' with ClassGeneratedBy '/Game/ThirdPersonBP/Maps/ThirdPersonExampleMap.ThirdPersonExampleMap:PersistentLevel.ThirdPersonExampleMap'
[2019.01.22-16.09.34:877][953]LogBlueprintUserMessages: [InputBufferController_C_0] [] [LightSwing] 
[2019.01.22-16.09.36:142][ 29]LogBlueprintUserMessages: [InputBufferController_C_0] [] [Forward] 
[2019.01.22-16.09.36:995][ 80]LogBlueprintUserMessages: [InputBufferController_C_0] [] [Forward] [] [LightSwing] 
[2019.01.22-16.09.37:060][ 84]LogBlueprintUserMessages: [Enemybro_2] -65.0
[2019.01.22-16.09.37:060][ 84]LogScript: Warning: Accessed None trying to read property Instance1
	Enemybro_C /Game/ThirdPersonBP/Maps/UEDPIE_0_ThirdPersonExampleMap.ThirdPersonExampleMap:PersistentLevel.Enemybro_2
	Function /Game/ThirdPersonBP/Blueprints/Enemybro.Enemybro_C:ModifyHealth:015C
[2019.01.22-16.09.37:060][ 84]PIE: Error: Blueprint Runtime Error: "Accessed None trying to read property Instance1". Blueprint:  Enemybro Function:  Modify Health Graph:  ModifyHealth Node:  Set Scalar Parameter Value
[2019.01.22-16.09.37:060][ 84]LogScript: Warning: Accessed None trying to read property Instance1
	Enemybro_C /Game/ThirdPersonBP/Maps/UEDPIE_0_ThirdPersonExampleMap.ThirdPersonExampleMap:PersistentLevel.Enemybro_2
	Function /Game/ThirdPersonBP/Blueprints/Enemybro.Enemybro_C:ModifyHealth:01BC
[2019.01.22-16.09.37:060][ 84]PIE: Error: Blueprint Runtime Error: "Accessed None trying to read property Instance1". Blueprint:  Enemybro Function:  Modify Health Graph:  ModifyHealth Node:  GetScalarParameterValue
[2019.01.22-16.09.37:060][ 84]LogBlueprintUserMessages: [Enemybro_2] 0.0
[2019.01.22-16.09.37:459][108]LogBlueprintUserMessages: [Enemybro_2] -30.0
[2019.01.22-16.09.37:459][108]LogScript: Warning: Accessed None trying to read property Instance1
	Enemybro_C /Game/ThirdPersonBP/Maps/UEDPIE_0_ThirdPersonExampleMap.ThirdPersonExampleMap:PersistentLevel.Enemybro_2
	Function /Game/ThirdPersonBP/Blueprints/Enemybro.Enemybro_C:ModifyHealth:015C
[2019.01.22-16.09.37:459][108]PIE: Error: Blueprint Runtime Error: "Accessed None trying to read property Instance1". Blueprint:  Enemybro Function:  Modify Health Graph:  ModifyHealth Node:  Set Scalar Parameter Value
[2019.01.22-16.09.37:459][108]LogScript: Warning: Accessed None trying to read property Instance1
	Enemybro_C /Game/ThirdPersonBP/Maps/UEDPIE_0_ThirdPersonExampleMap.ThirdPersonExampleMap:PersistentLevel.Enemybro_2
	Function /Game/ThirdPersonBP/Blueprints/Enemybro.Enemybro_C:ModifyHealth:01BC
[2019.01.22-16.09.37:459][108]PIE: Error: Blueprint Runtime Error: "Accessed None trying to read property Instance1". Blueprint:  Enemybro Function:  Modify Health Graph:  ModifyHealth Node:  GetScalarParameterValue
[2019.01.22-16.09.37:459][108]LogBlueprintUserMessages: [Enemybro_2] 0.0
[2019.01.22-16.09.37:809][129]LogBlueprintUserMessages: [Enemybro_2] 5.0
[2019.01.22-16.09.37:809][129]LogScript: Warning: Accessed None trying to read property Instance1
	Enemybro_C /Game/ThirdPersonBP/Maps/UEDPIE_0_ThirdPersonExampleMap.ThirdPersonExampleMap:PersistentLevel.Enemybro_2
	Function /Game/ThirdPersonBP/Blueprints/Enemybro.Enemybro_C:ModifyHealth:015C
[2019.01.22-16.09.37:809][129]PIE: Error: Blueprint Runtime Error: "Accessed None trying to read property Instance1". Blueprint:  Enemybro Function:  Modify Health Graph:  ModifyHealth Node:  Set Scalar Parameter Value
[2019.01.22-16.09.37:809][129]LogScript: Warning: Accessed None trying to read property Instance1
	Enemybro_C /Game/ThirdPersonBP/Maps/UEDPIE_0_ThirdPersonExampleMap.ThirdPersonExampleMap:PersistentLevel.Enemybro_2
	Function /Game/ThirdPersonBP/Blueprints/Enemybro.Enemybro_C:ModifyHealth:01BC
[2019.01.22-16.09.37:809][129]PIE: Error: Blueprint Runtime Error: "Accessed None trying to read property Instance1". Blueprint:  Enemybro Function:  Modify Health Graph:  ModifyHealth Node:  GetScalarParameterValue
[2019.01.22-16.09.37:809][129]LogBlueprintUserMessages: [Enemybro_2] 0.0
[2019.01.22-16.09.38:996][200]LogBlueprintUserMessages: [InputBufferController_C_0] [] [Forward] 
[2019.01.22-16.09.39:365][222]LogBlueprintUserMessages: Early EndPlayMap Detection: Level '/Game/ThirdPersonBP/Maps/ThirdPersonExampleMap.ThirdPersonExampleMap:PersistentLevel' has LevelScriptBlueprint '/Game/ThirdPersonBP/Maps/ThirdPersonExampleMap.ThirdPersonExampleMap:PersistentLevel.ThirdPersonExampleMap' with GeneratedClass '/Game/ThirdPersonBP/Maps/ThirdPersonExampleMap.ThirdPersonExampleMap_C' with ClassGeneratedBy '/Game/ThirdPersonBP/Maps/ThirdPersonExampleMap.ThirdPersonExampleMap:PersistentLevel.ThirdPersonExampleMap'
[2019.01.22-16.09.39:366][222]LogSlate: Updating window title bar state: overlay mode, drag disabled, window buttons hidden, title bar hidden
[2019.01.22-16.09.39:385][222]LogSlate: Window 'Flamingo_O_O_OOO Game Preview Standalone (64-bit/PCD3D_SM5)' being destroyed
[2019.01.22-16.09.39:426][222]LogPlayLevel: Display: Shutting down PIE online subsystems
[2019.01.22-16.09.39:426][222]LogBlueprintUserMessages: Late EndPlayMap Detection: Level '/Game/ThirdPersonBP/Maps/ThirdPersonExampleMap.ThirdPersonExampleMap:PersistentLevel' has LevelScriptBlueprint '/Game/ThirdPersonBP/Maps/ThirdPersonExampleMap.ThirdPersonExampleMap:PersistentLevel.ThirdPersonExampleMap' with GeneratedClass '/Game/ThirdPersonBP/Maps/ThirdPersonExampleMap.ThirdPersonExampleMap_C' with ClassGeneratedBy '/Game/ThirdPersonBP/Maps/ThirdPersonExampleMap.ThirdPersonExampleMap:PersistentLevel.ThirdPersonExampleMap'
[2019.01.22-16.09.39:477][223]LogPlayLevel: Display: Destroying online subsystem :Context_12
[2019.01.22-16.09.40:334][274]LogTemp: Repeating last play command: New Editor Window (PIE)
[2019.01.22-16.09.40:355][274]LogBlueprintUserMessages: Early PlayInEditor Detection: Level '/Game/ThirdPersonBP/Maps/ThirdPersonExampleMap.ThirdPersonExampleMap:PersistentLevel' has LevelScriptBlueprint '/Game/ThirdPersonBP/Maps/ThirdPersonExampleMap.ThirdPersonExampleMap:PersistentLevel.ThirdPersonExampleMap' with GeneratedClass '/Game/ThirdPersonBP/Maps/ThirdPersonExampleMap.ThirdPersonExampleMap_C' with ClassGeneratedBy '/Game/ThirdPersonBP/Maps/ThirdPersonExampleMap.ThirdPersonExampleMap:PersistentLevel.ThirdPersonExampleMap'
[2019.01.22-16.09.40:356][274]LogPlayLevel: PlayLevel: No blueprints needed recompiling
[2019.01.22-16.09.40:356][274]PIE: New page: PIE session: ThirdPersonExampleMap (Jan 22, 2019, 4:09:40 PM)
[2019.01.22-16.09.40:356][274]LogPlayLevel: Creating play world package: /Game/ThirdPersonBP/Maps/UEDPIE_0_ThirdPersonExampleMap
[2019.01.22-16.09.40:359][274]LogPlayLevel: PIE: StaticDuplicateObject took: (0.003404s)
[2019.01.22-16.09.40:360][274]LogAIModule: Creating AISystem for world ThirdPersonExampleMap
[2019.01.22-16.09.40:360][274]LogPlayLevel: PIE: World Init took: (0.000759s)
[2019.01.22-16.09.40:360][274]LogPlayLevel: PIE: Created PIE world by copying editor world from /Game/ThirdPersonBP/Maps/ThirdPersonExampleMap.ThirdPersonExampleMap to /Game/ThirdPersonBP/Maps/UEDPIE_0_ThirdPersonExampleMap.ThirdPersonExampleMap (0.004310s)
[2019.01.22-16.09.40:401][274]LogInit: XAudio2 using 'Speakers (Realtek High Definition Audio)' : 2 channels at 48 kHz using 32 bits per sample (channel mask 0x3)
[2019.01.22-16.09.40:419][274]LogInit: FAudioDevice initialized.
[2019.01.22-16.09.40:427][274]LogSlate: Updating window title bar state: overlay mode, drag disabled, window buttons hidden, title bar hidden
[2019.01.22-16.09.40:550][274]LogLoad: Game class is 'ThirdPersonGameMode_C'
[2019.01.22-16.09.40:553][274]LogWorld: Bringing World /Game/ThirdPersonBP/Maps/UEDPIE_0_ThirdPersonExampleMap.ThirdPersonExampleMap up for play (max tick rate 60) at 2019.01.22-16.09.40
[2019.01.22-16.09.40:554][274]LogWorld: Bringing up level for play took: 0.002703
[2019.01.22-16.09.40:572][274]PIE: Play in editor start time for /Game/ThirdPersonBP/Maps/UEDPIE_0_ThirdPersonExampleMap -0.148
[2019.01.22-16.09.40:572][274]LogBlueprintUserMessages: Late PlayInEditor Detection: Level '/Game/ThirdPersonBP/Maps/ThirdPersonExampleMap.ThirdPersonExampleMap:PersistentLevel' has LevelScriptBlueprint '/Game/ThirdPersonBP/Maps/ThirdPersonExampleMap.ThirdPersonExampleMap:PersistentLevel.ThirdPersonExampleMap' with GeneratedClass '/Game/ThirdPersonBP/Maps/ThirdPersonExampleMap.ThirdPersonExampleMap_C' with ClassGeneratedBy '/Game/ThirdPersonBP/Maps/ThirdPersonExampleMap.ThirdPersonExampleMap:PersistentLevel.ThirdPersonExampleMap'
[2019.01.22-16.09.40:910][291]LogBlueprintUserMessages: [InputBufferController_C_0] [] [LightSwing] 
[2019.01.22-16.09.42:258][372]LogBlueprintUserMessages: [InputBufferController_C_0] [] [Forward] 
[2019.01.22-16.09.43:197][428]LogBlueprintUserMessages: [InputBufferController_C_0] [] [Forward] [] [Forward] 
[2019.01.22-16.09.43:367][438]LogBlueprintUserMessages: [InputBufferController_C_0] [] [Forward] [] [Forward] [] [LightSwing] 
[2019.01.22-16.09.43:864][468]LogBlueprintUserMessages: [Enemybro_2] -65.0
[2019.01.22-16.09.43:864][468]LogScript: Warning: Accessed None trying to read property Instance1
	Enemybro_C /Game/ThirdPersonBP/Maps/UEDPIE_0_ThirdPersonExampleMap.ThirdPersonExampleMap:PersistentLevel.Enemybro_2
	Function /Game/ThirdPersonBP/Blueprints/Enemybro.Enemybro_C:ModifyHealth:015C
[2019.01.22-16.09.43:864][468]PIE: Error: Blueprint Runtime Error: "Accessed None trying to read property Instance1". Blueprint:  Enemybro Function:  Modify Health Graph:  ModifyHealth Node:  Set Scalar Parameter Value
[2019.01.22-16.09.43:864][468]LogScript: Warning: Accessed None trying to read property Instance1
	Enemybro_C /Game/ThirdPersonBP/Maps/UEDPIE_0_ThirdPersonExampleMap.ThirdPersonExampleMap:PersistentLevel.Enemybro_2
	Function /Game/ThirdPersonBP/Blueprints/Enemybro.Enemybro_C:ModifyHealth:01BC
[2019.01.22-16.09.43:864][468]PIE: Error: Blueprint Runtime Error: "Accessed None trying to read property Instance1". Blueprint:  Enemybro Function:  Modify Health Graph:  ModifyHealth Node:  GetScalarParameterValue
[2019.01.22-16.09.43:864][468]LogBlueprintUserMessages: [Enemybro_2] 0.0
[2019.01.22-16.09.46:134][604]LogBlueprintUserMessages: [InputBufferController_C_0] [] [Forward] 
[2019.01.22-16.09.46:937][652]LogBlueprintUserMessages: [InputBufferController_C_0] [] [Forward] [] [LightSwing] 
[2019.01.22-16.09.47:434][682]LogBlueprintUserMessages: [Enemybro_2] -30.0
[2019.01.22-16.09.47:435][682]LogBlueprintUserMessages: [Enemybro_2] 0.7
[2019.01.22-16.09.48:718][759]LogBlueprintUserMessages: [InputBufferController_C_0] [] [Forward] 
[2019.01.22-16.09.49:119][783]LogBlueprintUserMessages: [InputBufferController_C_0] [] [Forward] [] [LightSwing] 
[2019.01.22-16.09.49:635][814]LogBlueprintUserMessages: [Enemybro_2] 5.0
[2019.01.22-16.09.49:635][814]LogBlueprintUserMessages: [Enemybro_2] 0.9999
[2019.01.22-16.09.51:403][920]LogBlueprintUserMessages: Early EndPlayMap Detection: Level '/Game/ThirdPersonBP/Maps/ThirdPersonExampleMap.ThirdPersonExampleMap:PersistentLevel' has LevelScriptBlueprint '/Game/ThirdPersonBP/Maps/ThirdPersonExampleMap.ThirdPersonExampleMap:PersistentLevel.ThirdPersonExampleMap' with GeneratedClass '/Game/ThirdPersonBP/Maps/ThirdPersonExampleMap.ThirdPersonExampleMap_C' with ClassGeneratedBy '/Game/ThirdPersonBP/Maps/ThirdPersonExampleMap.ThirdPersonExampleMap:PersistentLevel.ThirdPersonExampleMap'
[2019.01.22-16.09.51:404][920]LogSlate: Updating window title bar state: overlay mode, drag disabled, window buttons hidden, title bar hidden
[2019.01.22-16.09.51:424][920]LogSlate: Window 'Flamingo_O_O_OOO Game Preview Standalone (64-bit/PCD3D_SM5)' being destroyed
[2019.01.22-16.09.51:471][920]LogPlayLevel: Display: Shutting down PIE online subsystems
[2019.01.22-16.09.51:471][920]LogBlueprintUserMessages: Late EndPlayMap Detection: Level '/Game/ThirdPersonBP/Maps/ThirdPersonExampleMap.ThirdPersonExampleMap:PersistentLevel' has LevelScriptBlueprint '/Game/ThirdPersonBP/Maps/ThirdPersonExampleMap.ThirdPersonExampleMap:PersistentLevel.ThirdPersonExampleMap' with GeneratedClass '/Game/ThirdPersonBP/Maps/ThirdPersonExampleMap.ThirdPersonExampleMap_C' with ClassGeneratedBy '/Game/ThirdPersonBP/Maps/ThirdPersonExampleMap.ThirdPersonExampleMap:PersistentLevel.ThirdPersonExampleMap'
[2019.01.22-16.09.51:530][921]LogPlayLevel: Display: Destroying online subsystem :Context_13
[2019.01.22-16.09.53:014][989]LogSavePackage: Moving '../../../../../../Users/aless/Documents/GitHub/UnrealFinalProject/Flamingo_O_O_OOO/Saved/ThirdPersonExampleMap5F968EB5478FC1A4AAE3A0A36260776E.tmp' to '../../../../../../Users/aless/Documents/GitHub/UnrealFinalProject/Flamingo_O_O_OOO/Content/ThirdPersonBP/Maps/ThirdPersonExampleMap.umap'
[2019.01.22-16.09.58:242][206]LogSavePackage: Moving '../../../../../../Users/aless/Documents/GitHub/UnrealFinalProject/Flamingo_O_O_OOO/Saved/ThirdPersonCharacter013655FB4B496101195D4EA72EB847B7.tmp' to '../../../../../../Users/aless/Documents/GitHub/UnrealFinalProject/Flamingo_O_O_OOO/Content/ThirdPersonBP/Blueprints/ThirdPersonCharacter.uasset'
[2019.01.22-16.10.13:573][ 75]BlueprintLog: New page: Compile ThirdPersonCharacter
[2019.01.22-16.10.14:683][100]LogSavePackage: Moving '../../../../../../Users/aless/Documents/GitHub/UnrealFinalProject/Flamingo_O_O_OOO/Saved/ThirdPersonCharacter837912BE4FA8ADBE76655B93190CFAE4.tmp' to '../../../../../../Users/aless/Documents/GitHub/UnrealFinalProject/Flamingo_O_O_OOO/Content/ThirdPersonBP/Blueprints/ThirdPersonCharacter.uasset'
[2019.01.22-16.10.16:667][215]LogTemp: Repeating last play command: New Editor Window (PIE)
[2019.01.22-16.10.16:714][215]LogBlueprintUserMessages: Early PlayInEditor Detection: Level '/Game/ThirdPersonBP/Maps/ThirdPersonExampleMap.ThirdPersonExampleMap:PersistentLevel' has LevelScriptBlueprint '/Game/ThirdPersonBP/Maps/ThirdPersonExampleMap.ThirdPersonExampleMap:PersistentLevel.ThirdPersonExampleMap' with GeneratedClass '/Game/ThirdPersonBP/Maps/ThirdPersonExampleMap.ThirdPersonExampleMap_C' with ClassGeneratedBy '/Game/ThirdPersonBP/Maps/ThirdPersonExampleMap.ThirdPersonExampleMap:PersistentLevel.ThirdPersonExampleMap'
[2019.01.22-16.10.16:714][215]LogPlayLevel: PlayLevel: No blueprints needed recompiling
[2019.01.22-16.10.16:714][215]PIE: New page: PIE session: ThirdPersonExampleMap (Jan 22, 2019, 4:10:16 PM)
[2019.01.22-16.10.16:714][215]LogPlayLevel: Creating play world package: /Game/ThirdPersonBP/Maps/UEDPIE_0_ThirdPersonExampleMap
[2019.01.22-16.10.16:717][215]LogPlayLevel: PIE: StaticDuplicateObject took: (0.003241s)
[2019.01.22-16.10.16:718][215]LogAIModule: Creating AISystem for world ThirdPersonExampleMap
[2019.01.22-16.10.16:718][215]LogPlayLevel: PIE: World Init took: (0.000618s)
[2019.01.22-16.10.16:718][215]LogPlayLevel: PIE: Created PIE world by copying editor world from /Game/ThirdPersonBP/Maps/ThirdPersonExampleMap.ThirdPersonExampleMap to /Game/ThirdPersonBP/Maps/UEDPIE_0_ThirdPersonExampleMap.ThirdPersonExampleMap (0.003963s)
[2019.01.22-16.10.16:761][215]LogInit: XAudio2 using 'Speakers (Realtek High Definition Audio)' : 2 channels at 48 kHz using 32 bits per sample (channel mask 0x3)
[2019.01.22-16.10.16:781][215]LogInit: FAudioDevice initialized.
[2019.01.22-16.10.16:789][215]LogSlate: Updating window title bar state: overlay mode, drag disabled, window buttons hidden, title bar hidden
[2019.01.22-16.10.16:875][215]LogLoad: Game class is 'ThirdPersonGameMode_C'
[2019.01.22-16.10.16:877][215]LogWorld: Bringing World /Game/ThirdPersonBP/Maps/UEDPIE_0_ThirdPersonExampleMap.ThirdPersonExampleMap up for play (max tick rate 60) at 2019.01.22-16.10.16
[2019.01.22-16.10.16:878][215]LogWorld: Bringing up level for play took: 0.002038
[2019.01.22-16.10.16:894][215]PIE: Play in editor start time for /Game/ThirdPersonBP/Maps/UEDPIE_0_ThirdPersonExampleMap 0.174
[2019.01.22-16.10.16:894][215]LogBlueprintUserMessages: Late PlayInEditor Detection: Level '/Game/ThirdPersonBP/Maps/ThirdPersonExampleMap.ThirdPersonExampleMap:PersistentLevel' has LevelScriptBlueprint '/Game/ThirdPersonBP/Maps/ThirdPersonExampleMap.ThirdPersonExampleMap:PersistentLevel.ThirdPersonExampleMap' with GeneratedClass '/Game/ThirdPersonBP/Maps/ThirdPersonExampleMap.ThirdPersonExampleMap_C' with ClassGeneratedBy '/Game/ThirdPersonBP/Maps/ThirdPersonExampleMap.ThirdPersonExampleMap:PersistentLevel.ThirdPersonExampleMap'
[2019.01.22-16.10.17:027][220]LogBlueprintUserMessages: [InputBufferController_C_0] [] [LightSwing] 
[2019.01.22-16.10.18:421][304]LogBlueprintUserMessages: [InputBufferController_C_0] [] [Forward] 
[2019.01.22-16.10.18:573][313]LogBlueprintUserMessages: [InputBufferController_C_0] [] [Forward] [] [LightSwing] 
[2019.01.22-16.10.19:791][386]LogBlueprintUserMessages: [InputBufferController_C_0] [] [LightSwing] 
[2019.01.22-16.10.21:122][466]LogBlueprintUserMessages: [InputBufferController_C_0] [] [Forward] 
[2019.01.22-16.10.21:490][488]LogBlueprintUserMessages: [InputBufferController_C_0] [] [Forward] [] [LightSwing] 
[2019.01.22-16.10.23:158][588]LogBlueprintUserMessages: [InputBufferController_C_0] [] [LightSwing] 
[2019.01.22-16.10.24:476][667]LogBlueprintUserMessages: [InputBufferController_C_0] [] [LightSwing] 
[2019.01.22-16.10.26:033][760]LogBlueprintUserMessages: [InputBufferController_C_0] [] [LightSwing] 
[2019.01.22-16.10.27:706][858]LogBlueprintUserMessages: Early EndPlayMap Detection: Level '/Game/ThirdPersonBP/Maps/ThirdPersonExampleMap.ThirdPersonExampleMap:PersistentLevel' has LevelScriptBlueprint '/Game/ThirdPersonBP/Maps/ThirdPersonExampleMap.ThirdPersonExampleMap:PersistentLevel.ThirdPersonExampleMap' with GeneratedClass '/Game/ThirdPersonBP/Maps/ThirdPersonExampleMap.ThirdPersonExampleMap_C' with ClassGeneratedBy '/Game/ThirdPersonBP/Maps/ThirdPersonExampleMap.ThirdPersonExampleMap:PersistentLevel.ThirdPersonExampleMap'
[2019.01.22-16.10.27:707][858]LogSlate: Updating window title bar state: overlay mode, drag disabled, window buttons hidden, title bar hidden
[2019.01.22-16.10.27:732][858]LogSlate: Window 'Flamingo_O_O_OOO Game Preview Standalone (64-bit/PCD3D_SM5)' being destroyed
[2019.01.22-16.10.27:775][858]LogPlayLevel: Display: Shutting down PIE online subsystems
[2019.01.22-16.10.27:775][858]LogBlueprintUserMessages: Late EndPlayMap Detection: Level '/Game/ThirdPersonBP/Maps/ThirdPersonExampleMap.ThirdPersonExampleMap:PersistentLevel' has LevelScriptBlueprint '/Game/ThirdPersonBP/Maps/ThirdPersonExampleMap.ThirdPersonExampleMap:PersistentLevel.ThirdPersonExampleMap' with GeneratedClass '/Game/ThirdPersonBP/Maps/ThirdPersonExampleMap.ThirdPersonExampleMap_C' with ClassGeneratedBy '/Game/ThirdPersonBP/Maps/ThirdPersonExampleMap.ThirdPersonExampleMap:PersistentLevel.ThirdPersonExampleMap'
[2019.01.22-16.10.27:824][859]LogPlayLevel: Display: Destroying online subsystem :Context_14
[2019.01.22-16.10.29:282][930]LogSavePackage: Moving '../../../../../../Users/aless/Documents/GitHub/UnrealFinalProject/Flamingo_O_O_OOO/Saved/ThirdPersonExampleMapFC9FF5E44D417C63EA8A61BCF7F6C4D2.tmp' to '../../../../../../Users/aless/Documents/GitHub/UnrealFinalProject/Flamingo_O_O_OOO/Content/ThirdPersonBP/Maps/ThirdPersonExampleMap.umap'
[2019.01.22-16.10.55:172][416]BlueprintLog: New page: Compile ThirdPersonCharacter
[2019.01.22-16.10.56:313][445]LogSavePackage: Moving '../../../../../../Users/aless/Documents/GitHub/UnrealFinalProject/Flamingo_O_O_OOO/Saved/ThirdPersonCharacter715C71FD478D173F6A1E0B9C243076E9.tmp' to '../../../../../../Users/aless/Documents/GitHub/UnrealFinalProject/Flamingo_O_O_OOO/Content/ThirdPersonBP/Blueprints/ThirdPersonCharacter.uasset'
[2019.01.22-16.10.59:294][618]LogTemp: Repeating last play command: New Editor Window (PIE)
[2019.01.22-16.10.59:338][618]LogBlueprintUserMessages: Early PlayInEditor Detection: Level '/Game/ThirdPersonBP/Maps/ThirdPersonExampleMap.ThirdPersonExampleMap:PersistentLevel' has LevelScriptBlueprint '/Game/ThirdPersonBP/Maps/ThirdPersonExampleMap.ThirdPersonExampleMap:PersistentLevel.ThirdPersonExampleMap' with GeneratedClass '/Game/ThirdPersonBP/Maps/ThirdPersonExampleMap.ThirdPersonExampleMap_C' with ClassGeneratedBy '/Game/ThirdPersonBP/Maps/ThirdPersonExampleMap.ThirdPersonExampleMap:PersistentLevel.ThirdPersonExampleMap'
[2019.01.22-16.10.59:338][618]LogPlayLevel: PlayLevel: No blueprints needed recompiling
[2019.01.22-16.10.59:338][618]PIE: New page: PIE session: ThirdPersonExampleMap (Jan 22, 2019, 4:10:59 PM)
[2019.01.22-16.10.59:338][618]LogPlayLevel: Creating play world package: /Game/ThirdPersonBP/Maps/UEDPIE_0_ThirdPersonExampleMap
[2019.01.22-16.10.59:342][618]LogPlayLevel: PIE: StaticDuplicateObject took: (0.003467s)
[2019.01.22-16.10.59:342][618]LogAIModule: Creating AISystem for world ThirdPersonExampleMap
[2019.01.22-16.10.59:343][618]LogPlayLevel: PIE: World Init took: (0.000630s)
[2019.01.22-16.10.59:343][618]LogPlayLevel: PIE: Created PIE world by copying editor world from /Game/ThirdPersonBP/Maps/ThirdPersonExampleMap.ThirdPersonExampleMap to /Game/ThirdPersonBP/Maps/UEDPIE_0_ThirdPersonExampleMap.ThirdPersonExampleMap (0.004235s)
[2019.01.22-16.10.59:379][618]LogInit: XAudio2 using 'Speakers (Realtek High Definition Audio)' : 2 channels at 48 kHz using 32 bits per sample (channel mask 0x3)
[2019.01.22-16.10.59:399][618]LogInit: FAudioDevice initialized.
[2019.01.22-16.10.59:407][618]LogSlate: Updating window title bar state: overlay mode, drag disabled, window buttons hidden, title bar hidden
[2019.01.22-16.10.59:540][618]LogLoad: Game class is 'ThirdPersonGameMode_C'
[2019.01.22-16.10.59:542][618]LogWorld: Bringing World /Game/ThirdPersonBP/Maps/UEDPIE_0_ThirdPersonExampleMap.ThirdPersonExampleMap up for play (max tick rate 60) at 2019.01.22-16.10.59
[2019.01.22-16.10.59:543][618]LogWorld: Bringing up level for play took: 0.002052
[2019.01.22-16.10.59:560][618]PIE: Play in editor start time for /Game/ThirdPersonBP/Maps/UEDPIE_0_ThirdPersonExampleMap 0.84
[2019.01.22-16.10.59:560][618]LogBlueprintUserMessages: Late PlayInEditor Detection: Level '/Game/ThirdPersonBP/Maps/ThirdPersonExampleMap.ThirdPersonExampleMap:PersistentLevel' has LevelScriptBlueprint '/Game/ThirdPersonBP/Maps/ThirdPersonExampleMap.ThirdPersonExampleMap:PersistentLevel.ThirdPersonExampleMap' with GeneratedClass '/Game/ThirdPersonBP/Maps/ThirdPersonExampleMap.ThirdPersonExampleMap_C' with ClassGeneratedBy '/Game/ThirdPersonBP/Maps/ThirdPersonExampleMap.ThirdPersonExampleMap:PersistentLevel.ThirdPersonExampleMap'
[2019.01.22-16.10.59:691][623]LogBlueprintUserMessages: [InputBufferController_C_0] [] [LightSwing] 
[2019.01.22-16.11.00:787][689]LogBlueprintUserMessages: [InputBufferController_C_0] [] [Forward] 
[2019.01.22-16.11.01:140][710]LogBlueprintUserMessages: [InputBufferController_C_0] [] [Forward] [] [LightSwing] 
[2019.01.22-16.11.01:654][741]LogBlueprintUserMessages: [InputBufferController_C_0] [] [LightSwing] 
[2019.01.22-16.11.01:873][754]LogBlueprintUserMessages: [InputBufferController_C_0] [] [LightSwing] 
[2019.01.22-16.11.02:056][765]LogBlueprintUserMessages: [InputBufferController_C_0] [] [LightSwing] [] [LightSwing] 
[2019.01.22-16.11.02:273][778]LogBlueprintUserMessages: [InputBufferController_C_0] [] [LightSwing] [] [LightSwing] [] [LightSwing] 
[2019.01.22-16.11.02:473][790]LogBlueprintUserMessages: [InputBufferController_C_0] [] [LightSwing] [] [LightSwing] [] [LightSwing] [] [LightSwing] 
[2019.01.22-16.11.02:672][802]LogBlueprintUserMessages: [InputBufferController_C_0] [] [LightSwing] [] [LightSwing] [] [LightSwing] [] [LightSwing] [] [LightSwing] 
[2019.01.22-16.11.02:857][813]LogBlueprintUserMessages: [InputBufferController_C_0] [] [LightSwing] 
[2019.01.22-16.11.03:058][825]LogBlueprintUserMessages: [InputBufferController_C_0] [] [LightSwing] [] [LightSwing] 
[2019.01.22-16.11.03:890][875]LogBlueprintUserMessages: Early EndPlayMap Detection: Level '/Game/ThirdPersonBP/Maps/ThirdPersonExampleMap.ThirdPersonExampleMap:PersistentLevel' has LevelScriptBlueprint '/Game/ThirdPersonBP/Maps/ThirdPersonExampleMap.ThirdPersonExampleMap:PersistentLevel.ThirdPersonExampleMap' with GeneratedClass '/Game/ThirdPersonBP/Maps/ThirdPersonExampleMap.ThirdPersonExampleMap_C' with ClassGeneratedBy '/Game/ThirdPersonBP/Maps/ThirdPersonExampleMap.ThirdPersonExampleMap:PersistentLevel.ThirdPersonExampleMap'
[2019.01.22-16.11.03:891][875]LogSlate: Updating window title bar state: overlay mode, drag disabled, window buttons hidden, title bar hidden
[2019.01.22-16.11.03:910][875]LogSlate: Window 'Flamingo_O_O_OOO Game Preview Standalone (64-bit/PCD3D_SM5)' being destroyed
[2019.01.22-16.11.03:957][875]LogPlayLevel: Display: Shutting down PIE online subsystems
[2019.01.22-16.11.03:957][875]LogBlueprintUserMessages: Late EndPlayMap Detection: Level '/Game/ThirdPersonBP/Maps/ThirdPersonExampleMap.ThirdPersonExampleMap:PersistentLevel' has LevelScriptBlueprint '/Game/ThirdPersonBP/Maps/ThirdPersonExampleMap.ThirdPersonExampleMap:PersistentLevel.ThirdPersonExampleMap' with GeneratedClass '/Game/ThirdPersonBP/Maps/ThirdPersonExampleMap.ThirdPersonExampleMap_C' with ClassGeneratedBy '/Game/ThirdPersonBP/Maps/ThirdPersonExampleMap.ThirdPersonExampleMap:PersistentLevel.ThirdPersonExampleMap'
[2019.01.22-16.11.04:008][876]LogPlayLevel: Display: Destroying online subsystem :Context_15
[2019.01.22-16.20.34:382][660]LogSavePackage: Moving '../../../../../../Users/aless/Documents/GitHub/UnrealFinalProject/Flamingo_O_O_OOO/Saved/ThirdPersonExampleMap_Auto356F6C6E34C279A1A3071388BF268D30D.tmp' to '../../../../../../Users/aless/Documents/GitHub/UnrealFinalProject/Flamingo_O_O_OOO/Saved/Autosaves/Game/ThirdPersonBP/Maps/ThirdPersonExampleMap_Auto3.umap'
[2019.01.22-16.20.34:387][660]LogFileHelpers: Editor autosave (incl. sublevels) for '/Game/ThirdPersonBP/Maps/ThirdPersonExampleMap' took 0.370
[2019.01.22-16.20.34:388][660]LogFileHelpers: Editor autosave (incl. sublevels) for all levels took 0.370
[2019.01.22-16.20.34:398][660]OBJ SavePackage: Generating thumbnails for [0] asset(s) in package [/Game/ThirdPersonBP/Blueprints/BP_Sword] ([1] browsable assets)...
[2019.01.22-16.20.34:398][660]OBJ SavePackage: Finished generating thumbnails for package [/Game/ThirdPersonBP/Blueprints/BP_Sword]
[2019.01.22-16.20.34:520][660]LogSavePackage: Moving '../../../../../../Users/aless/Documents/GitHub/UnrealFinalProject/Flamingo_O_O_OOO/Saved/BP_Sword_Auto3B85405B248F547C158C06292C8D6C454.tmp' to '../../../../../../Users/aless/Documents/GitHub/UnrealFinalProject/Flamingo_O_O_OOO/Saved/Autosaves/Game/ThirdPersonBP/Blueprints/BP_Sword_Auto3.uasset'
[2019.01.22-16.20.34:522][660]LogFileHelpers: Auto-saving content packages took 0.131
