Log file open, 11/02/18 20:29:53
LogWindows: Failed to load 'aqProf.dll' (GetLastError=126)
LogWindows: File 'aqProf.dll' does not exist
LogWindows: Failed to load 'VSPerf140.dll' (GetLastError=126)
LogWindows: File 'VSPerf140.dll' does not exist
LogWindows: Failed to load 'VtuneApi.dll' (GetLastError=126)
LogWindows: File 'VtuneApi.dll' does not exist
LogWindows: Failed to load 'VtuneApi32e.dll' (GetLastError=126)
LogWindows: File 'VtuneApi32e.dll' does not exist
LogInit: Display: Running engine for game: Flamingo_O_O_OOO
LogPlatformFile: Not using cached read wrapper
LogTaskGraph: Started task graph with 5 named threads and 23 total threads with 3 sets of task threads.
LogStats: Stats thread started at 0.310362
LogD3D11RHI: Loaded GFSDK_Aftermath_Lib.x64.dll
LogICUInternationalization: Display: ICU TimeZone Detection - Raw Offset: +0:00, Platform Override: ''
LogPluginManager: Mounting plugin Paper2D
LogPluginManager: Mounting plugin AISupport
LogPluginManager: Mounting plugin LightPropagationVolume
LogPluginManager: Mounting plugin CLionSourceCodeAccess
LogPluginManager: Mounting plugin CodeLiteSourceCodeAccess
LogPluginManager: Mounting plugin GitSourceControl
LogPluginManager: Mounting plugin KDevelopSourceCodeAccess
LogPluginManager: Mounting plugin NullSourceCodeAccess
LogPluginManager: Mounting plugin PerforceSourceControl
LogPluginManager: Mounting plugin SubversionSourceControl
LogPluginManager: Mounting plugin UObjectPlugin
LogPluginManager: Mounting plugin VisualStudioCodeSourceCodeAccess
LogPluginManager: Mounting plugin VisualStudioSourceCodeAccess
LogPluginManager: Mounting plugin XCodeSourceCodeAccess
LogPluginManager: Mounting plugin AssetManagerEditor
LogPluginManager: Mounting plugin CryptoKeys
LogPluginManager: Mounting plugin DataValidation
LogPluginManager: Mounting plugin FacialAnimation
LogPluginManager: Mounting plugin GameplayTagsEditor
LogPluginManager: Mounting plugin MacGraphicsSwitching
LogPluginManager: Mounting plugin MeshEditor
LogPluginManager: Mounting plugin MobileLauncherProfileWizard
LogPluginManager: Mounting plugin PluginBrowser
LogPluginManager: Mounting plugin SpeedTreeImporter
LogPluginManager: Mounting plugin DatasmithContent
LogPluginManager: Mounting plugin AlembicImporter
LogPluginManager: Mounting plugin AppleImageUtils
LogPluginManager: Mounting plugin AppleVision
LogPluginManager: Mounting plugin BackChannel
LogPluginManager: Mounting plugin CharacterAI
LogPluginManager: Mounting plugin GeometryCache
LogPluginManager: Mounting plugin HTML5Networking
LogPluginManager: Mounting plugin ProxyLODPlugin
LogPluginManager: Mounting plugin MagicLeap
LogPluginManager: Mounting plugin MagicLeapEmulator
LogPluginManager: Mounting plugin MagicLeapMedia
LogPluginManager: Mounting plugin AndroidMedia
LogPluginManager: Mounting plugin AvfMedia
LogPluginManager: Mounting plugin ImgMedia
LogPluginManager: Mounting plugin LinearTimecode
LogPluginManager: Mounting plugin MediaCompositing
LogPluginManager: Mounting plugin MediaPlayerEditor
LogPluginManager: Mounting plugin WmfMedia
LogPluginManager: Mounting plugin TcpMessaging
LogPluginManager: Mounting plugin UdpMessaging
LogPluginManager: Mounting plugin ActorSequence
LogPluginManager: Mounting plugin LevelSequenceEditor
LogPluginManager: Mounting plugin MatineeToLevelSequence
LogPluginManager: Mounting plugin NetcodeUnitTest
LogPluginManager: Mounting plugin NUTUnrealEngine4
LogPluginManager: Mounting plugin OnlineSubsystemGooglePlay
LogPluginManager: Mounting plugin OnlineSubsystemIOS
LogPluginManager: Mounting plugin OnlineSubsystem
LogPluginManager: Mounting plugin OnlineSubsystemNull
LogPluginManager: Mounting plugin OnlineSubsystemUtils
LogPluginManager: Mounting plugin LauncherChunkInstaller
LogPluginManager: Mounting plugin AndroidDeviceProfileSelector
LogPluginManager: Mounting plugin AndroidMoviePlayer
LogPluginManager: Mounting plugin AndroidPermission
LogPluginManager: Mounting plugin AppleMoviePlayer
LogPluginManager: Mounting plugin ArchVisCharacter
LogPluginManager: Mounting plugin AudioCapture
LogPluginManager: Mounting plugin CableComponent
LogPluginManager: Mounting plugin CustomMeshComponent
LogPluginManager: Mounting plugin EditableMesh
LogPluginManager: Mounting plugin ExampleDeviceProfileSelector
LogPluginManager: Mounting plugin GoogleCloudMessaging
LogPluginManager: Mounting plugin ImmediatePhysics
LogPluginManager: Mounting plugin IOSDeviceProfileSelector
LogPluginManager: Mounting plugin LinuxDeviceProfileSelector
LogPluginManager: Mounting plugin LocationServicesBPLibrary
LogPluginManager: Mounting plugin MobilePatchingUtils
LogPluginManager: Mounting plugin OculusVR
LogPluginManager: Plugin shader directory ../../../Engine/Plugins/Runtime/Oculus/OculusVR/Shaders found
LogPluginManager: Mapping shader source directory ../../../Engine/Plugins/Runtime/Oculus/OculusVR/Shaders to virtual directory /Plugin/OculusVR
LogPluginManager: Mounting plugin PhysXVehicles
LogPluginManager: Mounting plugin ProceduralMeshComponent
LogPluginManager: Mounting plugin RuntimePhysXCooking
LogPluginManager: Mounting plugin SteamVR
LogPluginManager: Mounting plugin WindowsMoviePlayer
LogStreaming: Display: Took  0.258s to configure plugins.
LogInit: Using libcurl 7.55.1-DEV
LogInit:  - built for x86_64-pc-win32
LogInit:  - supports SSL with OpenSSL/1.0.2h
LogInit:  - supports HTTP deflate (compression) using libz 1.2.8
LogInit:  - other features:
LogInit:      CURL_VERSION_SSL
LogInit:      CURL_VERSION_LIBZ
LogInit:      CURL_VERSION_IPV6
LogInit:      CURL_VERSION_ASYNCHDNS
LogInit:      CURL_VERSION_LARGEFILE
LogInit:      CURL_VERSION_IDN
LogInit:  CurlRequestOptions (configurable via config and command line):
LogInit:  - bVerifyPeer = false  - Libcurl will NOT verify peer certificate
LogInit:  - bUseHttpProxy = false  - Libcurl will NOT use HTTP proxy
LogInit:  - bDontReuseConnections = false  - Libcurl will reuse connections
LogInit:  - CertBundlePath = nullptr  - Libcurl will use whatever was configured at build time.
LogInit:  - MaxHostConnections = 16  - Libcurl will limit the number of connections to a host
LogInit:  - LocalHostAddr = Default
LogInit:  - BufferSize = 65536
LogInit: WinSock: version 1.1 (2.2), MaxSocks=32767, MaxUdp=65467
LogInit: Build: ++UE4+Release-4.20-CL-4369336
LogInit: Engine Version: 4.20.3-4369336+++UE4+Release-4.20
LogInit: Compatible Engine Version: 4.20.0-4212847+++UE4+Release-4.20
LogInit: Net CL: 4212847
LogInit: OS: Windows 10 (), CPU: Intel(R) Core(TM) i7-7700HQ CPU @ 2.80GHz, GPU: Intel(R) HD Graphics 630
LogInit: Compiled (64-bit): Sep 17 2018 12:26:19
LogInit: Compiled with Visual C++: 19.13.26129.00
LogInit: Build Configuration: Development
LogInit: Branch Name: ++UE4+Release-4.20
LogInit: Command Line: 
LogInit: Base Directory: C:/Program Files/Epic Games/UE_4.20/Engine/Binaries/Win64/
LogInit: Installed Engine Build: 1
LogDevObjectVersion: Number of dev versions registered: 20
LogDevObjectVersion:   Dev-Blueprints (B0D832E4-1F89-4F0D-ACCF-7EB736FD4AA2): 10
LogDevObjectVersion:   Dev-Build (E1C64328-A22C-4D53-A36C-8E866417BD8C): 0
LogDevObjectVersion:   Dev-Core (375EC13C-06E4-48FB-B500-84F0262A717E): 2
LogDevObjectVersion:   Dev-Editor (E4B068ED-F494-42E9-A231-DA0B2E46BB41): 24
LogDevObjectVersion:   Dev-Framework (CFFC743F-43B0-4480-9391-14DF171D2073): 34
LogDevObjectVersion:   Dev-Mobile (B02B49B5-BB20-44E9-A304-32B752E40360): 2
LogDevObjectVersion:   Dev-Networking (A4E4105C-59A1-49B5-A7C5-40C4547EDFEE): 0
LogDevObjectVersion:   Dev-Online (39C831C9-5AE6-47DC-9A44-9C173E1C8E7C): 0
LogDevObjectVersion:   Dev-Physics (78F01B33-EBEA-4F98-B9B4-84EACCB95AA2): 0
LogDevObjectVersion:   Dev-Platform (6631380F-2D4D-43E0-8009-CF276956A95A): 0
LogDevObjectVersion:   Dev-Rendering (12F88B9F-8875-4AFC-A67C-D90C383ABD29): 26
LogDevObjectVersion:   Dev-Sequencer (7B5AE74C-D270-4C10-A958-57980B212A5A): 9
LogDevObjectVersion:   Dev-VR (D7296918-1DD6-4BDD-9DE2-64A83CC13884): 2
LogDevObjectVersion:   Dev-LoadTimes (C2A15278-BFE7-4AFE-6C17-90FF531DF755): 1
LogDevObjectVersion:   Private-Geometry (6EACA3D4-40EC-4CC1-B786-8BED09428FC5): 3
LogDevObjectVersion:   Dev-AnimPhys (29E575DD-E0A3-4627-9D10-D276232CDCEA): 17
LogDevObjectVersion:   Dev-ReflectionCapture (6B266CEC-1EC7-4B8F-A30B-E4D90942FC07): 1
LogDevObjectVersion:   Dev-Automation (0DF73D61-A23F-47EA-B727-89E90C41499A): 1
LogDevObjectVersion:   FortniteMain (601D1886-AC64-4F84-AA16-D3DE0DEAC7D6): 12
LogDevObjectVersion:   Dev-Enterprise (9DFFBCD6-494F-0158-E221-12823C92A888): 1
LogStreaming: Display: Took  0.002s to delete old logs.
LogInit: Presizing for max 8388607 objects, including 0 objects not considered by GC, pre-allocating 0 bytes for permanent pool.
LogInit: Object subsystem initialized
[2018.11.02-20.29.53:662][  0]LogInit: Selected Device Profile: [Windows]
[2018.11.02-20.29.53:662][  0]LogInit: Applying CVar settings loaded from the selected device profile: [Windows]
[2018.11.02-20.29.53:672][  0]LogHAL: Display: Platform has ~ 8 GB [8459030528 / 8589934592 / 8], which maps to Default [LargestMinGB=32, LargerMinGB=12, DefaultMinGB=8, SmallerMinGB=6, SmallestMinGB=0)
[2018.11.02-20.29.53:672][  0]LogInit: Setting Device Profile CVar: [[r.Vulkan.UseRealUBs:1]]
[2018.11.02-20.29.53:673][  0]LogInit: Going up to parent DeviceProfile []
[2018.11.02-20.29.53:673][  0]LogInit: Computer: ALESSIO
[2018.11.02-20.29.53:673][  0]LogInit: User: aless
[2018.11.02-20.29.53:673][  0]LogInit: CPU Page size=4096, Cores=4
[2018.11.02-20.29.53:673][  0]LogInit: High frequency timer resolution =10.000000 MHz
[2018.11.02-20.29.53:673][  0]LogMemory: Memory total: Physical=7.9GB (8GB approx)
[2018.11.02-20.29.53:673][  0]LogMemory: Platform Memory Stats for Windows
[2018.11.02-20.29.53:673][  0]LogMemory: Process Physical Memory: 101.77 MB used, 101.77 MB peak
[2018.11.02-20.29.53:673][  0]LogMemory: Process Virtual Memory: 93.05 MB used, 93.05 MB peak
[2018.11.02-20.29.53:673][  0]LogMemory: Physical Memory: 5186.84 MB used,  2880.32 MB free, 8067.16 MB total
[2018.11.02-20.29.53:673][  0]LogMemory: Virtual Memory: 4630.14 MB used,  2880.32 MB free, 134217728.00 MB total
[2018.11.02-20.29.53:701][  0]LogInit: Using OS detected language (en-US).
[2018.11.02-20.29.53:701][  0]LogInit: Using OS detected locale (en-US).
[2018.11.02-20.29.53:703][  0]LogTextLocalizationManager: No specific localization for 'en-US' exists, so the 'en' localization will be used.
[2018.11.02-20.29.54:128][  0]LogStreaming: Display: Took  0.428s to InitEngineTextLocalization.
[2018.11.02-20.29.54:128][  0]LogInit: Setting process to per monitor DPI aware
[2018.11.02-20.29.54:178][  0]LogSlate: New Slate User Created.  User Index 0, Is Virtual User: 0
[2018.11.02-20.29.54:178][  0]LogSlate: Slate User Registered.  User Index 0, Is Virtual User: 0
[2018.11.02-20.29.54:502][  0]LogHMD: Failed to initialize OpenVR with code 110
[2018.11.02-20.29.54:502][  0]LogD3D11RHI: D3D11 adapters:
[2018.11.02-20.29.54:598][  0]LogD3D11RHI:    0. 'NVIDIA GeForce GTX 1050' (Feature Level 11_0)
[2018.11.02-20.29.54:598][  0]LogD3D11RHI:       4021/0/4033 MB DedicatedVideo/DedicatedSystem/SharedSystem, Outputs:1, VendorId:0x10de
[2018.11.02-20.29.54:613][  0]LogD3D11RHI:    1. 'Intel(R) HD Graphics 630' (Feature Level 11_0)
[2018.11.02-20.29.54:613][  0]LogD3D11RHI:       128/0/4033 MB DedicatedVideo/DedicatedSystem/SharedSystem, Outputs:0, VendorId:0x8086
[2018.11.02-20.29.54:617][  0]LogD3D11RHI:    2. 'Microsoft Basic Render Driver' (Feature Level 11_0)
[2018.11.02-20.29.54:617][  0]LogD3D11RHI:       0/0/4033 MB DedicatedVideo/DedicatedSystem/SharedSystem, Outputs:0, VendorId:0x1414
[2018.11.02-20.29.54:617][  0]LogD3D11RHI: Chosen D3D11 Adapter: 0
[2018.11.02-20.29.54:649][  0]LogD3D11RHI: Creating new Direct3DDevice
[2018.11.02-20.29.54:649][  0]LogD3D11RHI:     GPU DeviceId: 0x1c8d (for the marketing name, search the web for "GPU Device Id")
[2018.11.02-20.29.54:649][  0]LogWindows: EnumDisplayDevices:
[2018.11.02-20.29.54:650][  0]LogWindows:    0. 'Intel(R) HD Graphics 630' (P:1 D:1)
[2018.11.02-20.29.54:650][  0]LogWindows:    1. 'Intel(R) HD Graphics 630' (P:0 D:0)
[2018.11.02-20.29.54:651][  0]LogWindows:    2. 'Intel(R) HD Graphics 630' (P:0 D:0)
[2018.11.02-20.29.54:651][  0]LogWindows: DebugString: PrimaryIsNotTheChoosenAdapter PrimaryIsNotTheChoosenAdapter PrimaryIsNotTheChoosenAdapter FoundDriverCount:0 
[2018.11.02-20.29.54:651][  0]LogD3D11RHI:     Adapter Name: NVIDIA GeForce GTX 1050
[2018.11.02-20.29.54:651][  0]LogD3D11RHI:   Driver Version: Unknown (internal:Unknown, unified:Unknown)
[2018.11.02-20.29.54:651][  0]LogD3D11RHI:      Driver Date: Unknown
[2018.11.02-20.29.54:651][  0]LogRHI: Texture pool is 2814 MB (70% of 4021 MB)
[2018.11.02-20.29.54:707][  0]LogD3D11RHI: Async texture creation enabled
[2018.11.02-20.29.54:726][  0]LogD3D11RHI: GPU Timing Frequency: 1000.000000 (Debug: 2 2)
[2018.11.02-20.29.54:727][  0]LogShaderCompilers: Guid format shader working directory is -37 characters bigger than the processId version (../../../../../../Users/aless/Documents/GitHub/UnrealFinalProject/Flamingo_O_O_OOO/Intermediate/Shaders/WorkingDirectory/20088/).
[2018.11.02-20.29.54:728][  0]LogShaderCompilers: Cleaned the shader compiler working directory 'C:/Users/aless/AppData/Local/Temp/UnrealShaderWorkingDir/826879734BF95250E4335BADDFD44E93/'.
[2018.11.02-20.29.55:191][  0]LogTemp: Display: Loaded TP AllDesktopTargetPlatform
[2018.11.02-20.29.55:205][  0]LogTemp: Display: Loaded TP MacClientTargetPlatform
[2018.11.02-20.29.55:225][  0]LogTemp: Display: Loaded TP MacNoEditorTargetPlatform
[2018.11.02-20.29.55:241][  0]LogTemp: Display: Loaded TP MacServerTargetPlatform
[2018.11.02-20.29.55:259][  0]LogTemp: Display: Loaded TP MacTargetPlatform
[2018.11.02-20.29.55:280][  0]LogTemp: Display: Loaded TP WindowsClientTargetPlatform
[2018.11.02-20.29.55:298][  0]LogTemp: Display: Loaded TP WindowsNoEditorTargetPlatform
[2018.11.02-20.29.55:314][  0]LogTemp: Display: Loaded TP WindowsServerTargetPlatform
[2018.11.02-20.29.55:322][  0]LogTemp: Display: Loaded TP WindowsTargetPlatform
[2018.11.02-20.29.55:418][  0]LogTemp: Display: Loaded TP AndroidTargetPlatform
[2018.11.02-20.29.55:418][  0]LogTemp: Display: Loaded TP AndroidTargetPlatform
[2018.11.02-20.29.55:418][  0]LogTemp: Display: Loaded TP AndroidTargetPlatform
[2018.11.02-20.29.55:418][  0]LogTemp: Display: Loaded TP AndroidTargetPlatform
[2018.11.02-20.29.55:418][  0]LogTemp: Display: Loaded TP AndroidTargetPlatform
[2018.11.02-20.29.55:418][  0]LogTemp: Display: Loaded TP AndroidTargetPlatform
[2018.11.02-20.29.55:418][  0]LogTemp: Display: Loaded TP AndroidTargetPlatform
[2018.11.02-20.29.55:418][  0]LogTemp: Display: Loaded TP AndroidTargetPlatform
[2018.11.02-20.29.55:418][  0]LogTemp: Display: Loaded TP AndroidTargetPlatform
[2018.11.02-20.29.55:418][  0]LogTemp: Display: Loaded TP AndroidTargetPlatform
[2018.11.02-20.29.55:418][  0]LogTemp: Display: Loaded TP AndroidTargetPlatform
[2018.11.02-20.29.55:419][  0]LogTemp: Display: Loaded TP AndroidTargetPlatform
[2018.11.02-20.29.55:419][  0]LogTemp: Display: Loaded TP AndroidTargetPlatform
[2018.11.02-20.29.55:419][  0]LogTemp: Display: Loaded TP AndroidTargetPlatform
[2018.11.02-20.29.55:419][  0]LogTemp: Display: Loaded TP AndroidTargetPlatform
[2018.11.02-20.29.55:419][  0]LogTemp: Display: Loaded TP AndroidTargetPlatform
[2018.11.02-20.29.55:419][  0]LogTemp: Display: Loaded TP AndroidTargetPlatform
[2018.11.02-20.29.55:419][  0]LogTemp: Display: Loaded TP AndroidTargetPlatform
[2018.11.02-20.29.55:420][  0]LogTemp: Display: Loaded TP HTML5TargetPlatform
[2018.11.02-20.29.55:491][  0]LogTemp: Display: Loaded TP IOSTargetPlatform
[2018.11.02-20.29.55:491][  0]LogTemp: Display: Loaded TP IOSTargetPlatform
[2018.11.02-20.29.55:516][  0]LogTemp: Display: Loaded TP TVOSTargetPlatform
[2018.11.02-20.29.55:516][  0]LogTemp: Display: Loaded TP TVOSTargetPlatform
[2018.11.02-20.29.55:529][  0]LogTemp: Display: Loaded TP LinuxClientTargetPlatform
[2018.11.02-20.29.55:542][  0]LogTemp: Display: Loaded TP LinuxNoEditorTargetPlatform
[2018.11.02-20.29.55:555][  0]LogTemp: Display: Loaded TP LinuxServerTargetPlatform
[2018.11.02-20.29.55:569][  0]LogTemp: Display: Loaded TP LinuxTargetPlatform
[2018.11.02-20.29.55:580][  0]LogTemp: Display: Loaded TP LuminTargetPlatform
[2018.11.02-20.29.55:580][  0]LogTargetPlatformManager: Display: Building Assets For Windows
[2018.11.02-20.29.55:663][  0]LogXGEController: Cannot use XGE Controller as Incredibuild is not installed on this machine.
[2018.11.02-20.29.55:663][  0]LogShaderCompilers: Cannot use XGE Shader Compiler as Incredibuild is not installed on this machine.
[2018.11.02-20.29.55:663][  0]LogShaderCompilers: Display: Using Local Shader Compiler.
[2018.11.02-20.29.56:585][  0]LogDerivedDataCache: Display: Max Cache Size: 512 MB
[2018.11.02-20.29.56:655][  0]LogDerivedDataCache: Loaded boot cache 0.07s 71MB C:/Users/aless/AppData/Local/UnrealEngine/4.20/DerivedDataCache/Boot.ddc.
[2018.11.02-20.29.56:656][  0]LogDerivedDataCache: Display: Loaded Boot cache: C:/Users/aless/AppData/Local/UnrealEngine/4.20/DerivedDataCache/Boot.ddc
[2018.11.02-20.29.56:656][  0]LogDerivedDataCache: FDerivedDataBackendGraph:  Pak pak cache file ../../../../../../Users/aless/Documents/GitHub/UnrealFinalProject/Flamingo_O_O_OOO/DerivedDataCache/DDC.ddp not found, will not use a pak cache.
[2018.11.02-20.29.56:656][  0]LogDerivedDataCache: Unable to find inner node Pak for hierarchical cache Hierarchy.
[2018.11.02-20.29.56:656][  0]LogDerivedDataCache: FDerivedDataBackendGraph:  CompressedPak pak cache file ../../../../../../Users/aless/Documents/GitHub/UnrealFinalProject/Flamingo_O_O_OOO/DerivedDataCache/Compressed.ddp not found, will not use a pak cache.
[2018.11.02-20.29.56:656][  0]LogDerivedDataCache: Unable to find inner node CompressedPak for hierarchical cache Hierarchy.
[2018.11.02-20.29.56:672][  0]LogDerivedDataCache: Display: Pak cache opened for reading ../../../Engine/DerivedDataCache/Compressed.ddp.
[2018.11.02-20.29.56:685][  0]LogDerivedDataCache: Using Local data cache path C:/Users/aless/AppData/Local/UnrealEngine/Common/DerivedDataCache: Writable
[2018.11.02-20.29.56:685][  0]LogDerivedDataCache: Shared data cache path not found in *engine.ini, will not use an Shared cache.
[2018.11.02-20.29.56:685][  0]LogDerivedDataCache: Unable to find inner node Shared for hierarchical cache Hierarchy.
[2018.11.02-20.29.56:704][  0]LogMaterial: Verifying Global Shaders for PCD3D_SM5
[2018.11.02-20.29.56:706][  0]LogSlate: Using FreeType 2.6.0
[2018.11.02-20.29.56:707][  0]LogSlate: SlateFontServices - WITH_FREETYPE: 1, WITH_HARFBUZZ: 1
[2018.11.02-20.29.56:802][  0]LogAssetRegistry: FAssetRegistry took 0.0271 seconds to start up
[2018.11.02-20.29.57:177][  0]LogInit: Selected Device Profile: [Windows]
[2018.11.02-20.29.57:333][  0]LogSimplygon: Simplygon DLL not present - disabling.
[2018.11.02-20.29.57:338][  0]LogMeshReduction: Using SimplygonSwarm for distributed automatic mesh merging
[2018.11.02-20.29.57:338][  0]LogMeshReduction: Using ProxyLODMeshReduction for automatic mesh merging
[2018.11.02-20.29.57:338][  0]LogMeshReduction: Using QuadricMeshReduction for automatic static mesh reduction
[2018.11.02-20.29.57:338][  0]LogMeshReduction: No automatic skeletal mesh reduction module available
[2018.11.02-20.29.57:363][  0]LogNetVersion: Flamingo_O_O_OOO 1.0.0, NetCL: 4212847, EngineNetVer: 5, GameNetVer: 0 (Checksum: 3041211453)
[2018.11.02-20.29.58:177][  0]LogPackageLocalizationCache: Processed 11 localized package path(s) for 2 prioritized culture(s) in 0.152573 seconds
[2018.11.02-20.29.58:186][  0]LogUObjectArray: 38425 objects as part of root set at end of initial load.
[2018.11.02-20.29.58:186][  0]LogUObjectAllocator: 6690864 out of 0 bytes used by permanent object pool.
[2018.11.02-20.29.58:186][  0]LogUObjectArray: CloseDisregardForGC: 0/0 objects in disregard for GC pool
[2018.11.02-20.29.59:584][  0]LogTcpMessaging: Initializing TcpMessaging bridge
[2018.11.02-20.29.59:599][  0]LogUdpMessaging: Initializing bridge on interface 0.0.0.0:0 to multicast group 230.0.0.1:6666.
[2018.11.02-20.29.59:785][  0]SourceControl: Source control is disabled
[2018.11.02-20.29.59:785][  0]SourceControl: Source control is disabled
[2018.11.02-20.29.59:787][  0]SourceControl: Source control is disabled
[2018.11.02-20.29.59:788][  0]SourceControl: Source control is disabled
[2018.11.02-20.30.00:037][  0]LogAndroidPermission: UAndroidPermissionCallbackProxy::GetInstance
[2018.11.02-20.30.00:151][  0]LogOcInput: OculusInput pre-init called
[2018.11.02-20.30.00:244][  0]LogEngine: Initializing Engine...
[2018.11.02-20.30.00:246][  0]LogHMD: Failed to initialize OpenVR with code 110
[2018.11.02-20.30.00:252][  0]LogStats: UGameplayTagsManager::ConstructGameplayTagTree: ImportINI prefixes -  0.000 s
[2018.11.02-20.30.00:252][  0]LogStats: UGameplayTagsManager::ConstructGameplayTagTree: Construct from data asset -  0.000 s
[2018.11.02-20.30.00:252][  0]LogStats: UGameplayTagsManager::ConstructGameplayTagTree: ImportINI -  0.000 s
[2018.11.02-20.30.00:252][  0]LogStats: UGameplayTagsManager::ConstructGameplayTagTree: GameplayTagTreeChangedEvent.Broadcast -  0.000 s
[2018.11.02-20.30.00:589][  0]LogInit: Initializing FReadOnlyCVARCache
[2018.11.02-20.30.00:625][  0]LogAIModule: Creating AISystem for world Untitled
[2018.11.02-20.30.00:740][  0]LogInit: XAudio2 using 'Speakers (Realtek High Definition Audio)' : 2 channels at 48 kHz using 32 bits per sample (channel mask 0x3)
[2018.11.02-20.30.00:777][  0]LogInit: FAudioDevice initialized.
[2018.11.02-20.30.00:778][  0]LogNetVersion: Set ProjectVersion to 1.0.0.0. Version Checksum will be recalculated on next use.
[2018.11.02-20.30.02:237][  0]LogDerivedDataCache: Saved boot cache 1.46s 71MB C:/Users/aless/AppData/Local/UnrealEngine/4.20/DerivedDataCache/Boot.ddc.
[2018.11.02-20.30.02:249][  0]LogInit: Texture streaming: Enabled
[2018.11.02-20.30.02:283][  0]LogEngineSessionManager: EngineSessionManager initialized
[2018.11.02-20.30.02:302][  0]LogInit: Transaction tracking system initialized
[2018.11.02-20.30.02:338][  0]BlueprintLog: New page: Editor Load
[2018.11.02-20.30.02:460][  0]LocalizationService: Localization service is disabled
[2018.11.02-20.30.03:078][  0]LogCook: Display: Max memory allowance for cook 16384mb min free memory 0mb
[2018.11.02-20.30.03:078][  0]LogCook: Display: Mobile HDR setting 1
[2018.11.02-20.30.03:078][  0]LogGameplayTags: Display: UGameplayTagsManager::DoneAddingNativeTags. DelegateIsBound: 0
[2018.11.02-20.30.03:078][  0]LogStats: UGameplayTagsManager::ConstructGameplayTagTree: ImportINI prefixes -  0.000 s
[2018.11.02-20.30.03:078][  0]LogStats: UGameplayTagsManager::ConstructGameplayTagTree: Construct from data asset -  0.000 s
[2018.11.02-20.30.03:078][  0]LogStats: UGameplayTagsManager::ConstructGameplayTagTree: ImportINI -  0.000 s
[2018.11.02-20.30.03:078][  0]LogStats: UGameplayTagsManager::ConstructGameplayTagTree: GameplayTagTreeChangedEvent.Broadcast -  0.000 s
[2018.11.02-20.30.03:236][  0]LogFileCache: Scanning file cache for directory 'C:/Users/aless/Documents/GitHub/UnrealFinalProject/Flamingo_O_O_OOO/Content/' took 0.05s
[2018.11.02-20.30.03:236][  0]SourceControl: Source control is disabled
[2018.11.02-20.30.03:236][  0]Cmd: MAP LOAD FILE="../../../../../../Users/aless/Documents/GitHub/UnrealFinalProject/Flamingo_O_O_OOO/Content/ThirdPersonBP/Maps/ThirdPersonExampleMap.umap" TEMPLATE=0 SHOWPROGRESS=1 FEATURELEVEL=3
[2018.11.02-20.30.03:237][  0]LightingResults: New page: Lighting Build
[2018.11.02-20.30.03:240][  0]MapCheck: New page: Map Check
[2018.11.02-20.30.03:240][  0]LightingResults: New page: Lighting Build
[2018.11.02-20.30.04:204][  0]LogAIModule: Creating AISystem for world ThirdPersonExampleMap
[2018.11.02-20.30.04:214][  0]LogEditorServer: Finished looking for orphan Actors (0.000 secs)
[2018.11.02-20.30.04:239][  0]Cmd: MAP CHECKDEP NOCLEARLOG
[2018.11.02-20.30.04:364][  0]MapCheck: Map check complete: 0 Error(s), 0 Warning(s), took 124.082ms to complete.
[2018.11.02-20.30.04:364][  0]LogFileHelpers: Loading map 'ThirdPersonExampleMap' took 1.128
[2018.11.02-20.30.04:493][  0]LogSlate: Updating window title bar state: overlay mode, drag disabled, window buttons hidden, title bar hidden
[2018.11.02-20.30.04:502][  0]LogSlate: Updating window title bar state: overlay mode, drag disabled, window buttons hidden, title bar hidden
[2018.11.02-20.30.04:511][  0]LogSlate: Updating window title bar state: overlay mode, drag disabled, window buttons hidden, title bar hidden
[2018.11.02-20.30.04:519][  0]LogSlate: Updating window title bar state: overlay mode, drag disabled, window buttons hidden, title bar hidden
[2018.11.02-20.30.04:530][  0]LogCollectionManager: Loaded 0 collections in 0.004124 seconds
[2018.11.02-20.30.04:573][  0]LogFileCache: Scanning file cache for directory 'C:/Users/aless/Documents/GitHub/UnrealFinalProject/Flamingo_O_O_OOO/Saved/Collections/' took 0.01s
[2018.11.02-20.30.04:573][  0]LogFileCache: Scanning file cache for directory 'C:/Users/aless/Documents/GitHub/UnrealFinalProject/Flamingo_O_O_OOO/Content/Developers/aless/Collections/' took 0.01s
[2018.11.02-20.30.04:573][  0]LogFileCache: Scanning file cache for directory 'C:/Users/aless/Documents/GitHub/UnrealFinalProject/Flamingo_O_O_OOO/Content/Collections/' took 0.01s
[2018.11.02-20.30.04:573][  0]LogCollectionManager: Rebuilt the GUID cache for 0 collections in 0.000000 seconds
[2018.11.02-20.30.04:584][  0]LogContentBrowser: Native class hierarchy populated in 0.0105 seconds. Added 2572 classes and 603 folders.
[2018.11.02-20.30.04:596][  0]LogContentBrowser: Native class hierarchy updated for 'WidgetCarousel' in 0.0003 seconds. Added 0 classes and 0 folders.
[2018.11.02-20.30.04:690][  0]LogContentBrowser: Native class hierarchy updated for 'AddContentDialog' in 0.0003 seconds. Added 0 classes and 0 folders.
[2018.11.02-20.30.04:703][  0]LogContentBrowser: Native class hierarchy updated for 'SceneOutliner' in 0.0004 seconds. Added 1 classes and 2 folders.
[2018.11.02-20.30.04:715][  0]LogSlate: Took 0.000332 seconds to synchronously load lazily loaded font '../../../Engine/Content/Slate/Fonts/Roboto-Regular.ttf' (155K)
[2018.11.02-20.30.04:720][  0]LogSlate: Took 0.000328 seconds to synchronously load lazily loaded font '../../../Engine/Content/Slate/Fonts/Roboto-Bold.ttf' (160K)
[2018.11.02-20.30.04:731][  0]LogSlate: Took 0.000822 seconds to synchronously load lazily loaded font '../../../Engine/Content/Editor/Slate/Fonts/FontAwesome.ttf' (139K)
[2018.11.02-20.30.04:828][  0]LogRenderer: Reallocating scene render targets to support 992x476 Format 9 NumSamples 1 (Frame:1).
[2018.11.02-20.30.05:019][  0]LogContentBrowser: Native class hierarchy updated for 'HierarchicalLODOutliner' in 0.0003 seconds. Added 0 classes and 0 folders.
[2018.11.02-20.30.05:019][  0]LogLoad: (Engine Initialization) Total time: 14.25 seconds
[2018.11.02-20.30.05:019][  0]LogLoad: (Engine Initialization) Total Blueprint compile time: 0.00 seconds
[2018.11.02-20.30.05:060][  0]LogContentStreaming: Texture pool size now 400 MB
[2018.11.02-20.30.05:083][  0]LogSlate: Took 0.000330 seconds to synchronously load lazily loaded font '../../../Engine/Content/Slate/Fonts/Roboto-Light.ttf' (167K)
[2018.11.02-20.30.05:284][  2]LogAssetRegistry: Asset discovery search completed in 8.5053 seconds
[2018.11.02-20.30.05:286][  2]LogCollectionManager: Rebuilt the object cache for 0 collections in 0.000000 seconds (found 0 objects)
[2018.11.02-20.30.05:286][  2]LogCollectionManager: Fixed up redirectors for 0 collections in 0.000054 seconds (updated 0 objects)
[2018.11.02-20.30.06:051][ 47]LogSlate: Took 0.000290 seconds to synchronously load lazily loaded font '../../../Engine/Content/Slate/Fonts/Roboto-Light.ttf' (167K)
[2018.11.02-20.30.07:331][124]LogEditorViewport: Clicking on Actor (LMB): ThirdPersonCharacter_C (ThirdPersonCharacter)
[2018.11.02-20.30.10:363][176]LogSlate: Took 0.613066 seconds to synchronously load lazily loaded font '../../../Engine/Content/Slate/Fonts/Roboto-Italic.ttf' (157K)
[2018.11.02-20.30.12:970][331]LogSlate: FSceneViewport::OnFocusLost() reason 2
[2018.11.02-20.30.15:269][381]LogSlate: FSceneViewport::OnFocusLost() reason 2
[2018.11.02-20.30.15:281][381]LogAssetEditorManager: Opening Asset editor for Blueprint /Game/ThirdPersonBP/Blueprints/ThirdPersonCharacter.ThirdPersonCharacter
[2018.11.02-20.30.16:293][381]LogContentBrowser: Native class hierarchy updated for 'BlueprintGraph' in 0.0006 seconds. Added 116 classes and 0 folders.
[2018.11.02-20.30.17:589][381]LogSlate: Took 0.016564 seconds to synchronously load lazily loaded font '../../../Engine/Content/Slate/Fonts/Roboto-BoldCondensed.ttf' (158K)
[2018.11.02-20.55.00:231][837]BlueprintLog: New page: Compile ThirdPersonCharacter
[2018.11.02-20.55.01:492][861]LogSavePackage: Moving '../../../../../../Users/aless/Documents/GitHub/UnrealFinalProject/Flamingo_O_O_OOO/Saved/ThirdPersonCharacter276D3FEE42A48419BC20519363F1EA56.tmp' to '../../../../../../Users/aless/Documents/GitHub/UnrealFinalProject/Flamingo_O_O_OOO/Content/ThirdPersonBP/Blueprints/ThirdPersonCharacter.uasset'
[2018.11.02-20.55.04:817][931]LogSlate: FSceneViewport::OnFocusLost() reason 2
[2018.11.02-20.55.32:599][227]LogSavePackage: Moving '../../../../../../Users/aless/Documents/GitHub/UnrealFinalProject/Flamingo_O_O_OOO/Saved/ThirdPersonExampleMap_Auto141D31F5347B1CAE2CE5FB0ADFFCCA18C.tmp' to '../../../../../../Users/aless/Documents/GitHub/UnrealFinalProject/Flamingo_O_O_OOO/Saved/Autosaves/Game/ThirdPersonBP/Maps/ThirdPersonExampleMap_Auto1.umap'
[2018.11.02-20.55.32:604][227]LogFileHelpers: Editor autosave (incl. sublevels) for '/Game/ThirdPersonBP/Maps/ThirdPersonExampleMap' took 0.221
[2018.11.02-20.55.32:604][227]LogFileHelpers: Editor autosave (incl. sublevels) for all levels took 0.221
[2018.11.02-20.56.41:916][362]LogSlate: Took 0.014798 seconds to synchronously load lazily loaded font '../../../Engine/Content/Slate/Fonts/Roboto-BoldCondensedItalic.ttf' (160K)
[2018.11.02-20.57.23:272][562]BlueprintLog: New page: Compile ThirdPersonCharacter
[2018.11.02-20.57.29:032][837]BlueprintLog: New page: Compile ThirdPersonCharacter
[2018.11.02-20.57.30:179][860]LogSavePackage: Moving '../../../../../../Users/aless/Documents/GitHub/UnrealFinalProject/Flamingo_O_O_OOO/Saved/ThirdPersonCharacter441DD9A447494551B7278C9577DE6BA5.tmp' to '../../../../../../Users/aless/Documents/GitHub/UnrealFinalProject/Flamingo_O_O_OOO/Content/ThirdPersonBP/Blueprints/ThirdPersonCharacter.uasset'
[2018.11.02-20.57.36:334][940]LogSlate: FSceneViewport::OnFocusLost() reason 2
[2018.11.02-20.57.38:365][ 41]BlueprintLog: New page: Compile ThirdPersonCharacter
[2018.11.02-20.57.39:467][ 62]LogSavePackage: Moving '../../../../../../Users/aless/Documents/GitHub/UnrealFinalProject/Flamingo_O_O_OOO/Saved/ThirdPersonCharacterDC50C661476C35A62CDA18ACB3004DA7.tmp' to '../../../../../../Users/aless/Documents/GitHub/UnrealFinalProject/Flamingo_O_O_OOO/Content/ThirdPersonBP/Blueprints/ThirdPersonCharacter.uasset'
[2018.11.02-20.57.41:639][181]LogSlate: FSceneViewport::OnFocusLost() reason 0
[2018.11.02-20.57.42:955][259]LogSlate: FSceneViewport::OnFocusLost() reason 0
[2018.11.02-20.57.43:038][264]LogTemp: Repeating last play command: Selected Viewport
[2018.11.02-20.57.43:068][264]LogBlueprintUserMessages: Early PlayInEditor Detection: Level '/Game/ThirdPersonBP/Maps/ThirdPersonExampleMap.ThirdPersonExampleMap:PersistentLevel' has LevelScriptBlueprint '/Game/ThirdPersonBP/Maps/ThirdPersonExampleMap.ThirdPersonExampleMap:PersistentLevel.ThirdPersonExampleMap' with GeneratedClass '/Game/ThirdPersonBP/Maps/ThirdPersonExampleMap.ThirdPersonExampleMap_C' with ClassGeneratedBy '/Game/ThirdPersonBP/Maps/ThirdPersonExampleMap.ThirdPersonExampleMap:PersistentLevel.ThirdPersonExampleMap'
[2018.11.02-20.57.43:068][264]LogPlayLevel: PlayLevel: No blueprints needed recompiling
[2018.11.02-20.57.43:120][264]PIE: New page: PIE session: ThirdPersonExampleMap (Nov 2, 2018, 8:57:43 PM)
[2018.11.02-20.57.43:120][264]LogPlayLevel: Creating play world package: /Game/ThirdPersonBP/Maps/UEDPIE_0_ThirdPersonExampleMap
[2018.11.02-20.57.43:122][264]LogPlayLevel: PIE: StaticDuplicateObject took: (0.002506s)
[2018.11.02-20.57.43:123][264]LogAIModule: Creating AISystem for world ThirdPersonExampleMap
[2018.11.02-20.57.43:123][264]LogPlayLevel: PIE: World Init took: (0.000756s)
[2018.11.02-20.57.43:123][264]LogPlayLevel: PIE: Created PIE world by copying editor world from /Game/ThirdPersonBP/Maps/ThirdPersonExampleMap.ThirdPersonExampleMap to /Game/ThirdPersonBP/Maps/UEDPIE_0_ThirdPersonExampleMap.ThirdPersonExampleMap (0.003399s)
[2018.11.02-20.57.43:185][264]LogInit: XAudio2 using 'Speakers (Realtek High Definition Audio)' : 2 channels at 48 kHz using 32 bits per sample (channel mask 0x3)
[2018.11.02-20.57.43:204][264]LogInit: FAudioDevice initialized.
[2018.11.02-20.57.43:265][264]LogLoad: Game class is 'ThirdPersonGameMode_C'
[2018.11.02-20.57.43:267][264]LogWorld: Bringing World /Game/ThirdPersonBP/Maps/UEDPIE_0_ThirdPersonExampleMap.ThirdPersonExampleMap up for play (max tick rate 60) at 2018.11.02-20.57.43
[2018.11.02-20.57.43:268][264]LogWorld: Bringing up level for play took: 0.001108
[2018.11.02-20.57.43:309][264]LogContentBrowser: Native class hierarchy updated for 'MovieSceneCapture' in 0.0003 seconds. Added 10 classes and 0 folders.
[2018.11.02-20.57.43:310][264]PIE: Play in editor start time for /Game/ThirdPersonBP/Maps/UEDPIE_0_ThirdPersonExampleMap -0.078
[2018.11.02-20.57.43:310][264]LogBlueprintUserMessages: Late PlayInEditor Detection: Level '/Game/ThirdPersonBP/Maps/ThirdPersonExampleMap.ThirdPersonExampleMap:PersistentLevel' has LevelScriptBlueprint '/Game/ThirdPersonBP/Maps/ThirdPersonExampleMap.ThirdPersonExampleMap:PersistentLevel.ThirdPersonExampleMap' with GeneratedClass '/Game/ThirdPersonBP/Maps/ThirdPersonExampleMap.ThirdPersonExampleMap_C' with ClassGeneratedBy '/Game/ThirdPersonBP/Maps/ThirdPersonExampleMap.ThirdPersonExampleMap:PersistentLevel.ThirdPersonExampleMap'
[2018.11.02-20.57.50:892][718]LogBlueprintUserMessages: Early EndPlayMap Detection: Level '/Game/ThirdPersonBP/Maps/ThirdPersonExampleMap.ThirdPersonExampleMap:PersistentLevel' has LevelScriptBlueprint '/Game/ThirdPersonBP/Maps/ThirdPersonExampleMap.ThirdPersonExampleMap:PersistentLevel.ThirdPersonExampleMap' with GeneratedClass '/Game/ThirdPersonBP/Maps/ThirdPersonExampleMap.ThirdPersonExampleMap_C' with ClassGeneratedBy '/Game/ThirdPersonBP/Maps/ThirdPersonExampleMap.ThirdPersonExampleMap:PersistentLevel.ThirdPersonExampleMap'
[2018.11.02-20.57.50:892][718]LogSlate: Updating window title bar state: overlay mode, drag disabled, window buttons hidden, title bar hidden
[2018.11.02-20.57.50:930][718]LogPlayLevel: Display: Shutting down PIE online subsystems
[2018.11.02-20.57.50:930][718]LogBlueprintUserMessages: Late EndPlayMap Detection: Level '/Game/ThirdPersonBP/Maps/ThirdPersonExampleMap.ThirdPersonExampleMap:PersistentLevel' has LevelScriptBlueprint '/Game/ThirdPersonBP/Maps/ThirdPersonExampleMap.ThirdPersonExampleMap:PersistentLevel.ThirdPersonExampleMap' with GeneratedClass '/Game/ThirdPersonBP/Maps/ThirdPersonExampleMap.ThirdPersonExampleMap_C' with ClassGeneratedBy '/Game/ThirdPersonBP/Maps/ThirdPersonExampleMap.ThirdPersonExampleMap:PersistentLevel.ThirdPersonExampleMap'
[2018.11.02-20.57.50:961][718]LogSlate: Updating window title bar state: overlay mode, drag disabled, window buttons hidden, title bar hidden
[2018.11.02-20.57.50:991][720]LogPlayLevel: Display: Destroying online subsystem :Context_6
[2018.11.02-20.57.53:604][825]LogSlate: FSceneViewport::OnFocusLost() reason 2
[2018.11.02-20.58.01:607][279]BlueprintLog: New page: Compile ThirdPersonCharacter
[2018.11.02-20.58.02:601][306]LogSavePackage: Moving '../../../../../../Users/aless/Documents/GitHub/UnrealFinalProject/Flamingo_O_O_OOO/Saved/ThirdPersonCharacterDF0A642C4DB48FA679C65DA8BF531E38.tmp' to '../../../../../../Users/aless/Documents/GitHub/UnrealFinalProject/Flamingo_O_O_OOO/Content/ThirdPersonBP/Blueprints/ThirdPersonCharacter.uasset'
[2018.11.02-20.58.06:402][437]LogSlate: FSceneViewport::OnFocusLost() reason 2
[2018.11.02-20.58.08:107][526]LogSavePackage: Moving '../../../../../../Users/aless/Documents/GitHub/UnrealFinalProject/Flamingo_O_O_OOO/Saved/ThirdPersonCharacter2FC9E6E54A62400ED43D7392FC51B10D.tmp' to '../../../../../../Users/aless/Documents/GitHub/UnrealFinalProject/Flamingo_O_O_OOO/Content/ThirdPersonBP/Blueprints/ThirdPersonCharacter.uasset'
[2018.11.02-20.58.08:829][567]LogSlate: FSceneViewport::OnFocusLost() reason 0
[2018.11.02-20.58.09:563][611]LogSlate: FSceneViewport::OnFocusLost() reason 0
[2018.11.02-20.58.09:646][616]LogTemp: Repeating last play command: Selected Viewport
[2018.11.02-20.58.09:679][616]LogBlueprintUserMessages: Early PlayInEditor Detection: Level '/Game/ThirdPersonBP/Maps/ThirdPersonExampleMap.ThirdPersonExampleMap:PersistentLevel' has LevelScriptBlueprint '/Game/ThirdPersonBP/Maps/ThirdPersonExampleMap.ThirdPersonExampleMap:PersistentLevel.ThirdPersonExampleMap' with GeneratedClass '/Game/ThirdPersonBP/Maps/ThirdPersonExampleMap.ThirdPersonExampleMap_C' with ClassGeneratedBy '/Game/ThirdPersonBP/Maps/ThirdPersonExampleMap.ThirdPersonExampleMap:PersistentLevel.ThirdPersonExampleMap'
[2018.11.02-20.58.09:679][616]LogPlayLevel: PlayLevel: No blueprints needed recompiling
[2018.11.02-20.58.09:679][616]PIE: New page: PIE session: ThirdPersonExampleMap (Nov 2, 2018, 8:58:09 PM)
[2018.11.02-20.58.09:679][616]LogPlayLevel: Creating play world package: /Game/ThirdPersonBP/Maps/UEDPIE_0_ThirdPersonExampleMap
[2018.11.02-20.58.09:682][616]LogPlayLevel: PIE: StaticDuplicateObject took: (0.002518s)
[2018.11.02-20.58.09:683][616]LogAIModule: Creating AISystem for world ThirdPersonExampleMap
[2018.11.02-20.58.09:683][616]LogPlayLevel: PIE: World Init took: (0.000803s)
[2018.11.02-20.58.09:683][616]LogPlayLevel: PIE: Created PIE world by copying editor world from /Game/ThirdPersonBP/Maps/ThirdPersonExampleMap.ThirdPersonExampleMap to /Game/ThirdPersonBP/Maps/UEDPIE_0_ThirdPersonExampleMap.ThirdPersonExampleMap (0.003503s)
[2018.11.02-20.58.09:713][616]LogInit: XAudio2 using 'Speakers (Realtek High Definition Audio)' : 2 channels at 48 kHz using 32 bits per sample (channel mask 0x3)
[2018.11.02-20.58.09:733][616]LogInit: FAudioDevice initialized.
[2018.11.02-20.58.09:763][616]LogLoad: Game class is 'ThirdPersonGameMode_C'
[2018.11.02-20.58.09:765][616]LogWorld: Bringing World /Game/ThirdPersonBP/Maps/UEDPIE_0_ThirdPersonExampleMap.ThirdPersonExampleMap up for play (max tick rate 60) at 2018.11.02-20.58.09
[2018.11.02-20.58.09:765][616]LogWorld: Bringing up level for play took: 0.001017
[2018.11.02-20.58.09:778][616]PIE: Play in editor start time for /Game/ThirdPersonBP/Maps/UEDPIE_0_ThirdPersonExampleMap 0.391
[2018.11.02-20.58.09:778][616]LogBlueprintUserMessages: Late PlayInEditor Detection: Level '/Game/ThirdPersonBP/Maps/ThirdPersonExampleMap.ThirdPersonExampleMap:PersistentLevel' has LevelScriptBlueprint '/Game/ThirdPersonBP/Maps/ThirdPersonExampleMap.ThirdPersonExampleMap:PersistentLevel.ThirdPersonExampleMap' with GeneratedClass '/Game/ThirdPersonBP/Maps/ThirdPersonExampleMap.ThirdPersonExampleMap_C' with ClassGeneratedBy '/Game/ThirdPersonBP/Maps/ThirdPersonExampleMap.ThirdPersonExampleMap:PersistentLevel.ThirdPersonExampleMap'
[2018.11.02-20.58.19:638][207]LogBlueprintUserMessages: Early EndPlayMap Detection: Level '/Game/ThirdPersonBP/Maps/ThirdPersonExampleMap.ThirdPersonExampleMap:PersistentLevel' has LevelScriptBlueprint '/Game/ThirdPersonBP/Maps/ThirdPersonExampleMap.ThirdPersonExampleMap:PersistentLevel.ThirdPersonExampleMap' with GeneratedClass '/Game/ThirdPersonBP/Maps/ThirdPersonExampleMap.ThirdPersonExampleMap_C' with ClassGeneratedBy '/Game/ThirdPersonBP/Maps/ThirdPersonExampleMap.ThirdPersonExampleMap:PersistentLevel.ThirdPersonExampleMap'
[2018.11.02-20.58.19:639][207]LogSlate: Updating window title bar state: overlay mode, drag disabled, window buttons hidden, title bar hidden
[2018.11.02-20.58.19:681][207]LogPlayLevel: Display: Shutting down PIE online subsystems
[2018.11.02-20.58.19:681][207]LogBlueprintUserMessages: Late EndPlayMap Detection: Level '/Game/ThirdPersonBP/Maps/ThirdPersonExampleMap.ThirdPersonExampleMap:PersistentLevel' has LevelScriptBlueprint '/Game/ThirdPersonBP/Maps/ThirdPersonExampleMap.ThirdPersonExampleMap:PersistentLevel.ThirdPersonExampleMap' with GeneratedClass '/Game/ThirdPersonBP/Maps/ThirdPersonExampleMap.ThirdPersonExampleMap_C' with ClassGeneratedBy '/Game/ThirdPersonBP/Maps/ThirdPersonExampleMap.ThirdPersonExampleMap:PersistentLevel.ThirdPersonExampleMap'
[2018.11.02-20.58.19:712][207]LogSlate: Updating window title bar state: overlay mode, drag disabled, window buttons hidden, title bar hidden
[2018.11.02-20.58.19:742][209]LogPlayLevel: Display: Destroying online subsystem :Context_7
[2018.11.02-20.58.22:143][307]LogSlate: FSceneViewport::OnFocusLost() reason 2
[2018.11.02-20.58.47:312][771]BlueprintLog: New page: Compile ThirdPersonCharacter
[2018.11.02-20.58.48:305][801]LogSavePackage: Moving '../../../../../../Users/aless/Documents/GitHub/UnrealFinalProject/Flamingo_O_O_OOO/Saved/ThirdPersonCharacter2204C9504B5445EA76A6138900C6F815.tmp' to '../../../../../../Users/aless/Documents/GitHub/UnrealFinalProject/Flamingo_O_O_OOO/Content/ThirdPersonBP/Blueprints/ThirdPersonCharacter.uasset'
[2018.11.02-20.58.48:710][824]LogSlate: FSceneViewport::OnFocusLost() reason 0
[2018.11.02-20.59.00:328][495]LogSavePackage: Moving '../../../../../../Users/aless/Documents/GitHub/UnrealFinalProject/Flamingo_O_O_OOO/Saved/ThirdPersonCharacterE28431874D1BBA9C1B0521BA66FFD8EC.tmp' to '../../../../../../Users/aless/Documents/GitHub/UnrealFinalProject/Flamingo_O_O_OOO/Content/ThirdPersonBP/Blueprints/ThirdPersonCharacter.uasset'
[2018.11.02-20.59.00:692][516]LogSlate: FSceneViewport::OnFocusLost() reason 0
[2018.11.02-20.59.14:856][357]BlueprintLog: New page: Compile ThirdPersonCharacter
[2018.11.02-20.59.15:796][383]LogSavePackage: Moving '../../../../../../Users/aless/Documents/GitHub/UnrealFinalProject/Flamingo_O_O_OOO/Saved/ThirdPersonCharacterCA460C4346717E236C3C169ACB852FC3.tmp' to '../../../../../../Users/aless/Documents/GitHub/UnrealFinalProject/Flamingo_O_O_OOO/Content/ThirdPersonBP/Blueprints/ThirdPersonCharacter.uasset'
[2018.11.02-20.59.16:953][451]LogSlate: FSceneViewport::OnFocusLost() reason 0
[2018.11.02-20.59.25:430][767]LogTemp: Repeating last play command: Selected Viewport
[2018.11.02-20.59.25:462][767]LogBlueprintUserMessages: Early PlayInEditor Detection: Level '/Game/ThirdPersonBP/Maps/ThirdPersonExampleMap.ThirdPersonExampleMap:PersistentLevel' has LevelScriptBlueprint '/Game/ThirdPersonBP/Maps/ThirdPersonExampleMap.ThirdPersonExampleMap:PersistentLevel.ThirdPersonExampleMap' with GeneratedClass '/Game/ThirdPersonBP/Maps/ThirdPersonExampleMap.ThirdPersonExampleMap_C' with ClassGeneratedBy '/Game/ThirdPersonBP/Maps/ThirdPersonExampleMap.ThirdPersonExampleMap:PersistentLevel.ThirdPersonExampleMap'
[2018.11.02-20.59.25:462][767]LogPlayLevel: PlayLevel: No blueprints needed recompiling
[2018.11.02-20.59.25:463][767]PIE: New page: PIE session: ThirdPersonExampleMap (Nov 2, 2018, 8:59:25 PM)
[2018.11.02-20.59.25:463][767]LogPlayLevel: Creating play world package: /Game/ThirdPersonBP/Maps/UEDPIE_0_ThirdPersonExampleMap
[2018.11.02-20.59.25:465][767]LogPlayLevel: PIE: StaticDuplicateObject took: (0.002619s)
[2018.11.02-20.59.25:466][767]LogAIModule: Creating AISystem for world ThirdPersonExampleMap
[2018.11.02-20.59.25:466][767]LogPlayLevel: PIE: World Init took: (0.000856s)
[2018.11.02-20.59.25:466][767]LogPlayLevel: PIE: Created PIE world by copying editor world from /Game/ThirdPersonBP/Maps/ThirdPersonExampleMap.ThirdPersonExampleMap to /Game/ThirdPersonBP/Maps/UEDPIE_0_ThirdPersonExampleMap.ThirdPersonExampleMap (0.003624s)
[2018.11.02-20.59.25:500][767]LogInit: XAudio2 using 'Speakers (Realtek High Definition Audio)' : 2 channels at 48 kHz using 32 bits per sample (channel mask 0x3)
[2018.11.02-20.59.25:519][767]LogInit: FAudioDevice initialized.
[2018.11.02-20.59.25:558][767]LogLoad: Game class is 'ThirdPersonGameMode_C'
[2018.11.02-20.59.25:560][767]LogWorld: Bringing World /Game/ThirdPersonBP/Maps/UEDPIE_0_ThirdPersonExampleMap.ThirdPersonExampleMap up for play (max tick rate 60) at 2018.11.02-20.59.25
[2018.11.02-20.59.25:561][767]LogWorld: Bringing up level for play took: 0.001549
[2018.11.02-20.59.25:573][767]PIE: Play in editor start time for /Game/ThirdPersonBP/Maps/UEDPIE_0_ThirdPersonExampleMap 0.187
[2018.11.02-20.59.25:573][767]LogBlueprintUserMessages: Late PlayInEditor Detection: Level '/Game/ThirdPersonBP/Maps/ThirdPersonExampleMap.ThirdPersonExampleMap:PersistentLevel' has LevelScriptBlueprint '/Game/ThirdPersonBP/Maps/ThirdPersonExampleMap.ThirdPersonExampleMap:PersistentLevel.ThirdPersonExampleMap' with GeneratedClass '/Game/ThirdPersonBP/Maps/ThirdPersonExampleMap.ThirdPersonExampleMap_C' with ClassGeneratedBy '/Game/ThirdPersonBP/Maps/ThirdPersonExampleMap.ThirdPersonExampleMap:PersistentLevel.ThirdPersonExampleMap'
[2018.11.02-20.59.26:704][827]LogSlate: FSceneViewport::OnFocusLost() reason 0
[2018.11.02-20.59.56:260][599]LogBlueprintUserMessages: Early EndPlayMap Detection: Level '/Game/ThirdPersonBP/Maps/ThirdPersonExampleMap.ThirdPersonExampleMap:PersistentLevel' has LevelScriptBlueprint '/Game/ThirdPersonBP/Maps/ThirdPersonExampleMap.ThirdPersonExampleMap:PersistentLevel.ThirdPersonExampleMap' with GeneratedClass '/Game/ThirdPersonBP/Maps/ThirdPersonExampleMap.ThirdPersonExampleMap_C' with ClassGeneratedBy '/Game/ThirdPersonBP/Maps/ThirdPersonExampleMap.ThirdPersonExampleMap:PersistentLevel.ThirdPersonExampleMap'
[2018.11.02-20.59.56:260][599]LogSlate: Updating window title bar state: overlay mode, drag disabled, window buttons hidden, title bar hidden
[2018.11.02-20.59.56:314][599]LogPlayLevel: Display: Shutting down PIE online subsystems
[2018.11.02-20.59.56:314][599]LogBlueprintUserMessages: Late EndPlayMap Detection: Level '/Game/ThirdPersonBP/Maps/ThirdPersonExampleMap.ThirdPersonExampleMap:PersistentLevel' has LevelScriptBlueprint '/Game/ThirdPersonBP/Maps/ThirdPersonExampleMap.ThirdPersonExampleMap:PersistentLevel.ThirdPersonExampleMap' with GeneratedClass '/Game/ThirdPersonBP/Maps/ThirdPersonExampleMap.ThirdPersonExampleMap_C' with ClassGeneratedBy '/Game/ThirdPersonBP/Maps/ThirdPersonExampleMap.ThirdPersonExampleMap:PersistentLevel.ThirdPersonExampleMap'
[2018.11.02-20.59.56:345][599]LogSlate: Updating window title bar state: overlay mode, drag disabled, window buttons hidden, title bar hidden
[2018.11.02-20.59.56:362][600]LogPlayLevel: Display: Destroying online subsystem :Context_8
[2018.11.02-21.00.16:675][783]LogSlate: FSceneViewport::OnFocusLost() reason 2
[2018.11.02-21.00.53:199][873]BlueprintLog: New page: Compile ThirdPersonCharacter
[2018.11.02-21.00.54:238][905]LogSavePackage: Moving '../../../../../../Users/aless/Documents/GitHub/UnrealFinalProject/Flamingo_O_O_OOO/Saved/ThirdPersonCharacter686398A5427FF52B53157F90A9EB10D5.tmp' to '../../../../../../Users/aless/Documents/GitHub/UnrealFinalProject/Flamingo_O_O_OOO/Content/ThirdPersonBP/Blueprints/ThirdPersonCharacter.uasset'
[2018.11.02-21.00.57:412][979]LogSlate: FSceneViewport::OnFocusLost() reason 2
[2018.11.02-21.00.58:447][ 39]LogTemp: Repeating last play command: Selected Viewport
[2018.11.02-21.00.58:481][ 39]LogBlueprintUserMessages: Early PlayInEditor Detection: Level '/Game/ThirdPersonBP/Maps/ThirdPersonExampleMap.ThirdPersonExampleMap:PersistentLevel' has LevelScriptBlueprint '/Game/ThirdPersonBP/Maps/ThirdPersonExampleMap.ThirdPersonExampleMap:PersistentLevel.ThirdPersonExampleMap' with GeneratedClass '/Game/ThirdPersonBP/Maps/ThirdPersonExampleMap.ThirdPersonExampleMap_C' with ClassGeneratedBy '/Game/ThirdPersonBP/Maps/ThirdPersonExampleMap.ThirdPersonExampleMap:PersistentLevel.ThirdPersonExampleMap'
[2018.11.02-21.00.58:481][ 39]LogPlayLevel: PlayLevel: No blueprints needed recompiling
[2018.11.02-21.00.58:481][ 39]PIE: New page: PIE session: ThirdPersonExampleMap (Nov 2, 2018, 9:00:58 PM)
[2018.11.02-21.00.58:481][ 39]LogPlayLevel: Creating play world package: /Game/ThirdPersonBP/Maps/UEDPIE_0_ThirdPersonExampleMap
[2018.11.02-21.00.58:484][ 39]LogPlayLevel: PIE: StaticDuplicateObject took: (0.002632s)
[2018.11.02-21.00.58:485][ 39]LogAIModule: Creating AISystem for world ThirdPersonExampleMap
[2018.11.02-21.00.58:485][ 39]LogPlayLevel: PIE: World Init took: (0.000832s)
[2018.11.02-21.00.58:485][ 39]LogPlayLevel: PIE: Created PIE world by copying editor world from /Game/ThirdPersonBP/Maps/ThirdPersonExampleMap.ThirdPersonExampleMap to /Game/ThirdPersonBP/Maps/UEDPIE_0_ThirdPersonExampleMap.ThirdPersonExampleMap (0.003599s)
[2018.11.02-21.00.58:517][ 39]LogInit: XAudio2 using 'Speakers (Realtek High Definition Audio)' : 2 channels at 48 kHz using 32 bits per sample (channel mask 0x3)
[2018.11.02-21.00.58:536][ 39]LogInit: FAudioDevice initialized.
[2018.11.02-21.00.58:573][ 39]LogLoad: Game class is 'ThirdPersonGameMode_C'
[2018.11.02-21.00.58:575][ 39]LogWorld: Bringing World /Game/ThirdPersonBP/Maps/UEDPIE_0_ThirdPersonExampleMap.ThirdPersonExampleMap up for play (max tick rate 60) at 2018.11.02-21.00.58
[2018.11.02-21.00.58:575][ 39]LogWorld: Bringing up level for play took: 0.001694
[2018.11.02-21.00.58:589][ 39]PIE: Play in editor start time for /Game/ThirdPersonBP/Maps/UEDPIE_0_ThirdPersonExampleMap -0.797
[2018.11.02-21.00.58:589][ 39]LogBlueprintUserMessages: Late PlayInEditor Detection: Level '/Game/ThirdPersonBP/Maps/ThirdPersonExampleMap.ThirdPersonExampleMap:PersistentLevel' has LevelScriptBlueprint '/Game/ThirdPersonBP/Maps/ThirdPersonExampleMap.ThirdPersonExampleMap:PersistentLevel.ThirdPersonExampleMap' with GeneratedClass '/Game/ThirdPersonBP/Maps/ThirdPersonExampleMap.ThirdPersonExampleMap_C' with ClassGeneratedBy '/Game/ThirdPersonBP/Maps/ThirdPersonExampleMap.ThirdPersonExampleMap:PersistentLevel.ThirdPersonExampleMap'
[2018.11.02-21.00.59:915][109]LogSlate: FSceneViewport::OnFocusLost() reason 0
[2018.11.02-21.01.13:093][897]LogBlueprintUserMessages: Early EndPlayMap Detection: Level '/Game/ThirdPersonBP/Maps/ThirdPersonExampleMap.ThirdPersonExampleMap:PersistentLevel' has LevelScriptBlueprint '/Game/ThirdPersonBP/Maps/ThirdPersonExampleMap.ThirdPersonExampleMap:PersistentLevel.ThirdPersonExampleMap' with GeneratedClass '/Game/ThirdPersonBP/Maps/ThirdPersonExampleMap.ThirdPersonExampleMap_C' with ClassGeneratedBy '/Game/ThirdPersonBP/Maps/ThirdPersonExampleMap.ThirdPersonExampleMap:PersistentLevel.ThirdPersonExampleMap'
[2018.11.02-21.01.13:093][897]LogSlate: Updating window title bar state: overlay mode, drag disabled, window buttons hidden, title bar hidden
[2018.11.02-21.01.13:146][897]LogPlayLevel: Display: Shutting down PIE online subsystems
[2018.11.02-21.01.13:146][897]LogBlueprintUserMessages: Late EndPlayMap Detection: Level '/Game/ThirdPersonBP/Maps/ThirdPersonExampleMap.ThirdPersonExampleMap:PersistentLevel' has LevelScriptBlueprint '/Game/ThirdPersonBP/Maps/ThirdPersonExampleMap.ThirdPersonExampleMap:PersistentLevel.ThirdPersonExampleMap' with GeneratedClass '/Game/ThirdPersonBP/Maps/ThirdPersonExampleMap.ThirdPersonExampleMap_C' with ClassGeneratedBy '/Game/ThirdPersonBP/Maps/ThirdPersonExampleMap.ThirdPersonExampleMap:PersistentLevel.ThirdPersonExampleMap'
[2018.11.02-21.01.13:177][897]LogSlate: Updating window title bar state: overlay mode, drag disabled, window buttons hidden, title bar hidden
[2018.11.02-21.01.13:207][899]LogPlayLevel: Display: Destroying online subsystem :Context_9
[2018.11.02-21.01.14:358][968]LogSlate: FSceneViewport::OnFocusLost() reason 0
[2018.11.02-21.01.14:441][973]LogTemp: Repeating last play command: Selected Viewport
[2018.11.02-21.01.14:456][973]LogBlueprintUserMessages: Early PlayInEditor Detection: Level '/Game/ThirdPersonBP/Maps/ThirdPersonExampleMap.ThirdPersonExampleMap:PersistentLevel' has LevelScriptBlueprint '/Game/ThirdPersonBP/Maps/ThirdPersonExampleMap.ThirdPersonExampleMap:PersistentLevel.ThirdPersonExampleMap' with GeneratedClass '/Game/ThirdPersonBP/Maps/ThirdPersonExampleMap.ThirdPersonExampleMap_C' with ClassGeneratedBy '/Game/ThirdPersonBP/Maps/ThirdPersonExampleMap.ThirdPersonExampleMap:PersistentLevel.ThirdPersonExampleMap'
[2018.11.02-21.01.14:456][973]LogPlayLevel: PlayLevel: No blueprints needed recompiling
[2018.11.02-21.01.14:456][973]PIE: New page: PIE session: ThirdPersonExampleMap (Nov 2, 2018, 9:01:14 PM)
[2018.11.02-21.01.14:456][973]LogPlayLevel: Creating play world package: /Game/ThirdPersonBP/Maps/UEDPIE_0_ThirdPersonExampleMap
[2018.11.02-21.01.14:459][973]LogPlayLevel: PIE: StaticDuplicateObject took: (0.002608s)
[2018.11.02-21.01.14:459][973]LogAIModule: Creating AISystem for world ThirdPersonExampleMap
[2018.11.02-21.01.14:460][973]LogPlayLevel: PIE: World Init took: (0.000669s)
[2018.11.02-21.01.14:460][973]LogPlayLevel: PIE: Created PIE world by copying editor world from /Game/ThirdPersonBP/Maps/ThirdPersonExampleMap.ThirdPersonExampleMap to /Game/ThirdPersonBP/Maps/UEDPIE_0_ThirdPersonExampleMap.ThirdPersonExampleMap (0.003433s)
[2018.11.02-21.01.14:491][973]LogInit: XAudio2 using 'Speakers (Realtek High Definition Audio)' : 2 channels at 48 kHz using 32 bits per sample (channel mask 0x3)
[2018.11.02-21.01.14:511][973]LogInit: FAudioDevice initialized.
[2018.11.02-21.01.14:541][973]LogLoad: Game class is 'ThirdPersonGameMode_C'
[2018.11.02-21.01.14:543][973]LogWorld: Bringing World /Game/ThirdPersonBP/Maps/UEDPIE_0_ThirdPersonExampleMap.ThirdPersonExampleMap up for play (max tick rate 60) at 2018.11.02-21.01.14
[2018.11.02-21.01.14:543][973]LogWorld: Bringing up level for play took: 0.000994
[2018.11.02-21.01.14:555][973]PIE: Play in editor start time for /Game/ThirdPersonBP/Maps/UEDPIE_0_ThirdPersonExampleMap -0.831
[2018.11.02-21.01.14:555][973]LogBlueprintUserMessages: Late PlayInEditor Detection: Level '/Game/ThirdPersonBP/Maps/ThirdPersonExampleMap.ThirdPersonExampleMap:PersistentLevel' has LevelScriptBlueprint '/Game/ThirdPersonBP/Maps/ThirdPersonExampleMap.ThirdPersonExampleMap:PersistentLevel.ThirdPersonExampleMap' with GeneratedClass '/Game/ThirdPersonBP/Maps/ThirdPersonExampleMap.ThirdPersonExampleMap_C' with ClassGeneratedBy '/Game/ThirdPersonBP/Maps/ThirdPersonExampleMap.ThirdPersonExampleMap:PersistentLevel.ThirdPersonExampleMap'
[2018.11.02-21.01.23:680][520]LogBlueprintUserMessages: Early EndPlayMap Detection: Level '/Game/ThirdPersonBP/Maps/ThirdPersonExampleMap.ThirdPersonExampleMap:PersistentLevel' has LevelScriptBlueprint '/Game/ThirdPersonBP/Maps/ThirdPersonExampleMap.ThirdPersonExampleMap:PersistentLevel.ThirdPersonExampleMap' with GeneratedClass '/Game/ThirdPersonBP/Maps/ThirdPersonExampleMap.ThirdPersonExampleMap_C' with ClassGeneratedBy '/Game/ThirdPersonBP/Maps/ThirdPersonExampleMap.ThirdPersonExampleMap:PersistentLevel.ThirdPersonExampleMap'
[2018.11.02-21.01.23:680][520]LogSlate: Updating window title bar state: overlay mode, drag disabled, window buttons hidden, title bar hidden
[2018.11.02-21.01.23:723][520]LogPlayLevel: Display: Shutting down PIE online subsystems
[2018.11.02-21.01.23:723][520]LogBlueprintUserMessages: Late EndPlayMap Detection: Level '/Game/ThirdPersonBP/Maps/ThirdPersonExampleMap.ThirdPersonExampleMap:PersistentLevel' has LevelScriptBlueprint '/Game/ThirdPersonBP/Maps/ThirdPersonExampleMap.ThirdPersonExampleMap:PersistentLevel.ThirdPersonExampleMap' with GeneratedClass '/Game/ThirdPersonBP/Maps/ThirdPersonExampleMap.ThirdPersonExampleMap_C' with ClassGeneratedBy '/Game/ThirdPersonBP/Maps/ThirdPersonExampleMap.ThirdPersonExampleMap:PersistentLevel.ThirdPersonExampleMap'
[2018.11.02-21.01.23:753][520]LogSlate: Updating window title bar state: overlay mode, drag disabled, window buttons hidden, title bar hidden
[2018.11.02-21.01.23:782][522]LogPlayLevel: Display: Destroying online subsystem :Context_10
[2018.11.02-21.01.25:800][643]LogSlate: FSceneViewport::OnFocusLost() reason 0
[2018.11.02-21.01.26:135][649]LogSavePackage: Moving '../../../../../../Users/aless/Documents/GitHub/UnrealFinalProject/Flamingo_O_O_OOO/Saved/ThirdPersonExampleMap084D35164FB6325439F1F9A8E0F4682D.tmp' to '../../../../../../Users/aless/Documents/GitHub/UnrealFinalProject/Flamingo_O_O_OOO/Content/ThirdPersonBP/Maps/ThirdPersonExampleMap.umap'
[2018.11.02-21.01.26:448][649]LogSavePackage: Moving '../../../../../../Users/aless/Documents/GitHub/UnrealFinalProject/Flamingo_O_O_OOO/Saved/ThirdPersonExampleMap_BuiltDataCF9B0D094F4F97865E1D59AFF556FF2A.tmp' to '../../../../../../Users/aless/Documents/GitHub/UnrealFinalProject/Flamingo_O_O_OOO/Content/ThirdPersonBP/Maps/ThirdPersonExampleMap_BuiltData.uasset'
[2018.11.02-21.01.37:391][305]LogSlate: FSceneViewport::OnFocusLost() reason 0
[2018.11.02-21.01.37:700][311]LogSavePackage: Moving '../../../../../../Users/aless/Documents/GitHub/UnrealFinalProject/Flamingo_O_O_OOO/Saved/ThirdPersonExampleMap3BF371C14D7DA4DBC79D8CBABD1418C7.tmp' to '../../../../../../Users/aless/Documents/GitHub/UnrealFinalProject/Flamingo_O_O_OOO/Content/ThirdPersonBP/Maps/ThirdPersonExampleMap.umap'
[2018.11.02-21.01.37:889][311]LogSavePackage: Moving '../../../../../../Users/aless/Documents/GitHub/UnrealFinalProject/Flamingo_O_O_OOO/Saved/ThirdPersonExampleMap_BuiltDataD9BD6B9A47CF4002FA7AAD9D4173AEE6.tmp' to '../../../../../../Users/aless/Documents/GitHub/UnrealFinalProject/Flamingo_O_O_OOO/Content/ThirdPersonBP/Maps/ThirdPersonExampleMap_BuiltData.uasset'
[2018.11.02-21.01.39:311][396]LogSlate: FSceneViewport::OnFocusLost() reason 0
[2018.11.02-21.01.39:659][405]LogSlate: Window 'ThirdPersonCharacter' being destroyed
[2018.11.02-21.01.39:791][405]LogSlate: Window 'Flamingo_O_O_OOO - Unreal Editor' being destroyed
[2018.11.02-21.01.39:793][405]LogWindowsTextInputMethodSystem: Display: IME system now deactivated.
[2018.11.02-21.01.40:016][406]Cmd: QUIT_EDITOR
[2018.11.02-21.01.40:432][406]LogExit: Preparing to exit.
[2018.11.02-21.01.41:465][406]LogExit: Editor shut down
[2018.11.02-21.01.41:465][406]LogExit: Transaction tracking system shut down
[2018.11.02-21.01.41:790][406]LogExit: Object subsystem successfully closed.
[2018.11.02-21.01.41:814][406]LogShaderCompilers: Display: Shaders left to compile 0
[2018.11.02-21.01.41:817][406]LogD3D11RHI: Shutdown
[2018.11.02-21.01.41:817][406]LogD3D11RHI: CleanupD3DDevice
[2018.11.02-21.01.41:818][406]LogD3D11RHI: ~FD3D11DynamicRHI
[2018.11.02-21.01.41:842][406]LogModuleManager: Shutting down and abandoning module MovieSceneCapture (616)
[2018.11.02-21.01.41:842][406]LogModuleManager: Shutting down and abandoning module Voice (614)
[2018.11.02-21.01.41:860][406]LogModuleManager: Shutting down and abandoning module BlueprintGraph (612)
[2018.11.02-21.01.41:862][406]LogModuleManager: Shutting down and abandoning module HierarchicalLODOutliner (610)
[2018.11.02-21.01.41:862][406]LogModuleManager: Shutting down and abandoning module SceneOutliner (608)
[2018.11.02-21.01.41:862][406]LogModuleManager: Shutting down and abandoning module AddContentDialog (606)
[2018.11.02-21.01.41:862][406]LogModuleManager: Shutting down and abandoning module WidgetCarousel (605)
[2018.11.02-21.01.41:862][406]LogModuleManager: Shutting down and abandoning module EditorWidgets (602)
[2018.11.02-21.01.41:863][406]LogModuleManager: Shutting down and abandoning module CollectionManager (600)
[2018.11.02-21.01.41:864][406]LogModuleManager: Shutting down and abandoning module StatsViewer (598)
[2018.11.02-21.01.41:865][406]LogModuleManager: Shutting down and abandoning module FoliageEdit (596)
[2018.11.02-21.01.41:865][406]LogModuleManager: Shutting down and abandoning module LandscapeEditor (594)
[2018.11.02-21.01.41:866][406]LogModuleManager: Shutting down and abandoning module MeshPaintMode (592)
[2018.11.02-21.01.41:866][406]LogModuleManager: Shutting down and abandoning module SceneDepthPickerMode (590)
[2018.11.02-21.01.41:866][406]LogModuleManager: Shutting down and abandoning module ActorPickerMode (588)
[2018.11.02-21.01.41:866][406]LogModuleManager: Shutting down and abandoning module GeometryMode (586)
[2018.11.02-21.01.41:866][406]LogModuleManager: Shutting down and abandoning module TextureAlignMode (584)
[2018.11.02-21.01.41:866][406]LogModuleManager: Shutting down and abandoning module BspMode (582)
[2018.11.02-21.01.41:866][406]LogModuleManager: Shutting down and abandoning module PIEPreviewDeviceProfileSelector (580)
[2018.11.02-21.01.41:866][406]LogModuleManager: Shutting down and abandoning module SequenceRecorderSections (578)
[2018.11.02-21.01.41:866][406]LogModuleManager: Shutting down and abandoning module AutomationWorker (576)
[2018.11.02-21.01.41:866][406]LogModuleManager: Shutting down and abandoning module AudioCaptureEditor (574)
[2018.11.02-21.01.41:866][406]LogModuleManager: Shutting down and abandoning module SequenceRecorder (573)
[2018.11.02-21.01.41:866][406]LogModuleManager: Shutting down and abandoning module MatineeToLevelSequence (570)
[2018.11.02-21.01.41:866][406]LogModuleManager: Shutting down and abandoning module LevelSequenceEditor (568)
[2018.11.02-21.01.41:866][406]LogModuleManager: Shutting down and abandoning module PlacementMode (567)
[2018.11.02-21.01.41:866][406]LogModuleManager: Shutting down and abandoning module MaterialEditor (566)
[2018.11.02-21.01.41:866][406]LogModuleManager: Shutting down and abandoning module WmfMediaFactory (562)
[2018.11.02-21.01.41:866][406]LogModuleManager: Shutting down and abandoning module WmfMediaEditor (560)
[2018.11.02-21.01.41:866][406]LogModuleManager: Shutting down and abandoning module MediaPlayerEditor (558)
[2018.11.02-21.01.41:866][406]LogModuleManager: Shutting down and abandoning module OpenExrWrapper (556)
[2018.11.02-21.01.41:866][406]LogModuleManager: Shutting down and abandoning module ImgMediaFactory (554)
[2018.11.02-21.01.41:866][406]LogModuleManager: Shutting down and abandoning module ImgMediaEditor (552)
[2018.11.02-21.01.41:866][406]LogModuleManager: Shutting down and abandoning module AvfMediaFactory (550)
[2018.11.02-21.01.41:866][406]LogModuleManager: Shutting down and abandoning module AvfMediaEditor (548)
[2018.11.02-21.01.41:866][406]LogModuleManager: Shutting down and abandoning module AndroidMediaFactory (546)
[2018.11.02-21.01.41:866][406]LogModuleManager: Shutting down and abandoning module AndroidMediaEditor (544)
[2018.11.02-21.01.41:866][406]LogModuleManager: Shutting down and abandoning module MagicLeapCameraPreviewFactory (542)
[2018.11.02-21.01.41:866][406]LogModuleManager: Shutting down and abandoning module MagicLeapMediaFactory (540)
[2018.11.02-21.01.41:866][406]LogModuleManager: Shutting down and abandoning module MagicLeapMediaEditor (538)
[2018.11.02-21.01.41:866][406]LogModuleManager: Shutting down and abandoning module CharacterAI (536)
[2018.11.02-21.01.41:866][406]LogModuleManager: Shutting down and abandoning module SmartSnapping (534)
[2018.11.02-21.01.41:866][406]LogModuleManager: Shutting down and abandoning module SessionServices (532)
[2018.11.02-21.01.41:866][406]LogModuleManager: Shutting down and abandoning module ViewportSnapping (530)
[2018.11.02-21.01.41:866][406]LogModuleManager: Shutting down and abandoning module ViewportInteraction (528)
[2018.11.02-21.01.41:866][406]LogModuleManager: Shutting down and abandoning module ClothPainter (526)
[2018.11.02-21.01.41:866][406]LogModuleManager: Shutting down and abandoning module SkeletalMeshEditor (525)
[2018.11.02-21.01.41:866][406]LogModuleManager: Shutting down and abandoning module LogVisualizer (522)
[2018.11.02-21.01.41:866][406]LogModuleManager: Shutting down and abandoning module IntroTutorials (520)
[2018.11.02-21.01.41:866][406]LogModuleManager: Shutting down and abandoning module GameProjectGeneration (519)
[2018.11.02-21.01.41:866][406]LogModuleManager: Shutting down and abandoning module LuminPlatformEditor (516)
[2018.11.02-21.01.41:867][406]LogModuleManager: Shutting down and abandoning module IOSPlatformEditor (514)
[2018.11.02-21.01.41:867][406]LogModuleManager: Shutting down and abandoning module HTML5PlatformEditor (512)
[2018.11.02-21.01.41:867][406]LogModuleManager: Shutting down and abandoning module AndroidPlatformEditor (510)
[2018.11.02-21.01.41:867][406]LogModuleManager: Shutting down and abandoning module AndroidDeviceDetection (509)
[2018.11.02-21.01.42:596][406]LogModuleManager: Shutting down and abandoning module WindowsPlatformEditor (506)
[2018.11.02-21.01.42:596][406]LogModuleManager: Shutting down and abandoning module LuminRuntimeSettings (504)
[2018.11.02-21.01.42:596][406]LogModuleManager: Shutting down and abandoning module IOSRuntimeSettings (502)
[2018.11.02-21.01.42:596][406]LogModuleManager: Shutting down and abandoning module AndroidRuntimeSettings (500)
[2018.11.02-21.01.42:596][406]LogModuleManager: Shutting down and abandoning module InputBindingEditor (498)
[2018.11.02-21.01.42:596][406]LogModuleManager: Shutting down and abandoning module MergeActors (496)
[2018.11.02-21.01.42:596][406]LogModuleManager: Shutting down and abandoning module LocalizationDashboard (494)
[2018.11.02-21.01.42:596][406]LogModuleManager: Shutting down and abandoning module LocalizationService (493)
[2018.11.02-21.01.42:596][406]LogModuleManager: Shutting down and abandoning module HardwareTargeting (490)
[2018.11.02-21.01.42:596][406]LogModuleManager: Shutting down and abandoning module DeviceProfileEditor (488)
[2018.11.02-21.01.42:596][406]LogModuleManager: Shutting down and abandoning module UndoHistory (486)
[2018.11.02-21.01.42:596][406]LogModuleManager: Shutting down and abandoning module XmlParser (484)
[2018.11.02-21.01.42:597][406]LogModuleManager: Shutting down and abandoning module Blutility (482)
[2018.11.02-21.01.42:597][406]LogModuleManager: Shutting down and abandoning module ProjectSettingsViewer (480)
[2018.11.02-21.01.42:597][406]LogModuleManager: Shutting down and abandoning module ProjectTargetPlatformEditor (479)
[2018.11.02-21.01.42:597][406]LogModuleManager: Shutting down and abandoning module EditorSettingsViewer (476)
[2018.11.02-21.01.42:597][406]LogModuleManager: Shutting down and abandoning module SettingsEditor (474)
[2018.11.02-21.01.42:597][406]LogModuleManager: Shutting down and abandoning module ProjectLauncher (472)
[2018.11.02-21.01.42:597][406]LogModuleManager: Shutting down and abandoning module SessionFrontend (470)
[2018.11.02-21.01.42:597][406]LogModuleManager: Shutting down and abandoning module ProfilerClient (468)
[2018.11.02-21.01.42:597][406]LogModuleManager: Shutting down and abandoning module DeviceManager (466)
[2018.11.02-21.01.42:597][406]LogModuleManager: Shutting down and abandoning module TargetDeviceServices (465)
[2018.11.02-21.01.42:662][406]LogModuleManager: Shutting down and abandoning module AutomationController (462)
[2018.11.02-21.01.42:662][406]LogModuleManager: Shutting down and abandoning module AutomationWindow (460)
[2018.11.02-21.01.42:662][406]LogModuleManager: Shutting down and abandoning module Layers (458)
[2018.11.02-21.01.42:662][406]LogModuleManager: Shutting down and abandoning module ComponentVisualizers (456)
[2018.11.02-21.01.42:662][406]LogModuleManager: Shutting down and abandoning module DetailCustomizations (454)
[2018.11.02-21.01.42:662][406]LogModuleManager: Shutting down and abandoning module PackagesDialog (452)
[2018.11.02-21.01.42:662][406]LogModuleManager: Shutting down and abandoning module Persona (450)
[2018.11.02-21.01.42:662][406]LogModuleManager: Shutting down and abandoning module AdvancedPreviewScene (449)
[2018.11.02-21.01.42:662][406]LogModuleManager: Shutting down and abandoning module AnimGraph (447)
[2018.11.02-21.01.42:662][406]LogModuleManager: Shutting down and abandoning module Kismet (444)
[2018.11.02-21.01.42:666][406]LogModuleManager: Shutting down and abandoning module GraphEditor (442)
[2018.11.02-21.01.42:666][406]LogModuleManager: Shutting down and abandoning module ClassViewer (440)
[2018.11.02-21.01.42:666][406]LogModuleManager: Shutting down and abandoning module Toolbox (438)
[2018.11.02-21.01.42:666][406]LogModuleManager: Shutting down and abandoning module ModuleUI (436)
[2018.11.02-21.01.42:666][406]LogModuleManager: Shutting down and abandoning module MovieSceneTools (434)
[2018.11.02-21.01.42:666][406]LogModuleManager: Shutting down and abandoning module OutputLog (432)
[2018.11.02-21.01.42:666][406]LogModuleManager: Shutting down and abandoning module GammaUI (430)
[2018.11.02-21.01.42:666][406]LogModuleManager: Shutting down and abandoning module Documentation (428)
[2018.11.02-21.01.42:666][406]LogModuleManager: Shutting down and abandoning module MovieSceneTracks (426)
[2018.11.02-21.01.42:666][406]LogModuleManager: Shutting down and abandoning module MovieScene (424)
[2018.11.02-21.01.42:666][406]LogModuleManager: Shutting down and abandoning module StreamingPauseRendering (422)
[2018.11.02-21.01.42:666][406]LogModuleManager: Shutting down and abandoning module LauncherPlatform (420)
[2018.11.02-21.01.42:666][406]LogModuleManager: Shutting down and abandoning module AnalyticsET (418)
[2018.11.02-21.01.42:666][406]LogModuleManager: Shutting down and abandoning module PortalServices (416)
[2018.11.02-21.01.42:666][406]LogModuleManager: Shutting down and abandoning module PortalRpc (414)
[2018.11.02-21.01.42:666][406]LogModuleManager: Shutting down and abandoning module MessagingRpc (412)
[2018.11.02-21.01.42:666][406]LogModuleManager: Shutting down and abandoning module AIModule (410)
[2018.11.02-21.01.42:666][406]LogModuleManager: Shutting down and abandoning module GameplayDebugger (409)
[2018.11.02-21.01.42:666][406]LogModuleManager: Shutting down and abandoning module AITestSuite (407)
[2018.11.02-21.01.42:666][406]LogModuleManager: Shutting down and abandoning module NavigationSystem (405)
[2018.11.02-21.01.42:666][406]LogModuleManager: Shutting down and abandoning module DesktopPlatform (402)
[2018.11.02-21.01.42:667][406]LogModuleManager: Shutting down and abandoning module ProfilerService (400)
[2018.11.02-21.01.42:734][406]LogModuleManager: Shutting down and abandoning module TaskGraph (398)
[2018.11.02-21.01.42:734][406]LogModuleManager: Shutting down and abandoning module SteamVRController (396)
[2018.11.02-21.01.42:734][406]LogModuleManager: Shutting down and abandoning module ProceduralMeshComponentEditor (394)
[2018.11.02-21.01.42:734][406]LogModuleManager: Shutting down and abandoning module ProceduralMeshComponent (392)
[2018.11.02-21.01.42:734][406]LogModuleManager: Shutting down and abandoning module OculusInput (390)
[2018.11.02-21.01.42:734][406]LogModuleManager: Shutting down and abandoning module MobilePatchingUtils (388)
[2018.11.02-21.01.42:734][406]LogModuleManager: Shutting down and abandoning module EditableMesh (386)
[2018.11.02-21.01.42:734][406]LogModuleManager: Shutting down and abandoning module CustomMeshComponent (384)
[2018.11.02-21.01.42:734][406]LogModuleManager: Shutting down and abandoning module CableComponent (382)
[2018.11.02-21.01.42:734][406]LogModuleManager: Shutting down and abandoning module AudioCapture (380)
[2018.11.02-21.01.42:734][406]LogModuleManager: Shutting down and abandoning module ArchVisCharacter (378)
[2018.11.02-21.01.42:734][406]LogModuleManager: Shutting down and abandoning module AndroidPermission (376)
[2018.11.02-21.01.42:734][406]LogModuleManager: Shutting down and abandoning module NUTUnrealEngine4 (374)
[2018.11.02-21.01.42:734][406]LogModuleManager: Shutting down and abandoning module NetcodeUnitTest (372)
[2018.11.02-21.01.42:734][406]LogModuleManager: Shutting down and abandoning module MediaCompositingEditor (370)
[2018.11.02-21.01.42:734][406]LogModuleManager: Shutting down and abandoning module MediaCompositing (368)
[2018.11.02-21.01.42:735][406]LogModuleManager: Shutting down and abandoning module LinearTimecode (366)
[2018.11.02-21.01.42:735][406]LogModuleManager: Shutting down and abandoning module ImgMedia (364)
[2018.11.02-21.01.42:738][406]LogModuleManager: Shutting down and abandoning module HTML5Networking (362)
[2018.11.02-21.01.42:738][406]LogModuleManager: Shutting down and abandoning module GeometryCacheTracks (360)
[2018.11.02-21.01.42:738][406]LogModuleManager: Shutting down and abandoning module GeometryCacheSequencer (358)
[2018.11.02-21.01.42:738][406]LogModuleManager: Shutting down and abandoning module BackChannel (356)
[2018.11.02-21.01.42:738][406]LogModuleManager: Shutting down and abandoning module AppleVision (354)
[2018.11.02-21.01.42:738][406]LogModuleManager: Shutting down and abandoning module AppleImageUtils (352)
[2018.11.02-21.01.42:738][406]LogModuleManager: Shutting down and abandoning module AlembicImporter (350)
[2018.11.02-21.01.42:738][406]LogModuleManager: Shutting down and abandoning module AlembicLibrary (349)
[2018.11.02-21.01.42:738][406]LogModuleManager: Shutting down and abandoning module GeometryCache (348)
[2018.11.02-21.01.42:738][406]LogModuleManager: Shutting down and abandoning module GeometryCacheEd (347)
[2018.11.02-21.01.42:738][406]LogModuleManager: Shutting down and abandoning module DatasmithContentEditor (342)
[2018.11.02-21.01.42:738][406]LogModuleManager: Shutting down and abandoning module DatasmithContent (340)
[2018.11.02-21.01.42:738][406]LogModuleManager: Shutting down and abandoning module SpeedTreeImporter (338)
[2018.11.02-21.01.42:738][406]LogModuleManager: Shutting down and abandoning module PluginBrowser (336)
[2018.11.02-21.01.42:738][406]LogModuleManager: Shutting down and abandoning module MobileLauncherProfileWizard (334)
[2018.11.02-21.01.42:738][406]LogModuleManager: Shutting down and abandoning module PolygonModeling (332)
[2018.11.02-21.01.42:738][406]LogModuleManager: Shutting down and abandoning module MeshEditor (330)
[2018.11.02-21.01.42:739][406]LogModuleManager: Shutting down and abandoning module CryptoKeysOpenSSL (328)
[2018.11.02-21.01.42:739][406]LogModuleManager: Shutting down and abandoning module CryptoKeys (326)
[2018.11.02-21.01.42:739][406]LogModuleManager: Shutting down and abandoning module VisualStudioSourceCodeAccess (324)
[2018.11.02-21.01.42:739][406]LogModuleManager: Shutting down and abandoning module VisualStudioCodeSourceCodeAccess (322)
[2018.11.02-21.01.42:739][406]LogModuleManager: Shutting down and abandoning module UObjectPlugin (320)
[2018.11.02-21.01.42:739][406]LogModuleManager: Shutting down and abandoning module SubversionSourceControl (318)
[2018.11.02-21.01.42:739][406]LogModuleManager: Shutting down and abandoning module PerforceSourceControl (316)
[2018.11.02-21.01.42:739][406]LogModuleManager: Shutting down and abandoning module GitSourceControl (314)
[2018.11.02-21.01.42:739][406]LogModuleManager: Shutting down and abandoning module SourceControl (313)
[2018.11.02-21.01.42:739][406]LogModuleManager: Shutting down and abandoning module CLionSourceCodeAccess (310)
[2018.11.02-21.01.42:739][406]LogModuleManager: Shutting down and abandoning module LightPropagationVolumeEditor (308)
[2018.11.02-21.01.42:739][406]LogModuleManager: Shutting down and abandoning module PaperTiledImporter (306)
[2018.11.02-21.01.42:739][406]LogModuleManager: Shutting down and abandoning module PaperSpriteSheetImporter (304)
[2018.11.02-21.01.42:739][406]LogModuleManager: Shutting down and abandoning module Paper2DEditor (302)
[2018.11.02-21.01.42:739][406]LogModuleManager: Shutting down and abandoning module MeshPaint (301)
[2018.11.02-21.01.42:739][406]LogModuleManager: Shutting down and abandoning module RuntimePhysXCooking (298)
[2018.11.02-21.01.42:739][406]LogModuleManager: Shutting down and abandoning module PhysXVehiclesEditor (296)
[2018.11.02-21.01.42:739][406]LogModuleManager: Shutting down and abandoning module PhysXVehicles (294)
[2018.11.02-21.01.42:739][406]LogModuleManager: Shutting down and abandoning module OculusEditor (292)
[2018.11.02-21.01.42:739][406]LogModuleManager: Shutting down and abandoning module LocationServicesBPLibrary (290)
[2018.11.02-21.01.42:739][406]LogModuleManager: Shutting down and abandoning module ImmediatePhysicsEditor (288)
[2018.11.02-21.01.42:739][406]LogModuleManager: Shutting down and abandoning module ImmediatePhysics (286)
[2018.11.02-21.01.42:739][406]LogModuleManager: Shutting down and abandoning module ActorSequence (284)
[2018.11.02-21.01.42:739][406]LogModuleManager: Shutting down and abandoning module UdpMessaging (282)
[2018.11.02-21.01.42:840][406]LogModuleManager: Shutting down and abandoning module TcpMessaging (280)
[2018.11.02-21.01.42:941][406]LogModuleManager: Shutting down and abandoning module MagicLeapAudio (278)
[2018.11.02-21.01.42:941][406]LogModuleManager: Shutting down and abandoning module GameplayTagsEditor (276)
[2018.11.02-21.01.42:941][406]LogModuleManager: Shutting down and abandoning module FacialAnimationEditor (274)
[2018.11.02-21.01.42:941][406]LogModuleManager: Shutting down and abandoning module FacialAnimation (272)
[2018.11.02-21.01.42:941][406]LogModuleManager: Shutting down and abandoning module DataValidation (270)
[2018.11.02-21.01.42:941][406]LogModuleManager: Shutting down and abandoning module AssetManagerEditor (268)
[2018.11.02-21.01.42:941][406]LogModuleManager: Shutting down and abandoning module LevelEditor (267)
[2018.11.02-21.01.42:942][406]LogModuleManager: Shutting down and abandoning module PixelInspectorModule (266)
[2018.11.02-21.01.42:942][406]LogModuleManager: Shutting down and abandoning module CommonMenuExtensions (264)
[2018.11.02-21.01.42:942][406]LogModuleManager: Shutting down and abandoning module MainFrame (262)
[2018.11.02-21.01.42:942][406]LogModuleManager: Shutting down and abandoning module HotReload (261)
[2018.11.02-21.01.42:942][406]LogModuleManager: Shutting down and abandoning module ContentBrowser (257)
[2018.11.02-21.01.42:943][406]LogModuleManager: Shutting down and abandoning module TreeMap (255)
[2018.11.02-21.01.42:943][406]LogModuleManager: Shutting down and abandoning module LightPropagationVolumeRuntime (252)
[2018.11.02-21.01.42:943][406]LogModuleManager: Shutting down and abandoning module AISupportModule (250)
[2018.11.02-21.01.42:943][406]LogModuleManager: Shutting down and abandoning module Paper2D (248)
[2018.11.02-21.01.42:943][406]LogModuleManager: Shutting down and abandoning module WindowsMoviePlayer (246)
[2018.11.02-21.01.42:943][406]LogModuleManager: Shutting down and abandoning module WmfMedia (244)
[2018.11.02-21.01.42:945][406]LogModuleManager: Shutting down and abandoning module Media (243)
[2018.11.02-21.01.42:952][406]LogModuleManager: Shutting down and abandoning module PacketHandler (240)
[2018.11.02-21.01.42:952][406]LogModuleManager: Shutting down and abandoning module ClothingSystemEditor (238)
[2018.11.02-21.01.42:952][406]LogModuleManager: Shutting down and abandoning module ClothingSystemRuntime (236)
[2018.11.02-21.01.42:952][406]LogModuleManager: Shutting down and abandoning module MediaAssets (234)
[2018.11.02-21.01.42:952][406]LogModuleManager: Shutting down and abandoning module Overlay (232)
[2018.11.02-21.01.42:952][406]LogModuleManager: Shutting down and abandoning module OverlayEditor (231)
[2018.11.02-21.01.42:952][406]LogModuleManager: Shutting down and abandoning module VREditor (228)
[2018.11.02-21.01.42:952][406]LogModuleManager: Shutting down and abandoning module StringTableEditor (226)
[2018.11.02-21.01.42:952][406]LogModuleManager: Shutting down and abandoning module GameplayTasksEditor (224)
[2018.11.02-21.01.42:952][406]LogModuleManager: Shutting down and abandoning module BehaviorTreeEditor (222)
[2018.11.02-21.01.42:952][406]LogModuleManager: Shutting down and abandoning module FunctionalTesting (220)
[2018.11.02-21.01.42:952][406]LogModuleManager: Shutting down and abandoning module CollisionAnalyzer (218)
[2018.11.02-21.01.42:952][406]LogModuleManager: Shutting down and abandoning module WorkspaceMenuStructure (217)
[2018.11.02-21.01.42:952][406]LogModuleManager: Shutting down and abandoning module UMG (214)
[2018.11.02-21.01.42:952][406]LogModuleManager: Shutting down and abandoning module UMGEditor (213)
[2018.11.02-21.01.42:952][406]LogModuleManager: Shutting down and abandoning module Sequencer (212)
[2018.11.02-21.01.42:952][406]LogModuleManager: Shutting down and abandoning module MessageLog (209)
[2018.11.02-21.01.42:952][406]LogModuleManager: Shutting down and abandoning module SlateReflector (204)
[2018.11.02-21.01.42:952][406]LogModuleManager: Shutting down and abandoning module Slate (202)
[2018.11.02-21.01.42:952][406]LogModuleManager: Shutting down and abandoning module EditorStyle (200)
[2018.11.02-21.01.42:953][406]LogModuleManager: Shutting down and abandoning module MRMesh (198)
[2018.11.02-21.01.42:953][406]LogModuleManager: Shutting down and abandoning module SourceCodeAccess (196)
[2018.11.02-21.01.42:953][406]LogModuleManager: Shutting down and abandoning module HeadMountedDisplay (194)
[2018.11.02-21.01.42:953][406]LogModuleManager: Shutting down and abandoning module XAudio2 (192)
[2018.11.02-21.01.42:954][406]LogModuleManager: Shutting down and abandoning module Networking (190)
[2018.11.02-21.01.42:954][406]LogModuleManager: Shutting down and abandoning module Core (188)
[2018.11.02-21.01.42:954][406]LogModuleManager: Shutting down and abandoning module LevelSequence (186)
[2018.11.02-21.01.42:954][406]LogModuleManager: Shutting down and abandoning module KismetCompiler (184)
[2018.11.02-21.01.42:954][406]LogModuleManager: Shutting down and abandoning module MeshUtilities (182)
[2018.11.02-21.01.42:954][406]LogModuleManager: Shutting down and abandoning module MeshMergeUtilities (181)
[2018.11.02-21.01.42:954][406]LogModuleManager: Shutting down and abandoning module MeshReductionInterface (180)
[2018.11.02-21.01.42:954][406]LogModuleManager: Shutting down and abandoning module SimplygonSwarm (179)
[2018.11.02-21.01.42:954][406]LogModuleManager: Shutting down and abandoning module ProxyLODMeshReduction (177)
[2018.11.02-21.01.42:954][406]LogModuleManager: Shutting down and abandoning module SimplygonMeshReduction (175)
[2018.11.02-21.01.42:954][406]LogModuleManager: Shutting down and abandoning module QuadricMeshReduction (173)
[2018.11.02-21.01.42:954][406]LogModuleManager: Shutting down and abandoning module MaterialBaking (169)
[2018.11.02-21.01.42:954][406]LogModuleManager: Shutting down and abandoning module DirectoryWatcher (165)
[2018.11.02-21.01.42:954][406]LogModuleManager: Shutting down and abandoning module DerivedDataCache (162)
[2018.11.02-21.01.42:996][406]LogDerivedDataCache: Shutdown
[2018.11.02-21.01.42:996][406]LogModuleManager: Shutting down and abandoning module XGEController (160)
[2018.11.02-21.01.42:996][406]LogModuleManager: Shutting down and abandoning module TargetPlatform (158)
[2018.11.02-21.01.42:996][406]LogModuleManager: Shutting down and abandoning module VulkanShaderFormat (157)
[2018.11.02-21.01.42:996][406]LogModuleManager: Shutting down and abandoning module ShaderFormatVectorVM (155)
[2018.11.02-21.01.42:996][406]LogModuleManager: Shutting down and abandoning module ShaderFormatOpenGL (153)
[2018.11.02-21.01.42:996][406]LogModuleManager: Shutting down and abandoning module ShaderFormatD3D (151)
[2018.11.02-21.01.42:997][406]LogModuleManager: Shutting down and abandoning module MetalShaderFormat (149)
[2018.11.02-21.01.42:997][406]LogModuleManager: Shutting down and abandoning module TextureFormatUncompressed (147)
[2018.11.02-21.01.42:997][406]LogModuleManager: Shutting down and abandoning module TextureFormatPVR (145)
[2018.11.02-21.01.42:997][406]LogModuleManager: Shutting down and abandoning module TextureFormatDXT (143)
[2018.11.02-21.01.42:997][406]LogModuleManager: Shutting down and abandoning module TextureFormatIntelISPCTexComp (141)
[2018.11.02-21.01.42:997][406]LogModuleManager: Shutting down and abandoning module TextureFormatASTC (139)
[2018.11.02-21.01.42:997][406]LogModuleManager: Shutting down and abandoning module ImageWrapper (138)
[2018.11.02-21.01.42:997][406]LogModuleManager: Shutting down and abandoning module TextureFormatAndroid (135)
[2018.11.02-21.01.42:997][406]LogModuleManager: Shutting down and abandoning module AudioFormatOpus (133)
[2018.11.02-21.01.42:997][406]LogModuleManager: Shutting down and abandoning module AudioFormatOgg (131)
[2018.11.02-21.01.42:997][406]LogModuleManager: Shutting down and abandoning module AudioFormatADPCM (129)
[2018.11.02-21.01.42:997][406]LogModuleManager: Shutting down and abandoning module LuminTargetPlatform (127)
[2018.11.02-21.01.42:997][406]LogModuleManager: Shutting down and abandoning module LinuxTargetPlatform (125)
[2018.11.02-21.01.42:997][406]LogModuleManager: Shutting down and abandoning module LinuxServerTargetPlatform (123)
[2018.11.02-21.01.42:997][406]LogModuleManager: Shutting down and abandoning module LinuxNoEditorTargetPlatform (121)
[2018.11.02-21.01.42:997][406]LogModuleManager: Shutting down and abandoning module LinuxClientTargetPlatform (119)
[2018.11.02-21.01.42:997][406]LogModuleManager: Shutting down and abandoning module TVOSTargetPlatform (117)
[2018.11.02-21.01.42:998][406]LogModuleManager: Shutting down and abandoning module Messaging (115)
[2018.11.02-21.01.42:998][406]LogModuleManager: Shutting down and abandoning module IOSTargetPlatform (113)
[2018.11.02-21.01.42:998][406]LogModuleManager: Shutting down and abandoning module HTML5TargetPlatform (111)
[2018.11.02-21.01.42:998][406]LogModuleManager: Shutting down and abandoning module AndroidTargetPlatform (109)
[2018.11.02-21.01.43:003][406]LogModuleManager: Shutting down and abandoning module WindowsTargetPlatform (107)
[2018.11.02-21.01.43:003][406]LogModuleManager: Shutting down and abandoning module WindowsServerTargetPlatform (105)
[2018.11.02-21.01.43:003][406]LogModuleManager: Shutting down and abandoning module WindowsNoEditorTargetPlatform (103)
[2018.11.02-21.01.43:003][406]LogModuleManager: Shutting down and abandoning module WindowsClientTargetPlatform (101)
[2018.11.02-21.01.43:003][406]LogModuleManager: Shutting down and abandoning module MacTargetPlatform (99)
[2018.11.02-21.01.43:003][406]LogModuleManager: Shutting down and abandoning module MacServerTargetPlatform (97)
[2018.11.02-21.01.43:003][406]LogModuleManager: Shutting down and abandoning module MacNoEditorTargetPlatform (95)
[2018.11.02-21.01.43:003][406]LogModuleManager: Shutting down and abandoning module MacClientTargetPlatform (93)
[2018.11.02-21.01.43:003][406]LogModuleManager: Shutting down and abandoning module AllDesktopTargetPlatform (91)
[2018.11.02-21.01.43:003][406]LogModuleManager: Shutting down and abandoning module InputCore (88)
[2018.11.02-21.01.43:003][406]LogModuleManager: Shutting down and abandoning module Settings (86)
[2018.11.02-21.01.43:003][406]LogModuleManager: Shutting down and abandoning module PhysXCooking (84)
[2018.11.02-21.01.43:003][406]LogModuleManager: Shutting down and abandoning module SteamVR (82)
[2018.11.02-21.01.43:003][406]LogModuleManager: Shutting down and abandoning module OculusHMD (80)
[2018.11.02-21.01.43:003][406]LogModuleManager: Shutting down and abandoning module ExampleDeviceProfileSelector (78)
[2018.11.02-21.01.43:003][406]LogModuleManager: Shutting down and abandoning module LauncherChunkInstaller (76)
[2018.11.02-21.01.43:003][406]LogModuleManager: Shutting down and abandoning module OnlineBlueprintSupport (74)
[2018.11.02-21.01.43:003][406]LogModuleManager: Shutting down and abandoning module OnlineSubsystem (70)
[2018.11.02-21.01.43:004][406]LogModuleManager: Shutting down and abandoning module XMPP (65)
[2018.11.02-21.01.43:004][406]LogModuleManager: Shutting down and abandoning module WebSockets (64)
[2018.11.02-21.01.43:038][406]LogModuleManager: Shutting down and abandoning module HTTP (61)
[2018.11.02-21.01.43:038][406]LogHttp: Display: Http module shutting down, but needs to wait on 1 outstanding Http requests:
[2018.11.02-21.01.43:038][406]LogHttp: Display: 	verb=[POST] url=[https://datarouter.ol.epicgames.com/datarouter/api/v1/public/data?SessionID=%7B9F67E0FC-4AB2-BD17-8533-7F8EDADCB0F5%7D&AppID=UEEditor.Rocket.Release&AppVersion=4.20.3-4369336%2B%2B%2BUE4%2BRelease-4.20&UserID=7cba84d44a7c5de30db61f94b7e604cc%7C21475b03444f4d25a6be0bef5d24da06%7C031284f4-b47e-4c7f-8eb9-e6f956823efd&AppEnvironment=datacollector-binary&UploadType=eteventstream] status=Processing
[2018.11.02-21.01.43:073][406]LogModuleManager: Shutting down and abandoning module SSL (60)
[2018.11.02-21.01.43:074][406]LogModuleManager: Shutting down and abandoning module MagicLeapEmulator (56)
[2018.11.02-21.01.43:075][406]LogModuleManager: Shutting down and abandoning module MagicLeapPrivileges (54)
[2018.11.02-21.01.43:075][406]LogModuleManager: Shutting down and abandoning module MagicLeapIdentity (52)
[2018.11.02-21.01.43:075][406]LogModuleManager: Shutting down and abandoning module MagicLeapHelperVulkan (50)
[2018.11.02-21.01.43:075][406]LogModuleManager: Shutting down and abandoning module MagicLeapHelperOpenGL (48)
[2018.11.02-21.01.43:075][406]LogModuleManager: Shutting down and abandoning module MagicLeapSecureStorage (46)
[2018.11.02-21.01.43:075][406]LogModuleManager: Shutting down and abandoning module MagicLeapGestures (44)
[2018.11.02-21.01.43:075][406]LogModuleManager: Shutting down and abandoning module MagicLeapEyeTracker (42)
[2018.11.02-21.01.43:075][406]LogModuleManager: Shutting down and abandoning module MagicLeapController (40)
[2018.11.02-21.01.43:075][406]LogSlate: Slate User Destroyed.  User Index 0, Is Virtual User: 0
[2018.11.02-21.01.43:075][406]LogModuleManager: Shutting down and abandoning module MagicLeap (38)
[2018.11.02-21.01.43:075][406]LogModuleManager: Shutting down and abandoning module AnimationModifiers (36)
[2018.11.02-21.01.43:075][406]LogModuleManager: Shutting down and abandoning module PropertyEditor (35)
[2018.11.02-21.01.43:075][406]LogModuleManager: Shutting down and abandoning module AudioEditor (32)
[2018.11.02-21.01.43:075][406]LogModuleManager: Shutting down and abandoning module TextureCompressor (30)
[2018.11.02-21.01.43:075][406]LogModuleManager: Shutting down and abandoning module ShaderCore (28)
[2018.11.02-21.01.43:075][406]LogModuleManager: Shutting down and abandoning module Landscape (26)
[2018.11.02-21.01.43:075][406]LogModuleManager: Shutting down and abandoning module SlateRHIRenderer (24)
[2018.11.02-21.01.43:076][406]LogModuleManager: Shutting down and abandoning module OpenGLDrv (22)
[2018.11.02-21.01.43:076][406]LogModuleManager: Shutting down and abandoning module D3D11RHI (20)
[2018.11.02-21.01.43:076][406]LogModuleManager: Shutting down and abandoning module AnimGraphRuntime (18)
[2018.11.02-21.01.43:076][406]LogModuleManager: Shutting down and abandoning module Renderer (16)
[2018.11.02-21.01.43:076][406]LogModuleManager: Shutting down and abandoning module Engine (14)
[2018.11.02-21.01.43:076][406]LogModuleManager: Shutting down and abandoning module CoreUObject (12)
[2018.11.02-21.01.43:076][406]LogModuleManager: Shutting down and abandoning module NetworkFile (10)
[2018.11.02-21.01.43:076][406]LogModuleManager: Shutting down and abandoning module CookedIterativeFile (8)
[2018.11.02-21.01.43:076][406]LogModuleManager: Shutting down and abandoning module StreamingFile (6)
[2018.11.02-21.01.43:076][406]LogModuleManager: Shutting down and abandoning module SandboxFile (4)
[2018.11.02-21.01.43:076][406]LogModuleManager: Shutting down and abandoning module PakFile (2)
[2018.11.02-21.01.43:083][406]LogExit: Exiting.
[2018.11.02-21.01.43:101][406]Log file closed, 11/02/18 21:01:43
