Log file open, 01/31/19 00:30:36
LogWindows: Failed to load 'aqProf.dll' (GetLastError=126)
LogWindows: File 'aqProf.dll' does not exist
LogWindows: Failed to load 'VSPerf140.dll' (GetLastError=126)
LogWindows: File 'VSPerf140.dll' does not exist
LogWindows: Failed to load 'VtuneApi.dll' (GetLastError=126)
LogWindows: File 'VtuneApi.dll' does not exist
LogWindows: Failed to load 'VtuneApi32e.dll' (GetLastError=126)
LogWindows: File 'VtuneApi32e.dll' does not exist
LogInit: Display: Running engine for game: Flamingo_O_O_OOO
LogPlatformFile: Not using cached read wrapper
LogTaskGraph: Started task graph with 5 named threads and 23 total threads with 3 sets of task threads.
LogStats: Stats thread started at 0.284218
LogD3D11RHI: Loaded GFSDK_Aftermath_Lib.x64.dll
LogICUInternationalization: Display: ICU TimeZone Detection - Raw Offset: +0:00, Platform Override: ''
LogPluginManager: Mounting plugin Paper2D
LogPluginManager: Mounting plugin AISupport
LogPluginManager: Mounting plugin LightPropagationVolume
LogPluginManager: Mounting plugin CLionSourceCodeAccess
LogPluginManager: Mounting plugin CodeLiteSourceCodeAccess
LogPluginManager: Mounting plugin GitSourceControl
LogPluginManager: Mounting plugin KDevelopSourceCodeAccess
LogPluginManager: Mounting plugin NullSourceCodeAccess
LogPluginManager: Mounting plugin PerforceSourceControl
LogPluginManager: Mounting plugin SubversionSourceControl
LogPluginManager: Mounting plugin UObjectPlugin
LogPluginManager: Mounting plugin VisualStudioCodeSourceCodeAccess
LogPluginManager: Mounting plugin VisualStudioSourceCodeAccess
LogPluginManager: Mounting plugin XCodeSourceCodeAccess
LogPluginManager: Mounting plugin AssetManagerEditor
LogPluginManager: Mounting plugin CryptoKeys
LogPluginManager: Mounting plugin DataValidation
LogPluginManager: Mounting plugin FacialAnimation
LogPluginManager: Mounting plugin GameplayTagsEditor
LogPluginManager: Mounting plugin MacGraphicsSwitching
LogPluginManager: Mounting plugin MeshEditor
LogPluginManager: Mounting plugin MobileLauncherProfileWizard
LogPluginManager: Mounting plugin PluginBrowser
LogPluginManager: Mounting plugin SpeedTreeImporter
LogPluginManager: Mounting plugin DatasmithContent
LogPluginManager: Mounting plugin AlembicImporter
LogPluginManager: Mounting plugin AppleImageUtils
LogPluginManager: Mounting plugin AppleVision
LogPluginManager: Mounting plugin BackChannel
LogPluginManager: Mounting plugin CharacterAI
LogPluginManager: Mounting plugin GeometryCache
LogPluginManager: Mounting plugin HTML5Networking
LogPluginManager: Mounting plugin ProxyLODPlugin
LogPluginManager: Mounting plugin MagicLeap
LogPluginManager: Mounting plugin MagicLeapEmulator
LogPluginManager: Mounting plugin MagicLeapMedia
LogPluginManager: Mounting plugin InputBuffer
LogPluginManager: Mounting plugin AndroidMedia
LogPluginManager: Mounting plugin AvfMedia
LogPluginManager: Mounting plugin ImgMedia
LogPluginManager: Mounting plugin LinearTimecode
LogPluginManager: Mounting plugin MediaCompositing
LogPluginManager: Mounting plugin MediaPlayerEditor
LogPluginManager: Mounting plugin WmfMedia
LogPluginManager: Mounting plugin TcpMessaging
LogPluginManager: Mounting plugin UdpMessaging
LogPluginManager: Mounting plugin ActorSequence
LogPluginManager: Mounting plugin LevelSequenceEditor
LogPluginManager: Mounting plugin MatineeToLevelSequence
LogPluginManager: Mounting plugin NetcodeUnitTest
LogPluginManager: Mounting plugin NUTUnrealEngine4
LogPluginManager: Mounting plugin OnlineSubsystemGooglePlay
LogPluginManager: Mounting plugin OnlineSubsystemIOS
LogPluginManager: Mounting plugin OnlineSubsystem
LogPluginManager: Mounting plugin OnlineSubsystemNull
LogPluginManager: Mounting plugin OnlineSubsystemUtils
LogPluginManager: Mounting plugin LauncherChunkInstaller
LogPluginManager: Mounting plugin AndroidDeviceProfileSelector
LogPluginManager: Mounting plugin AndroidMoviePlayer
LogPluginManager: Mounting plugin AndroidPermission
LogPluginManager: Mounting plugin AppleMoviePlayer
LogPluginManager: Mounting plugin ArchVisCharacter
LogPluginManager: Mounting plugin AudioCapture
LogPluginManager: Mounting plugin CableComponent
LogPluginManager: Mounting plugin CustomMeshComponent
LogPluginManager: Mounting plugin EditableMesh
LogPluginManager: Mounting plugin ExampleDeviceProfileSelector
LogPluginManager: Mounting plugin GoogleCloudMessaging
LogPluginManager: Mounting plugin ImmediatePhysics
LogPluginManager: Mounting plugin IOSDeviceProfileSelector
LogPluginManager: Mounting plugin LinuxDeviceProfileSelector
LogPluginManager: Mounting plugin LocationServicesBPLibrary
LogPluginManager: Mounting plugin MobilePatchingUtils
LogPluginManager: Mounting plugin OculusVR
LogPluginManager: Plugin shader directory ../../../Engine/Plugins/Runtime/Oculus/OculusVR/Shaders found
LogPluginManager: Mapping shader source directory ../../../Engine/Plugins/Runtime/Oculus/OculusVR/Shaders to virtual directory /Plugin/OculusVR
LogPluginManager: Mounting plugin PhysXVehicles
LogPluginManager: Mounting plugin ProceduralMeshComponent
LogPluginManager: Mounting plugin RuntimePhysXCooking
LogPluginManager: Mounting plugin SteamVR
LogPluginManager: Mounting plugin WindowsMoviePlayer
LogStreaming: Display: Took  0.284s to configure plugins.
LogInit: Using libcurl 7.55.1-DEV
LogInit:  - built for x86_64-pc-win32
LogInit:  - supports SSL with OpenSSL/1.0.2h
LogInit:  - supports HTTP deflate (compression) using libz 1.2.8
LogInit:  - other features:
LogInit:      CURL_VERSION_SSL
LogInit:      CURL_VERSION_LIBZ
LogInit:      CURL_VERSION_IPV6
LogInit:      CURL_VERSION_ASYNCHDNS
LogInit:      CURL_VERSION_LARGEFILE
LogInit:      CURL_VERSION_IDN
LogInit:  CurlRequestOptions (configurable via config and command line):
LogInit:  - bVerifyPeer = false  - Libcurl will NOT verify peer certificate
LogInit:  - bUseHttpProxy = false  - Libcurl will NOT use HTTP proxy
LogInit:  - bDontReuseConnections = false  - Libcurl will reuse connections
LogInit:  - CertBundlePath = nullptr  - Libcurl will use whatever was configured at build time.
LogInit:  - MaxHostConnections = 16  - Libcurl will limit the number of connections to a host
LogInit:  - LocalHostAddr = Default
LogInit:  - BufferSize = 65536
LogInit: WinSock: version 1.1 (2.2), MaxSocks=32767, MaxUdp=65467
LogInit: Build: ++UE4+Release-4.20-CL-4369336
LogInit: Engine Version: 4.20.3-4369336+++UE4+Release-4.20
LogInit: Compatible Engine Version: 4.20.0-4212847+++UE4+Release-4.20
LogInit: Net CL: 4212847
LogInit: OS: Windows 10 (), CPU: Intel(R) Core(TM) i7-7700HQ CPU @ 2.80GHz, GPU: Intel(R) HD Graphics 630
LogInit: Compiled (64-bit): Sep 17 2018 12:26:19
LogInit: Compiled with Visual C++: 19.13.26129.00
LogInit: Build Configuration: Development
LogInit: Branch Name: ++UE4+Release-4.20
LogInit: Command Line: 
LogInit: Base Directory: C:/Program Files/Epic Games/UE_4.20/Engine/Binaries/Win64/
LogInit: Installed Engine Build: 1
LogDevObjectVersion: Number of dev versions registered: 20
LogDevObjectVersion:   Dev-Blueprints (B0D832E4-1F89-4F0D-ACCF-7EB736FD4AA2): 10
LogDevObjectVersion:   Dev-Build (E1C64328-A22C-4D53-A36C-8E866417BD8C): 0
LogDevObjectVersion:   Dev-Core (375EC13C-06E4-48FB-B500-84F0262A717E): 2
LogDevObjectVersion:   Dev-Editor (E4B068ED-F494-42E9-A231-DA0B2E46BB41): 24
LogDevObjectVersion:   Dev-Framework (CFFC743F-43B0-4480-9391-14DF171D2073): 34
LogDevObjectVersion:   Dev-Mobile (B02B49B5-BB20-44E9-A304-32B752E40360): 2
LogDevObjectVersion:   Dev-Networking (A4E4105C-59A1-49B5-A7C5-40C4547EDFEE): 0
LogDevObjectVersion:   Dev-Online (39C831C9-5AE6-47DC-9A44-9C173E1C8E7C): 0
LogDevObjectVersion:   Dev-Physics (78F01B33-EBEA-4F98-B9B4-84EACCB95AA2): 0
LogDevObjectVersion:   Dev-Platform (6631380F-2D4D-43E0-8009-CF276956A95A): 0
LogDevObjectVersion:   Dev-Rendering (12F88B9F-8875-4AFC-A67C-D90C383ABD29): 26
LogDevObjectVersion:   Dev-Sequencer (7B5AE74C-D270-4C10-A958-57980B212A5A): 9
LogDevObjectVersion:   Dev-VR (D7296918-1DD6-4BDD-9DE2-64A83CC13884): 2
LogDevObjectVersion:   Dev-LoadTimes (C2A15278-BFE7-4AFE-6C17-90FF531DF755): 1
LogDevObjectVersion:   Private-Geometry (6EACA3D4-40EC-4CC1-B786-8BED09428FC5): 3
LogDevObjectVersion:   Dev-AnimPhys (29E575DD-E0A3-4627-9D10-D276232CDCEA): 17
LogDevObjectVersion:   Dev-ReflectionCapture (6B266CEC-1EC7-4B8F-A30B-E4D90942FC07): 1
LogDevObjectVersion:   Dev-Automation (0DF73D61-A23F-47EA-B727-89E90C41499A): 1
LogDevObjectVersion:   FortniteMain (601D1886-AC64-4F84-AA16-D3DE0DEAC7D6): 12
LogDevObjectVersion:   Dev-Enterprise (9DFFBCD6-494F-0158-E221-12823C92A888): 1
LogStreaming: Display: Took  0.061s to delete old logs.
LogInit: Presizing for max 8388607 objects, including 0 objects not considered by GC, pre-allocating 0 bytes for permanent pool.
LogInit: Object subsystem initialized
[2019.01.31-00.30.37:306][  0]LogInit: Selected Device Profile: [Windows]
[2019.01.31-00.30.37:306][  0]LogInit: Applying CVar settings loaded from the selected device profile: [Windows]
[2019.01.31-00.30.37:350][  0]LogHAL: Display: Platform has ~ 8 GB [8459030528 / 8589934592 / 8], which maps to Default [LargestMinGB=32, LargerMinGB=12, DefaultMinGB=8, SmallerMinGB=6, SmallestMinGB=0)
[2019.01.31-00.30.37:350][  0]LogInit: Setting Device Profile CVar: [[r.Vulkan.UseRealUBs:1]]
[2019.01.31-00.30.37:350][  0]LogInit: Going up to parent DeviceProfile []
[2019.01.31-00.30.37:350][  0]LogInit: Computer: ALESSIO
[2019.01.31-00.30.37:350][  0]LogInit: User: aless
[2019.01.31-00.30.37:350][  0]LogInit: CPU Page size=4096, Cores=4
[2019.01.31-00.30.37:350][  0]LogInit: High frequency timer resolution =10.000000 MHz
[2019.01.31-00.30.37:350][  0]LogMemory: Memory total: Physical=7.9GB (8GB approx)
[2019.01.31-00.30.37:350][  0]LogMemory: Platform Memory Stats for Windows
[2019.01.31-00.30.37:350][  0]LogMemory: Process Physical Memory: 102.43 MB used, 102.43 MB peak
[2019.01.31-00.30.37:350][  0]LogMemory: Process Virtual Memory: 91.44 MB used, 91.44 MB peak
[2019.01.31-00.30.37:351][  0]LogMemory: Physical Memory: 4828.54 MB used,  3238.63 MB free, 8067.16 MB total
[2019.01.31-00.30.37:351][  0]LogMemory: Virtual Memory: 4628.50 MB used,  3238.63 MB free, 134217728.00 MB total
[2019.01.31-00.30.37:373][  0]LogInit: Using OS detected language (en-US).
[2019.01.31-00.30.37:373][  0]LogInit: Using OS detected locale (en-US).
[2019.01.31-00.30.37:374][  0]LogTextLocalizationManager: No specific localization for 'en-US' exists, so the 'en' localization will be used.
[2019.01.31-00.30.37:732][  0]LogStreaming: Display: Took  0.359s to InitEngineTextLocalization.
[2019.01.31-00.30.37:732][  0]LogInit: Setting process to per monitor DPI aware
[2019.01.31-00.30.37:793][  0]LogSlate: New Slate User Created.  User Index 0, Is Virtual User: 0
[2019.01.31-00.30.37:793][  0]LogSlate: Slate User Registered.  User Index 0, Is Virtual User: 0
[2019.01.31-00.30.38:154][  0]LogHMD: Failed to initialize OpenVR with code 110
[2019.01.31-00.30.38:154][  0]LogD3D11RHI: D3D11 adapters:
[2019.01.31-00.30.38:232][  0]LogD3D11RHI:    0. 'NVIDIA GeForce GTX 1050' (Feature Level 11_0)
[2019.01.31-00.30.38:232][  0]LogD3D11RHI:       4021/0/4033 MB DedicatedVideo/DedicatedSystem/SharedSystem, Outputs:1, VendorId:0x10de
[2019.01.31-00.30.38:247][  0]LogD3D11RHI:    1. 'Intel(R) HD Graphics 630' (Feature Level 11_0)
[2019.01.31-00.30.38:247][  0]LogD3D11RHI:       128/0/4033 MB DedicatedVideo/DedicatedSystem/SharedSystem, Outputs:0, VendorId:0x8086
[2019.01.31-00.30.38:249][  0]LogD3D11RHI:    2. 'Microsoft Basic Render Driver' (Feature Level 11_0)
[2019.01.31-00.30.38:249][  0]LogD3D11RHI:       0/0/4033 MB DedicatedVideo/DedicatedSystem/SharedSystem, Outputs:0, VendorId:0x1414
[2019.01.31-00.30.38:249][  0]LogD3D11RHI: Chosen D3D11 Adapter: 0
[2019.01.31-00.30.38:276][  0]LogD3D11RHI: Creating new Direct3DDevice
[2019.01.31-00.30.38:276][  0]LogD3D11RHI:     GPU DeviceId: 0x1c8d (for the marketing name, search the web for "GPU Device Id")
[2019.01.31-00.30.38:276][  0]LogWindows: EnumDisplayDevices:
[2019.01.31-00.30.38:277][  0]LogWindows:    0. 'Intel(R) HD Graphics 630' (P:1 D:1)
[2019.01.31-00.30.38:277][  0]LogWindows:    1. 'Intel(R) HD Graphics 630' (P:0 D:0)
[2019.01.31-00.30.38:277][  0]LogWindows:    2. 'Intel(R) HD Graphics 630' (P:0 D:0)
[2019.01.31-00.30.38:278][  0]LogWindows: DebugString: PrimaryIsNotTheChoosenAdapter PrimaryIsNotTheChoosenAdapter PrimaryIsNotTheChoosenAdapter FoundDriverCount:0 
[2019.01.31-00.30.38:278][  0]LogD3D11RHI:     Adapter Name: NVIDIA GeForce GTX 1050
[2019.01.31-00.30.38:278][  0]LogD3D11RHI:   Driver Version: Unknown (internal:Unknown, unified:Unknown)
[2019.01.31-00.30.38:278][  0]LogD3D11RHI:      Driver Date: Unknown
[2019.01.31-00.30.38:278][  0]LogRHI: Texture pool is 2814 MB (70% of 4021 MB)
[2019.01.31-00.30.38:323][  0]LogD3D11RHI: Async texture creation enabled
[2019.01.31-00.30.38:341][  0]LogD3D11RHI: GPU Timing Frequency: 1000.000000 (Debug: 2 2)
[2019.01.31-00.30.38:342][  0]LogShaderCompilers: Guid format shader working directory is -36 characters bigger than the processId version (../../../../../../Users/aless/Documents/GitHub/UnrealFinalProject/Flamingo_O_O_OOO/Intermediate/Shaders/WorkingDirectory/4196/).
[2019.01.31-00.30.38:342][  0]LogShaderCompilers: Cleaned the shader compiler working directory 'C:/Users/aless/AppData/Local/Temp/UnrealShaderWorkingDir/2DC10F3645D68C1D0EEB349D0DE8E40A/'.
[2019.01.31-00.30.38:890][  0]LogTemp: Display: Loaded TP AllDesktopTargetPlatform
[2019.01.31-00.30.38:904][  0]LogTemp: Display: Loaded TP MacClientTargetPlatform
[2019.01.31-00.30.38:919][  0]LogTemp: Display: Loaded TP MacNoEditorTargetPlatform
[2019.01.31-00.30.38:933][  0]LogTemp: Display: Loaded TP MacServerTargetPlatform
[2019.01.31-00.30.38:947][  0]LogTemp: Display: Loaded TP MacTargetPlatform
[2019.01.31-00.30.38:961][  0]LogTemp: Display: Loaded TP WindowsClientTargetPlatform
[2019.01.31-00.30.38:976][  0]LogTemp: Display: Loaded TP WindowsNoEditorTargetPlatform
[2019.01.31-00.30.38:991][  0]LogTemp: Display: Loaded TP WindowsServerTargetPlatform
[2019.01.31-00.30.38:999][  0]LogTemp: Display: Loaded TP WindowsTargetPlatform
[2019.01.31-00.30.39:081][  0]LogTemp: Display: Loaded TP AndroidTargetPlatform
[2019.01.31-00.30.39:081][  0]LogTemp: Display: Loaded TP AndroidTargetPlatform
[2019.01.31-00.30.39:081][  0]LogTemp: Display: Loaded TP AndroidTargetPlatform
[2019.01.31-00.30.39:081][  0]LogTemp: Display: Loaded TP AndroidTargetPlatform
[2019.01.31-00.30.39:081][  0]LogTemp: Display: Loaded TP AndroidTargetPlatform
[2019.01.31-00.30.39:081][  0]LogTemp: Display: Loaded TP AndroidTargetPlatform
[2019.01.31-00.30.39:081][  0]LogTemp: Display: Loaded TP AndroidTargetPlatform
[2019.01.31-00.30.39:082][  0]LogTemp: Display: Loaded TP AndroidTargetPlatform
[2019.01.31-00.30.39:082][  0]LogTemp: Display: Loaded TP AndroidTargetPlatform
[2019.01.31-00.30.39:082][  0]LogTemp: Display: Loaded TP AndroidTargetPlatform
[2019.01.31-00.30.39:082][  0]LogTemp: Display: Loaded TP AndroidTargetPlatform
[2019.01.31-00.30.39:082][  0]LogTemp: Display: Loaded TP AndroidTargetPlatform
[2019.01.31-00.30.39:082][  0]LogTemp: Display: Loaded TP AndroidTargetPlatform
[2019.01.31-00.30.39:082][  0]LogTemp: Display: Loaded TP AndroidTargetPlatform
[2019.01.31-00.30.39:082][  0]LogTemp: Display: Loaded TP AndroidTargetPlatform
[2019.01.31-00.30.39:082][  0]LogTemp: Display: Loaded TP AndroidTargetPlatform
[2019.01.31-00.30.39:082][  0]LogTemp: Display: Loaded TP AndroidTargetPlatform
[2019.01.31-00.30.39:082][  0]LogTemp: Display: Loaded TP AndroidTargetPlatform
[2019.01.31-00.30.39:083][  0]LogTemp: Display: Loaded TP HTML5TargetPlatform
[2019.01.31-00.30.39:146][  0]LogTemp: Display: Loaded TP IOSTargetPlatform
[2019.01.31-00.30.39:146][  0]LogTemp: Display: Loaded TP IOSTargetPlatform
[2019.01.31-00.30.39:168][  0]LogTemp: Display: Loaded TP TVOSTargetPlatform
[2019.01.31-00.30.39:169][  0]LogTemp: Display: Loaded TP TVOSTargetPlatform
[2019.01.31-00.30.39:181][  0]LogTemp: Display: Loaded TP LinuxClientTargetPlatform
[2019.01.31-00.30.39:195][  0]LogTemp: Display: Loaded TP LinuxNoEditorTargetPlatform
[2019.01.31-00.30.39:207][  0]LogTemp: Display: Loaded TP LinuxServerTargetPlatform
[2019.01.31-00.30.39:222][  0]LogTemp: Display: Loaded TP LinuxTargetPlatform
[2019.01.31-00.30.39:235][  0]LogTemp: Display: Loaded TP LuminTargetPlatform
[2019.01.31-00.30.39:235][  0]LogTargetPlatformManager: Display: Building Assets For Windows
[2019.01.31-00.30.39:310][  0]LogXGEController: Cannot use XGE Controller as Incredibuild is not installed on this machine.
[2019.01.31-00.30.39:310][  0]LogShaderCompilers: Cannot use XGE Shader Compiler as Incredibuild is not installed on this machine.
[2019.01.31-00.30.39:310][  0]LogShaderCompilers: Display: Using Local Shader Compiler.
[2019.01.31-00.30.40:106][  0]LogDerivedDataCache: Display: Max Cache Size: 512 MB
[2019.01.31-00.30.41:994][  0]LogDerivedDataCache: Loaded boot cache 1.89s 71MB C:/Users/aless/AppData/Local/UnrealEngine/4.20/DerivedDataCache/Boot.ddc.
[2019.01.31-00.30.41:994][  0]LogDerivedDataCache: Display: Loaded Boot cache: C:/Users/aless/AppData/Local/UnrealEngine/4.20/DerivedDataCache/Boot.ddc
[2019.01.31-00.30.41:994][  0]LogDerivedDataCache: FDerivedDataBackendGraph:  Pak pak cache file ../../../../../../Users/aless/Documents/GitHub/UnrealFinalProject/Flamingo_O_O_OOO/DerivedDataCache/DDC.ddp not found, will not use a pak cache.
[2019.01.31-00.30.41:994][  0]LogDerivedDataCache: Unable to find inner node Pak for hierarchical cache Hierarchy.
[2019.01.31-00.30.41:994][  0]LogDerivedDataCache: FDerivedDataBackendGraph:  CompressedPak pak cache file ../../../../../../Users/aless/Documents/GitHub/UnrealFinalProject/Flamingo_O_O_OOO/DerivedDataCache/Compressed.ddp not found, will not use a pak cache.
[2019.01.31-00.30.41:994][  0]LogDerivedDataCache: Unable to find inner node CompressedPak for hierarchical cache Hierarchy.
[2019.01.31-00.30.42:006][  0]LogDerivedDataCache: Display: Pak cache opened for reading ../../../Engine/DerivedDataCache/Compressed.ddp.
[2019.01.31-00.30.42:019][  0]LogDerivedDataCache: Using Local data cache path C:/Users/aless/AppData/Local/UnrealEngine/Common/DerivedDataCache: Writable
[2019.01.31-00.30.42:019][  0]LogDerivedDataCache: Shared data cache path not found in *engine.ini, will not use an Shared cache.
[2019.01.31-00.30.42:019][  0]LogDerivedDataCache: Unable to find inner node Shared for hierarchical cache Hierarchy.
[2019.01.31-00.30.42:037][  0]LogMaterial: Verifying Global Shaders for PCD3D_SM5
[2019.01.31-00.30.42:038][  0]LogSlate: Using FreeType 2.6.0
[2019.01.31-00.30.42:056][  0]LogSlate: SlateFontServices - WITH_FREETYPE: 1, WITH_HARFBUZZ: 1
[2019.01.31-00.30.44:514][  0]LogAssetRegistry: FAssetRegistry took 0.0259 seconds to start up
[2019.01.31-00.30.44:818][  0]LogInit: Selected Device Profile: [Windows]
[2019.01.31-00.30.44:956][  0]LogSimplygon: Simplygon DLL not present - disabling.
[2019.01.31-00.30.44:960][  0]LogMeshReduction: Using SimplygonSwarm for distributed automatic mesh merging
[2019.01.31-00.30.44:960][  0]LogMeshReduction: Using ProxyLODMeshReduction for automatic mesh merging
[2019.01.31-00.30.44:960][  0]LogMeshReduction: Using QuadricMeshReduction for automatic static mesh reduction
[2019.01.31-00.30.44:960][  0]LogMeshReduction: No automatic skeletal mesh reduction module available
[2019.01.31-00.30.44:978][  0]LogNetVersion: Flamingo_O_O_OOO 1.0.0, NetCL: 4212847, EngineNetVer: 5, GameNetVer: 0 (Checksum: 3041211453)
[2019.01.31-00.30.46:103][  0]LogPackageLocalizationCache: Processed 12 localized package path(s) for 2 prioritized culture(s) in 0.430048 seconds
[2019.01.31-00.30.46:110][  0]LogUObjectArray: 38425 objects as part of root set at end of initial load.
[2019.01.31-00.30.46:110][  0]LogUObjectAllocator: 6690872 out of 0 bytes used by permanent object pool.
[2019.01.31-00.30.46:110][  0]LogUObjectArray: CloseDisregardForGC: 0/0 objects in disregard for GC pool
[2019.01.31-00.31.28:064][  0]LogTcpMessaging: Initializing TcpMessaging bridge
[2019.01.31-00.31.28:078][  0]LogUdpMessaging: Initializing bridge on interface 0.0.0.0:0 to multicast group 230.0.0.1:6666.
[2019.01.31-00.31.28:871][  0]SourceControl: Source control is disabled
[2019.01.31-00.31.28:871][  0]SourceControl: Source control is disabled
[2019.01.31-00.31.28:872][  0]SourceControl: Source control is disabled
[2019.01.31-00.31.28:873][  0]SourceControl: Source control is disabled
[2019.01.31-00.31.29:292][  0]LogAndroidPermission: UAndroidPermissionCallbackProxy::GetInstance
[2019.01.31-00.31.29:352][  0]LogOcInput: OculusInput pre-init called
[2019.01.31-00.31.29:582][  0]LogEngine: Initializing Engine...
[2019.01.31-00.31.29:583][  0]LogHMD: Failed to initialize OpenVR with code 110
[2019.01.31-00.31.29:584][  0]LogStats: UGameplayTagsManager::ConstructGameplayTagTree: ImportINI prefixes -  0.000 s
[2019.01.31-00.31.29:584][  0]LogStats: UGameplayTagsManager::ConstructGameplayTagTree: Construct from data asset -  0.000 s
[2019.01.31-00.31.29:584][  0]LogStats: UGameplayTagsManager::ConstructGameplayTagTree: ImportINI -  0.000 s
[2019.01.31-00.31.29:584][  0]LogStats: UGameplayTagsManager::ConstructGameplayTagTree: GameplayTagTreeChangedEvent.Broadcast -  0.000 s
[2019.01.31-00.31.29:818][  0]LogInit: Initializing FReadOnlyCVARCache
[2019.01.31-00.31.29:837][  0]LogAIModule: Creating AISystem for world Untitled
[2019.01.31-00.31.29:915][  0]LogInit: XAudio2 using 'Speakers (Realtek High Definition Audio)' : 2 channels at 48 kHz using 32 bits per sample (channel mask 0x3)
[2019.01.31-00.31.29:977][  0]LogInit: FAudioDevice initialized.
[2019.01.31-00.31.29:977][  0]LogNetVersion: Set ProjectVersion to 1.0.0.0. Version Checksum will be recalculated on next use.
[2019.01.31-00.31.30:185][  0]LogDerivedDataCache: Saved boot cache 0.21s 71MB C:/Users/aless/AppData/Local/UnrealEngine/4.20/DerivedDataCache/Boot.ddc.
[2019.01.31-00.31.30:186][  0]LogInit: Texture streaming: Enabled
[2019.01.31-00.31.30:211][  0]LogEngineSessionManager: EngineSessionManager initialized
[2019.01.31-00.31.30:341][  0]LogInit: Transaction tracking system initialized
[2019.01.31-00.31.30:371][  0]BlueprintLog: New page: Editor Load
[2019.01.31-00.31.31:003][  0]LocalizationService: Localization service is disabled
[2019.01.31-00.31.32:932][  0]LogCook: Display: Max memory allowance for cook 16384mb min free memory 0mb
[2019.01.31-00.31.32:932][  0]LogCook: Display: Mobile HDR setting 1
[2019.01.31-00.31.33:033][  0]LogFileCache: Scanning file cache for directory 'C:/Users/aless/Documents/GitHub/UnrealFinalProject/Flamingo_O_O_OOO/Content/' took 0.05s
[2019.01.31-00.31.33:034][  0]LogGameplayTags: Display: UGameplayTagsManager::DoneAddingNativeTags. DelegateIsBound: 0
[2019.01.31-00.31.33:034][  0]LogStats: UGameplayTagsManager::ConstructGameplayTagTree: ImportINI prefixes -  0.000 s
[2019.01.31-00.31.33:034][  0]LogStats: UGameplayTagsManager::ConstructGameplayTagTree: Construct from data asset -  0.000 s
[2019.01.31-00.31.33:034][  0]LogStats: UGameplayTagsManager::ConstructGameplayTagTree: ImportINI -  0.000 s
[2019.01.31-00.31.33:034][  0]LogStats: UGameplayTagsManager::ConstructGameplayTagTree: GameplayTagTreeChangedEvent.Broadcast -  0.000 s
[2019.01.31-00.31.34:146][  0]SourceControl: Source control is disabled
[2019.01.31-00.31.34:146][  0]Cmd: MAP LOAD FILE="../../../../../../Users/aless/Documents/GitHub/UnrealFinalProject/Flamingo_O_O_OOO/Content/ThirdPersonBP/Maps/ThirdPersonExampleMap.umap" TEMPLATE=0 SHOWPROGRESS=1 FEATURELEVEL=3
[2019.01.31-00.31.34:147][  0]LightingResults: New page: Lighting Build
[2019.01.31-00.31.34:150][  0]MapCheck: New page: Map Check
[2019.01.31-00.31.34:150][  0]LightingResults: New page: Lighting Build
[2019.01.31-00.31.48:723][  0]LogAIModule: Creating AISystem for world ThirdPersonExampleMap
[2019.01.31-00.31.49:371][  0]LogEditorServer: Finished looking for orphan Actors (0.000 secs)
[2019.01.31-00.31.49:420][  0]Cmd: MAP CHECKDEP NOCLEARLOG
[2019.01.31-00.31.49:546][  0]MapCheck: Map check complete: 0 Error(s), 0 Warning(s), took 125.768ms to complete.
[2019.01.31-00.31.49:546][  0]LogFileHelpers: Loading map 'ThirdPersonExampleMap' took 15.400
[2019.01.31-00.31.50:837][  0]LogSlate: Updating window title bar state: overlay mode, drag disabled, window buttons hidden, title bar hidden
[2019.01.31-00.31.50:866][  0]LogSlate: Updating window title bar state: overlay mode, drag disabled, window buttons hidden, title bar hidden
[2019.01.31-00.31.50:874][  0]LogSlate: Updating window title bar state: overlay mode, drag disabled, window buttons hidden, title bar hidden
[2019.01.31-00.31.50:881][  0]LogSlate: Updating window title bar state: overlay mode, drag disabled, window buttons hidden, title bar hidden
[2019.01.31-00.31.51:052][  0]LogCollectionManager: Loaded 0 collections in 0.002406 seconds
[2019.01.31-00.31.51:249][  0]LogFileCache: Scanning file cache for directory 'C:/Users/aless/Documents/GitHub/UnrealFinalProject/Flamingo_O_O_OOO/Saved/Collections/' took 0.01s
[2019.01.31-00.31.51:249][  0]LogFileCache: Scanning file cache for directory 'C:/Users/aless/Documents/GitHub/UnrealFinalProject/Flamingo_O_O_OOO/Content/Developers/aless/Collections/' took 0.01s
[2019.01.31-00.31.51:249][  0]LogFileCache: Scanning file cache for directory 'C:/Users/aless/Documents/GitHub/UnrealFinalProject/Flamingo_O_O_OOO/Content/Collections/' took 0.01s
[2019.01.31-00.31.51:249][  0]LogCollectionManager: Rebuilt the GUID cache for 0 collections in 0.000000 seconds
[2019.01.31-00.31.51:268][  0]LogContentBrowser: Native class hierarchy populated in 0.0140 seconds. Added 2578 classes and 608 folders.
[2019.01.31-00.31.51:466][  0]LogContentBrowser: Native class hierarchy updated for 'WidgetCarousel' in 0.0003 seconds. Added 0 classes and 0 folders.
[2019.01.31-00.31.53:995][  0]LogContentBrowser: Native class hierarchy updated for 'AddContentDialog' in 0.0005 seconds. Added 0 classes and 0 folders.
[2019.01.31-00.31.54:716][  0]LogContentBrowser: Native class hierarchy updated for 'SceneOutliner' in 0.0005 seconds. Added 1 classes and 2 folders.
[2019.01.31-00.31.54:925][  0]LogSlate: Took 0.008933 seconds to synchronously load lazily loaded font '../../../Engine/Content/Slate/Fonts/Roboto-Regular.ttf' (155K)
[2019.01.31-00.31.54:939][  0]LogSlate: Took 0.008422 seconds to synchronously load lazily loaded font '../../../Engine/Content/Slate/Fonts/Roboto-Bold.ttf' (160K)
[2019.01.31-00.31.54:997][  0]LogSlate: Took 0.025411 seconds to synchronously load lazily loaded font '../../../Engine/Content/Editor/Slate/Fonts/FontAwesome.ttf' (139K)
[2019.01.31-00.31.56:676][  0]LogRenderer: Reallocating scene render targets to support 852x476 Format 9 NumSamples 1 (Frame:1).
[2019.01.31-00.31.57:154][  0]LogSlate: Took 0.016488 seconds to synchronously load lazily loaded font '../../../Engine/Content/Slate/Fonts/Roboto-Light.ttf' (167K)
[2019.01.31-00.31.57:467][  0]LogContentBrowser: Native class hierarchy updated for 'HierarchicalLODOutliner' in 0.0002 seconds. Added 0 classes and 0 folders.
[2019.01.31-00.31.57:467][  0]LogLoad: (Engine Initialization) Total time: 83.02 seconds
[2019.01.31-00.31.57:467][  0]LogLoad: (Engine Initialization) Total Blueprint compile time: 0.00 seconds
[2019.01.31-00.31.57:604][  0]LogSlate: FSceneViewport::OnFocusLost() reason 0
[2019.01.31-00.31.57:950][  0]LogContentStreaming: Texture pool size now 400 MB
[2019.01.31-00.31.58:201][  2]LogAssetRegistry: Asset discovery search completed in 73.7102 seconds
[2019.01.31-00.31.58:203][  2]LogCollectionManager: Rebuilt the object cache for 0 collections in 0.000000 seconds (found 0 objects)
[2019.01.31-00.31.58:203][  2]LogCollectionManager: Fixed up redirectors for 0 collections in 0.000048 seconds (updated 0 objects)
[2019.01.31-00.33.27:917][ 69]LogAnimationCompression: Building Anim DDC data for AnimSequence /Game/MixamoModelsAndAnimations/Animations/RetargetedAnims/FromMixamogreat_sword_slash.FromMixamogreat_sword_slash
[2019.01.31-00.33.27:944][ 69]LogAnimationCompression: Recompressing (AnimSequence /Game/MixamoModelsAndAnimations/Animations/RetargetedAnims/FromMixamogreat_sword_slash.FromMixamogreat_sword_slash) using current/default (AnimCompress_BitwiseCompressOnly_0) bFirstRecompressUsingCurrentOrDefault(1) bTryAlternateCompressor(0) IsCompressedDataValid(0)
[2019.01.31-00.33.28:050][ 69]LogSlate: Took 0.000300 seconds to synchronously load lazily loaded font '../../../Engine/Content/Slate/Fonts/Roboto-Light.ttf' (167K)
[2019.01.31-00.33.28:078][ 69]LogAssetEditorManager: Opening Asset editor for AnimSequence /Game/MixamoModelsAndAnimations/Animations/RetargetedAnims/FromMixamogreat_sword_slash.FromMixamogreat_sword_slash
[2019.01.31-00.33.28:250][ 69]LogContentBrowser: Native class hierarchy updated for 'SkeletonEditor' in 0.0004 seconds. Added 1 classes and 2 folders.
[2019.01.31-00.33.29:044][ 69]LogActorComponent: RegisterComponentWithWorld: (/Engine/Transient.World_7:PersistentLevel.AnimationEditorPreviewActor_0.DebugSkelMeshComponent_0) Already registered. Aborting.
[2019.01.31-00.33.29:120][ 69]LogContentBrowser: Native class hierarchy updated for 'PinnedCommandList' in 0.0003 seconds. Added 1 classes and 0 folders.
[2019.01.31-00.33.31:064][ 69]LogScript: Warning: Accessed None trying to read property PlayerRef
	IBWarrior_AnimBP_C /Engine/Transient.World_10:PersistentLevel.SkeletalMeshActor_0.SkeletalMeshComponent0.IBWarrior_AnimBP_C_0
	Function /Game/InfinityBladeWarriors/Animations/IBWarrior_AnimBP.IBWarrior_AnimBP_C:ExecuteUbergraph_IBWarrior_AnimBP:07A2
[2019.01.31-00.33.33:992][214]LogContentBrowser: Native class hierarchy updated for 'ClothingSystemEditorInterface' in 0.0004 seconds. Added 1 classes and 0 folders.
[2019.01.31-00.33.34:068][214]LogRenderer: Reallocating scene render targets to support 912x476 Format 9 NumSamples 1 (Frame:1).
[2019.01.31-00.33.34:140][214]LogContentBrowser: Verbose: The majority of assets in the view are of type: AnimSequence
[2019.01.31-00.33.36:434][335]LogSlate: Window 'FromMixamogreat_sword_slash' being destroyed
[2019.01.31-00.33.36:439][335]LogSlate: Window 'FromMixamogreat_sword_slash' being destroyed
[2019.01.31-00.33.38:047][409]LogAssetEditorManager: Opening Asset editor for AnimSequence /Game/MixamoModelsAndAnimations/Animations/RetargetedAnims/FromMixamogreat_sword_slash__2_.FromMixamogreat_sword_slash__2_
[2019.01.31-00.33.38:065][409]LogActorComponent: RegisterComponentWithWorld: (/Engine/Transient.World_12:PersistentLevel.AnimationEditorPreviewActor_0.DebugSkelMeshComponent_0) Already registered. Aborting.
[2019.01.31-00.33.38:515][409]LogContentBrowser: Verbose: The majority of assets in the view are of type: AnimSequence
[2019.01.31-00.33.52:381][ 31]LogSavePackage: Moving '../../../../../../Users/aless/Documents/GitHub/UnrealFinalProject/Flamingo_O_O_OOO/Saved/FromMixamogreat_sword_slash__2_C938C3D74FE508DB5DDDF38A1544B66D.tmp' to '../../../../../../Users/aless/Documents/GitHub/UnrealFinalProject/Flamingo_O_O_OOO/Content/MixamoModelsAndAnimations/Animations/RetargetedAnims/FromMixamogreat_sword_slash__2_.uasset'
[2019.01.31-00.35.37:968][918]LogSlate: FSceneViewport::OnFocusLost() reason 0
[2019.01.31-00.35.38:281][924]LogSavePackage: Moving '../../../../../../Users/aless/Documents/GitHub/UnrealFinalProject/Flamingo_O_O_OOO/Saved/FromMixamogreat_sword_slash__2_89CB677049D4A5A060AF0A9DC6BCF2D6.tmp' to '../../../../../../Users/aless/Documents/GitHub/UnrealFinalProject/Flamingo_O_O_OOO/Content/MixamoModelsAndAnimations/Animations/RetargetedAnims/FromMixamogreat_sword_slash__2_.uasset'
[2019.01.31-00.36.21:986][353]LogSavePackage: Moving '../../../../../../Users/aless/Documents/GitHub/UnrealFinalProject/Flamingo_O_O_OOO/Saved/ThirdPersonExampleMap68E1A05A4DD454016C4D83A74D7519C3.tmp' to '../../../../../../Users/aless/Documents/GitHub/UnrealFinalProject/Flamingo_O_O_OOO/Content/ThirdPersonBP/Maps/ThirdPersonExampleMap.umap'
[2019.01.31-00.36.58:777][698]LogSlate: Window 'FromMixamogreat_sword_slash__2_' being destroyed
[2019.01.31-00.36.58:786][698]LogSlate: Window 'FromMixamogreat_sword_slash__2_' being destroyed
[2019.01.31-00.38.11:554][941]LogSlate: FSceneViewport::OnFocusLost() reason 0
[2019.01.31-00.40.13:949][151]LogAssetEditorManager: Opening Asset editor for WidgetBlueprint /Game/UI/Main_UI.Main_UI
[2019.01.31-00.40.15:330][151]LogContentBrowser: Native class hierarchy updated for 'BlueprintGraph' in 0.0007 seconds. Added 116 classes and 0 folders.
[2019.01.31-00.40.17:357][151]LogSlate: Took 0.012759 seconds to synchronously load lazily loaded font '../../../Engine/Content/Slate/Fonts/Roboto-BoldCondensed.ttf' (158K)
[2019.01.31-00.40.32:663][919]LogTemp: Repeating last play command: New Editor Window (PIE)
[2019.01.31-00.40.32:752][919]LogBlueprintUserMessages: Early PlayInEditor Detection: Level '/Game/ThirdPersonBP/Maps/ThirdPersonExampleMap.ThirdPersonExampleMap:PersistentLevel' has LevelScriptBlueprint '/Game/ThirdPersonBP/Maps/ThirdPersonExampleMap.ThirdPersonExampleMap:PersistentLevel.ThirdPersonExampleMap' with GeneratedClass '/Game/ThirdPersonBP/Maps/ThirdPersonExampleMap.ThirdPersonExampleMap_C' with ClassGeneratedBy '/Game/ThirdPersonBP/Maps/ThirdPersonExampleMap.ThirdPersonExampleMap:PersistentLevel.ThirdPersonExampleMap'
[2019.01.31-00.40.32:770][919]LogPlayLevel: PlayLevel: No blueprints needed recompiling
[2019.01.31-00.40.32:875][919]PIE: New page: PIE session: ThirdPersonExampleMap (Jan 31, 2019, 12:40:32 AM)
[2019.01.31-00.40.32:875][919]LogPlayLevel: Creating play world package: /Game/ThirdPersonBP/Maps/UEDPIE_0_ThirdPersonExampleMap
[2019.01.31-00.40.32:925][919]LogPlayLevel: PIE: StaticDuplicateObject took: (0.049695s)
[2019.01.31-00.40.32:925][919]LogAIModule: Creating AISystem for world ThirdPersonExampleMap
[2019.01.31-00.40.32:948][919]LogPlayLevel: PIE: World Init took: (0.022450s)
[2019.01.31-00.40.32:948][919]LogPlayLevel: PIE: Created PIE world by copying editor world from /Game/ThirdPersonBP/Maps/ThirdPersonExampleMap.ThirdPersonExampleMap to /Game/ThirdPersonBP/Maps/UEDPIE_0_ThirdPersonExampleMap.ThirdPersonExampleMap (0.072407s)
[2019.01.31-00.40.33:079][919]LogInit: XAudio2 using 'Speakers (Realtek High Definition Audio)' : 2 channels at 48 kHz using 32 bits per sample (channel mask 0x3)
[2019.01.31-00.40.33:099][919]LogInit: FAudioDevice initialized.
[2019.01.31-00.40.33:156][919]LogSlate: Updating window title bar state: overlay mode, drag disabled, window buttons hidden, title bar hidden
[2019.01.31-00.40.33:325][919]LogLoad: Game class is 'ThirdPersonGameMode_C'
[2019.01.31-00.40.33:354][919]LogWorld: Bringing World /Game/ThirdPersonBP/Maps/UEDPIE_0_ThirdPersonExampleMap.ThirdPersonExampleMap up for play (max tick rate 60) at 2019.01.31-00.40.33
[2019.01.31-00.40.33:518][919]LogWorld: Bringing up level for play took: 0.192775
[2019.01.31-00.40.33:641][919]LogContentBrowser: Native class hierarchy updated for 'MovieSceneCapture' in 0.0005 seconds. Added 10 classes and 0 folders.
[2019.01.31-00.40.33:687][919]PIE: Play in editor start time for /Game/ThirdPersonBP/Maps/UEDPIE_0_ThirdPersonExampleMap 1.148
[2019.01.31-00.40.33:688][919]LogBlueprintUserMessages: Late PlayInEditor Detection: Level '/Game/ThirdPersonBP/Maps/ThirdPersonExampleMap.ThirdPersonExampleMap:PersistentLevel' has LevelScriptBlueprint '/Game/ThirdPersonBP/Maps/ThirdPersonExampleMap.ThirdPersonExampleMap:PersistentLevel.ThirdPersonExampleMap' with GeneratedClass '/Game/ThirdPersonBP/Maps/ThirdPersonExampleMap.ThirdPersonExampleMap_C' with ClassGeneratedBy '/Game/ThirdPersonBP/Maps/ThirdPersonExampleMap.ThirdPersonExampleMap:PersistentLevel.ThirdPersonExampleMap'
[2019.01.31-00.40.34:384][939]LogBlueprintUserMessages: [InputBufferController_C_0] [] [LightSwing] 
[2019.01.31-00.40.35:015][968]LogBlueprintUserMessages: [InputBufferController_C_0] [] [Forward] 
[2019.01.31-00.40.36:354][ 36]LogBlueprintUserMessages: [Enemybro_2] 65.0
[2019.01.31-00.40.36:903][ 65]LogBlueprintUserMessages: [Enemybro_2] 30.0
[2019.01.31-00.40.37:204][ 81]LogBlueprintUserMessages: [Enemybro_2] -5.0
[2019.01.31-00.40.39:256][191]LogBlueprintUserMessages: [InputBufferController_C_0] [] [Forward] [] [Forward] 
[2019.01.31-00.40.40:640][265]LogBlueprintUserMessages: [Enemybro_2] -40.0
[2019.01.31-00.40.40:956][282]LogBlueprintUserMessages: [Enemybro_2] -75.0
[2019.01.31-00.40.41:940][334]LogBlueprintUserMessages: Early EndPlayMap Detection: Level '/Game/ThirdPersonBP/Maps/ThirdPersonExampleMap.ThirdPersonExampleMap:PersistentLevel' has LevelScriptBlueprint '/Game/ThirdPersonBP/Maps/ThirdPersonExampleMap.ThirdPersonExampleMap:PersistentLevel.ThirdPersonExampleMap' with GeneratedClass '/Game/ThirdPersonBP/Maps/ThirdPersonExampleMap.ThirdPersonExampleMap_C' with ClassGeneratedBy '/Game/ThirdPersonBP/Maps/ThirdPersonExampleMap.ThirdPersonExampleMap:PersistentLevel.ThirdPersonExampleMap'
[2019.01.31-00.40.41:944][334]LogSlate: Updating window title bar state: overlay mode, drag disabled, window buttons hidden, title bar hidden
[2019.01.31-00.40.41:971][334]LogSlate: Window 'Flamingo_O_O_OOO Game Preview Standalone (64-bit/PCD3D_SM5)' being destroyed
[2019.01.31-00.40.42:012][334]LogPlayLevel: Display: Shutting down PIE online subsystems
[2019.01.31-00.40.42:012][334]LogBlueprintUserMessages: Late EndPlayMap Detection: Level '/Game/ThirdPersonBP/Maps/ThirdPersonExampleMap.ThirdPersonExampleMap:PersistentLevel' has LevelScriptBlueprint '/Game/ThirdPersonBP/Maps/ThirdPersonExampleMap.ThirdPersonExampleMap:PersistentLevel.ThirdPersonExampleMap' with GeneratedClass '/Game/ThirdPersonBP/Maps/ThirdPersonExampleMap.ThirdPersonExampleMap_C' with ClassGeneratedBy '/Game/ThirdPersonBP/Maps/ThirdPersonExampleMap.ThirdPersonExampleMap:PersistentLevel.ThirdPersonExampleMap'
[2019.01.31-00.40.42:076][335]LogPlayLevel: Display: Destroying online subsystem :Context_19
[2019.01.31-00.40.44:687][488]Cmd: OBJ SAVEPACKAGE PACKAGE="/Game/UI/Main_UI" FILE="../../../../../../Users/aless/Documents/GitHub/UnrealFinalProject/Flamingo_O_O_OOO/Content/UI/Main_UI.uasset" SILENT=true
[2019.01.31-00.40.44:810][488]LogSavePackage: Moving '../../../../../../Users/aless/Documents/GitHub/UnrealFinalProject/Flamingo_O_O_OOO/Saved/Main_UICC0480A84CDF85D91E013FB8A746629D.tmp' to '../../../../../../Users/aless/Documents/GitHub/UnrealFinalProject/Flamingo_O_O_OOO/Content/UI/Main_UI.uasset'
[2019.01.31-00.40.46:908][607]LogSlate: Window 'Main_UI' being destroyed
[2019.01.31-00.40.46:915][607]LogSlate: Window 'Main_UI' being destroyed
[2019.01.31-00.40.57:530][204]LogSavePackage: Moving '../../../../../../Users/aless/Documents/GitHub/UnrealFinalProject/Flamingo_O_O_OOO/Saved/ThirdPersonExampleMap252F9C8942A47E690745428AA1D0FF0E.tmp' to '../../../../../../Users/aless/Documents/GitHub/UnrealFinalProject/Flamingo_O_O_OOO/Content/ThirdPersonBP/Maps/ThirdPersonExampleMap.umap'
[2019.01.31-00.41.00:822][386]LogSlate: Window 'Flamingo_O_O_OOO - Unreal Editor' being destroyed
[2019.01.31-00.41.01:118][387]Cmd: QUIT_EDITOR
[2019.01.31-00.41.01:564][387]LogWindowsTextInputMethodSystem: Display: IME system now deactivated.
[2019.01.31-00.41.01:578][387]LogExit: Preparing to exit.
[2019.01.31-00.41.02:668][387]LogExit: Editor shut down
[2019.01.31-00.41.02:668][387]LogExit: Transaction tracking system shut down
[2019.01.31-00.41.02:936][387]LogExit: Object subsystem successfully closed.
[2019.01.31-00.41.02:960][387]LogShaderCompilers: Display: Shaders left to compile 0
[2019.01.31-00.41.02:962][387]LogD3D11RHI: Shutdown
[2019.01.31-00.41.02:962][387]LogD3D11RHI: CleanupD3DDevice
[2019.01.31-00.41.02:976][387]LogD3D11RHI: ~FD3D11DynamicRHI
[2019.01.31-00.41.03:014][387]LogModuleManager: Shutting down and abandoning module MovieSceneCapture (630)
[2019.01.31-00.41.03:014][387]LogModuleManager: Shutting down and abandoning module Voice (628)
[2019.01.31-00.41.03:029][387]LogModuleManager: Shutting down and abandoning module SequencerWidgets (626)
[2019.01.31-00.41.03:029][387]LogModuleManager: Shutting down and abandoning module BlueprintGraph (624)
[2019.01.31-00.41.03:029][387]LogModuleManager: Shutting down and abandoning module ClothingSystemEditorInterface (622)
[2019.01.31-00.41.03:029][387]LogModuleManager: Shutting down and abandoning module PinnedCommandList (620)
[2019.01.31-00.41.03:029][387]LogModuleManager: Shutting down and abandoning module SkeletonEditor (618)
[2019.01.31-00.41.03:030][387]LogModuleManager: Shutting down and abandoning module AnimationEditor (616)
[2019.01.31-00.41.03:030][387]LogModuleManager: Shutting down and abandoning module HierarchicalLODOutliner (614)
[2019.01.31-00.41.03:030][387]LogModuleManager: Shutting down and abandoning module SceneOutliner (612)
[2019.01.31-00.41.03:030][387]LogModuleManager: Shutting down and abandoning module AddContentDialog (610)
[2019.01.31-00.41.03:045][387]LogModuleManager: Shutting down and abandoning module WidgetCarousel (609)
[2019.01.31-00.41.03:045][387]LogModuleManager: Shutting down and abandoning module EditorWidgets (606)
[2019.01.31-00.41.03:045][387]LogModuleManager: Shutting down and abandoning module CollectionManager (604)
[2019.01.31-00.41.03:045][387]LogModuleManager: Shutting down and abandoning module StatsViewer (602)
[2019.01.31-00.41.03:045][387]LogModuleManager: Shutting down and abandoning module FoliageEdit (600)
[2019.01.31-00.41.03:045][387]LogModuleManager: Shutting down and abandoning module LandscapeEditor (598)
[2019.01.31-00.41.03:045][387]LogModuleManager: Shutting down and abandoning module MeshPaintMode (596)
[2019.01.31-00.41.03:045][387]LogModuleManager: Shutting down and abandoning module SceneDepthPickerMode (594)
[2019.01.31-00.41.03:045][387]LogModuleManager: Shutting down and abandoning module ActorPickerMode (592)
[2019.01.31-00.41.03:045][387]LogModuleManager: Shutting down and abandoning module GeometryMode (590)
[2019.01.31-00.41.03:045][387]LogModuleManager: Shutting down and abandoning module TextureAlignMode (588)
[2019.01.31-00.41.03:045][387]LogModuleManager: Shutting down and abandoning module BspMode (586)
[2019.01.31-00.41.03:045][387]LogModuleManager: Shutting down and abandoning module PIEPreviewDeviceProfileSelector (584)
[2019.01.31-00.41.03:045][387]LogModuleManager: Shutting down and abandoning module SequenceRecorderSections (582)
[2019.01.31-00.41.03:045][387]LogModuleManager: Shutting down and abandoning module AutomationWorker (580)
[2019.01.31-00.41.03:045][387]LogModuleManager: Shutting down and abandoning module AudioCaptureEditor (578)
[2019.01.31-00.41.03:045][387]LogModuleManager: Shutting down and abandoning module SequenceRecorder (577)
[2019.01.31-00.41.03:045][387]LogModuleManager: Shutting down and abandoning module MatineeToLevelSequence (574)
[2019.01.31-00.41.03:045][387]LogModuleManager: Shutting down and abandoning module LevelSequenceEditor (572)
[2019.01.31-00.41.03:045][387]LogModuleManager: Shutting down and abandoning module PlacementMode (571)
[2019.01.31-00.41.03:045][387]LogModuleManager: Shutting down and abandoning module MaterialEditor (570)
[2019.01.31-00.41.03:045][387]LogModuleManager: Shutting down and abandoning module WmfMediaFactory (566)
[2019.01.31-00.41.03:045][387]LogModuleManager: Shutting down and abandoning module WmfMediaEditor (564)
[2019.01.31-00.41.03:045][387]LogModuleManager: Shutting down and abandoning module MediaPlayerEditor (562)
[2019.01.31-00.41.03:045][387]LogModuleManager: Shutting down and abandoning module OpenExrWrapper (560)
[2019.01.31-00.41.03:046][387]LogModuleManager: Shutting down and abandoning module ImgMediaFactory (558)
[2019.01.31-00.41.03:046][387]LogModuleManager: Shutting down and abandoning module ImgMediaEditor (556)
[2019.01.31-00.41.03:046][387]LogModuleManager: Shutting down and abandoning module AvfMediaFactory (554)
[2019.01.31-00.41.03:046][387]LogModuleManager: Shutting down and abandoning module AvfMediaEditor (552)
[2019.01.31-00.41.03:046][387]LogModuleManager: Shutting down and abandoning module AndroidMediaFactory (550)
[2019.01.31-00.41.03:046][387]LogModuleManager: Shutting down and abandoning module AndroidMediaEditor (548)
[2019.01.31-00.41.03:046][387]LogModuleManager: Shutting down and abandoning module InputBufferEditor (546)
[2019.01.31-00.41.03:046][387]LogModuleManager: Shutting down and abandoning module MagicLeapCameraPreviewFactory (544)
[2019.01.31-00.41.03:046][387]LogModuleManager: Shutting down and abandoning module MagicLeapMediaFactory (542)
[2019.01.31-00.41.03:046][387]LogModuleManager: Shutting down and abandoning module MagicLeapMediaEditor (540)
[2019.01.31-00.41.03:046][387]LogModuleManager: Shutting down and abandoning module CharacterAI (538)
[2019.01.31-00.41.03:046][387]LogModuleManager: Shutting down and abandoning module SmartSnapping (536)
[2019.01.31-00.41.03:046][387]LogModuleManager: Shutting down and abandoning module SessionServices (534)
[2019.01.31-00.41.03:046][387]LogModuleManager: Shutting down and abandoning module ViewportSnapping (532)
[2019.01.31-00.41.03:046][387]LogModuleManager: Shutting down and abandoning module ViewportInteraction (530)
[2019.01.31-00.41.03:046][387]LogModuleManager: Shutting down and abandoning module ClothPainter (528)
[2019.01.31-00.41.03:046][387]LogModuleManager: Shutting down and abandoning module SkeletalMeshEditor (527)
[2019.01.31-00.41.03:046][387]LogModuleManager: Shutting down and abandoning module LogVisualizer (524)
[2019.01.31-00.41.03:046][387]LogModuleManager: Shutting down and abandoning module IntroTutorials (522)
[2019.01.31-00.41.03:046][387]LogModuleManager: Shutting down and abandoning module GameProjectGeneration (521)
[2019.01.31-00.41.03:046][387]LogModuleManager: Shutting down and abandoning module LuminPlatformEditor (518)
[2019.01.31-00.41.03:046][387]LogModuleManager: Shutting down and abandoning module IOSPlatformEditor (516)
[2019.01.31-00.41.03:046][387]LogModuleManager: Shutting down and abandoning module HTML5PlatformEditor (514)
[2019.01.31-00.41.03:046][387]LogModuleManager: Shutting down and abandoning module AndroidPlatformEditor (512)
[2019.01.31-00.41.03:046][387]LogModuleManager: Shutting down and abandoning module AndroidDeviceDetection (511)
[2019.01.31-00.41.03:393][387]LogModuleManager: Shutting down and abandoning module WindowsPlatformEditor (508)
[2019.01.31-00.41.03:393][387]LogModuleManager: Shutting down and abandoning module LuminRuntimeSettings (506)
[2019.01.31-00.41.03:393][387]LogModuleManager: Shutting down and abandoning module IOSRuntimeSettings (504)
[2019.01.31-00.41.03:393][387]LogModuleManager: Shutting down and abandoning module AndroidRuntimeSettings (502)
[2019.01.31-00.41.03:394][387]LogModuleManager: Shutting down and abandoning module InputBindingEditor (500)
[2019.01.31-00.41.03:394][387]LogModuleManager: Shutting down and abandoning module MergeActors (498)
[2019.01.31-00.41.03:394][387]LogModuleManager: Shutting down and abandoning module LocalizationDashboard (496)
[2019.01.31-00.41.03:394][387]LogModuleManager: Shutting down and abandoning module LocalizationService (495)
[2019.01.31-00.41.03:394][387]LogModuleManager: Shutting down and abandoning module HardwareTargeting (492)
[2019.01.31-00.41.03:394][387]LogModuleManager: Shutting down and abandoning module DeviceProfileEditor (490)
[2019.01.31-00.41.03:394][387]LogModuleManager: Shutting down and abandoning module UndoHistory (488)
[2019.01.31-00.41.03:394][387]LogModuleManager: Shutting down and abandoning module XmlParser (486)
[2019.01.31-00.41.03:394][387]LogModuleManager: Shutting down and abandoning module Blutility (484)
[2019.01.31-00.41.03:394][387]LogModuleManager: Shutting down and abandoning module ProjectSettingsViewer (482)
[2019.01.31-00.41.03:394][387]LogModuleManager: Shutting down and abandoning module ProjectTargetPlatformEditor (481)
[2019.01.31-00.41.03:394][387]LogModuleManager: Shutting down and abandoning module EditorSettingsViewer (478)
[2019.01.31-00.41.03:394][387]LogModuleManager: Shutting down and abandoning module SettingsEditor (476)
[2019.01.31-00.41.03:394][387]LogModuleManager: Shutting down and abandoning module ProjectLauncher (474)
[2019.01.31-00.41.03:395][387]LogModuleManager: Shutting down and abandoning module SessionFrontend (472)
[2019.01.31-00.41.03:395][387]LogModuleManager: Shutting down and abandoning module ProfilerClient (470)
[2019.01.31-00.41.03:395][387]LogModuleManager: Shutting down and abandoning module DeviceManager (468)
[2019.01.31-00.41.03:395][387]LogModuleManager: Shutting down and abandoning module TargetDeviceServices (467)
[2019.01.31-00.41.03:459][387]LogModuleManager: Shutting down and abandoning module AutomationController (464)
[2019.01.31-00.41.03:459][387]LogModuleManager: Shutting down and abandoning module AutomationWindow (462)
[2019.01.31-00.41.03:459][387]LogModuleManager: Shutting down and abandoning module Layers (460)
[2019.01.31-00.41.03:459][387]LogModuleManager: Shutting down and abandoning module ComponentVisualizers (458)
[2019.01.31-00.41.03:459][387]LogModuleManager: Shutting down and abandoning module DetailCustomizations (456)
[2019.01.31-00.41.03:459][387]LogModuleManager: Shutting down and abandoning module PackagesDialog (454)
[2019.01.31-00.41.03:459][387]LogModuleManager: Shutting down and abandoning module Persona (452)
[2019.01.31-00.41.03:459][387]LogModuleManager: Shutting down and abandoning module AdvancedPreviewScene (451)
[2019.01.31-00.41.03:459][387]LogModuleManager: Shutting down and abandoning module AnimGraph (449)
[2019.01.31-00.41.03:459][387]LogModuleManager: Shutting down and abandoning module Kismet (446)
[2019.01.31-00.41.03:463][387]LogModuleManager: Shutting down and abandoning module GraphEditor (444)
[2019.01.31-00.41.03:463][387]LogModuleManager: Shutting down and abandoning module ClassViewer (442)
[2019.01.31-00.41.03:463][387]LogModuleManager: Shutting down and abandoning module Toolbox (440)
[2019.01.31-00.41.03:463][387]LogModuleManager: Shutting down and abandoning module ModuleUI (438)
[2019.01.31-00.41.03:463][387]LogModuleManager: Shutting down and abandoning module MovieSceneTools (436)
[2019.01.31-00.41.03:463][387]LogModuleManager: Shutting down and abandoning module OutputLog (434)
[2019.01.31-00.41.03:463][387]LogModuleManager: Shutting down and abandoning module GammaUI (432)
[2019.01.31-00.41.03:463][387]LogModuleManager: Shutting down and abandoning module Documentation (430)
[2019.01.31-00.41.03:463][387]LogModuleManager: Shutting down and abandoning module MovieSceneTracks (428)
[2019.01.31-00.41.03:463][387]LogModuleManager: Shutting down and abandoning module MovieScene (426)
[2019.01.31-00.41.03:463][387]LogModuleManager: Shutting down and abandoning module StreamingPauseRendering (424)
[2019.01.31-00.41.03:463][387]LogModuleManager: Shutting down and abandoning module LauncherPlatform (422)
[2019.01.31-00.41.03:463][387]LogModuleManager: Shutting down and abandoning module AnalyticsET (420)
[2019.01.31-00.41.03:463][387]LogModuleManager: Shutting down and abandoning module PortalServices (418)
[2019.01.31-00.41.03:463][387]LogModuleManager: Shutting down and abandoning module PortalRpc (416)
[2019.01.31-00.41.03:463][387]LogModuleManager: Shutting down and abandoning module MessagingRpc (414)
[2019.01.31-00.41.03:463][387]LogModuleManager: Shutting down and abandoning module AIModule (412)
[2019.01.31-00.41.03:463][387]LogModuleManager: Shutting down and abandoning module GameplayDebugger (411)
[2019.01.31-00.41.03:463][387]LogModuleManager: Shutting down and abandoning module AITestSuite (409)
[2019.01.31-00.41.03:463][387]LogModuleManager: Shutting down and abandoning module NavigationSystem (407)
[2019.01.31-00.41.03:464][387]LogModuleManager: Shutting down and abandoning module DesktopPlatform (404)
[2019.01.31-00.41.03:464][387]LogModuleManager: Shutting down and abandoning module ProfilerService (402)
[2019.01.31-00.41.03:685][387]LogModuleManager: Shutting down and abandoning module TaskGraph (400)
[2019.01.31-00.41.03:686][387]LogModuleManager: Shutting down and abandoning module SteamVRController (398)
[2019.01.31-00.41.03:686][387]LogModuleManager: Shutting down and abandoning module ProceduralMeshComponentEditor (396)
[2019.01.31-00.41.03:686][387]LogModuleManager: Shutting down and abandoning module ProceduralMeshComponent (394)
[2019.01.31-00.41.03:686][387]LogModuleManager: Shutting down and abandoning module OculusInput (392)
[2019.01.31-00.41.03:686][387]LogModuleManager: Shutting down and abandoning module MobilePatchingUtils (390)
[2019.01.31-00.41.03:686][387]LogModuleManager: Shutting down and abandoning module EditableMesh (388)
[2019.01.31-00.41.03:686][387]LogModuleManager: Shutting down and abandoning module CustomMeshComponent (386)
[2019.01.31-00.41.03:686][387]LogModuleManager: Shutting down and abandoning module CableComponent (384)
[2019.01.31-00.41.03:686][387]LogModuleManager: Shutting down and abandoning module AudioCapture (382)
[2019.01.31-00.41.03:686][387]LogModuleManager: Shutting down and abandoning module ArchVisCharacter (380)
[2019.01.31-00.41.03:686][387]LogModuleManager: Shutting down and abandoning module AndroidPermission (378)
[2019.01.31-00.41.03:686][387]LogModuleManager: Shutting down and abandoning module NUTUnrealEngine4 (376)
[2019.01.31-00.41.03:686][387]LogModuleManager: Shutting down and abandoning module NetcodeUnitTest (374)
[2019.01.31-00.41.03:686][387]LogModuleManager: Shutting down and abandoning module MediaCompositingEditor (372)
[2019.01.31-00.41.03:686][387]LogModuleManager: Shutting down and abandoning module MediaCompositing (370)
[2019.01.31-00.41.03:686][387]LogModuleManager: Shutting down and abandoning module LinearTimecode (368)
[2019.01.31-00.41.03:686][387]LogModuleManager: Shutting down and abandoning module ImgMedia (366)
[2019.01.31-00.41.03:690][387]LogModuleManager: Shutting down and abandoning module InputBuffer (364)
[2019.01.31-00.41.03:690][387]LogModuleManager: Shutting down and abandoning module HTML5Networking (362)
[2019.01.31-00.41.03:690][387]LogModuleManager: Shutting down and abandoning module GeometryCacheTracks (360)
[2019.01.31-00.41.03:690][387]LogModuleManager: Shutting down and abandoning module GeometryCacheSequencer (358)
[2019.01.31-00.41.03:690][387]LogModuleManager: Shutting down and abandoning module BackChannel (356)
[2019.01.31-00.41.03:690][387]LogModuleManager: Shutting down and abandoning module AppleVision (354)
[2019.01.31-00.41.03:690][387]LogModuleManager: Shutting down and abandoning module AppleImageUtils (352)
[2019.01.31-00.41.03:690][387]LogModuleManager: Shutting down and abandoning module AlembicImporter (350)
[2019.01.31-00.41.03:690][387]LogModuleManager: Shutting down and abandoning module AlembicLibrary (349)
[2019.01.31-00.41.03:690][387]LogModuleManager: Shutting down and abandoning module GeometryCache (348)
[2019.01.31-00.41.03:690][387]LogModuleManager: Shutting down and abandoning module GeometryCacheEd (347)
[2019.01.31-00.41.03:690][387]LogModuleManager: Shutting down and abandoning module DatasmithContentEditor (342)
[2019.01.31-00.41.03:690][387]LogModuleManager: Shutting down and abandoning module DatasmithContent (340)
[2019.01.31-00.41.03:690][387]LogModuleManager: Shutting down and abandoning module SpeedTreeImporter (338)
[2019.01.31-00.41.03:690][387]LogModuleManager: Shutting down and abandoning module PluginBrowser (336)
[2019.01.31-00.41.03:691][387]LogModuleManager: Shutting down and abandoning module MobileLauncherProfileWizard (334)
[2019.01.31-00.41.03:691][387]LogModuleManager: Shutting down and abandoning module PolygonModeling (332)
[2019.01.31-00.41.03:691][387]LogModuleManager: Shutting down and abandoning module MeshEditor (330)
[2019.01.31-00.41.03:691][387]LogModuleManager: Shutting down and abandoning module CryptoKeysOpenSSL (328)
[2019.01.31-00.41.03:691][387]LogModuleManager: Shutting down and abandoning module CryptoKeys (326)
[2019.01.31-00.41.03:691][387]LogModuleManager: Shutting down and abandoning module VisualStudioSourceCodeAccess (324)
[2019.01.31-00.41.03:691][387]LogModuleManager: Shutting down and abandoning module VisualStudioCodeSourceCodeAccess (322)
[2019.01.31-00.41.03:691][387]LogModuleManager: Shutting down and abandoning module UObjectPlugin (320)
[2019.01.31-00.41.03:691][387]LogModuleManager: Shutting down and abandoning module SubversionSourceControl (318)
[2019.01.31-00.41.03:691][387]LogModuleManager: Shutting down and abandoning module PerforceSourceControl (316)
[2019.01.31-00.41.03:691][387]LogModuleManager: Shutting down and abandoning module GitSourceControl (314)
[2019.01.31-00.41.03:691][387]LogModuleManager: Shutting down and abandoning module SourceControl (313)
[2019.01.31-00.41.03:691][387]LogModuleManager: Shutting down and abandoning module CLionSourceCodeAccess (310)
[2019.01.31-00.41.03:691][387]LogModuleManager: Shutting down and abandoning module LightPropagationVolumeEditor (308)
[2019.01.31-00.41.03:691][387]LogModuleManager: Shutting down and abandoning module PaperTiledImporter (306)
[2019.01.31-00.41.03:691][387]LogModuleManager: Shutting down and abandoning module PaperSpriteSheetImporter (304)
[2019.01.31-00.41.03:691][387]LogModuleManager: Shutting down and abandoning module Paper2DEditor (302)
[2019.01.31-00.41.03:691][387]LogModuleManager: Shutting down and abandoning module MeshPaint (301)
[2019.01.31-00.41.03:691][387]LogModuleManager: Shutting down and abandoning module RuntimePhysXCooking (298)
[2019.01.31-00.41.03:691][387]LogModuleManager: Shutting down and abandoning module PhysXVehiclesEditor (296)
[2019.01.31-00.41.03:691][387]LogModuleManager: Shutting down and abandoning module PhysXVehicles (294)
[2019.01.31-00.41.03:691][387]LogModuleManager: Shutting down and abandoning module OculusEditor (292)
[2019.01.31-00.41.03:691][387]LogModuleManager: Shutting down and abandoning module LocationServicesBPLibrary (290)
[2019.01.31-00.41.03:691][387]LogModuleManager: Shutting down and abandoning module ImmediatePhysicsEditor (288)
[2019.01.31-00.41.03:691][387]LogModuleManager: Shutting down and abandoning module ImmediatePhysics (286)
[2019.01.31-00.41.03:691][387]LogModuleManager: Shutting down and abandoning module ActorSequence (284)
[2019.01.31-00.41.03:691][387]LogModuleManager: Shutting down and abandoning module UdpMessaging (282)
[2019.01.31-00.41.03:792][387]LogModuleManager: Shutting down and abandoning module TcpMessaging (280)
[2019.01.31-00.41.03:893][387]LogModuleManager: Shutting down and abandoning module MagicLeapAudio (278)
[2019.01.31-00.41.03:893][387]LogModuleManager: Shutting down and abandoning module GameplayTagsEditor (276)
[2019.01.31-00.41.03:893][387]LogModuleManager: Shutting down and abandoning module FacialAnimationEditor (274)
[2019.01.31-00.41.03:893][387]LogModuleManager: Shutting down and abandoning module FacialAnimation (272)
[2019.01.31-00.41.03:893][387]LogModuleManager: Shutting down and abandoning module DataValidation (270)
[2019.01.31-00.41.03:893][387]LogModuleManager: Shutting down and abandoning module AssetManagerEditor (268)
[2019.01.31-00.41.03:893][387]LogModuleManager: Shutting down and abandoning module LevelEditor (267)
[2019.01.31-00.41.03:893][387]LogModuleManager: Shutting down and abandoning module PixelInspectorModule (266)
[2019.01.31-00.41.03:893][387]LogModuleManager: Shutting down and abandoning module CommonMenuExtensions (264)
[2019.01.31-00.41.03:894][387]LogModuleManager: Shutting down and abandoning module MainFrame (262)
[2019.01.31-00.41.03:894][387]LogModuleManager: Shutting down and abandoning module HotReload (261)
[2019.01.31-00.41.03:894][387]LogModuleManager: Shutting down and abandoning module ContentBrowser (257)
[2019.01.31-00.41.03:895][387]LogModuleManager: Shutting down and abandoning module TreeMap (255)
[2019.01.31-00.41.03:895][387]LogModuleManager: Shutting down and abandoning module LightPropagationVolumeRuntime (252)
[2019.01.31-00.41.03:895][387]LogModuleManager: Shutting down and abandoning module AISupportModule (250)
[2019.01.31-00.41.03:895][387]LogModuleManager: Shutting down and abandoning module Paper2D (248)
[2019.01.31-00.41.03:895][387]LogModuleManager: Shutting down and abandoning module WindowsMoviePlayer (246)
[2019.01.31-00.41.03:895][387]LogModuleManager: Shutting down and abandoning module WmfMedia (244)
[2019.01.31-00.41.03:896][387]LogModuleManager: Shutting down and abandoning module Media (243)
[2019.01.31-00.41.03:902][387]LogModuleManager: Shutting down and abandoning module PacketHandler (240)
[2019.01.31-00.41.03:902][387]LogModuleManager: Shutting down and abandoning module ClothingSystemEditor (238)
[2019.01.31-00.41.03:902][387]LogModuleManager: Shutting down and abandoning module ClothingSystemRuntime (236)
[2019.01.31-00.41.03:902][387]LogModuleManager: Shutting down and abandoning module MediaAssets (234)
[2019.01.31-00.41.03:902][387]LogModuleManager: Shutting down and abandoning module Overlay (232)
[2019.01.31-00.41.03:902][387]LogModuleManager: Shutting down and abandoning module OverlayEditor (231)
[2019.01.31-00.41.03:902][387]LogModuleManager: Shutting down and abandoning module VREditor (228)
[2019.01.31-00.41.03:902][387]LogModuleManager: Shutting down and abandoning module StringTableEditor (226)
[2019.01.31-00.41.03:902][387]LogModuleManager: Shutting down and abandoning module GameplayTasksEditor (224)
[2019.01.31-00.41.03:902][387]LogModuleManager: Shutting down and abandoning module BehaviorTreeEditor (222)
[2019.01.31-00.41.03:902][387]LogModuleManager: Shutting down and abandoning module FunctionalTesting (220)
[2019.01.31-00.41.03:902][387]LogModuleManager: Shutting down and abandoning module CollisionAnalyzer (218)
[2019.01.31-00.41.03:902][387]LogModuleManager: Shutting down and abandoning module WorkspaceMenuStructure (217)
[2019.01.31-00.41.03:902][387]LogModuleManager: Shutting down and abandoning module UMG (214)
[2019.01.31-00.41.03:902][387]LogModuleManager: Shutting down and abandoning module UMGEditor (213)
[2019.01.31-00.41.03:902][387]LogModuleManager: Shutting down and abandoning module Sequencer (212)
[2019.01.31-00.41.03:902][387]LogModuleManager: Shutting down and abandoning module MessageLog (209)
[2019.01.31-00.41.03:902][387]LogModuleManager: Shutting down and abandoning module SlateReflector (204)
[2019.01.31-00.41.03:902][387]LogModuleManager: Shutting down and abandoning module Slate (202)
[2019.01.31-00.41.03:903][387]LogModuleManager: Shutting down and abandoning module EditorStyle (200)
[2019.01.31-00.41.03:904][387]LogModuleManager: Shutting down and abandoning module MRMesh (198)
[2019.01.31-00.41.03:904][387]LogModuleManager: Shutting down and abandoning module SourceCodeAccess (196)
[2019.01.31-00.41.03:904][387]LogModuleManager: Shutting down and abandoning module HeadMountedDisplay (194)
[2019.01.31-00.41.03:904][387]LogModuleManager: Shutting down and abandoning module XAudio2 (192)
[2019.01.31-00.41.03:904][387]LogModuleManager: Shutting down and abandoning module Networking (190)
[2019.01.31-00.41.03:904][387]LogModuleManager: Shutting down and abandoning module Core (188)
[2019.01.31-00.41.03:904][387]LogModuleManager: Shutting down and abandoning module LevelSequence (186)
[2019.01.31-00.41.03:904][387]LogModuleManager: Shutting down and abandoning module KismetCompiler (184)
[2019.01.31-00.41.03:904][387]LogModuleManager: Shutting down and abandoning module MeshUtilities (182)
[2019.01.31-00.41.03:904][387]LogModuleManager: Shutting down and abandoning module MeshMergeUtilities (181)
[2019.01.31-00.41.03:904][387]LogModuleManager: Shutting down and abandoning module MeshReductionInterface (180)
[2019.01.31-00.41.03:904][387]LogModuleManager: Shutting down and abandoning module SimplygonSwarm (179)
[2019.01.31-00.41.03:904][387]LogModuleManager: Shutting down and abandoning module ProxyLODMeshReduction (177)
[2019.01.31-00.41.03:904][387]LogModuleManager: Shutting down and abandoning module SimplygonMeshReduction (175)
[2019.01.31-00.41.03:904][387]LogModuleManager: Shutting down and abandoning module QuadricMeshReduction (173)
[2019.01.31-00.41.03:904][387]LogModuleManager: Shutting down and abandoning module MaterialBaking (169)
[2019.01.31-00.41.03:904][387]LogModuleManager: Shutting down and abandoning module DirectoryWatcher (165)
[2019.01.31-00.41.03:904][387]LogModuleManager: Shutting down and abandoning module DerivedDataCache (162)
[2019.01.31-00.41.03:985][387]LogDerivedDataCache: Shutdown
[2019.01.31-00.41.03:985][387]LogModuleManager: Shutting down and abandoning module XGEController (160)
[2019.01.31-00.41.03:985][387]LogModuleManager: Shutting down and abandoning module TargetPlatform (158)
[2019.01.31-00.41.03:985][387]LogModuleManager: Shutting down and abandoning module VulkanShaderFormat (157)
[2019.01.31-00.41.03:985][387]LogModuleManager: Shutting down and abandoning module ShaderFormatVectorVM (155)
[2019.01.31-00.41.03:985][387]LogModuleManager: Shutting down and abandoning module ShaderFormatOpenGL (153)
[2019.01.31-00.41.03:985][387]LogModuleManager: Shutting down and abandoning module ShaderFormatD3D (151)
[2019.01.31-00.41.03:985][387]LogModuleManager: Shutting down and abandoning module MetalShaderFormat (149)
[2019.01.31-00.41.03:985][387]LogModuleManager: Shutting down and abandoning module TextureFormatUncompressed (147)
[2019.01.31-00.41.03:985][387]LogModuleManager: Shutting down and abandoning module TextureFormatPVR (145)
[2019.01.31-00.41.03:985][387]LogModuleManager: Shutting down and abandoning module TextureFormatDXT (143)
[2019.01.31-00.41.03:986][387]LogModuleManager: Shutting down and abandoning module TextureFormatIntelISPCTexComp (141)
[2019.01.31-00.41.03:986][387]LogModuleManager: Shutting down and abandoning module TextureFormatASTC (139)
[2019.01.31-00.41.03:986][387]LogModuleManager: Shutting down and abandoning module ImageWrapper (138)
[2019.01.31-00.41.03:986][387]LogModuleManager: Shutting down and abandoning module TextureFormatAndroid (135)
[2019.01.31-00.41.03:986][387]LogModuleManager: Shutting down and abandoning module AudioFormatOpus (133)
[2019.01.31-00.41.03:986][387]LogModuleManager: Shutting down and abandoning module AudioFormatOgg (131)
[2019.01.31-00.41.03:986][387]LogModuleManager: Shutting down and abandoning module AudioFormatADPCM (129)
[2019.01.31-00.41.03:986][387]LogModuleManager: Shutting down and abandoning module LuminTargetPlatform (127)
[2019.01.31-00.41.03:986][387]LogModuleManager: Shutting down and abandoning module LinuxTargetPlatform (125)
[2019.01.31-00.41.03:986][387]LogModuleManager: Shutting down and abandoning module LinuxServerTargetPlatform (123)
[2019.01.31-00.41.03:986][387]LogModuleManager: Shutting down and abandoning module LinuxNoEditorTargetPlatform (121)
[2019.01.31-00.41.03:986][387]LogModuleManager: Shutting down and abandoning module LinuxClientTargetPlatform (119)
[2019.01.31-00.41.03:986][387]LogModuleManager: Shutting down and abandoning module TVOSTargetPlatform (117)
[2019.01.31-00.41.03:987][387]LogModuleManager: Shutting down and abandoning module Messaging (115)
[2019.01.31-00.41.03:987][387]LogModuleManager: Shutting down and abandoning module IOSTargetPlatform (113)
[2019.01.31-00.41.03:987][387]LogModuleManager: Shutting down and abandoning module HTML5TargetPlatform (111)
[2019.01.31-00.41.03:987][387]LogModuleManager: Shutting down and abandoning module AndroidTargetPlatform (109)
[2019.01.31-00.41.03:992][387]LogModuleManager: Shutting down and abandoning module WindowsTargetPlatform (107)
[2019.01.31-00.41.03:992][387]LogModuleManager: Shutting down and abandoning module WindowsServerTargetPlatform (105)
[2019.01.31-00.41.03:992][387]LogModuleManager: Shutting down and abandoning module WindowsNoEditorTargetPlatform (103)
[2019.01.31-00.41.03:992][387]LogModuleManager: Shutting down and abandoning module WindowsClientTargetPlatform (101)
[2019.01.31-00.41.03:992][387]LogModuleManager: Shutting down and abandoning module MacTargetPlatform (99)
[2019.01.31-00.41.03:992][387]LogModuleManager: Shutting down and abandoning module MacServerTargetPlatform (97)
[2019.01.31-00.41.03:992][387]LogModuleManager: Shutting down and abandoning module MacNoEditorTargetPlatform (95)
[2019.01.31-00.41.03:992][387]LogModuleManager: Shutting down and abandoning module MacClientTargetPlatform (93)
[2019.01.31-00.41.03:992][387]LogModuleManager: Shutting down and abandoning module AllDesktopTargetPlatform (91)
[2019.01.31-00.41.03:992][387]LogModuleManager: Shutting down and abandoning module InputCore (88)
[2019.01.31-00.41.03:992][387]LogModuleManager: Shutting down and abandoning module Settings (86)
[2019.01.31-00.41.03:992][387]LogModuleManager: Shutting down and abandoning module PhysXCooking (84)
[2019.01.31-00.41.03:992][387]LogModuleManager: Shutting down and abandoning module SteamVR (82)
[2019.01.31-00.41.03:992][387]LogModuleManager: Shutting down and abandoning module OculusHMD (80)
[2019.01.31-00.41.03:992][387]LogModuleManager: Shutting down and abandoning module ExampleDeviceProfileSelector (78)
[2019.01.31-00.41.03:992][387]LogModuleManager: Shutting down and abandoning module LauncherChunkInstaller (76)
[2019.01.31-00.41.03:992][387]LogModuleManager: Shutting down and abandoning module OnlineBlueprintSupport (74)
[2019.01.31-00.41.03:992][387]LogModuleManager: Shutting down and abandoning module OnlineSubsystem (70)
[2019.01.31-00.41.03:993][387]LogModuleManager: Shutting down and abandoning module XMPP (65)
[2019.01.31-00.41.03:993][387]LogModuleManager: Shutting down and abandoning module WebSockets (64)
[2019.01.31-00.41.04:027][387]LogModuleManager: Shutting down and abandoning module HTTP (61)
[2019.01.31-00.41.04:027][387]LogHttp: Display: Http module shutting down, but needs to wait on 1 outstanding Http requests:
[2019.01.31-00.41.04:027][387]LogHttp: Display: 	verb=[POST] url=[https://datarouter.ol.epicgames.com/datarouter/api/v1/public/data?SessionID=%7B57AE90F0-4019-0589-1104-839D994249F9%7D&AppID=UEEditor.Rocket.Release&AppVersion=4.20.3-4369336%2B%2B%2BUE4%2BRelease-4.20&UserID=7cba84d44a7c5de30db61f94b7e604cc%7C21475b03444f4d25a6be0bef5d24da06%7C031284f4-b47e-4c7f-8eb9-e6f956823efd&AppEnvironment=datacollector-binary&UploadType=eteventstream] status=Processing
[2019.01.31-00.41.04:047][387]LogModuleManager: Shutting down and abandoning module SSL (60)
[2019.01.31-00.41.04:048][387]LogModuleManager: Shutting down and abandoning module MagicLeapEmulator (56)
[2019.01.31-00.41.04:048][387]LogModuleManager: Shutting down and abandoning module MagicLeapPrivileges (54)
[2019.01.31-00.41.04:048][387]LogModuleManager: Shutting down and abandoning module MagicLeapIdentity (52)
[2019.01.31-00.41.04:048][387]LogModuleManager: Shutting down and abandoning module MagicLeapHelperVulkan (50)
[2019.01.31-00.41.04:048][387]LogModuleManager: Shutting down and abandoning module MagicLeapHelperOpenGL (48)
[2019.01.31-00.41.04:048][387]LogModuleManager: Shutting down and abandoning module MagicLeapSecureStorage (46)
[2019.01.31-00.41.04:048][387]LogModuleManager: Shutting down and abandoning module MagicLeapGestures (44)
[2019.01.31-00.41.04:048][387]LogModuleManager: Shutting down and abandoning module MagicLeapEyeTracker (42)
[2019.01.31-00.41.04:048][387]LogModuleManager: Shutting down and abandoning module MagicLeapController (40)
[2019.01.31-00.41.04:048][387]LogSlate: Slate User Destroyed.  User Index 0, Is Virtual User: 0
[2019.01.31-00.41.04:048][387]LogModuleManager: Shutting down and abandoning module MagicLeap (38)
[2019.01.31-00.41.04:048][387]LogModuleManager: Shutting down and abandoning module AnimationModifiers (36)
[2019.01.31-00.41.04:048][387]LogModuleManager: Shutting down and abandoning module PropertyEditor (35)
[2019.01.31-00.41.04:048][387]LogModuleManager: Shutting down and abandoning module AudioEditor (32)
[2019.01.31-00.41.04:049][387]LogModuleManager: Shutting down and abandoning module TextureCompressor (30)
[2019.01.31-00.41.04:049][387]LogModuleManager: Shutting down and abandoning module ShaderCore (28)
[2019.01.31-00.41.04:049][387]LogModuleManager: Shutting down and abandoning module Landscape (26)
[2019.01.31-00.41.04:049][387]LogModuleManager: Shutting down and abandoning module SlateRHIRenderer (24)
[2019.01.31-00.41.04:049][387]LogModuleManager: Shutting down and abandoning module OpenGLDrv (22)
[2019.01.31-00.41.04:049][387]LogModuleManager: Shutting down and abandoning module D3D11RHI (20)
[2019.01.31-00.41.04:049][387]LogModuleManager: Shutting down and abandoning module AnimGraphRuntime (18)
[2019.01.31-00.41.04:049][387]LogModuleManager: Shutting down and abandoning module Renderer (16)
[2019.01.31-00.41.04:049][387]LogModuleManager: Shutting down and abandoning module Engine (14)
[2019.01.31-00.41.04:049][387]LogModuleManager: Shutting down and abandoning module CoreUObject (12)
[2019.01.31-00.41.04:049][387]LogModuleManager: Shutting down and abandoning module NetworkFile (10)
[2019.01.31-00.41.04:049][387]LogModuleManager: Shutting down and abandoning module CookedIterativeFile (8)
[2019.01.31-00.41.04:049][387]LogModuleManager: Shutting down and abandoning module StreamingFile (6)
[2019.01.31-00.41.04:049][387]LogModuleManager: Shutting down and abandoning module SandboxFile (4)
[2019.01.31-00.41.04:049][387]LogModuleManager: Shutting down and abandoning module PakFile (2)
[2019.01.31-00.41.04:056][387]LogExit: Exiting.
[2019.01.31-00.41.04:058][387]Log file closed, 01/31/19 00:41:04
