Log file open, 10/06/18 16:31:01
LogWindows: Failed to load 'aqProf.dll' (GetLastError=126)
LogWindows: File 'aqProf.dll' does not exist
LogWindows: Failed to load 'VSPerf140.dll' (GetLastError=126)
LogWindows: File 'VSPerf140.dll' does not exist
LogWindows: Failed to load 'VtuneApi.dll' (GetLastError=126)
LogWindows: File 'VtuneApi.dll' does not exist
LogWindows: Failed to load 'VtuneApi32e.dll' (GetLastError=126)
LogWindows: File 'VtuneApi32e.dll' does not exist
LogInit: Display: Running engine for game: Flamingo_O_O_OOO
LogPlatformFile: Not using cached read wrapper
LogTaskGraph: Started task graph with 5 named threads and 23 total threads with 3 sets of task threads.
LogStats: Stats thread started at 0.603519
LogD3D11RHI: Loaded GFSDK_Aftermath_Lib.x64.dll
LogICUInternationalization: Display: ICU TimeZone Detection - Raw Offset: +0:00, Platform Override: ''
LogPluginManager: Mounting plugin Paper2D
LogPluginManager: Mounting plugin AISupport
LogPluginManager: Mounting plugin LightPropagationVolume
LogPluginManager: Mounting plugin CLionSourceCodeAccess
LogPluginManager: Mounting plugin CodeLiteSourceCodeAccess
LogPluginManager: Mounting plugin GitSourceControl
LogPluginManager: Mounting plugin KDevelopSourceCodeAccess
LogPluginManager: Mounting plugin NullSourceCodeAccess
LogPluginManager: Mounting plugin PerforceSourceControl
LogPluginManager: Mounting plugin SubversionSourceControl
LogPluginManager: Mounting plugin UObjectPlugin
LogPluginManager: Mounting plugin VisualStudioCodeSourceCodeAccess
LogPluginManager: Mounting plugin VisualStudioSourceCodeAccess
LogPluginManager: Mounting plugin XCodeSourceCodeAccess
LogPluginManager: Mounting plugin AssetManagerEditor
LogPluginManager: Mounting plugin CryptoKeys
LogPluginManager: Mounting plugin DataValidation
LogPluginManager: Mounting plugin FacialAnimation
LogPluginManager: Mounting plugin GameplayTagsEditor
LogPluginManager: Mounting plugin MacGraphicsSwitching
LogPluginManager: Mounting plugin MeshEditor
LogPluginManager: Mounting plugin MobileLauncherProfileWizard
LogPluginManager: Mounting plugin PluginBrowser
LogPluginManager: Mounting plugin SpeedTreeImporter
LogPluginManager: Mounting plugin DatasmithContent
LogPluginManager: Mounting plugin AlembicImporter
LogPluginManager: Mounting plugin AppleImageUtils
LogPluginManager: Mounting plugin AppleVision
LogPluginManager: Mounting plugin BackChannel
LogPluginManager: Mounting plugin CharacterAI
LogPluginManager: Mounting plugin GeometryCache
LogPluginManager: Mounting plugin HTML5Networking
LogPluginManager: Mounting plugin ProxyLODPlugin
LogPluginManager: Mounting plugin MagicLeap
LogPluginManager: Mounting plugin MagicLeapEmulator
LogPluginManager: Mounting plugin MagicLeapMedia
LogPluginManager: Mounting plugin AndroidMedia
LogPluginManager: Mounting plugin AvfMedia
LogPluginManager: Mounting plugin ImgMedia
LogPluginManager: Mounting plugin LinearTimecode
LogPluginManager: Mounting plugin MediaCompositing
LogPluginManager: Mounting plugin MediaPlayerEditor
LogPluginManager: Mounting plugin WmfMedia
LogPluginManager: Mounting plugin TcpMessaging
LogPluginManager: Mounting plugin UdpMessaging
LogPluginManager: Mounting plugin ActorSequence
LogPluginManager: Mounting plugin LevelSequenceEditor
LogPluginManager: Mounting plugin MatineeToLevelSequence
LogPluginManager: Mounting plugin NetcodeUnitTest
LogPluginManager: Mounting plugin NUTUnrealEngine4
LogPluginManager: Mounting plugin OnlineSubsystemGooglePlay
LogPluginManager: Mounting plugin OnlineSubsystemIOS
LogPluginManager: Mounting plugin OnlineSubsystem
LogPluginManager: Mounting plugin OnlineSubsystemNull
LogPluginManager: Mounting plugin OnlineSubsystemUtils
LogPluginManager: Mounting plugin LauncherChunkInstaller
LogPluginManager: Mounting plugin AndroidDeviceProfileSelector
LogPluginManager: Mounting plugin AndroidMoviePlayer
LogPluginManager: Mounting plugin AndroidPermission
LogPluginManager: Mounting plugin AppleMoviePlayer
LogPluginManager: Mounting plugin ArchVisCharacter
LogPluginManager: Mounting plugin AudioCapture
LogPluginManager: Mounting plugin CableComponent
LogPluginManager: Mounting plugin CustomMeshComponent
LogPluginManager: Mounting plugin EditableMesh
LogPluginManager: Mounting plugin ExampleDeviceProfileSelector
LogPluginManager: Mounting plugin GoogleCloudMessaging
LogPluginManager: Mounting plugin ImmediatePhysics
LogPluginManager: Mounting plugin IOSDeviceProfileSelector
LogPluginManager: Mounting plugin LinuxDeviceProfileSelector
LogPluginManager: Mounting plugin LocationServicesBPLibrary
LogPluginManager: Mounting plugin MobilePatchingUtils
LogPluginManager: Mounting plugin OculusVR
LogPluginManager: Plugin shader directory ../../../Engine/Plugins/Runtime/Oculus/OculusVR/Shaders found
LogPluginManager: Mapping shader source directory ../../../Engine/Plugins/Runtime/Oculus/OculusVR/Shaders to virtual directory /Plugin/OculusVR
LogPluginManager: Mounting plugin PhysXVehicles
LogPluginManager: Mounting plugin ProceduralMeshComponent
LogPluginManager: Mounting plugin RuntimePhysXCooking
LogPluginManager: Mounting plugin SteamVR
LogPluginManager: Mounting plugin WindowsMoviePlayer
LogStreaming: Display: Took  1.824s to configure plugins.
LogInit: Using libcurl 7.55.1-DEV
LogInit:  - built for x86_64-pc-win32
LogInit:  - supports SSL with OpenSSL/1.0.2h
LogInit:  - supports HTTP deflate (compression) using libz 1.2.8
LogInit:  - other features:
LogInit:      CURL_VERSION_SSL
LogInit:      CURL_VERSION_LIBZ
LogInit:      CURL_VERSION_IPV6
LogInit:      CURL_VERSION_ASYNCHDNS
LogInit:      CURL_VERSION_LARGEFILE
LogInit:      CURL_VERSION_IDN
LogInit:  CurlRequestOptions (configurable via config and command line):
LogInit:  - bVerifyPeer = false  - Libcurl will NOT verify peer certificate
LogInit:  - bUseHttpProxy = false  - Libcurl will NOT use HTTP proxy
LogInit:  - bDontReuseConnections = false  - Libcurl will reuse connections
LogInit:  - CertBundlePath = nullptr  - Libcurl will use whatever was configured at build time.
LogInit:  - MaxHostConnections = 16  - Libcurl will limit the number of connections to a host
LogInit:  - LocalHostAddr = Default
LogInit:  - BufferSize = 65536
LogInit: WinSock: version 1.1 (2.2), MaxSocks=32767, MaxUdp=65467
LogInit: Build: ++UE4+Release-4.20-CL-4369336
LogInit: Engine Version: 4.20.3-4369336+++UE4+Release-4.20
LogInit: Compatible Engine Version: 4.20.0-4212847+++UE4+Release-4.20
LogInit: Net CL: 4212847
LogInit: OS: Windows 10 (), CPU: Intel(R) Core(TM) i7-6700K CPU @ 4.00GHz, GPU: NVIDIA GeForce GTX 1080
LogInit: Compiled (64-bit): Sep 17 2018 12:26:19
LogInit: Compiled with Visual C++: 19.13.26129.00
LogInit: Build Configuration: Development
LogInit: Branch Name: ++UE4+Release-4.20
LogInit: Command Line: -EpicPortal 
LogInit: Base Directory: C:/Apps/Epic Games/UE_4.20/Engine/Binaries/Win64/
LogInit: Installed Engine Build: 1
LogDevObjectVersion: Number of dev versions registered: 20
LogDevObjectVersion:   Dev-Blueprints (B0D832E4-1F89-4F0D-ACCF-7EB736FD4AA2): 10
LogDevObjectVersion:   Dev-Build (E1C64328-A22C-4D53-A36C-8E866417BD8C): 0
LogDevObjectVersion:   Dev-Core (375EC13C-06E4-48FB-B500-84F0262A717E): 2
LogDevObjectVersion:   Dev-Editor (E4B068ED-F494-42E9-A231-DA0B2E46BB41): 24
LogDevObjectVersion:   Dev-Framework (CFFC743F-43B0-4480-9391-14DF171D2073): 34
LogDevObjectVersion:   Dev-Mobile (B02B49B5-BB20-44E9-A304-32B752E40360): 2
LogDevObjectVersion:   Dev-Networking (A4E4105C-59A1-49B5-A7C5-40C4547EDFEE): 0
LogDevObjectVersion:   Dev-Online (39C831C9-5AE6-47DC-9A44-9C173E1C8E7C): 0
LogDevObjectVersion:   Dev-Physics (78F01B33-EBEA-4F98-B9B4-84EACCB95AA2): 0
LogDevObjectVersion:   Dev-Platform (6631380F-2D4D-43E0-8009-CF276956A95A): 0
LogDevObjectVersion:   Dev-Rendering (12F88B9F-8875-4AFC-A67C-D90C383ABD29): 26
LogDevObjectVersion:   Dev-Sequencer (7B5AE74C-D270-4C10-A958-57980B212A5A): 9
LogDevObjectVersion:   Dev-VR (D7296918-1DD6-4BDD-9DE2-64A83CC13884): 2
LogDevObjectVersion:   Dev-LoadTimes (C2A15278-BFE7-4AFE-6C17-90FF531DF755): 1
LogDevObjectVersion:   Private-Geometry (6EACA3D4-40EC-4CC1-B786-8BED09428FC5): 3
LogDevObjectVersion:   Dev-AnimPhys (29E575DD-E0A3-4627-9D10-D276232CDCEA): 17
LogDevObjectVersion:   Dev-ReflectionCapture (6B266CEC-1EC7-4B8F-A30B-E4D90942FC07): 1
LogDevObjectVersion:   Dev-Automation (0DF73D61-A23F-47EA-B727-89E90C41499A): 1
LogDevObjectVersion:   FortniteMain (601D1886-AC64-4F84-AA16-D3DE0DEAC7D6): 12
LogDevObjectVersion:   Dev-Enterprise (9DFFBCD6-494F-0158-E221-12823C92A888): 1
LogStreaming: Display: Took  0.016s to delete old logs.
LogInit: Presizing for max 8388607 objects, including 0 objects not considered by GC, pre-allocating 0 bytes for permanent pool.
LogInit: Object subsystem initialized
[2018.10.06-15.31.03:557][  0]LogInit: Selected Device Profile: [Windows]
[2018.10.06-15.31.03:557][  0]LogInit: Applying CVar settings loaded from the selected device profile: [Windows]
[2018.10.06-15.31.03:622][  0]LogHAL: Display: Platform has ~ 16 GB [17125011456 / 17179869184 / 16], which maps to Larger [LargestMinGB=32, LargerMinGB=12, DefaultMinGB=8, SmallerMinGB=6, SmallestMinGB=0)
[2018.10.06-15.31.03:622][  0]LogInit: Setting Device Profile CVar: [[r.Vulkan.UseRealUBs:1]]
[2018.10.06-15.31.03:622][  0]LogInit: Going up to parent DeviceProfile []
[2018.10.06-15.31.03:626][  0]LogInit: Computer: PPRSB1026-C06
[2018.10.06-15.31.03:626][  0]LogInit: User: k1630434
[2018.10.06-15.31.03:626][  0]LogInit: CPU Page size=4096, Cores=4
[2018.10.06-15.31.03:626][  0]LogInit: High frequency timer resolution =3.914067 MHz
[2018.10.06-15.31.03:626][  0]LogMemory: Memory total: Physical=15.9GB (16GB approx)
[2018.10.06-15.31.03:626][  0]LogMemory: Platform Memory Stats for Windows
[2018.10.06-15.31.03:626][  0]LogMemory: Process Physical Memory: 102.79 MB used, 102.79 MB peak
[2018.10.06-15.31.03:626][  0]LogMemory: Process Virtual Memory: 89.22 MB used, 89.22 MB peak
[2018.10.06-15.31.03:626][  0]LogMemory: Physical Memory: 3959.64 MB used,  12372.04 MB free, 16331.68 MB total
[2018.10.06-15.31.03:626][  0]LogMemory: Virtual Memory: 542.56 MB used,  12372.04 MB free, 134217728.00 MB total
[2018.10.06-15.31.03:703][  0]LogInit: Using OS detected language (en-US).
[2018.10.06-15.31.03:703][  0]LogInit: Using OS detected locale (en-GB).
[2018.10.06-15.31.03:713][  0]LogTextLocalizationManager: No specific localization for 'en-US' exists, so the 'en' localization will be used.
[2018.10.06-15.31.04:056][  0]LogStreaming: Display: Took  0.353s to InitEngineTextLocalization.
[2018.10.06-15.31.04:057][  0]LogInit: Setting process to per monitor DPI aware
[2018.10.06-15.31.04:173][  0]LogSlate: New Slate User Created.  User Index 0, Is Virtual User: 0
[2018.10.06-15.31.04:173][  0]LogSlate: Slate User Registered.  User Index 0, Is Virtual User: 0
[2018.10.06-15.31.07:483][  0]LogHMD: Failed to initialize OpenVR with code 110
[2018.10.06-15.31.07:483][  0]LogD3D11RHI: D3D11 adapters:
[2018.10.06-15.31.07:566][  0]LogD3D11RHI:    0. 'NVIDIA GeForce GTX 1080' (Feature Level 11_0)
[2018.10.06-15.31.07:566][  0]LogD3D11RHI:       8079/0/8165 MB DedicatedVideo/DedicatedSystem/SharedSystem, Outputs:1, VendorId:0x10de
[2018.10.06-15.31.07:573][  0]LogD3D11RHI:    1. 'Microsoft Basic Render Driver' (Feature Level 11_0)
[2018.10.06-15.31.07:573][  0]LogD3D11RHI:       0/0/8165 MB DedicatedVideo/DedicatedSystem/SharedSystem, Outputs:0, VendorId:0x1414
[2018.10.06-15.31.07:573][  0]LogD3D11RHI: Chosen D3D11 Adapter: 0
[2018.10.06-15.31.07:578][  0]LogD3D11RHI: Creating new Direct3DDevice
[2018.10.06-15.31.07:578][  0]LogD3D11RHI:     GPU DeviceId: 0x1b80 (for the marketing name, search the web for "GPU Device Id")
[2018.10.06-15.31.07:578][  0]LogWindows: EnumDisplayDevices:
[2018.10.06-15.31.07:579][  0]LogWindows:    0. 'NVIDIA GeForce GTX 1080' (P:1 D:1)
[2018.10.06-15.31.07:580][  0]LogWindows:    1. 'NVIDIA GeForce GTX 1080' (P:0 D:0)
[2018.10.06-15.31.07:580][  0]LogWindows:    2. 'NVIDIA GeForce GTX 1080' (P:0 D:0)
[2018.10.06-15.31.07:581][  0]LogWindows:    3. 'NVIDIA GeForce GTX 1080' (P:0 D:0)
[2018.10.06-15.31.07:582][  0]LogWindows: DebugString: FoundDriverCount:4 
[2018.10.06-15.31.07:582][  0]LogD3D11RHI:     Adapter Name: NVIDIA GeForce GTX 1080
[2018.10.06-15.31.07:582][  0]LogD3D11RHI:   Driver Version: 398.36 (internal:24.21.13.9836, unified:398.36)
[2018.10.06-15.31.07:582][  0]LogD3D11RHI:      Driver Date: 6-24-2018
[2018.10.06-15.31.07:582][  0]LogRHI: Texture pool is 5655 MB (70% of 8079 MB)
[2018.10.06-15.31.07:628][  0]LogD3D11RHI: Async texture creation enabled
[2018.10.06-15.31.07:645][  0]LogD3D11RHI: GPU Timing Frequency: 1000.000000 (Debug: 2 2)
[2018.10.06-15.31.07:694][  0]LogShaderCompilers: Guid format shader working directory is -1 characters bigger than the processId version (H:/Data/GitHub/UnrealFinalProject/Flamingo_O_O_OOO/Intermediate/Shaders/WorkingDirectory/1100/).
[2018.10.06-15.31.07:696][  0]LogShaderCompilers: Cleaned the shader compiler working directory 'C:/Users/k1630434/AppData/Local/Temp/UnrealShaderWorkingDir/1A4A09A545DC8E7AF7A57DA38A848AD2/'.
[2018.10.06-15.31.08:218][  0]LogTemp: Display: Loaded TP AllDesktopTargetPlatform
[2018.10.06-15.31.08:249][  0]LogTemp: Display: Loaded TP MacClientTargetPlatform
[2018.10.06-15.31.08:282][  0]LogTemp: Display: Loaded TP MacNoEditorTargetPlatform
[2018.10.06-15.31.08:314][  0]LogTemp: Display: Loaded TP MacServerTargetPlatform
[2018.10.06-15.31.08:351][  0]LogTemp: Display: Loaded TP MacTargetPlatform
[2018.10.06-15.31.08:383][  0]LogTemp: Display: Loaded TP WindowsClientTargetPlatform
[2018.10.06-15.31.08:415][  0]LogTemp: Display: Loaded TP WindowsNoEditorTargetPlatform
[2018.10.06-15.31.08:447][  0]LogTemp: Display: Loaded TP WindowsServerTargetPlatform
[2018.10.06-15.31.08:469][  0]LogTemp: Display: Loaded TP WindowsTargetPlatform
[2018.10.06-15.31.08:599][  0]LogTemp: Display: Loaded TP AndroidTargetPlatform
[2018.10.06-15.31.08:599][  0]LogTemp: Display: Loaded TP AndroidTargetPlatform
[2018.10.06-15.31.08:599][  0]LogTemp: Display: Loaded TP AndroidTargetPlatform
[2018.10.06-15.31.08:599][  0]LogTemp: Display: Loaded TP AndroidTargetPlatform
[2018.10.06-15.31.08:599][  0]LogTemp: Display: Loaded TP AndroidTargetPlatform
[2018.10.06-15.31.08:599][  0]LogTemp: Display: Loaded TP AndroidTargetPlatform
[2018.10.06-15.31.08:599][  0]LogTemp: Display: Loaded TP AndroidTargetPlatform
[2018.10.06-15.31.08:599][  0]LogTemp: Display: Loaded TP AndroidTargetPlatform
[2018.10.06-15.31.08:599][  0]LogTemp: Display: Loaded TP AndroidTargetPlatform
[2018.10.06-15.31.08:599][  0]LogTemp: Display: Loaded TP AndroidTargetPlatform
[2018.10.06-15.31.08:599][  0]LogTemp: Display: Loaded TP AndroidTargetPlatform
[2018.10.06-15.31.08:599][  0]LogTemp: Display: Loaded TP AndroidTargetPlatform
[2018.10.06-15.31.08:599][  0]LogTemp: Display: Loaded TP AndroidTargetPlatform
[2018.10.06-15.31.08:599][  0]LogTemp: Display: Loaded TP AndroidTargetPlatform
[2018.10.06-15.31.08:599][  0]LogTemp: Display: Loaded TP AndroidTargetPlatform
[2018.10.06-15.31.08:599][  0]LogTemp: Display: Loaded TP AndroidTargetPlatform
[2018.10.06-15.31.08:599][  0]LogTemp: Display: Loaded TP AndroidTargetPlatform
[2018.10.06-15.31.08:599][  0]LogTemp: Display: Loaded TP AndroidTargetPlatform
[2018.10.06-15.31.08:610][  0]LogTemp: Display: Loaded TP HTML5TargetPlatform
[2018.10.06-15.31.08:709][  0]LogTemp: Display: Loaded TP IOSTargetPlatform
[2018.10.06-15.31.08:709][  0]LogTemp: Display: Loaded TP IOSTargetPlatform
[2018.10.06-15.31.08:756][  0]LogTemp: Display: Loaded TP TVOSTargetPlatform
[2018.10.06-15.31.08:756][  0]LogTemp: Display: Loaded TP TVOSTargetPlatform
[2018.10.06-15.31.08:783][  0]LogTemp: Display: Loaded TP LinuxClientTargetPlatform
[2018.10.06-15.31.08:809][  0]LogTemp: Display: Loaded TP LinuxNoEditorTargetPlatform
[2018.10.06-15.31.08:835][  0]LogTemp: Display: Loaded TP LinuxServerTargetPlatform
[2018.10.06-15.31.08:870][  0]LogTemp: Display: Loaded TP LinuxTargetPlatform
[2018.10.06-15.31.08:886][  0]LogTemp: Display: Loaded TP LuminTargetPlatform
[2018.10.06-15.31.08:886][  0]LogTargetPlatformManager: Display: Building Assets For Windows
[2018.10.06-15.31.09:157][  0]LogXGEController: Cannot use XGE Controller as Incredibuild is not installed on this machine.
[2018.10.06-15.31.09:157][  0]LogShaderCompilers: Cannot use XGE Shader Compiler as Incredibuild is not installed on this machine.
[2018.10.06-15.31.09:157][  0]LogShaderCompilers: Display: Using Local Shader Compiler.
[2018.10.06-15.31.12:630][  0]LogDerivedDataCache: Display: Max Cache Size: 512 MB
[2018.10.06-15.31.12:683][  0]LogDerivedDataCache: Loaded boot cache 0.05s 87MB C:/Users/k1630434/AppData/Local/UnrealEngine/4.20/DerivedDataCache/Boot.ddc.
[2018.10.06-15.31.12:684][  0]LogDerivedDataCache: Display: Loaded Boot cache: C:/Users/k1630434/AppData/Local/UnrealEngine/4.20/DerivedDataCache/Boot.ddc
[2018.10.06-15.31.12:685][  0]LogDerivedDataCache: FDerivedDataBackendGraph:  Pak pak cache file H:/Data/GitHub/UnrealFinalProject/Flamingo_O_O_OOO/DerivedDataCache/DDC.ddp not found, will not use a pak cache.
[2018.10.06-15.31.12:685][  0]LogDerivedDataCache: Unable to find inner node Pak for hierarchical cache Hierarchy.
[2018.10.06-15.31.12:685][  0]LogDerivedDataCache: FDerivedDataBackendGraph:  CompressedPak pak cache file H:/Data/GitHub/UnrealFinalProject/Flamingo_O_O_OOO/DerivedDataCache/Compressed.ddp not found, will not use a pak cache.
[2018.10.06-15.31.12:685][  0]LogDerivedDataCache: Unable to find inner node CompressedPak for hierarchical cache Hierarchy.
[2018.10.06-15.31.12:698][  0]LogDerivedDataCache: Display: Pak cache opened for reading ../../../Engine/DerivedDataCache/Compressed.ddp.
[2018.10.06-15.31.12:717][  0]LogDerivedDataCache: Using Local data cache path C:/Users/k1630434/AppData/Local/UnrealEngine/Common/DerivedDataCache: Writable
[2018.10.06-15.31.12:717][  0]LogDerivedDataCache: Shared data cache path not found in *engine.ini, will not use an Shared cache.
[2018.10.06-15.31.12:717][  0]LogDerivedDataCache: Unable to find inner node Shared for hierarchical cache Hierarchy.
[2018.10.06-15.31.12:731][  0]LogMaterial: Verifying Global Shaders for PCD3D_SM5
[2018.10.06-15.31.12:733][  0]LogSlate: Using FreeType 2.6.0
[2018.10.06-15.31.12:745][  0]LogSlate: SlateFontServices - WITH_FREETYPE: 1, WITH_HARFBUZZ: 1
[2018.10.06-15.31.13:052][  0]LogAssetRegistry: FAssetRegistry took 0.0307 seconds to start up
[2018.10.06-15.31.13:944][  0]LogInit: Selected Device Profile: [Windows]
[2018.10.06-15.31.14:202][  0]LogSimplygon: Simplygon DLL not present - disabling.
[2018.10.06-15.31.14:220][  0]LogMeshReduction: Using SimplygonSwarm for distributed automatic mesh merging
[2018.10.06-15.31.14:220][  0]LogMeshReduction: Using ProxyLODMeshReduction for automatic mesh merging
[2018.10.06-15.31.14:220][  0]LogMeshReduction: Using QuadricMeshReduction for automatic static mesh reduction
[2018.10.06-15.31.14:220][  0]LogMeshReduction: No automatic skeletal mesh reduction module available
[2018.10.06-15.31.14:241][  0]LogNetVersion: Flamingo_O_O_OOO 1.0.0, NetCL: 4212847, EngineNetVer: 5, GameNetVer: 0 (Checksum: 3041211453)
[2018.10.06-15.31.15:870][  0]LogPackageLocalizationCache: Processed 11 localized package path(s) for 2 prioritized culture(s) in 0.880439 seconds
[2018.10.06-15.31.15:876][  0]LogUObjectArray: 38425 objects as part of root set at end of initial load.
[2018.10.06-15.31.15:876][  0]LogUObjectAllocator: 6690864 out of 0 bytes used by permanent object pool.
[2018.10.06-15.31.15:876][  0]LogUObjectArray: CloseDisregardForGC: 0/0 objects in disregard for GC pool
[2018.10.06-15.31.20:130][  0]LogTcpMessaging: Initializing TcpMessaging bridge
[2018.10.06-15.31.20:146][  0]LogUdpMessaging: Initializing bridge on interface 0.0.0.0:0 to multicast group 230.0.0.1:6666.
[2018.10.06-15.31.20:147][  0]LogDirectoryWatcher: A directory notification failed for 'H:/Data/GitHub/UnrealFinalProject/Flamingo_O_O_OOO/Content/' because it was empty or there was a buffer overflow. Attemping another request...
[2018.10.06-15.31.20:742][  0]SourceControl: Source control is disabled
[2018.10.06-15.31.20:742][  0]SourceControl: Source control is disabled
[2018.10.06-15.31.20:763][  0]SourceControl: Source control is disabled
[2018.10.06-15.31.20:776][  0]SourceControl: Source control is disabled
[2018.10.06-15.31.22:274][  0]LogAndroidPermission: UAndroidPermissionCallbackProxy::GetInstance
[2018.10.06-15.31.22:512][  0]LogOcInput: OculusInput pre-init called
[2018.10.06-15.31.22:622][  0]LogEngine: Initializing Engine...
[2018.10.06-15.31.22:630][  0]LogHMD: Failed to initialize OpenVR with code 110
[2018.10.06-15.31.22:672][  0]LogStats: UGameplayTagsManager::ConstructGameplayTagTree: ImportINI prefixes -  0.000 s
[2018.10.06-15.31.22:672][  0]LogStats: UGameplayTagsManager::ConstructGameplayTagTree: Construct from data asset -  0.000 s
[2018.10.06-15.31.22:674][  0]LogStats: UGameplayTagsManager::ConstructGameplayTagTree: ImportINI -  0.002 s
[2018.10.06-15.31.22:674][  0]LogStats: UGameplayTagsManager::ConstructGameplayTagTree: GameplayTagTreeChangedEvent.Broadcast -  0.000 s
[2018.10.06-15.31.22:934][  0]LogInit: Initializing FReadOnlyCVARCache
[2018.10.06-15.31.22:978][  0]LogAIModule: Creating AISystem for world Untitled
[2018.10.06-15.31.23:034][  0]LogInit: XAudio2 using 'Speakers (Realtek High Definition Audio)' : 2 channels at 48 kHz using 32 bits per sample (channel mask 0x3)
[2018.10.06-15.31.23:057][  0]LogInit: FAudioDevice initialized.
[2018.10.06-15.31.23:057][  0]LogNetVersion: Set ProjectVersion to 1.0.0.0. Version Checksum will be recalculated on next use.
[2018.10.06-15.31.23:140][  0]LogDerivedDataCache: Saved boot cache 0.08s 87MB C:/Users/k1630434/AppData/Local/UnrealEngine/4.20/DerivedDataCache/Boot.ddc.
[2018.10.06-15.31.23:197][  0]LogInit: Texture streaming: Enabled
[2018.10.06-15.31.23:285][  0]LogEngineSessionManager: EngineSessionManager initialized
[2018.10.06-15.31.23:332][  0]LogInit: Transaction tracking system initialized
[2018.10.06-15.31.23:455][  0]BlueprintLog: New page: Editor Load
[2018.10.06-15.31.23:942][  0]LocalizationService: Localization service is disabled
[2018.10.06-15.31.24:678][  0]LogCook: Display: Max memory allowance for cook 16384mb min free memory 0mb
[2018.10.06-15.31.24:678][  0]LogCook: Display: Mobile HDR setting 1
[2018.10.06-15.31.24:678][  0]LogGameplayTags: Display: UGameplayTagsManager::DoneAddingNativeTags. DelegateIsBound: 0
[2018.10.06-15.31.24:678][  0]LogStats: UGameplayTagsManager::ConstructGameplayTagTree: ImportINI prefixes -  0.000 s
[2018.10.06-15.31.24:678][  0]LogStats: UGameplayTagsManager::ConstructGameplayTagTree: Construct from data asset -  0.000 s
[2018.10.06-15.31.24:678][  0]LogStats: UGameplayTagsManager::ConstructGameplayTagTree: ImportINI -  0.000 s
[2018.10.06-15.31.24:678][  0]LogStats: UGameplayTagsManager::ConstructGameplayTagTree: GameplayTagTreeChangedEvent.Broadcast -  0.000 s
[2018.10.06-15.31.25:167][  0]SourceControl: Source control is disabled
[2018.10.06-15.31.25:167][  0]Cmd: MAP LOAD FILE="H:/Data/GitHub/UnrealFinalProject/Flamingo_O_O_OOO/Content/ThirdPersonBP/Maps/ThirdPersonExampleMap.umap" TEMPLATE=0 SHOWPROGRESS=1 FEATURELEVEL=3
[2018.10.06-15.31.25:242][  0]LightingResults: New page: Lighting Build
[2018.10.06-15.31.25:253][  0]MapCheck: New page: Map Check
[2018.10.06-15.31.25:254][  0]LightingResults: New page: Lighting Build
[2018.10.06-15.31.27:895][  0]LogFileCache: Scanning file cache for directory 'H:/Data/GitHub/UnrealFinalProject/Flamingo_O_O_OOO/Content/' took 3.01s
[2018.10.06-15.31.34:702][  0]LogTexture: Display: Building textures: T_Blade_HeroSword_011_N (BC5, 256X256)
[2018.10.06-15.31.34:703][  0]LogTexture: Display: Building textures: T_Blade_HeroSword_012_D (AutoDXT, 256X256)
[2018.10.06-15.31.34:703][  0]LogTexture: Display: Building textures: T_Blade_HeroSword_011_D (AutoDXT, 256X256)
[2018.10.06-15.31.34:703][  0]LogTexture: Display: Building textures: T_CharM_WarriorB_Mask (AutoDXT, 2048X2048)
[2018.10.06-15.31.34:785][  0]LogTexture: Display: Building textures: T_CharM_Warrior_JewelMask (AutoDXT, 2048X2048)
[2018.10.06-15.31.34:785][  0]LogAnimationCompression: Building Anim DDC data for AnimSequence /Game/InfinityBladeWarriors/Animations/ThirdPersonWalk.ThirdPersonWalk
[2018.10.06-15.31.34:785][  0]LogAnimationCompression: Recompressing (AnimSequence /Game/InfinityBladeWarriors/Animations/ThirdPersonWalk.ThirdPersonWalk) using current/default (AnimCompress_RemoveLinearKeys_1) bFirstRecompressUsingCurrentOrDefault(1) bTryAlternateCompressor(0) IsCompressedDataValid(0)
[2018.10.06-15.31.34:831][  0]LogAnimationCompression: Building Anim DDC data for AnimSequence /Game/InfinityBladeWarriors/Animations/ThirdPersonRun.ThirdPersonRun
[2018.10.06-15.31.34:832][  0]LogAnimationCompression: Recompressing (AnimSequence /Game/InfinityBladeWarriors/Animations/ThirdPersonRun.ThirdPersonRun) using current/default (AnimCompress_RemoveLinearKeys_1) bFirstRecompressUsingCurrentOrDefault(1) bTryAlternateCompressor(0) IsCompressedDataValid(0)
[2018.10.06-15.31.34:855][  0]LogAnimationCompression: Building Anim DDC data for AnimSequence /Game/InfinityBladeWarriors/Animations/ThirdPersonIdle.ThirdPersonIdle
[2018.10.06-15.31.34:856][  0]LogAnimationCompression: Recompressing (AnimSequence /Game/InfinityBladeWarriors/Animations/ThirdPersonIdle.ThirdPersonIdle) using current/default (AnimCompress_RemoveLinearKeys_2) bFirstRecompressUsingCurrentOrDefault(1) bTryAlternateCompressor(0) IsCompressedDataValid(0)
[2018.10.06-15.31.34:943][  0]LogAnimationCompression: Building Anim DDC data for AnimSequence /Game/InfinityBladeWarriors/Animations/ThirdPersonJump_Start.ThirdPersonJump_Start
[2018.10.06-15.31.34:944][  0]LogAnimationCompression: Recompressing (AnimSequence /Game/InfinityBladeWarriors/Animations/ThirdPersonJump_Start.ThirdPersonJump_Start) using current/default (AnimCompress_RemoveLinearKeys_2) bFirstRecompressUsingCurrentOrDefault(1) bTryAlternateCompressor(0) IsCompressedDataValid(0)
[2018.10.06-15.31.34:961][  0]LogAnimationCompression: Building Anim DDC data for AnimSequence /Game/InfinityBladeWarriors/Animations/ThirdPerson_Jump.ThirdPerson_Jump
[2018.10.06-15.31.34:961][  0]LogAnimationCompression: Recompressing (AnimSequence /Game/InfinityBladeWarriors/Animations/ThirdPerson_Jump.ThirdPerson_Jump) using current/default (AnimCompress_RemoveLinearKeys_3) bFirstRecompressUsingCurrentOrDefault(1) bTryAlternateCompressor(0) IsCompressedDataValid(0)
[2018.10.06-15.31.34:968][  0]LogAnimationCompression: Building Anim DDC data for AnimSequence /Game/InfinityBladeWarriors/Animations/ThirdPersonJump_Loop.ThirdPersonJump_Loop
[2018.10.06-15.31.34:969][  0]LogAnimationCompression: Recompressing (AnimSequence /Game/InfinityBladeWarriors/Animations/ThirdPersonJump_Loop.ThirdPersonJump_Loop) using current/default (AnimCompress_RemoveLinearKeys_3) bFirstRecompressUsingCurrentOrDefault(1) bTryAlternateCompressor(0) IsCompressedDataValid(0)
[2018.10.06-15.31.35:052][  0]LogMaterial: Display: Missing cached shader map for material M_Blade_HeroSword11, compiling. 
[2018.10.06-15.31.35:108][  0]LogSkeletalMesh: Building Skeletal Mesh SK_Blade_HeroSword11...
[2018.10.06-15.31.35:108][  0]LogSkeletalMesh: Built Skeletal Mesh [0.00s] /Game/InfinityBladeWeapons/Weapons/Blade/Swords/Blade_HeroSword11/SK_Blade_HeroSword11.SK_Blade_HeroSword11
[2018.10.06-15.31.35:109][  0]LogAnimationCompression: Building Anim DDC data for AnimSequence /Game/MixamoModelsAndAnimations/Animations/IBForSKMannequinsword_and_shield_slash__4_.IBForSKMannequinsword_and_shield_slash__4_
[2018.10.06-15.31.35:109][  0]LogAnimationCompression: Recompressing (AnimSequence /Game/MixamoModelsAndAnimations/Animations/IBForSKMannequinsword_and_shield_slash__4_.IBForSKMannequinsword_and_shield_slash__4_) using current/default (AnimCompress_BitwiseCompressOnly_1) bFirstRecompressUsingCurrentOrDefault(1) bTryAlternateCompressor(0) IsCompressedDataValid(0)
[2018.10.06-15.31.35:213][  0]LogShaderCompilers: Display: Shaders left to compile 60
[2018.10.06-15.31.35:213][  0]LogShaderCompilers: Display: Shaders left to compile 50
[2018.10.06-15.31.35:213][  0]LogShaderCompilers: Display: Shaders left to compile 40
[2018.10.06-15.31.35:213][  0]LogShaderCompilers: Display: Shaders left to compile 30
[2018.10.06-15.31.35:213][  0]LogShaderCompilers: Display: Shaders left to compile 20
[2018.10.06-15.31.35:213][  0]LogAnimationCompression: Building Anim DDC data for AnimSequence /Game/MixamoModelsAndAnimations/Animations/IBForSKMannequinsword_and_shield_slash__3_.IBForSKMannequinsword_and_shield_slash__3_
[2018.10.06-15.31.35:213][  0]LogAnimationCompression: Recompressing (AnimSequence /Game/MixamoModelsAndAnimations/Animations/IBForSKMannequinsword_and_shield_slash__3_.IBForSKMannequinsword_and_shield_slash__3_) using current/default (AnimCompress_BitwiseCompressOnly_1) bFirstRecompressUsingCurrentOrDefault(1) bTryAlternateCompressor(0) IsCompressedDataValid(0)
[2018.10.06-15.31.35:299][  0]LogAnimationCompression: Building Anim DDC data for AnimSequence /Game/MixamoModelsAndAnimations/Animations/IBForSKMannequinsword_and_shield_slash.IBForSKMannequinsword_and_shield_slash
[2018.10.06-15.31.35:299][  0]LogAnimationCompression: Recompressing (AnimSequence /Game/MixamoModelsAndAnimations/Animations/IBForSKMannequinsword_and_shield_slash.IBForSKMannequinsword_and_shield_slash) using current/default (AnimCompress_BitwiseCompressOnly_1) bFirstRecompressUsingCurrentOrDefault(1) bTryAlternateCompressor(0) IsCompressedDataValid(0)
[2018.10.06-15.31.36:991][  0]LogTexture: Display: Building textures: T_CharM_Warrior_N (BC5, 2048X2048)
[2018.10.06-15.31.36:991][  0]LogTexture: Display: Building textures: T_CharM_WarriorB_D (DXT1, 2048X2048)
[2018.10.06-15.31.36:994][  0]LogMaterial: Display: Missing cached shader map for material M_Char_Warrior_B, compiling. 
[2018.10.06-15.31.37:026][  0]LogSkeletalMesh: Building Skeletal Mesh SK_CharM_Warrior...
[2018.10.06-15.31.37:029][  0]LogSkeletalMesh: Built Skeletal Mesh [0.00s] /Game/InfinityBladeWarriors/Character/CompleteCharacters/SK_CharM_Warrior.SK_CharM_Warrior
[2018.10.06-15.31.37:087][  0]LogAIModule: Creating AISystem for world ThirdPersonExampleMap
[2018.10.06-15.31.37:114][  0]LogEditorServer: Finished looking for orphan Actors (0.000 secs)
[2018.10.06-15.31.37:227][  0]Cmd: MAP CHECKDEP NOCLEARLOG
[2018.10.06-15.31.40:170][  0]MapCheck: Map check complete: 0 Error(s), 0 Warning(s), took 2,943.032ms to complete.
[2018.10.06-15.31.40:170][  0]LogFileHelpers: Loading map 'ThirdPersonExampleMap' took 15.004
[2018.10.06-15.31.40:258][  0]LogShaderCompilers: Display: Shaders left to compile 70
[2018.10.06-15.31.40:379][  0]LogSlate: Updating window title bar state: overlay mode, drag disabled, window buttons hidden, title bar hidden
[2018.10.06-15.31.40:391][  0]LogSlate: Updating window title bar state: overlay mode, drag disabled, window buttons hidden, title bar hidden
[2018.10.06-15.31.40:404][  0]LogSlate: Updating window title bar state: overlay mode, drag disabled, window buttons hidden, title bar hidden
[2018.10.06-15.31.40:413][  0]LogSlate: Updating window title bar state: overlay mode, drag disabled, window buttons hidden, title bar hidden
[2018.10.06-15.31.40:465][  0]LogCollectionManager: Loaded 0 collections in 0.024523 seconds
[2018.10.06-15.31.40:587][  0]LogFileCache: Scanning file cache for directory 'H:/Data/GitHub/UnrealFinalProject/Flamingo_O_O_OOO/Saved/Collections/' took 0.01s
[2018.10.06-15.31.40:587][  0]LogFileCache: Scanning file cache for directory 'H:/Data/GitHub/UnrealFinalProject/Flamingo_O_O_OOO/Content/Developers/k1630434/Collections/' took 0.01s
[2018.10.06-15.31.40:587][  0]LogFileCache: Scanning file cache for directory 'H:/Data/GitHub/UnrealFinalProject/Flamingo_O_O_OOO/Content/Collections/' took 0.02s
[2018.10.06-15.31.40:587][  0]LogCollectionManager: Rebuilt the GUID cache for 0 collections in 0.000000 seconds
[2018.10.06-15.31.40:604][  0]LogContentBrowser: Native class hierarchy populated in 0.0163 seconds. Added 2572 classes and 603 folders.
[2018.10.06-15.31.40:640][  0]LogContentBrowser: Native class hierarchy updated for 'WidgetCarousel' in 0.0005 seconds. Added 0 classes and 0 folders.
[2018.10.06-15.31.41:609][  0]LogShaderCompilers: Display: Shaders left to compile 60
[2018.10.06-15.31.41:609][  0]LogShaderCompilers: Display: Shaders left to compile 50
[2018.10.06-15.31.41:609][  0]LogShaderCompilers: Display: Shaders left to compile 40
[2018.10.06-15.31.41:609][  0]LogContentBrowser: Native class hierarchy updated for 'AddContentDialog' in 0.0004 seconds. Added 0 classes and 0 folders.
[2018.10.06-15.31.41:658][  0]LogContentBrowser: Native class hierarchy updated for 'SceneOutliner' in 0.0005 seconds. Added 1 classes and 2 folders.
[2018.10.06-15.31.41:791][  0]LogShaderCompilers: Display: Shaders left to compile 30
[2018.10.06-15.31.41:791][  0]LogSlate: Took 0.003890 seconds to synchronously load lazily loaded font '../../../Engine/Content/Slate/Fonts/Roboto-Regular.ttf' (155K)
[2018.10.06-15.31.41:797][  0]LogSlate: Took 0.002970 seconds to synchronously load lazily loaded font '../../../Engine/Content/Slate/Fonts/Roboto-Bold.ttf' (160K)
[2018.10.06-15.31.41:808][  0]LogSlate: Took 0.003627 seconds to synchronously load lazily loaded font '../../../Engine/Content/Editor/Slate/Fonts/FontAwesome.ttf' (139K)
[2018.10.06-15.31.41:996][  0]LogRenderer: Reallocating scene render targets to support 1208x576 Format 10 NumSamples 1 (Frame:1).
[2018.10.06-15.31.42:278][  0]LogSlate: FSceneViewport::OnFocusLost() reason 2
[2018.10.06-15.31.42:317][  0]LogSlate: Window 'Tutorials' being destroyed
[2018.10.06-15.31.42:361][  0]LogContentBrowser: Native class hierarchy updated for 'HierarchicalLODOutliner' in 0.0004 seconds. Added 0 classes and 0 folders.
[2018.10.06-15.31.42:362][  0]LogLoad: (Engine Initialization) Total time: 54.60 seconds
[2018.10.06-15.31.42:362][  0]LogLoad: (Engine Initialization) Total Blueprint compile time: 0.00 seconds
[2018.10.06-15.31.42:372][  0]LogWindowsTextInputMethodSystem: Display: IME system now deactivated.
[2018.10.06-15.31.42:393][  0]LogDirectoryWatcher: A directory notification failed for 'H:/Data/GitHub/UnrealFinalProject/Flamingo_O_O_OOO/Content/' because it was empty or there was a buffer overflow. Attemping another request...
[2018.10.06-15.31.42:394][  0]LogDirectoryWatcher: A directory notification failed for 'H:/Data/GitHub/UnrealFinalProject/Flamingo_O_O_OOO/Content/', and we were unable to create a new request.
[2018.10.06-15.31.42:394][  0]LogDirectoryWatcher: A directory notification failed for 'H:/Data/GitHub/UnrealFinalProject/Flamingo_O_O_OOO/Saved/Collections/' because it was empty or there was a buffer overflow. Attemping another request...
[2018.10.06-15.31.42:395][  0]LogDirectoryWatcher: A directory notification failed for 'H:/Data/GitHub/UnrealFinalProject/Flamingo_O_O_OOO/Content/Developers/k1630434/Collections/' because it was empty or there was a buffer overflow. Attemping another request...
[2018.10.06-15.31.42:395][  0]LogDirectoryWatcher: A directory notification failed for 'H:/Data/GitHub/UnrealFinalProject/Flamingo_O_O_OOO/Content/Collections/' because it was empty or there was a buffer overflow. Attemping another request...
[2018.10.06-15.31.42:396][  0]LogContentStreaming: Texture pool size now 1000 MB
[2018.10.06-15.31.42:456][  0]LogSlate: Took 0.005305 seconds to synchronously load lazily loaded font '../../../Engine/Content/Slate/Fonts/Roboto-Light.ttf' (167K)
[2018.10.06-15.31.42:487][  1]LogDirectoryWatcher: A directory notification failed for 'H:/Data/GitHub/UnrealFinalProject/Flamingo_O_O_OOO/Saved/Collections/' because it was empty or there was a buffer overflow. Attemping another request...
[2018.10.06-15.31.42:488][  1]LogDirectoryWatcher: A directory notification failed for 'H:/Data/GitHub/UnrealFinalProject/Flamingo_O_O_OOO/Saved/Collections/', and we were unable to create a new request.
[2018.10.06-15.31.42:488][  1]LogDirectoryWatcher: A directory notification failed for 'H:/Data/GitHub/UnrealFinalProject/Flamingo_O_O_OOO/Content/Developers/k1630434/Collections/' because it was empty or there was a buffer overflow. Attemping another request...
[2018.10.06-15.31.42:489][  1]LogDirectoryWatcher: A directory notification failed for 'H:/Data/GitHub/UnrealFinalProject/Flamingo_O_O_OOO/Content/Developers/k1630434/Collections/', and we were unable to create a new request.
[2018.10.06-15.31.42:489][  1]LogDirectoryWatcher: A directory notification failed for 'H:/Data/GitHub/UnrealFinalProject/Flamingo_O_O_OOO/Content/Collections/' because it was empty or there was a buffer overflow. Attemping another request...
[2018.10.06-15.31.42:490][  1]LogDirectoryWatcher: A directory notification failed for 'H:/Data/GitHub/UnrealFinalProject/Flamingo_O_O_OOO/Content/Collections/', and we were unable to create a new request.
[2018.10.06-15.31.43:237][ 53]LogCollectionManager: Rebuilt the object cache for 0 collections in 0.000000 seconds (found 0 objects)
[2018.10.06-15.31.43:556][ 65]LogSlate: Took 0.000956 seconds to synchronously load lazily loaded font '../../../Engine/Content/Slate/Fonts/Roboto-Light.ttf' (167K)
[2018.10.06-15.31.44:130][130]LogShaderCompilers: Display: Shaders left to compile 20
[2018.10.06-15.31.44:175][133]LogShaderCompilers: Display: Shaders left to compile 10
[2018.10.06-15.31.57:342][563]LogSlate: FSceneViewport::OnFocusLost() reason 0
[2018.10.06-15.31.57:418][572]LogTemp: Repeating last play command: Selected Viewport
[2018.10.06-15.31.57:544][572]LogBlueprintUserMessages: Early PlayInEditor Detection: Level '/Game/ThirdPersonBP/Maps/ThirdPersonExampleMap.ThirdPersonExampleMap:PersistentLevel' has LevelScriptBlueprint '/Game/ThirdPersonBP/Maps/ThirdPersonExampleMap.ThirdPersonExampleMap:PersistentLevel.ThirdPersonExampleMap' with GeneratedClass '/Game/ThirdPersonBP/Maps/ThirdPersonExampleMap.ThirdPersonExampleMap_C' with ClassGeneratedBy '/Game/ThirdPersonBP/Maps/ThirdPersonExampleMap.ThirdPersonExampleMap:PersistentLevel.ThirdPersonExampleMap'
[2018.10.06-15.31.57:544][572]LogPlayLevel: PlayLevel: No blueprints needed recompiling
[2018.10.06-15.31.57:556][572]PIE: New page: PIE session: ThirdPersonExampleMap (6 Oct 2018 17:31:57)
[2018.10.06-15.31.57:556][572]LogPlayLevel: Creating play world package: /Game/ThirdPersonBP/Maps/UEDPIE_0_ThirdPersonExampleMap
[2018.10.06-15.31.57:609][572]LogPlayLevel: PIE: StaticDuplicateObject took: (0.052355s)
[2018.10.06-15.31.57:609][572]LogAIModule: Creating AISystem for world ThirdPersonExampleMap
[2018.10.06-15.31.57:609][572]LogPlayLevel: PIE: World Init took: (0.000735s)
[2018.10.06-15.31.57:609][572]LogPlayLevel: PIE: Created PIE world by copying editor world from /Game/ThirdPersonBP/Maps/ThirdPersonExampleMap.ThirdPersonExampleMap to /Game/ThirdPersonBP/Maps/UEDPIE_0_ThirdPersonExampleMap.ThirdPersonExampleMap (0.053242s)
[2018.10.06-15.31.57:648][572]LogInit: XAudio2 using 'Speakers (Realtek High Definition Audio)' : 2 channels at 48 kHz using 32 bits per sample (channel mask 0x3)
[2018.10.06-15.31.57:666][572]LogInit: FAudioDevice initialized.
[2018.10.06-15.31.58:194][572]LogLoad: Game class is 'ThirdPersonGameMode_C'
[2018.10.06-15.31.58:196][572]LogWorld: Bringing World /Game/ThirdPersonBP/Maps/UEDPIE_0_ThirdPersonExampleMap.ThirdPersonExampleMap up for play (max tick rate 0) at 2018.10.06-16.31.58
[2018.10.06-15.31.58:196][572]LogWorld: Bringing up level for play took: 0.001254
[2018.10.06-15.31.58:231][572]LogContentBrowser: Native class hierarchy updated for 'MovieSceneCapture' in 0.0003 seconds. Added 10 classes and 0 folders.
[2018.10.06-15.31.58:232][572]PIE: Play in editor start time for /Game/ThirdPersonBP/Maps/UEDPIE_0_ThirdPersonExampleMap 0.702
[2018.10.06-15.31.58:232][572]LogBlueprintUserMessages: Late PlayInEditor Detection: Level '/Game/ThirdPersonBP/Maps/ThirdPersonExampleMap.ThirdPersonExampleMap:PersistentLevel' has LevelScriptBlueprint '/Game/ThirdPersonBP/Maps/ThirdPersonExampleMap.ThirdPersonExampleMap:PersistentLevel.ThirdPersonExampleMap' with GeneratedClass '/Game/ThirdPersonBP/Maps/ThirdPersonExampleMap.ThirdPersonExampleMap_C' with ClassGeneratedBy '/Game/ThirdPersonBP/Maps/ThirdPersonExampleMap.ThirdPersonExampleMap:PersistentLevel.ThirdPersonExampleMap'
[2018.10.06-15.32.02:977][131]LogAssetRegistry: Asset discovery search completed in 49.9470 seconds
[2018.10.06-15.32.02:979][131]LogCollectionManager: Fixed up redirectors for 0 collections in 0.000007 seconds (updated 0 objects)
[2018.10.06-15.32.03:003][133]LogFileManager: Error: Error writing to file: H:/Data/GitHub/UnrealFinalProject/Flamingo_O_O_OOO/Intermediate/CachedAssetRegistry.bin.tmp (There is not enough space on the disk.)
[2018.10.06-15.32.03:016][135]LogFileManager: Error: Error flushing file: H:/Data/GitHub/UnrealFinalProject/Flamingo_O_O_OOO/Intermediate/CachedAssetRegistry.bin.tmp (There is not enough space on the disk.)
[2018.10.06-15.32.03:016][135]LogFileManager: Error: Error flushing file: H:/Data/GitHub/UnrealFinalProject/Flamingo_O_O_OOO/Intermediate/CachedAssetRegistry.bin.tmp (There is not enough space on the disk.)
[2018.10.06-15.32.03:016][135]LogFileManager: Error: Error flushing file: H:/Data/GitHub/UnrealFinalProject/Flamingo_O_O_OOO/Intermediate/CachedAssetRegistry.bin.tmp (There is not enough space on the disk.)
[2018.10.06-15.32.03:016][135]LogFileManager: Error: Error flushing file: H:/Data/GitHub/UnrealFinalProject/Flamingo_O_O_OOO/Intermediate/CachedAssetRegistry.bin.tmp (There is not enough space on the disk.)
[2018.10.06-15.32.03:016][135]LogFileManager: Error: Error flushing file: H:/Data/GitHub/UnrealFinalProject/Flamingo_O_O_OOO/Intermediate/CachedAssetRegistry.bin.tmp (There is not enough space on the disk.)
[2018.10.06-15.32.03:016][135]LogFileManager: Error: Error flushing file: H:/Data/GitHub/UnrealFinalProject/Flamingo_O_O_OOO/Intermediate/CachedAssetRegistry.bin.tmp (There is not enough space on the disk.)
[2018.10.06-15.32.03:016][135]LogFileManager: Error: Error flushing file: H:/Data/GitHub/UnrealFinalProject/Flamingo_O_O_OOO/Intermediate/CachedAssetRegistry.bin.tmp (There is not enough space on the disk.)
[2018.10.06-15.32.03:024][136]LogFileManager: Error: Error flushing file: H:/Data/GitHub/UnrealFinalProject/Flamingo_O_O_OOO/Intermediate/CachedAssetRegistry.bin.tmp (There is not enough space on the disk.)
[2018.10.06-15.32.03:024][136]LogFileManager: Error: Error flushing file: H:/Data/GitHub/UnrealFinalProject/Flamingo_O_O_OOO/Intermediate/CachedAssetRegistry.bin.tmp (There is not enough space on the disk.)
[2018.10.06-15.32.03:024][136]LogFileManager: Error: Error flushing file: H:/Data/GitHub/UnrealFinalProject/Flamingo_O_O_OOO/Intermediate/CachedAssetRegistry.bin.tmp (There is not enough space on the disk.)
[2018.10.06-15.32.03:024][136]LogFileManager: Error: Error flushing file: H:/Data/GitHub/UnrealFinalProject/Flamingo_O_O_OOO/Intermediate/CachedAssetRegistry.bin.tmp (There is not enough space on the disk.)
[2018.10.06-15.32.03:024][136]LogFileManager: Error: Error flushing file: H:/Data/GitHub/UnrealFinalProject/Flamingo_O_O_OOO/Intermediate/CachedAssetRegistry.bin.tmp (There is not enough space on the disk.)
[2018.10.06-15.32.03:024][136]LogFileManager: Error: Error flushing file: H:/Data/GitHub/UnrealFinalProject/Flamingo_O_O_OOO/Intermediate/CachedAssetRegistry.bin.tmp (There is not enough space on the disk.)
[2018.10.06-15.32.03:024][136]LogFileManager: Error: Error flushing file: H:/Data/GitHub/UnrealFinalProject/Flamingo_O_O_OOO/Intermediate/CachedAssetRegistry.bin.tmp (There is not enough space on the disk.)
[2018.10.06-15.32.03:024][136]LogFileManager: Error: Error flushing file: H:/Data/GitHub/UnrealFinalProject/Flamingo_O_O_OOO/Intermediate/CachedAssetRegistry.bin.tmp (There is not enough space on the disk.)
[2018.10.06-15.32.03:024][136]LogFileManager: Error: Error flushing file: H:/Data/GitHub/UnrealFinalProject/Flamingo_O_O_OOO/Intermediate/CachedAssetRegistry.bin.tmp (There is not enough space on the disk.)
[2018.10.06-15.32.03:032][137]LogFileManager: Error: Error flushing file: H:/Data/GitHub/UnrealFinalProject/Flamingo_O_O_OOO/Intermediate/CachedAssetRegistry.bin.tmp (There is not enough space on the disk.)
[2018.10.06-15.32.03:032][137]LogFileManager: Error: Error flushing file: H:/Data/GitHub/UnrealFinalProject/Flamingo_O_O_OOO/Intermediate/CachedAssetRegistry.bin.tmp (There is not enough space on the disk.)
[2018.10.06-15.32.03:032][137]LogFileManager: Error: Error flushing file: H:/Data/GitHub/UnrealFinalProject/Flamingo_O_O_OOO/Intermediate/CachedAssetRegistry.bin.tmp (There is not enough space on the disk.)
[2018.10.06-15.32.03:032][137]LogFileManager: Error: Error flushing file: H:/Data/GitHub/UnrealFinalProject/Flamingo_O_O_OOO/Intermediate/CachedAssetRegistry.bin.tmp (There is not enough space on the disk.)
[2018.10.06-15.32.03:032][137]LogFileManager: Error: Error flushing file: H:/Data/GitHub/UnrealFinalProject/Flamingo_O_O_OOO/Intermediate/CachedAssetRegistry.bin.tmp (There is not enough space on the disk.)
[2018.10.06-15.32.03:032][137]LogFileManager: Error: Error flushing file: H:/Data/GitHub/UnrealFinalProject/Flamingo_O_O_OOO/Intermediate/CachedAssetRegistry.bin.tmp (There is not enough space on the disk.)
[2018.10.06-15.32.03:032][137]LogFileManager: Error: Error flushing file: H:/Data/GitHub/UnrealFinalProject/Flamingo_O_O_OOO/Intermediate/CachedAssetRegistry.bin.tmp (There is not enough space on the disk.)
[2018.10.06-15.32.03:032][137]LogFileManager: Error: Error flushing file: H:/Data/GitHub/UnrealFinalProject/Flamingo_O_O_OOO/Intermediate/CachedAssetRegistry.bin.tmp (There is not enough space on the disk.)
[2018.10.06-15.32.03:032][137]LogFileManager: Error: Error flushing file: H:/Data/GitHub/UnrealFinalProject/Flamingo_O_O_OOO/Intermediate/CachedAssetRegistry.bin.tmp (There is not enough space on the disk.)
[2018.10.06-15.32.03:033][137]LogFileManager: Error: Error flushing file: H:/Data/GitHub/UnrealFinalProject/Flamingo_O_O_OOO/Intermediate/CachedAssetRegistry.bin.tmp (There is not enough space on the disk.)
[2018.10.06-15.32.03:040][138]LogFileManager: Error: Error flushing file: H:/Data/GitHub/UnrealFinalProject/Flamingo_O_O_OOO/Intermediate/CachedAssetRegistry.bin.tmp (There is not enough space on the disk.)
[2018.10.06-15.32.03:040][138]LogFileManager: Error: Error flushing file: H:/Data/GitHub/UnrealFinalProject/Flamingo_O_O_OOO/Intermediate/CachedAssetRegistry.bin.tmp (There is not enough space on the disk.)
[2018.10.06-15.32.03:040][138]LogFileManager: Error: Error flushing file: H:/Data/GitHub/UnrealFinalProject/Flamingo_O_O_OOO/Intermediate/CachedAssetRegistry.bin.tmp (There is not enough space on the disk.)
[2018.10.06-15.32.03:041][138]LogFileManager: Error: Error flushing file: H:/Data/GitHub/UnrealFinalProject/Flamingo_O_O_OOO/Intermediate/CachedAssetRegistry.bin.tmp (There is not enough space on the disk.)
[2018.10.06-15.32.03:041][138]LogFileManager: Error: Error flushing file: H:/Data/GitHub/UnrealFinalProject/Flamingo_O_O_OOO/Intermediate/CachedAssetRegistry.bin.tmp (There is not enough space on the disk.)
[2018.10.06-15.32.03:041][138]LogFileManager: Error: Error flushing file: H:/Data/GitHub/UnrealFinalProject/Flamingo_O_O_OOO/Intermediate/CachedAssetRegistry.bin.tmp (There is not enough space on the disk.)
[2018.10.06-15.32.03:041][138]LogFileManager: Error: Error flushing file: H:/Data/GitHub/UnrealFinalProject/Flamingo_O_O_OOO/Intermediate/CachedAssetRegistry.bin.tmp (There is not enough space on the disk.)
[2018.10.06-15.32.03:041][138]LogFileManager: Error: Error flushing file: H:/Data/GitHub/UnrealFinalProject/Flamingo_O_O_OOO/Intermediate/CachedAssetRegistry.bin.tmp (There is not enough space on the disk.)
[2018.10.06-15.32.03:041][138]LogFileManager: Error: Error flushing file: H:/Data/GitHub/UnrealFinalProject/Flamingo_O_O_OOO/Intermediate/CachedAssetRegistry.bin.tmp (There is not enough space on the disk.)
[2018.10.06-15.32.03:049][139]LogFileManager: Error: Error flushing file: H:/Data/GitHub/UnrealFinalProject/Flamingo_O_O_OOO/Intermediate/CachedAssetRegistry.bin.tmp (There is not enough space on the disk.)
[2018.10.06-15.32.03:049][139]LogFileManager: Error: Error flushing file: H:/Data/GitHub/UnrealFinalProject/Flamingo_O_O_OOO/Intermediate/CachedAssetRegistry.bin.tmp (There is not enough space on the disk.)
[2018.10.06-15.32.03:049][139]LogFileManager: Error: Error flushing file: H:/Data/GitHub/UnrealFinalProject/Flamingo_O_O_OOO/Intermediate/CachedAssetRegistry.bin.tmp (There is not enough space on the disk.)
[2018.10.06-15.32.03:049][139]LogFileManager: Error: Error flushing file: H:/Data/GitHub/UnrealFinalProject/Flamingo_O_O_OOO/Intermediate/CachedAssetRegistry.bin.tmp (There is not enough space on the disk.)
[2018.10.06-15.32.03:049][139]LogFileManager: Error: Error flushing file: H:/Data/GitHub/UnrealFinalProject/Flamingo_O_O_OOO/Intermediate/CachedAssetRegistry.bin.tmp (There is not enough space on the disk.)
[2018.10.06-15.32.03:049][139]LogFileManager: Error: Error flushing file: H:/Data/GitHub/UnrealFinalProject/Flamingo_O_O_OOO/Intermediate/CachedAssetRegistry.bin.tmp (There is not enough space on the disk.)
[2018.10.06-15.32.03:049][139]LogFileManager: Error: Error flushing file: H:/Data/GitHub/UnrealFinalProject/Flamingo_O_O_OOO/Intermediate/CachedAssetRegistry.bin.tmp (There is not enough space on the disk.)
[2018.10.06-15.32.03:049][139]LogFileManager: Error: Error flushing file: H:/Data/GitHub/UnrealFinalProject/Flamingo_O_O_OOO/Intermediate/CachedAssetRegistry.bin.tmp (There is not enough space on the disk.)
[2018.10.06-15.32.03:057][140]LogFileManager: Error: Error flushing file: H:/Data/GitHub/UnrealFinalProject/Flamingo_O_O_OOO/Intermediate/CachedAssetRegistry.bin.tmp (There is not enough space on the disk.)
[2018.10.06-15.32.03:057][140]LogFileManager: Error: Error flushing file: H:/Data/GitHub/UnrealFinalProject/Flamingo_O_O_OOO/Intermediate/CachedAssetRegistry.bin.tmp (There is not enough space on the disk.)
[2018.10.06-15.32.03:057][140]LogFileManager: Error: Error flushing file: H:/Data/GitHub/UnrealFinalProject/Flamingo_O_O_OOO/Intermediate/CachedAssetRegistry.bin.tmp (There is not enough space on the disk.)
[2018.10.06-15.32.03:057][140]LogFileManager: Error: Error flushing file: H:/Data/GitHub/UnrealFinalProject/Flamingo_O_O_OOO/Intermediate/CachedAssetRegistry.bin.tmp (There is not enough space on the disk.)
[2018.10.06-15.32.03:057][140]LogFileManager: Error: Error flushing file: H:/Data/GitHub/UnrealFinalProject/Flamingo_O_O_OOO/Intermediate/CachedAssetRegistry.bin.tmp (There is not enough space on the disk.)
[2018.10.06-15.32.03:057][140]LogFileManager: Error: Error flushing file: H:/Data/GitHub/UnrealFinalProject/Flamingo_O_O_OOO/Intermediate/CachedAssetRegistry.bin.tmp (There is not enough space on the disk.)
[2018.10.06-15.32.03:057][140]LogFileManager: Error: Error flushing file: H:/Data/GitHub/UnrealFinalProject/Flamingo_O_O_OOO/Intermediate/CachedAssetRegistry.bin.tmp (There is not enough space on the disk.)
[2018.10.06-15.32.03:057][140]LogFileManager: Error: Error flushing file: H:/Data/GitHub/UnrealFinalProject/Flamingo_O_O_OOO/Intermediate/CachedAssetRegistry.bin.tmp (There is not enough space on the disk.)
[2018.10.06-15.32.03:057][140]LogFileManager: Error: Error flushing file: H:/Data/GitHub/UnrealFinalProject/Flamingo_O_O_OOO/Intermediate/CachedAssetRegistry.bin.tmp (There is not enough space on the disk.)
[2018.10.06-15.32.03:065][141]LogFileManager: Error: Error flushing file: H:/Data/GitHub/UnrealFinalProject/Flamingo_O_O_OOO/Intermediate/CachedAssetRegistry.bin.tmp (There is not enough space on the disk.)
[2018.10.06-15.32.03:065][141]LogFileManager: Error: Error flushing file: H:/Data/GitHub/UnrealFinalProject/Flamingo_O_O_OOO/Intermediate/CachedAssetRegistry.bin.tmp (There is not enough space on the disk.)
[2018.10.06-15.32.03:065][141]LogFileManager: Error: Error flushing file: H:/Data/GitHub/UnrealFinalProject/Flamingo_O_O_OOO/Intermediate/CachedAssetRegistry.bin.tmp (There is not enough space on the disk.)
[2018.10.06-15.32.03:065][141]LogFileManager: Error: Error flushing file: H:/Data/GitHub/UnrealFinalProject/Flamingo_O_O_OOO/Intermediate/CachedAssetRegistry.bin.tmp (There is not enough space on the disk.)
[2018.10.06-15.32.03:065][141]LogFileManager: Error: Error flushing file: H:/Data/GitHub/UnrealFinalProject/Flamingo_O_O_OOO/Intermediate/CachedAssetRegistry.bin.tmp (There is not enough space on the disk.)
[2018.10.06-15.32.03:066][141]LogFileManager: Error: Error flushing file: H:/Data/GitHub/UnrealFinalProject/Flamingo_O_O_OOO/Intermediate/CachedAssetRegistry.bin.tmp (There is not enough space on the disk.)
[2018.10.06-15.32.03:066][141]LogFileManager: Error: Error flushing file: H:/Data/GitHub/UnrealFinalProject/Flamingo_O_O_OOO/Intermediate/CachedAssetRegistry.bin.tmp (There is not enough space on the disk.)
[2018.10.06-15.32.03:066][141]LogFileManager: Error: Error flushing file: H:/Data/GitHub/UnrealFinalProject/Flamingo_O_O_OOO/Intermediate/CachedAssetRegistry.bin.tmp (There is not enough space on the disk.)
[2018.10.06-15.32.03:066][141]LogFileManager: Error: Error flushing file: H:/Data/GitHub/UnrealFinalProject/Flamingo_O_O_OOO/Intermediate/CachedAssetRegistry.bin.tmp (There is not enough space on the disk.)
[2018.10.06-15.32.03:066][141]LogFileManager: Error: Error flushing file: H:/Data/GitHub/UnrealFinalProject/Flamingo_O_O_OOO/Intermediate/CachedAssetRegistry.bin.tmp (There is not enough space on the disk.)
[2018.10.06-15.32.03:074][142]LogFileManager: Error: Error flushing file: H:/Data/GitHub/UnrealFinalProject/Flamingo_O_O_OOO/Intermediate/CachedAssetRegistry.bin.tmp (There is not enough space on the disk.)
[2018.10.06-15.32.03:074][142]LogFileManager: Error: Error flushing file: H:/Data/GitHub/UnrealFinalProject/Flamingo_O_O_OOO/Intermediate/CachedAssetRegistry.bin.tmp (There is not enough space on the disk.)
[2018.10.06-15.32.03:074][142]LogFileManager: Error: Error flushing file: H:/Data/GitHub/UnrealFinalProject/Flamingo_O_O_OOO/Intermediate/CachedAssetRegistry.bin.tmp (There is not enough space on the disk.)
[2018.10.06-15.32.03:074][142]LogFileManager: Error: Error flushing file: H:/Data/GitHub/UnrealFinalProject/Flamingo_O_O_OOO/Intermediate/CachedAssetRegistry.bin.tmp (There is not enough space on the disk.)
[2018.10.06-15.32.03:074][142]LogFileManager: Error: Error flushing file: H:/Data/GitHub/UnrealFinalProject/Flamingo_O_O_OOO/Intermediate/CachedAssetRegistry.bin.tmp (There is not enough space on the disk.)
[2018.10.06-15.32.03:074][142]LogFileManager: Error: Error flushing file: H:/Data/GitHub/UnrealFinalProject/Flamingo_O_O_OOO/Intermediate/CachedAssetRegistry.bin.tmp (There is not enough space on the disk.)
[2018.10.06-15.32.03:074][142]LogFileManager: Error: Error flushing file: H:/Data/GitHub/UnrealFinalProject/Flamingo_O_O_OOO/Intermediate/CachedAssetRegistry.bin.tmp (There is not enough space on the disk.)
[2018.10.06-15.32.03:074][142]LogFileManager: Error: Error flushing file: H:/Data/GitHub/UnrealFinalProject/Flamingo_O_O_OOO/Intermediate/CachedAssetRegistry.bin.tmp (There is not enough space on the disk.)
[2018.10.06-15.32.03:074][142]LogFileManager: Error: Error flushing file: H:/Data/GitHub/UnrealFinalProject/Flamingo_O_O_OOO/Intermediate/CachedAssetRegistry.bin.tmp (There is not enough space on the disk.)
[2018.10.06-15.32.03:082][143]LogFileManager: Error: Error flushing file: H:/Data/GitHub/UnrealFinalProject/Flamingo_O_O_OOO/Intermediate/CachedAssetRegistry.bin.tmp (There is not enough space on the disk.)
[2018.10.06-15.32.03:082][143]LogFileManager: Error: Error flushing file: H:/Data/GitHub/UnrealFinalProject/Flamingo_O_O_OOO/Intermediate/CachedAssetRegistry.bin.tmp (There is not enough space on the disk.)
[2018.10.06-15.32.03:082][143]LogFileManager: Error: Error flushing file: H:/Data/GitHub/UnrealFinalProject/Flamingo_O_O_OOO/Intermediate/CachedAssetRegistry.bin.tmp (There is not enough space on the disk.)
[2018.10.06-15.32.03:082][143]LogFileManager: Error: Error flushing file: H:/Data/GitHub/UnrealFinalProject/Flamingo_O_O_OOO/Intermediate/CachedAssetRegistry.bin.tmp (There is not enough space on the disk.)
[2018.10.06-15.32.03:082][143]LogFileManager: Error: Error flushing file: H:/Data/GitHub/UnrealFinalProject/Flamingo_O_O_OOO/Intermediate/CachedAssetRegistry.bin.tmp (There is not enough space on the disk.)
[2018.10.06-15.32.03:082][143]LogFileManager: Error: Error flushing file: H:/Data/GitHub/UnrealFinalProject/Flamingo_O_O_OOO/Intermediate/CachedAssetRegistry.bin.tmp (There is not enough space on the disk.)
[2018.10.06-15.32.03:082][143]LogFileManager: Error: Error flushing file: H:/Data/GitHub/UnrealFinalProject/Flamingo_O_O_OOO/Intermediate/CachedAssetRegistry.bin.tmp (There is not enough space on the disk.)
[2018.10.06-15.32.03:082][143]LogFileManager: Error: Error flushing file: H:/Data/GitHub/UnrealFinalProject/Flamingo_O_O_OOO/Intermediate/CachedAssetRegistry.bin.tmp (There is not enough space on the disk.)
[2018.10.06-15.32.03:082][143]LogFileManager: Error: Error flushing file: H:/Data/GitHub/UnrealFinalProject/Flamingo_O_O_OOO/Intermediate/CachedAssetRegistry.bin.tmp (There is not enough space on the disk.)
[2018.10.06-15.32.03:090][144]LogFileManager: Error: Error flushing file: H:/Data/GitHub/UnrealFinalProject/Flamingo_O_O_OOO/Intermediate/CachedAssetRegistry.bin.tmp (There is not enough space on the disk.)
[2018.10.06-15.32.03:090][144]LogFileManager: Error: Error flushing file: H:/Data/GitHub/UnrealFinalProject/Flamingo_O_O_OOO/Intermediate/CachedAssetRegistry.bin.tmp (There is not enough space on the disk.)
[2018.10.06-15.32.03:090][144]LogFileManager: Error: Error flushing file: H:/Data/GitHub/UnrealFinalProject/Flamingo_O_O_OOO/Intermediate/CachedAssetRegistry.bin.tmp (There is not enough space on the disk.)
[2018.10.06-15.32.03:090][144]LogFileManager: Error: Error flushing file: H:/Data/GitHub/UnrealFinalProject/Flamingo_O_O_OOO/Intermediate/CachedAssetRegistry.bin.tmp (There is not enough space on the disk.)
[2018.10.06-15.32.03:090][144]LogFileManager: Error: Error flushing file: H:/Data/GitHub/UnrealFinalProject/Flamingo_O_O_OOO/Intermediate/CachedAssetRegistry.bin.tmp (There is not enough space on the disk.)
[2018.10.06-15.32.03:090][144]LogFileManager: Error: Error flushing file: H:/Data/GitHub/UnrealFinalProject/Flamingo_O_O_OOO/Intermediate/CachedAssetRegistry.bin.tmp (There is not enough space on the disk.)
[2018.10.06-15.32.03:090][144]LogFileManager: Error: Error flushing file: H:/Data/GitHub/UnrealFinalProject/Flamingo_O_O_OOO/Intermediate/CachedAssetRegistry.bin.tmp (There is not enough space on the disk.)
[2018.10.06-15.32.03:090][144]LogFileManager: Error: Error flushing file: H:/Data/GitHub/UnrealFinalProject/Flamingo_O_O_OOO/Intermediate/CachedAssetRegistry.bin.tmp (There is not enough space on the disk.)
[2018.10.06-15.32.03:090][144]LogFileManager: Error: Error flushing file: H:/Data/GitHub/UnrealFinalProject/Flamingo_O_O_OOO/Intermediate/CachedAssetRegistry.bin.tmp (There is not enough space on the disk.)
[2018.10.06-15.32.03:099][145]LogFileManager: Error: Error flushing file: H:/Data/GitHub/UnrealFinalProject/Flamingo_O_O_OOO/Intermediate/CachedAssetRegistry.bin.tmp (There is not enough space on the disk.)
[2018.10.06-15.32.03:099][145]LogFileManager: Error: Error flushing file: H:/Data/GitHub/UnrealFinalProject/Flamingo_O_O_OOO/Intermediate/CachedAssetRegistry.bin.tmp (There is not enough space on the disk.)
[2018.10.06-15.32.03:099][145]LogFileManager: Error: Error flushing file: H:/Data/GitHub/UnrealFinalProject/Flamingo_O_O_OOO/Intermediate/CachedAssetRegistry.bin.tmp (There is not enough space on the disk.)
[2018.10.06-15.32.03:099][145]LogFileManager: Error: Error flushing file: H:/Data/GitHub/UnrealFinalProject/Flamingo_O_O_OOO/Intermediate/CachedAssetRegistry.bin.tmp (There is not enough space on the disk.)
[2018.10.06-15.32.03:099][145]LogFileManager: Error: Error flushing file: H:/Data/GitHub/UnrealFinalProject/Flamingo_O_O_OOO/Intermediate/CachedAssetRegistry.bin.tmp (There is not enough space on the disk.)
[2018.10.06-15.32.03:099][145]LogFileManager: Error: Error flushing file: H:/Data/GitHub/UnrealFinalProject/Flamingo_O_O_OOO/Intermediate/CachedAssetRegistry.bin.tmp (There is not enough space on the disk.)
[2018.10.06-15.32.03:099][145]LogFileManager: Error: Error flushing file: H:/Data/GitHub/UnrealFinalProject/Flamingo_O_O_OOO/Intermediate/CachedAssetRegistry.bin.tmp (There is not enough space on the disk.)
[2018.10.06-15.32.03:099][145]LogFileManager: Error: Error flushing file: H:/Data/GitHub/UnrealFinalProject/Flamingo_O_O_OOO/Intermediate/CachedAssetRegistry.bin.tmp (There is not enough space on the disk.)
[2018.10.06-15.32.03:099][145]LogFileManager: Error: Error flushing file: H:/Data/GitHub/UnrealFinalProject/Flamingo_O_O_OOO/Intermediate/CachedAssetRegistry.bin.tmp (There is not enough space on the disk.)
[2018.10.06-15.32.03:100][145]LogFileManager: Error: Error flushing file: H:/Data/GitHub/UnrealFinalProject/Flamingo_O_O_OOO/Intermediate/CachedAssetRegistry.bin.tmp (There is not enough space on the disk.)
[2018.10.06-15.32.03:108][146]LogFileManager: Error: Error flushing file: H:/Data/GitHub/UnrealFinalProject/Flamingo_O_O_OOO/Intermediate/CachedAssetRegistry.bin.tmp (There is not enough space on the disk.)
[2018.10.06-15.32.03:108][146]LogFileManager: Error: Error flushing file: H:/Data/GitHub/UnrealFinalProject/Flamingo_O_O_OOO/Intermediate/CachedAssetRegistry.bin.tmp (There is not enough space on the disk.)
[2018.10.06-15.32.03:108][146]LogFileManager: Error: Error flushing file: H:/Data/GitHub/UnrealFinalProject/Flamingo_O_O_OOO/Intermediate/CachedAssetRegistry.bin.tmp (There is not enough space on the disk.)
[2018.10.06-15.32.03:108][146]LogFileManager: Error: Error flushing file: H:/Data/GitHub/UnrealFinalProject/Flamingo_O_O_OOO/Intermediate/CachedAssetRegistry.bin.tmp (There is not enough space on the disk.)
[2018.10.06-15.32.03:108][146]LogFileManager: Error: Error flushing file: H:/Data/GitHub/UnrealFinalProject/Flamingo_O_O_OOO/Intermediate/CachedAssetRegistry.bin.tmp (There is not enough space on the disk.)
[2018.10.06-15.32.03:108][146]LogFileManager: Error: Error flushing file: H:/Data/GitHub/UnrealFinalProject/Flamingo_O_O_OOO/Intermediate/CachedAssetRegistry.bin.tmp (There is not enough space on the disk.)
[2018.10.06-15.32.03:108][146]LogFileManager: Error: Error flushing file: H:/Data/GitHub/UnrealFinalProject/Flamingo_O_O_OOO/Intermediate/CachedAssetRegistry.bin.tmp (There is not enough space on the disk.)
[2018.10.06-15.32.03:108][146]LogFileManager: Error: Error flushing file: H:/Data/GitHub/UnrealFinalProject/Flamingo_O_O_OOO/Intermediate/CachedAssetRegistry.bin.tmp (There is not enough space on the disk.)
[2018.10.06-15.32.03:108][146]LogFileManager: Error: Error flushing file: H:/Data/GitHub/UnrealFinalProject/Flamingo_O_O_OOO/Intermediate/CachedAssetRegistry.bin.tmp (There is not enough space on the disk.)
[2018.10.06-15.32.03:116][147]LogFileManager: Error: Error flushing file: H:/Data/GitHub/UnrealFinalProject/Flamingo_O_O_OOO/Intermediate/CachedAssetRegistry.bin.tmp (There is not enough space on the disk.)
[2018.10.06-15.32.03:116][147]LogFileManager: Error: Error flushing file: H:/Data/GitHub/UnrealFinalProject/Flamingo_O_O_OOO/Intermediate/CachedAssetRegistry.bin.tmp (There is not enough space on the disk.)
[2018.10.06-15.32.03:116][147]LogFileManager: Error: Error flushing file: H:/Data/GitHub/UnrealFinalProject/Flamingo_O_O_OOO/Intermediate/CachedAssetRegistry.bin.tmp (There is not enough space on the disk.)
[2018.10.06-15.32.03:116][147]LogFileManager: Error: Error flushing file: H:/Data/GitHub/UnrealFinalProject/Flamingo_O_O_OOO/Intermediate/CachedAssetRegistry.bin.tmp (There is not enough space on the disk.)
[2018.10.06-15.32.03:116][147]LogFileManager: Error: Error flushing file: H:/Data/GitHub/UnrealFinalProject/Flamingo_O_O_OOO/Intermediate/CachedAssetRegistry.bin.tmp (There is not enough space on the disk.)
[2018.10.06-15.32.03:116][147]LogFileManager: Error: Error flushing file: H:/Data/GitHub/UnrealFinalProject/Flamingo_O_O_OOO/Intermediate/CachedAssetRegistry.bin.tmp (There is not enough space on the disk.)
[2018.10.06-15.32.03:116][147]LogFileManager: Error: Error flushing file: H:/Data/GitHub/UnrealF