Log file open, 10/06/18 16:36:11
LogWindows: Failed to load 'aqProf.dll' (GetLastError=126)
LogWindows: File 'aqProf.dll' does not exist
LogWindows: Failed to load 'VSPerf140.dll' (GetLastError=126)
LogWindows: File 'VSPerf140.dll' does not exist
LogWindows: Failed to load 'VtuneApi.dll' (GetLastError=126)
LogWindows: File 'VtuneApi.dll' does not exist
LogWindows: Failed to load 'VtuneApi32e.dll' (GetLastError=126)
LogWindows: File 'VtuneApi32e.dll' does not exist
LogInit: Display: Running engine for game: Flamingo_O_O_OOO
LogPlatformFile: Not using cached read wrapper
LogTaskGraph: Started task graph with 5 named threads and 23 total threads with 3 sets of task threads.
LogStats: Stats thread started at 0.633887
LogD3D11RHI: Loaded GFSDK_Aftermath_Lib.x64.dll
LogICUInternationalization: Display: ICU TimeZone Detection - Raw Offset: +0:00, Platform Override: ''
LogPluginManager: Mounting plugin Paper2D
LogPluginManager: Mounting plugin AISupport
LogPluginManager: Mounting plugin LightPropagationVolume
LogPluginManager: Mounting plugin CLionSourceCodeAccess
LogPluginManager: Mounting plugin CodeLiteSourceCodeAccess
LogPluginManager: Mounting plugin GitSourceControl
LogPluginManager: Mounting plugin KDevelopSourceCodeAccess
LogPluginManager: Mounting plugin NullSourceCodeAccess
LogPluginManager: Mounting plugin PerforceSourceControl
LogPluginManager: Mounting plugin SubversionSourceControl
LogPluginManager: Mounting plugin UObjectPlugin
LogPluginManager: Mounting plugin VisualStudioCodeSourceCodeAccess
LogPluginManager: Mounting plugin VisualStudioSourceCodeAccess
LogPluginManager: Mounting plugin XCodeSourceCodeAccess
LogPluginManager: Mounting plugin AssetManagerEditor
LogPluginManager: Mounting plugin CryptoKeys
LogPluginManager: Mounting plugin DataValidation
LogPluginManager: Mounting plugin FacialAnimation
LogPluginManager: Mounting plugin GameplayTagsEditor
LogPluginManager: Mounting plugin MacGraphicsSwitching
LogPluginManager: Mounting plugin MeshEditor
LogPluginManager: Mounting plugin MobileLauncherProfileWizard
LogPluginManager: Mounting plugin PluginBrowser
LogPluginManager: Mounting plugin SpeedTreeImporter
LogPluginManager: Mounting plugin DatasmithContent
LogPluginManager: Mounting plugin AlembicImporter
LogPluginManager: Mounting plugin AppleImageUtils
LogPluginManager: Mounting plugin AppleVision
LogPluginManager: Mounting plugin BackChannel
LogPluginManager: Mounting plugin CharacterAI
LogPluginManager: Mounting plugin GeometryCache
LogPluginManager: Mounting plugin HTML5Networking
LogPluginManager: Mounting plugin ProxyLODPlugin
LogPluginManager: Mounting plugin MagicLeap
LogPluginManager: Mounting plugin MagicLeapEmulator
LogPluginManager: Mounting plugin MagicLeapMedia
LogPluginManager: Mounting plugin AndroidMedia
LogPluginManager: Mounting plugin AvfMedia
LogPluginManager: Mounting plugin ImgMedia
LogPluginManager: Mounting plugin LinearTimecode
LogPluginManager: Mounting plugin MediaCompositing
LogPluginManager: Mounting plugin MediaPlayerEditor
LogPluginManager: Mounting plugin WmfMedia
LogPluginManager: Mounting plugin TcpMessaging
LogPluginManager: Mounting plugin UdpMessaging
LogPluginManager: Mounting plugin ActorSequence
LogPluginManager: Mounting plugin LevelSequenceEditor
LogPluginManager: Mounting plugin MatineeToLevelSequence
LogPluginManager: Mounting plugin NetcodeUnitTest
LogPluginManager: Mounting plugin NUTUnrealEngine4
LogPluginManager: Mounting plugin OnlineSubsystemGooglePlay
LogPluginManager: Mounting plugin OnlineSubsystemIOS
LogPluginManager: Mounting plugin OnlineSubsystem
LogPluginManager: Mounting plugin OnlineSubsystemNull
LogPluginManager: Mounting plugin OnlineSubsystemUtils
LogPluginManager: Mounting plugin LauncherChunkInstaller
LogPluginManager: Mounting plugin AndroidDeviceProfileSelector
LogPluginManager: Mounting plugin AndroidMoviePlayer
LogPluginManager: Mounting plugin AndroidPermission
LogPluginManager: Mounting plugin AppleMoviePlayer
LogPluginManager: Mounting plugin ArchVisCharacter
LogPluginManager: Mounting plugin AudioCapture
LogPluginManager: Mounting plugin CableComponent
LogPluginManager: Mounting plugin CustomMeshComponent
LogPluginManager: Mounting plugin EditableMesh
LogPluginManager: Mounting plugin ExampleDeviceProfileSelector
LogPluginManager: Mounting plugin GoogleCloudMessaging
LogPluginManager: Mounting plugin ImmediatePhysics
LogPluginManager: Mounting plugin IOSDeviceProfileSelector
LogPluginManager: Mounting plugin LinuxDeviceProfileSelector
LogPluginManager: Mounting plugin LocationServicesBPLibrary
LogPluginManager: Mounting plugin MobilePatchingUtils
LogPluginManager: Mounting plugin OculusVR
LogPluginManager: Plugin shader directory ../../../Engine/Plugins/Runtime/Oculus/OculusVR/Shaders found
LogPluginManager: Mapping shader source directory ../../../Engine/Plugins/Runtime/Oculus/OculusVR/Shaders to virtual directory /Plugin/OculusVR
LogPluginManager: Mounting plugin PhysXVehicles
LogPluginManager: Mounting plugin ProceduralMeshComponent
LogPluginManager: Mounting plugin RuntimePhysXCooking
LogPluginManager: Mounting plugin SteamVR
LogPluginManager: Mounting plugin WindowsMoviePlayer
LogStreaming: Display: Took  1.316s to configure plugins.
LogInit: Using libcurl 7.55.1-DEV
LogInit:  - built for x86_64-pc-win32
LogInit:  - supports SSL with OpenSSL/1.0.2h
LogInit:  - supports HTTP deflate (compression) using libz 1.2.8
LogInit:  - other features:
LogInit:      CURL_VERSION_SSL
LogInit:      CURL_VERSION_LIBZ
LogInit:      CURL_VERSION_IPV6
LogInit:      CURL_VERSION_ASYNCHDNS
LogInit:      CURL_VERSION_LARGEFILE
LogInit:      CURL_VERSION_IDN
LogInit:  CurlRequestOptions (configurable via config and command line):
LogInit:  - bVerifyPeer = false  - Libcurl will NOT verify peer certificate
LogInit:  - bUseHttpProxy = false  - Libcurl will NOT use HTTP proxy
LogInit:  - bDontReuseConnections = false  - Libcurl will reuse connections
LogInit:  - CertBundlePath = nullptr  - Libcurl will use whatever was configured at build time.
LogInit:  - MaxHostConnections = 16  - Libcurl will limit the number of connections to a host
LogInit:  - LocalHostAddr = Default
LogInit:  - BufferSize = 65536
LogInit: WinSock: version 1.1 (2.2), MaxSocks=32767, MaxUdp=65467
LogInit: Build: ++UE4+Release-4.20-CL-4369336
LogInit: Engine Version: 4.20.3-4369336+++UE4+Release-4.20
LogInit: Compatible Engine Version: 4.20.0-4212847+++UE4+Release-4.20
LogInit: Net CL: 4212847
LogInit: OS: Windows 10 (), CPU: Intel(R) Core(TM) i7-6700K CPU @ 4.00GHz, GPU: NVIDIA GeForce GTX 1080
LogInit: Compiled (64-bit): Sep 17 2018 12:26:19
LogInit: Compiled with Visual C++: 19.13.26129.00
LogInit: Build Configuration: Development
LogInit: Branch Name: ++UE4+Release-4.20
LogInit: Command Line:  
LogInit: Base Directory: C:/Apps/Epic Games/UE_4.20/Engine/Binaries/Win64/
LogInit: Installed Engine Build: 1
LogDevObjectVersion: Number of dev versions registered: 20
LogDevObjectVersion:   Dev-Blueprints (B0D832E4-1F89-4F0D-ACCF-7EB736FD4AA2): 10
LogDevObjectVersion:   Dev-Build (E1C64328-A22C-4D53-A36C-8E866417BD8C): 0
LogDevObjectVersion:   Dev-Core (375EC13C-06E4-48FB-B500-84F0262A717E): 2
LogDevObjectVersion:   Dev-Editor (E4B068ED-F494-42E9-A231-DA0B2E46BB41): 24
LogDevObjectVersion:   Dev-Framework (CFFC743F-43B0-4480-9391-14DF171D2073): 34
LogDevObjectVersion:   Dev-Mobile (B02B49B5-BB20-44E9-A304-32B752E40360): 2
LogDevObjectVersion:   Dev-Networking (A4E4105C-59A1-49B5-A7C5-40C4547EDFEE): 0
LogDevObjectVersion:   Dev-Online (39C831C9-5AE6-47DC-9A44-9C173E1C8E7C): 0
LogDevObjectVersion:   Dev-Physics (78F01B33-EBEA-4F98-B9B4-84EACCB95AA2): 0
LogDevObjectVersion:   Dev-Platform (6631380F-2D4D-43E0-8009-CF276956A95A): 0
LogDevObjectVersion:   Dev-Rendering (12F88B9F-8875-4AFC-A67C-D90C383ABD29): 26
LogDevObjectVersion:   Dev-Sequencer (7B5AE74C-D270-4C10-A958-57980B212A5A): 9
LogDevObjectVersion:   Dev-VR (D7296918-1DD6-4BDD-9DE2-64A83CC13884): 2
LogDevObjectVersion:   Dev-LoadTimes (C2A15278-BFE7-4AFE-6C17-90FF531DF755): 1
LogDevObjectVersion:   Private-Geometry (6EACA3D4-40EC-4CC1-B786-8BED09428FC5): 3
LogDevObjectVersion:   Dev-AnimPhys (29E575DD-E0A3-4627-9D10-D276232CDCEA): 17
LogDevObjectVersion:   Dev-ReflectionCapture (6B266CEC-1EC7-4B8F-A30B-E4D90942FC07): 1
LogDevObjectVersion:   Dev-Automation (0DF73D61-A23F-47EA-B727-89E90C41499A): 1
LogDevObjectVersion:   FortniteMain (601D1886-AC64-4F84-AA16-D3DE0DEAC7D6): 12
LogDevObjectVersion:   Dev-Enterprise (9DFFBCD6-494F-0158-E221-12823C92A888): 1
LogStreaming: Display: Took  0.017s to delete old logs.
LogInit: Presizing for max 8388607 objects, including 0 objects not considered by GC, pre-allocating 0 bytes for permanent pool.
LogInit: Object subsystem initialized
[2018.10.06-15.36.13:422][  0]LogInit: Selected Device Profile: [Windows]
[2018.10.06-15.36.13:423][  0]LogInit: Applying CVar settings loaded from the selected device profile: [Windows]
[2018.10.06-15.36.13:464][  0]LogHAL: Display: Platform has ~ 16 GB [17125011456 / 17179869184 / 16], which maps to Larger [LargestMinGB=32, LargerMinGB=12, DefaultMinGB=8, SmallerMinGB=6, SmallestMinGB=0)
[2018.10.06-15.36.13:464][  0]LogInit: Setting Device Profile CVar: [[r.Vulkan.UseRealUBs:1]]
[2018.10.06-15.36.13:464][  0]LogInit: Going up to parent DeviceProfile []
[2018.10.06-15.36.13:467][  0]LogInit: Computer: PPRSB1026-C06
[2018.10.06-15.36.13:467][  0]LogInit: User: k1630434
[2018.10.06-15.36.13:467][  0]LogInit: CPU Page size=4096, Cores=4
[2018.10.06-15.36.13:467][  0]LogInit: High frequency timer resolution =3.914067 MHz
[2018.10.06-15.36.13:468][  0]LogMemory: Memory total: Physical=15.9GB (16GB approx)
[2018.10.06-15.36.13:468][  0]LogMemory: Platform Memory Stats for Windows
[2018.10.06-15.36.13:468][  0]LogMemory: Process Physical Memory: 102.80 MB used, 102.80 MB peak
[2018.10.06-15.36.13:468][  0]LogMemory: Process Virtual Memory: 91.00 MB used, 91.00 MB peak
[2018.10.06-15.36.13:468][  0]LogMemory: Physical Memory: 3402.21 MB used,  12929.47 MB free, 16331.68 MB total
[2018.10.06-15.36.13:468][  0]LogMemory: Virtual Memory: 544.12 MB used,  12929.47 MB free, 134217728.00 MB total
[2018.10.06-15.36.13:563][  0]LogInit: Using OS detected language (en-US).
[2018.10.06-15.36.13:563][  0]LogInit: Using OS detected locale (en-GB).
[2018.10.06-15.36.13:573][  0]LogTextLocalizationManager: No specific localization for 'en-US' exists, so the 'en' localization will be used.
[2018.10.06-15.36.13:922][  0]LogStreaming: Display: Took  0.359s to InitEngineTextLocalization.
[2018.10.06-15.36.13:922][  0]LogInit: Setting process to per monitor DPI aware
[2018.10.06-15.36.14:010][  0]LogSlate: New Slate User Created.  User Index 0, Is Virtual User: 0
[2018.10.06-15.36.14:010][  0]LogSlate: Slate User Registered.  User Index 0, Is Virtual User: 0
[2018.10.06-15.36.17:420][  0]LogHMD: Failed to initialize OpenVR with code 110
[2018.10.06-15.36.17:420][  0]LogD3D11RHI: D3D11 adapters:
[2018.10.06-15.36.17:509][  0]LogD3D11RHI:    0. 'NVIDIA GeForce GTX 1080' (Feature Level 11_0)
[2018.10.06-15.36.17:509][  0]LogD3D11RHI:       8079/0/8165 MB DedicatedVideo/DedicatedSystem/SharedSystem, Outputs:1, VendorId:0x10de
[2018.10.06-15.36.17:515][  0]LogD3D11RHI:    1. 'Microsoft Basic Render Driver' (Feature Level 11_0)
[2018.10.06-15.36.17:515][  0]LogD3D11RHI:       0/0/8165 MB DedicatedVideo/DedicatedSystem/SharedSystem, Outputs:0, VendorId:0x1414
[2018.10.06-15.36.17:515][  0]LogD3D11RHI: Chosen D3D11 Adapter: 0
[2018.10.06-15.36.17:520][  0]LogD3D11RHI: Creating new Direct3DDevice
[2018.10.06-15.36.17:520][  0]LogD3D11RHI:     GPU DeviceId: 0x1b80 (for the marketing name, search the web for "GPU Device Id")
[2018.10.06-15.36.17:520][  0]LogWindows: EnumDisplayDevices:
[2018.10.06-15.36.17:521][  0]LogWindows:    0. 'NVIDIA GeForce GTX 1080' (P:1 D:1)
[2018.10.06-15.36.17:522][  0]LogWindows:    1. 'NVIDIA GeForce GTX 1080' (P:0 D:0)
[2018.10.06-15.36.17:523][  0]LogWindows:    2. 'NVIDIA GeForce GTX 1080' (P:0 D:0)
[2018.10.06-15.36.17:523][  0]LogWindows:    3. 'NVIDIA GeForce GTX 1080' (P:0 D:0)
[2018.10.06-15.36.17:524][  0]LogWindows: DebugString: FoundDriverCount:4 
[2018.10.06-15.36.17:524][  0]LogD3D11RHI:     Adapter Name: NVIDIA GeForce GTX 1080
[2018.10.06-15.36.17:524][  0]LogD3D11RHI:   Driver Version: 398.36 (internal:24.21.13.9836, unified:398.36)
[2018.10.06-15.36.17:524][  0]LogD3D11RHI:      Driver Date: 6-24-2018
[2018.10.06-15.36.17:524][  0]LogRHI: Texture pool is 5655 MB (70% of 8079 MB)
[2018.10.06-15.36.17:568][  0]LogD3D11RHI: Async texture creation enabled
[2018.10.06-15.36.17:585][  0]LogD3D11RHI: GPU Timing Frequency: 1000.000000 (Debug: 2 2)
[2018.10.06-15.36.17:633][  0]LogShaderCompilers: Guid format shader working directory is -2 characters bigger than the processId version (H:/Data/GitHub/UnrealFinalProject/Flamingo_O_O_OOO/Intermediate/Shaders/WorkingDirectory/13744/).
[2018.10.06-15.36.17:637][  0]LogShaderCompilers: Cleaned the shader compiler working directory 'C:/Users/k1630434/AppData/Local/Temp/UnrealShaderWorkingDir/84739F82410C9861D89D9C89018EF6C6/'.
[2018.10.06-15.36.18:193][  0]LogTemp: Display: Loaded TP AllDesktopTargetPlatform
[2018.10.06-15.36.18:226][  0]LogTemp: Display: Loaded TP MacClientTargetPlatform
[2018.10.06-15.36.18:259][  0]LogTemp: Display: Loaded TP MacNoEditorTargetPlatform
[2018.10.06-15.36.18:291][  0]LogTemp: Display: Loaded TP MacServerTargetPlatform
[2018.10.06-15.36.18:326][  0]LogTemp: Display: Loaded TP MacTargetPlatform
[2018.10.06-15.36.18:360][  0]LogTemp: Display: Loaded TP WindowsClientTargetPlatform
[2018.10.06-15.36.18:392][  0]LogTemp: Display: Loaded TP WindowsNoEditorTargetPlatform
[2018.10.06-15.36.18:425][  0]LogTemp: Display: Loaded TP WindowsServerTargetPlatform
[2018.10.06-15.36.18:446][  0]LogTemp: Display: Loaded TP WindowsTargetPlatform
[2018.10.06-15.36.18:574][  0]LogTemp: Display: Loaded TP AndroidTargetPlatform
[2018.10.06-15.36.18:574][  0]LogTemp: Display: Loaded TP AndroidTargetPlatform
[2018.10.06-15.36.18:574][  0]LogTemp: Display: Loaded TP AndroidTargetPlatform
[2018.10.06-15.36.18:574][  0]LogTemp: Display: Loaded TP AndroidTargetPlatform
[2018.10.06-15.36.18:574][  0]LogTemp: Display: Loaded TP AndroidTargetPlatform
[2018.10.06-15.36.18:574][  0]LogTemp: Display: Loaded TP AndroidTargetPlatform
[2018.10.06-15.36.18:574][  0]LogTemp: Display: Loaded TP AndroidTargetPlatform
[2018.10.06-15.36.18:574][  0]LogTemp: Display: Loaded TP AndroidTargetPlatform
[2018.10.06-15.36.18:574][  0]LogTemp: Display: Loaded TP AndroidTargetPlatform
[2018.10.06-15.36.18:574][  0]LogTemp: Display: Loaded TP AndroidTargetPlatform
[2018.10.06-15.36.18:574][  0]LogTemp: Display: Loaded TP AndroidTargetPlatform
[2018.10.06-15.36.18:574][  0]LogTemp: Display: Loaded TP AndroidTargetPlatform
[2018.10.06-15.36.18:574][  0]LogTemp: Display: Loaded TP AndroidTargetPlatform
[2018.10.06-15.36.18:574][  0]LogTemp: Display: Loaded TP AndroidTargetPlatform
[2018.10.06-15.36.18:574][  0]LogTemp: Display: Loaded TP AndroidTargetPlatform
[2018.10.06-15.36.18:574][  0]LogTemp: Display: Loaded TP AndroidTargetPlatform
[2018.10.06-15.36.18:574][  0]LogTemp: Display: Loaded TP AndroidTargetPlatform
[2018.10.06-15.36.18:574][  0]LogTemp: Display: Loaded TP AndroidTargetPlatform
[2018.10.06-15.36.18:583][  0]LogTemp: Display: Loaded TP HTML5TargetPlatform
[2018.10.06-15.36.18:679][  0]LogTemp: Display: Loaded TP IOSTargetPlatform
[2018.10.06-15.36.18:679][  0]LogTemp: Display: Loaded TP IOSTargetPlatform
[2018.10.06-15.36.18:725][  0]LogTemp: Display: Loaded TP TVOSTargetPlatform
[2018.10.06-15.36.18:725][  0]LogTemp: Display: Loaded TP TVOSTargetPlatform
[2018.10.06-15.36.18:752][  0]LogTemp: Display: Loaded TP LinuxClientTargetPlatform
[2018.10.06-15.36.18:778][  0]LogTemp: Display: Loaded TP LinuxNoEditorTargetPlatform
[2018.10.06-15.36.18:805][  0]LogTemp: Display: Loaded TP LinuxServerTargetPlatform
[2018.10.06-15.36.18:839][  0]LogTemp: Display: Loaded TP LinuxTargetPlatform
[2018.10.06-15.36.18:856][  0]LogTemp: Display: Loaded TP LuminTargetPlatform
[2018.10.06-15.36.18:856][  0]LogTargetPlatformManager: Display: Building Assets For Windows
[2018.10.06-15.36.19:144][  0]LogXGEController: Cleaning working directory: C:/Users/k1630434/AppData/Local/Temp/UnrealXGEWorkingDir/
[2018.10.06-15.36.19:147][  0]LogXGEController: Cannot use XGE Controller as Incredibuild is not installed on this machine.
[2018.10.06-15.36.19:147][  0]LogShaderCompilers: Cannot use XGE Shader Compiler as Incredibuild is not installed on this machine.
[2018.10.06-15.36.19:147][  0]LogShaderCompilers: Display: Using Local Shader Compiler.
[2018.10.06-15.36.22:834][  0]LogDerivedDataCache: Display: Max Cache Size: 512 MB
[2018.10.06-15.36.22:880][  0]LogDerivedDataCache: Loaded boot cache 0.05s 71MB C:/Users/k1630434/AppData/Local/UnrealEngine/4.20/DerivedDataCache/Boot.ddc.
[2018.10.06-15.36.22:880][  0]LogDerivedDataCache: Display: Loaded Boot cache: C:/Users/k1630434/AppData/Local/UnrealEngine/4.20/DerivedDataCache/Boot.ddc
[2018.10.06-15.36.22:880][  0]LogDerivedDataCache: FDerivedDataBackendGraph:  Pak pak cache file H:/Data/GitHub/UnrealFinalProject/Flamingo_O_O_OOO/DerivedDataCache/DDC.ddp not found, will not use a pak cache.
[2018.10.06-15.36.22:880][  0]LogDerivedDataCache: Unable to find inner node Pak for hierarchical cache Hierarchy.
[2018.10.06-15.36.22:881][  0]LogDerivedDataCache: FDerivedDataBackendGraph:  CompressedPak pak cache file H:/Data/GitHub/UnrealFinalProject/Flamingo_O_O_OOO/DerivedDataCache/Compressed.ddp not found, will not use a pak cache.
[2018.10.06-15.36.22:881][  0]LogDerivedDataCache: Unable to find inner node CompressedPak for hierarchical cache Hierarchy.
[2018.10.06-15.36.22:894][  0]LogDerivedDataCache: Display: Pak cache opened for reading ../../../Engine/DerivedDataCache/Compressed.ddp.
[2018.10.06-15.36.22:915][  0]LogDerivedDataCache: Using Local data cache path C:/Users/k1630434/AppData/Local/UnrealEngine/Common/DerivedDataCache: Writable
[2018.10.06-15.36.22:915][  0]LogDerivedDataCache: Shared data cache path not found in *engine.ini, will not use an Shared cache.
[2018.10.06-15.36.22:915][  0]LogDerivedDataCache: Unable to find inner node Shared for hierarchical cache Hierarchy.
[2018.10.06-15.36.22:930][  0]LogMaterial: Verifying Global Shaders for PCD3D_SM5
[2018.10.06-15.36.22:931][  0]LogSlate: Using FreeType 2.6.0
[2018.10.06-15.36.22:945][  0]LogSlate: SlateFontServices - WITH_FREETYPE: 1, WITH_HARFBUZZ: 1
[2018.10.06-15.36.23:260][  0]LogAssetRegistry: FAssetRegistry took 0.0339 seconds to start up
[2018.10.06-15.36.23:908][  0]LogInit: Selected Device Profile: [Windows]
[2018.10.06-15.36.24:165][  0]LogSimplygon: Simplygon DLL not present - disabling.
[2018.10.06-15.36.24:183][  0]LogMeshReduction: Using SimplygonSwarm for distributed automatic mesh merging
[2018.10.06-15.36.24:183][  0]LogMeshReduction: Using ProxyLODMeshReduction for automatic mesh merging
[2018.10.06-15.36.24:183][  0]LogMeshReduction: Using QuadricMeshReduction for automatic static mesh reduction
[2018.10.06-15.36.24:183][  0]LogMeshReduction: No automatic skeletal mesh reduction module available
[2018.10.06-15.36.24:205][  0]LogNetVersion: Flamingo_O_O_OOO 1.0.0, NetCL: 4212847, EngineNetVer: 5, GameNetVer: 0 (Checksum: 3041211453)
[2018.10.06-15.36.25:424][  0]LogPackageLocalizationCache: Processed 11 localized package path(s) for 2 prioritized culture(s) in 0.453615 seconds
[2018.10.06-15.36.25:430][  0]LogUObjectArray: 38425 objects as part of root set at end of initial load.
[2018.10.06-15.36.25:430][  0]LogUObjectAllocator: 6690864 out of 0 bytes used by permanent object pool.
[2018.10.06-15.36.25:430][  0]LogUObjectArray: CloseDisregardForGC: 0/0 objects in disregard for GC pool
[2018.10.06-15.36.29:204][  0]LogTcpMessaging: Initializing TcpMessaging bridge
[2018.10.06-15.36.29:220][  0]LogUdpMessaging: Initializing bridge on interface 0.0.0.0:0 to multicast group 230.0.0.1:6666.
[2018.10.06-15.36.29:221][  0]LogDirectoryWatcher: A directory notification failed for 'H:/Data/GitHub/UnrealFinalProject/Flamingo_O_O_OOO/Content/' because it was empty or there was a buffer overflow. Attemping another request...
[2018.10.06-15.36.29:222][  0]LogDirectoryWatcher: A directory notification failed for 'H:/Data/GitHub/UnrealFinalProject/Flamingo_O_O_OOO/Content/' because it was empty or there was a buffer overflow. Attemping another request...
[2018.10.06-15.36.29:223][  0]LogDirectoryWatcher: A directory notification failed for 'H:/Data/GitHub/UnrealFinalProject/Flamingo_O_O_OOO/Content/', and we were unable to create a new request.
[2018.10.06-15.36.29:561][  0]SourceControl: Source control is disabled
[2018.10.06-15.36.29:561][  0]SourceControl: Source control is disabled
[2018.10.06-15.36.29:568][  0]SourceControl: Source control is disabled
[2018.10.06-15.36.29:573][  0]SourceControl: Source control is disabled
[2018.10.06-15.36.30:015][  0]LogAndroidPermission: UAndroidPermissionCallbackProxy::GetInstance
[2018.10.06-15.36.30:186][  0]LogOcInput: OculusInput pre-init called
[2018.10.06-15.36.30:302][  0]LogEngine: Initializing Engine...
[2018.10.06-15.36.30:311][  0]LogHMD: Failed to initialize OpenVR with code 110
[2018.10.06-15.36.30:317][  0]LogStats: UGameplayTagsManager::ConstructGameplayTagTree: ImportINI prefixes -  0.000 s
[2018.10.06-15.36.30:317][  0]LogStats: UGameplayTagsManager::ConstructGameplayTagTree: Construct from data asset -  0.000 s
[2018.10.06-15.36.30:318][  0]LogStats: UGameplayTagsManager::ConstructGameplayTagTree: ImportINI -  0.001 s
[2018.10.06-15.36.30:318][  0]LogStats: UGameplayTagsManager::ConstructGameplayTagTree: GameplayTagTreeChangedEvent.Broadcast -  0.000 s
[2018.10.06-15.36.30:578][  0]LogInit: Initializing FReadOnlyCVARCache
[2018.10.06-15.36.30:625][  0]LogAIModule: Creating AISystem for world Untitled
[2018.10.06-15.36.30:654][  0]LogInit: XAudio2 using 'Speakers (Realtek High Definition Audio)' : 2 channels at 48 kHz using 32 bits per sample (channel mask 0x3)
[2018.10.06-15.36.30:700][  0]LogInit: FAudioDevice initialized.
[2018.10.06-15.36.30:700][  0]LogNetVersion: Set ProjectVersion to 1.0.0.0. Version Checksum will be recalculated on next use.
[2018.10.06-15.36.30:777][  0]LogDerivedDataCache: Saved boot cache 0.08s 71MB C:/Users/k1630434/AppData/Local/UnrealEngine/4.20/DerivedDataCache/Boot.ddc.
[2018.10.06-15.36.30:780][  0]LogInit: Texture streaming: Enabled
[2018.10.06-15.36.30:844][  0]LogEngineSessionManager: EngineSessionManager initialized
[2018.10.06-15.36.30:893][  0]LogInit: Transaction tracking system initialized
[2018.10.06-15.36.30:994][  0]BlueprintLog: New page: Editor Load
[2018.10.06-15.36.31:333][  0]LocalizationService: Localization service is disabled
[2018.10.06-15.36.31:952][  0]LogCook: Display: Max memory allowance for cook 16384mb min free memory 0mb
[2018.10.06-15.36.31:952][  0]LogCook: Display: Mobile HDR setting 1
[2018.10.06-15.36.31:952][  0]LogGameplayTags: Display: UGameplayTagsManager::DoneAddingNativeTags. DelegateIsBound: 0
[2018.10.06-15.36.31:952][  0]LogStats: UGameplayTagsManager::ConstructGameplayTagTree: ImportINI prefixes -  0.000 s
[2018.10.06-15.36.31:952][  0]LogStats: UGameplayTagsManager::ConstructGameplayTagTree: Construct from data asset -  0.000 s
[2018.10.06-15.36.31:953][  0]LogStats: UGameplayTagsManager::ConstructGameplayTagTree: ImportINI -  0.000 s
[2018.10.06-15.36.31:953][  0]LogStats: UGameplayTagsManager::ConstructGameplayTagTree: GameplayTagTreeChangedEvent.Broadcast -  0.000 s
[2018.10.06-15.36.32:371][  0]SourceControl: Source control is disabled
[2018.10.06-15.36.32:371][  0]Cmd: MAP LOAD FILE="H:/Data/GitHub/UnrealFinalProject/Flamingo_O_O_OOO/Content/ThirdPersonBP/Maps/ThirdPersonExampleMap.umap" TEMPLATE=0 SHOWPROGRESS=1 FEATURELEVEL=3
[2018.10.06-15.36.32:381][  0]LightingResults: New page: Lighting Build
[2018.10.06-15.36.32:393][  0]MapCheck: New page: Map Check
[2018.10.06-15.36.32:393][  0]LightingResults: New page: Lighting Build
[2018.10.06-15.36.33:630][  0]LogFileCache: Scanning file cache for directory 'H:/Data/GitHub/UnrealFinalProject/Flamingo_O_O_OOO/Content/' took 0.71s
[2018.10.06-15.36.35:019][  0]LogAIModule: Creating AISystem for world ThirdPersonExampleMap
[2018.10.06-15.36.35:029][  0]LogEditorServer: Finished looking for orphan Actors (0.000 secs)
[2018.10.06-15.36.35:053][  0]Cmd: MAP CHECKDEP NOCLEARLOG
[2018.10.06-15.36.35:976][  0]MapCheck: Map check complete: 0 Error(s), 0 Warning(s), took 923.061ms to complete.
[2018.10.06-15.36.35:976][  0]LogFileHelpers: Loading map 'ThirdPersonExampleMap' took 3.605
[2018.10.06-15.36.36:109][  0]LogSlate: Updating window title bar state: overlay mode, drag disabled, window buttons hidden, title bar hidden
[2018.10.06-15.36.36:115][  0]LogSlate: Updating window title bar state: overlay mode, drag disabled, window buttons hidden, title bar hidden
[2018.10.06-15.36.36:120][  0]LogSlate: Updating window title bar state: overlay mode, drag disabled, window buttons hidden, title bar hidden
[2018.10.06-15.36.36:126][  0]LogSlate: Updating window title bar state: overlay mode, drag disabled, window buttons hidden, title bar hidden
[2018.10.06-15.36.36:160][  0]LogCollectionManager: Loaded 0 collections in 0.015288 seconds
[2018.10.06-15.36.36:228][  0]LogFileCache: Scanning file cache for directory 'H:/Data/GitHub/UnrealFinalProject/Flamingo_O_O_OOO/Saved/Collections/' took 0.01s
[2018.10.06-15.36.36:228][  0]LogFileCache: Scanning file cache for directory 'H:/Data/GitHub/UnrealFinalProject/Flamingo_O_O_OOO/Content/Developers/k1630434/Collections/' took 0.01s
[2018.10.06-15.36.36:228][  0]LogFileCache: Scanning file cache for directory 'H:/Data/GitHub/UnrealFinalProject/Flamingo_O_O_OOO/Content/Collections/' took 0.01s
[2018.10.06-15.36.36:228][  0]LogCollectionManager: Rebuilt the GUID cache for 0 collections in 0.000000 seconds
[2018.10.06-15.36.36:236][  0]LogContentBrowser: Native class hierarchy populated in 0.0074 seconds. Added 2572 classes and 603 folders.
[2018.10.06-15.36.36:258][  0]LogContentBrowser: Native class hierarchy updated for 'WidgetCarousel' in 0.0003 seconds. Added 0 classes and 0 folders.
[2018.10.06-15.36.36:859][  0]LogContentBrowser: Native class hierarchy updated for 'AddContentDialog' in 0.0003 seconds. Added 0 classes and 0 folders.
[2018.10.06-15.36.36:872][  0]LogContentBrowser: Native class hierarchy updated for 'SceneOutliner' in 0.0003 seconds. Added 1 classes and 2 folders.
[2018.10.06-15.36.36:894][  0]LogFileManager: Error: Error writing to file: H:/Data/GitHub/UnrealFinalProject/Flamingo_O_O_OOO/Intermediate/CachedAssetRegistry.bin.tmp (There is not enough space on the disk.)
[2018.10.06-15.36.36:894][  0]LogFileManager: Error: Error flushing file: H:/Data/GitHub/UnrealFinalProject/Flamingo_O_O_OOO/Intermediate/CachedAssetRegistry.bin.tmp (There is not enough space on the disk.)
[2018.10.06-15.36.36:894][  0]LogFileManager: Error: Error flushing file: H:/Data/GitHub/UnrealFinalProject/Flamingo_O_O_OOO/Intermediate/CachedAssetRegistry.bin.tmp (There is not enough space on the disk.)
[2018.10.06-15.36.36:894][  0]LogSlate: Took 0.002248 seconds to synchronously load lazily loaded font '../../../Engine/Content/Slate/Fonts/Roboto-Regular.ttf' (155K)
[2018.10.06-15.36.36:898][  0]LogFileManager: Error: Error flushing file: H:/Data/GitHub/UnrealFinalProject/Flamingo_O_O_OOO/Intermediate/CachedAssetRegistry.bin.tmp (There is not enough space on the disk.)
[2018.10.06-15.36.36:898][  0]LogFileManager: Error: Error flushing file: H:/Data/GitHub/UnrealFinalProject/Flamingo_O_O_OOO/Intermediate/CachedAssetRegistry.bin.tmp (There is not enough space on the disk.)
[2018.10.06-15.36.36:898][  0]LogFileManager: Error: Error flushing file: H:/Data/GitHub/UnrealFinalProject/Flamingo_O_O_OOO/Intermediate/CachedAssetRegistry.bin.tmp (There is not enough space on the disk.)
[2018.10.06-15.36.36:898][  0]LogSlate: Took 0.002235 seconds to synchronously load lazily loaded font '../../../Engine/Content/Slate/Fonts/Roboto-Bold.ttf' (160K)
[2018.10.06-15.36.36:904][  0]LogFileManager: Error: Error flushing file: H:/Data/GitHub/UnrealFinalProject/Flamingo_O_O_OOO/Intermediate/CachedAssetRegistry.bin.tmp (There is not enough space on the disk.)
[2018.10.06-15.36.36:904][  0]LogFileManager: Error: Error flushing file: H:/Data/GitHub/UnrealFinalProject/Flamingo_O_O_OOO/Intermediate/CachedAssetRegistry.bin.tmp (There is not enough space on the disk.)
[2018.10.06-15.36.36:904][  0]LogFileManager: Error: Error flushing file: H:/Data/GitHub/UnrealFinalProject/Flamingo_O_O_OOO/Intermediate/CachedAssetRegistry.bin.tmp (There is not enough space on the disk.)
[2018.10.06-15.36.36:904][  0]LogFileManager: Error: Error flushing file: H:/Data/GitHub/UnrealFinalProject/Flamingo_O_O_OOO/Intermediate/CachedAssetRegistry.bin.tmp (There is not enough space on the disk.)
[2018.10.06-15.36.36:904][  0]LogFileManager: Error: Error flushing file: H:/Data/GitHub/UnrealFinalProject/Flamingo_O_O_OOO/Intermediate/CachedAssetRegistry.bin.tmp (There is not enough space on the disk.)
[2018.10.06-15.36.36:904][  0]LogFileManager: Error: Error flushing file: H:/Data/GitHub/UnrealFinalProject/Flamingo_O_O_OOO/Intermediate/CachedAssetRegistry.bin.tmp (There is not enough space on the disk.)
[2018.10.06-15.36.36:904][  0]LogSlate: Took 0.002200 seconds to synchronously load lazily loaded font '../../../Engine/Content/Editor/Slate/Fonts/FontAwesome.ttf' (139K)
[2018.10.06-15.36.37:026][  0]LogFileManager: Error: Error flushing file: H:/Data/GitHub/UnrealFinalProject/Flamingo_O_O_OOO/Intermediate/CachedAssetRegistry.bin.tmp (There is not enough space on the disk.)
[2018.10.06-15.36.37:026][  0]LogFileManager: Error: Error flushing file: H:/Data/GitHub/UnrealFinalProject/Flamingo_O_O_OOO/Intermediate/CachedAssetRegistry.bin.tmp (There is not enough space on the disk.)
[2018.10.06-15.36.37:026][  0]LogFileManager: Error: Error flushing file: H:/Data/GitHub/UnrealFinalProject/Flamingo_O_O_OOO/Intermediate/CachedAssetRegistry.bin.tmp (There is not enough space on the disk.)
[2018.10.06-15.36.37:026][  0]LogFileManager: Error: Error flushing file: H:/Data/GitHub/UnrealFinalProject/Flamingo_O_O_OOO/Intermediate/CachedAssetRegistry.bin.tmp (There is not enough space on the disk.)
[2018.10.06-15.36.37:026][  0]LogFileManager: Error: Error flushing file: H:/Data/GitHub/UnrealFinalProject/Flamingo_O_O_OOO/Intermediate/CachedAssetRegistry.bin.tmp (There is not enough space on the disk.)
[2018.10.06-15.36.37:026][  0]LogFileManager: Error: Error flushing file: H:/Data/GitHub/UnrealFinalProject/Flamingo_O_O_OOO/Intermediate/CachedAssetRegistry.bin.tmp (There is not enough space on the disk.)
[2018.10.06-15.36.37:026][  0]LogFileManager: Error: Error flushing file: H:/Data/GitHub/UnrealFinalProject/Flamingo_O_O_OOO/Intermediate/CachedAssetRegistry.bin.tmp (There is not enough space on the disk.)
[2018.10.06-15.36.37:026][  0]LogFileManager: Error: Error flushing file: H:/Data/GitHub/UnrealFinalProject/Flamingo_O_O_OOO/Intermediate/CachedAssetRegistry.bin.tmp (There is not enough space on the disk.)
[2018.10.06-15.36.37:026][  0]LogFileManager: Error: Error flushing file: H:/Data/GitHub/UnrealFinalProject/Flamingo_O_O_OOO/Intermediate/CachedAssetRegistry.bin.tmp (There is not enough space on the disk.)
[2018.10.06-15.36.37:026][  0]LogFileManager: Error: Error flushing file: H:/Data/GitHub/UnrealFinalProject/Flamingo_O_O_OOO/Intermediate/CachedAssetRegistry.bin.tmp (There is not enough space on the disk.)
[2018.10.06-15.36.37:026][  0]LogFileManager: Error: Error flushing file: H:/Data/GitHub/UnrealFinalProject/Flamingo_O_O_OOO/Intermediate/CachedAssetRegistry.bin.tmp (There is not enough space on the disk.)
[2018.10.06-15.36.37:026][  0]LogFileManager: Error: Error flushing file: H:/Data/GitHub/UnrealFinalProject/Flamingo_O_O_OOO/Intermediate/CachedAssetRegistry.bin.tmp (There is not enough space on the disk.)
[2018.10.06-15.36.37:026][  0]LogFileManager: Error: Error flushing file: H:/Data/GitHub/UnrealFinalProject/Flamingo_O_O_OOO/Intermediate/CachedAssetRegistry.bin.tmp (There is not enough space on the disk.)
[2018.10.06-15.36.37:026][  0]LogFileManager: Error: Error flushing file: H:/Data/GitHub/UnrealFinalProject/Flamingo_O_O_OOO/Intermediate/CachedAssetRegistry.bin.tmp (There is not enough space on the disk.)
[2018.10.06-15.36.37:026][  0]LogFileManager: Error: Error flushing file: H:/Data/GitHub/UnrealFinalProject/Flamingo_O_O_OOO/Intermediate/CachedAssetRegistry.bin.tmp (There is not enough space on the disk.)
[2018.10.06-15.36.37:027][  0]LogFileManager: Error: Error flushing file: H:/Data/GitHub/UnrealFinalProject/Flamingo_O_O_OOO/Intermediate/CachedAssetRegistry.bin.tmp (There is not enough space on the disk.)
[2018.10.06-15.36.37:027][  0]LogFileManager: Error: Error flushing file: H:/Data/GitHub/UnrealFinalProject/Flamingo_O_O_OOO/Intermediate/CachedAssetRegistry.bin.tmp (There is not enough space on the disk.)
[2018.10.06-15.36.37:027][  0]LogFileManager: Error: Error flushing file: H:/Data/GitHub/UnrealFinalProject/Flamingo_O_O_OOO/Intermediate/CachedAssetRegistry.bin.tmp (There is not enough space on the disk.)
[2018.10.06-15.36.37:027][  0]LogFileManager: Error: Error flushing file: H:/Data/GitHub/UnrealFinalProject/Flamingo_O_O_OOO/Intermediate/CachedAssetRegistry.bin.tmp (There is not enough space on the disk.)
[2018.10.06-15.36.37:027][  0]LogFileManager: Error: Error flushing file: H:/Data/GitHub/UnrealFinalProject/Flamingo_O_O_OOO/Intermediate/CachedAssetRegistry.bin.tmp (There is not enough space on the disk.)
[2018.10.06-15.36.37:027][  0]LogFileManager: Error: Error flushing file: H:/Data/GitHub/UnrealFinalProject/Flamingo_O_O_OOO/Intermediate/CachedAssetRegistry.bin.tmp (There is not enough space on the disk.)
[2018.10.06-15.36.37:027][  0]LogFileManager: Error: Error flushing file: H:/Data/GitHub/UnrealFinalProject/Flamingo_O_O_OOO/Intermediate/CachedAssetRegistry.bin.tmp (There is not enough space on the disk.)
[2018.10.06-15.36.37:027][  0]LogFileManager: Error: Error flushing file: H:/Data/GitHub/UnrealFinalProject/Flamingo_O_O_OOO/Intermediate/CachedAssetRegistry.bin.tmp (There is not enough space on the disk.)
[2018.10.06-15.36.37:027][  0]LogFileManager: Error: Error flushing file: H:/Data/GitHub/UnrealFinalProject/Flamingo_O_O_OOO/Intermediate/CachedAssetRegistry.bin.tmp (There is not enough space on the disk.)
[2018.10.06-15.36.37:027][  0]LogFileManager: Error: Error flushing file: H:/Data/GitHub/UnrealFinalProject/Flamingo_O_O_OOO/Intermediate/CachedAssetRegistry.bin.tmp (There is not enough space on the disk.)
[2018.10.06-15.36.37:027][  0]LogFileManager: Error: Error flushing file: H:/Data/GitHub/UnrealFinalProject/Flamingo_O_O_OOO/Intermediate/CachedAssetRegistry.bin.tmp (There is not enough space on the disk.)
[2018.10.06-15.36.37:027][  0]LogFileManager: Error: Error flushing file: H:/Data/GitHub/UnrealFinalProject/Flamingo_O_O_OOO/Intermediate/CachedAssetRegistry.bin.tmp (There is not enough space on the disk.)
[2018.10.06-15.36.37:027][  0]LogFileManager: Error: Error flushing file: H:/Data/GitHub/UnrealFinalProject/Flamingo_O_O_OOO/Intermediate/CachedAssetRegistry.bin.tmp (There is not enough space on the disk.)
[2018.10.06-15.36.37:027][  0]LogFileManager: Error: Error flushing file: H:/Data/GitHub/UnrealFinalProject/Flamingo_O_O_OOO/Intermediate/CachedAssetRegistry.bin.tmp (There is not enough space on the disk.)
[2018.10.06-15.36.37:027][  0]LogFileManager: Error: Error flushing file: H:/Data/GitHub/UnrealFinalProject/Flamingo_O_O_OOO/Intermediate/CachedAssetRegistry.bin.tmp (There is not enough space on the disk.)
[2018.10.06-15.36.37:027][  0]LogFileManager: Error: Error flushing file: H:/Data/GitHub/UnrealFinalProject/Flamingo_O_O_OOO/Intermediate/CachedAssetRegistry.bin.tmp (There is not enough space on the disk.)
[2018.10.06-15.36.37:027][  0]LogFileManager: Error: Error flushing file: H:/Data/GitHub/UnrealFinalProject/Flamingo_O_O_OOO/Intermediate/CachedAssetRegistry.bin.tmp (There is not enough space on the disk.)
[2018.10.06-15.36.37:027][  0]LogFileManager: Error: Error flushing file: H:/Data/GitHub/UnrealFinalProject/Flamingo_O_O_OOO/Intermediate/CachedAssetRegistry.bin.tmp (There is not enough space on the disk.)
[2018.10.06-15.36.37:027][  0]LogFileManager: Error: Error flushing file: H:/Data/GitHub/UnrealFinalProject/Flamingo_O_O_OOO/Intermediate/CachedAssetRegistry.bin.tmp (There is not enough space on the disk.)
[2018.10.06-15.36.37:027][  0]LogFileManager: Error: Error flushing file: H:/Data/GitHub/UnrealFinalProject/Flamingo_O_O_OOO/Intermediate/CachedAssetRegistry.bin.tmp (There is not enough space on the disk.)
[2018.10.06-15.36.37:027][  0]LogFileManager: Error: Error flushing file: H:/Data/GitHub/UnrealFinalProject/Flamingo_O_O_OOO/Intermediate/CachedAssetRegistry.bin.tmp (There is not enough space on the disk.)
[2018.10.06-15.36.37:027][  0]LogFileManager: Error: Error flushing file: H:/Data/GitHub/UnrealFinalProject/Flamingo_O_O_OOO/Intermediate/CachedAssetRegistry.bin.tmp (There is not enough space on the disk.)
[2018.10.06-15.36.37:027][  0]LogFileManager: Error: Error flushing file: H:/Data/GitHub/UnrealFinalProject/Flamingo_O_O_OOO/Intermediate/CachedAssetRegistry.bin.tmp (There is not enough space on the disk.)
[2018.10.06-15.36.37:027][  0]LogFileManager: Error: Error flushing file: H:/Data/GitHub/UnrealFinalProject/Flamingo_O_O_OOO/Intermediate/CachedAssetRegistry.bin.tmp (There is not enough space on the disk.)
[2018.10.06-15.36.37:027][  0]LogFileManager: Error: Error flushing file: H:/Data/GitHub/UnrealFinalProject/Flamingo_O_O_OOO/Intermediate/CachedAssetRegistry.bin.tmp (There is not enough space on the disk.)
[2018.10.06-15.36.37:027][  0]LogFileManager: Error: Error flushing file: H:/Data/GitHub/UnrealFinalProject/Flamingo_O_O_OOO/Intermediate/CachedAssetRegistry.bin.tmp (There is not enough space on the disk.)
[2018.10.06-15.36.37:027][  0]LogFileManager: Error: Error flushing file: H:/Data/GitHub/UnrealFinalProject/Flamingo_O_O_OOO/Intermediate/CachedAssetRegistry.bin.tmp (There is not enough space on the disk.)
[2018.10.06-15.36.37:027][  0]LogFileManager: Error: Error flushing file: H:/Data/GitHub/UnrealFinalProject/Flamingo_O_O_OOO/Intermediate/CachedAssetRegistry.bin.tmp (There is not enough space on the disk.)
[2018.10.06-15.36.37:027][  0]LogFileManager: Error: Error flushing file: H:/Data/GitHub/UnrealFinalProject/Flamingo_O_O_OOO/Intermediate/CachedAssetRegistry.bin.tmp (There is not enough space on the disk.)
[2018.10.06-15.36.37:027][  0]LogFileManager: Error: Error flushing file: H:/Data/GitHub/UnrealFinalProject/Flamingo_O_O_OOO/Intermediate/CachedAssetRegistry.bin.tmp (There is not enough space on the disk.)
[2018.10.06-15.36.37:027][  0]LogFileManager: Error: Error flushing file: H:/Data/GitHub/UnrealFinalProject/Flamingo_O_O_OOO/Intermediate/CachedAssetRegistry.bin.tmp (There is not enough space on the disk.)
[2018.10.06-15.36.37:027][  0]LogFileManager: Error: Error flushing file: H:/Data/GitHub/UnrealFinalProject/Flamingo_O_O_OOO/Intermediate/CachedAssetRegistry.bin.tmp (There is not enough space on the disk.)
[2018.10.06-15.36.37:027][  0]LogFileManager: Error: Error flushing file: H:/Data/GitHub/UnrealFinalProject/Flamingo_O_O_OOO/Intermediate/CachedAssetRegistry.bin.tmp (There is not enough space on the disk.)
[2018.10.06-15.36.37:027][  0]LogFileManager: Error: Error flushing file: H:/Data/GitHub/UnrealFinalProject/Flamingo_O_O_OOO/Intermediate/CachedAssetRegistry.bin.tmp (There is not enough space on the disk.)
[2018.10.06-15.36.37:027][  0]LogFileManager: Error: Error flushing file: H:/Data/GitHub/UnrealFinalProject/Flamingo_O_O_OOO/Intermediate/CachedAssetRegistry.bin.tmp (There is not enough space on the disk.)
[2018.10.06-15.36.37:027][  0]LogFileManager: Error: Error flushing file: H:/Data/GitHub/UnrealFinalProject/Flamingo_O_O_OOO/Intermediate/CachedAssetRegistry.bin.tmp (There is not enough space on the disk.)
[2018.10.06-15.36.37:027][  0]LogFileManager: Error: Error flushing file: H:/Data/GitHub/UnrealFinalProject/Flamingo_O_O_OOO/Intermediate/CachedAssetRegistry.bin.tmp (There is not enough space on the disk.)
[2018.10.06-15.36.37:027][  0]LogFileManager: Error: Error flushing file: H:/Data/GitHub/UnrealFinalProject/Flamingo_O_O_OOO/Intermediate/CachedAssetRegistry.bin.tmp (There is not enough space on the disk.)
[2018.10.06-15.36.37:027][  0]LogFileManager: Error: Error flushing file: H:/Data/GitHub/UnrealFinalProject/Flamingo_O_O_OOO/Intermediate/CachedAssetRegistry.bin.tmp (There is not enough space on the disk.)
[2018.10.06-15.36.37:027][  0]LogFileManager: Error: Error flushing file: H:/Data/GitHub/UnrealFinalProject/Flamingo_O_O_OOO/Intermediate/CachedAssetRegistry.bin.tmp (There is not enough space on the disk.)
[2018.10.06-15.36.37:027][  0]LogFileManager: Error: Error flushing file: H:/Data/GitHub/UnrealFinalProject/Flamingo_O_O_OOO/Intermediate/CachedAssetRegistry.bin.tmp (There is not enough space on the disk.)
[2018.10.06-15.36.37:027][  0]LogFileManager: Error: Error flushing file: H:/Data/GitHub/UnrealFinalProject/Flamingo_O_O_OOO/Intermediate/CachedAssetRegistry.bin.tmp (There is not enough space on the disk.)
[2018.10.06-15.36.37:027][  0]LogFileManager: Error: Error flushing file: H:/Data/GitHub/UnrealFinalProject/Flamingo_O_O_OOO/Intermediate/CachedAssetRegistry.bin.tmp (There is not enough space on the disk.)
[2018.10.06-15.36.37:027][  0]LogFileManager: Error: Error flushing file: H:/Data/GitHub/UnrealFinalProject/Flamingo_O_O_OOO/Intermediate/CachedAssetRegistry.bin.tmp (There is not enough space on the disk.)
[2018.10.06-15.36.37:027][  0]LogFileManager: Error: Error flushing file: H:/Data/GitHub/UnrealFinalProject/Flamingo_O_O_OOO/Intermediate/CachedAssetRegistry.bin.tmp (There is not enough space on the disk.)
[2018.10.06-15.36.37:027][  0]LogFileManager: Error: Error flushing file: H:/Data/GitHub/UnrealFinalProject/Flamingo_O_O_OOO/Intermediate/CachedAssetRegistry.bin.tmp (There is not enough space on the disk.)
[2018.10.06-15.36.37:027][  0]LogFileManager: Error: Error flushing file: H:/Data/GitHub/UnrealFinalProject/Flamingo_O_O_OOO/Intermediate/CachedAssetRegistry.bin.tmp (There is not enough space on the disk.)
[2018.10.06-15.36.37:027][  0]LogFileManager: Error: Error flushing file: H:/Data/GitHub/UnrealFinalProject/Flamingo_O_O_OOO/Intermediate/CachedAssetRegistry.bin.tmp (There is not enough space on the disk.)
[2018.10.06-15.36.37:027][  0]LogFileManager: Error: Error flushing file: H:/Data/GitHub/UnrealFinalProject/Flamingo_O_O_OOO/Intermediate/CachedAssetRegistry.bin.tmp (There is not enough space on the disk.)
[2018.10.06-15.36.37:027][  0]LogFileManager: Error: Error flushing file: H:/Data/GitHub/UnrealFinalProject/Flamingo_O_O_OOO/Intermediate/CachedAssetRegistry.bin.tmp (There is not enough space on the disk.)
[2018.10.06-15.36.37:027][  0]LogFileManager: Error: Error flushing file: H:/Data/GitHub/UnrealFinalProject/Flamingo_O_O_OOO/Intermediate/CachedAssetRegistry.bin.tmp (There is not enough space on the disk.)
[2018.10.06-15.36.37:027][  0]LogFileManager: Error: Error flushing file: H:/Data/GitHub/UnrealFinalProject/Flamingo_O_O_OOO/Intermediate/CachedAssetRegistry.bin.tmp (There is not enough space on the disk.)
[2018.10.06-15.36.37:027][  0]LogFileManager: Error: Error flushing file: H:/Data/GitHub/UnrealFinalProject/Flamingo_O_O_OOO/Intermediate/CachedAssetRegistry.bin.tmp (There is not enough space on the disk.)
[2018.10.06-15.36.37:027][  0]LogFileManager: Error: Error flushing file: H:/Data/GitHub/UnrealFinalProject/Flamingo_O_O_OOO/Intermediate/CachedAssetRegistry.bin.tmp (There is not enough space on the disk.)
[2018.10.06-15.36.37:027][  0]LogFileManager: Error: Error flushing file: H:/Data/GitHub/UnrealFinalProject/Flamingo_O_O_OOO/Intermediate/CachedAssetRegistry.bin.tmp (There is not enough space on the disk.)
[2018.10.06-15.36.37:027][  0]LogFileManager: Error: Error flushing file: H:/Data/GitHub/UnrealFinalProject/Flamingo_O_O_OOO/Intermediate/CachedAssetRegistry.bin.tmp (There is not enough space on the disk.)
[2018.10.06-15.36.37:027][  0]LogFileManager: Error: Error flushing file: H:/Data/GitHub/UnrealFinalProject/Flamingo_O_O_OOO/Intermediate/CachedAssetRegistry.bin.tmp (There is not enough space on the disk.)
[2018.10.06-15.36.37:027][  0]LogFileManager: Error: Error flushing file: H:/Data/GitHub/UnrealFinalProject/Flamingo_O_O_OOO/Intermediate/CachedAssetRegistry.bin.tmp (There is not enough space on the disk.)
[2018.10.06-15.36.37:027][  0]LogFileManager: Error: Error flushing file: H:/Data/GitHub/UnrealFinalProject/Flamingo_O_O_OOO/Intermediate/CachedAssetRegistry.bin.tmp (There is not enough space on the disk.)
[2018.10.06-15.36.37:027][  0]LogFileManager: Error: Error flushing file: H:/Data/GitHub/UnrealFinalProject/Flamingo_O_O_OOO/Intermediate/CachedAssetRegistry.bin.tmp (There is not enough space on the disk.)
[2018.10.06-15.36.37:027][  0]LogFileManager: Error: Error flushing file: H:/Data/GitHub/UnrealFinalProject/Flamingo_O_O_OOO/Intermediate/CachedAssetRegistry.bin.tmp (There is not enough space on the disk.)
[2018.10.06-15.36.37:027][  0]LogFileManager: Error: Error flushing file: H:/Data/GitHub/UnrealFinalProject/Flamingo_O_O_OOO/Intermediate/CachedAssetRegistry.bin.tmp (There is not enough space on the disk.)
[2018.10.06-15.36.37:027][  0]LogFileManager: Error: Error flushing file: H:/Data/GitHub/UnrealFinalProject/Flamingo_O_O_OOO/Intermediate/CachedAssetRegistry.bin.tmp (There is not enough space on the disk.)
[2018.10.06-15.36.37:027][  0]LogFileManager: Error: Error flushing file: H:/Data/GitHub/UnrealFinalProject/Flamingo_O_O_OOO/Intermediate/CachedAssetRegistry.bin.tmp (There is not enough space on the disk.)
[2018.10.06-15.36.37:027][  0]LogFileManager: Error: Error flushing file: H:/Data/GitHub/UnrealFinalProject/Flamingo_O_O_OOO/Intermediate/CachedAssetRegistry.bin.tmp (There is not enough space on the disk.)
[2018.10.06-15.36.37:027][  0]LogFileManager: Error: Error flushing file: H:/Data/GitHub/UnrealFinalProject/Flamingo_O_O_OOO/Intermediate/CachedAssetRegistry.bin.tmp (There is not enough space on the disk.)
[2018.10.06-15.36.37:027][  0]LogFileManager: Error: Error flushing file: H:/Data/GitHub/UnrealFinalProject/Flamingo_O_O_OOO/Intermediate/CachedAssetRegistry.bin.tmp (There is not enough space on the disk.)
[2018.10.06-15.36.37:027][  0]LogFileManager: Error: Error flushing file: H:/Data/GitHub/UnrealFinalProject/Flamingo_O_O_OOO/Intermediate/CachedAssetRegistry.bin.tmp (There is not enough space on the disk.)
[2018.10.06-15.36.37:027][  0]LogFileManager: Error: Error flushing file: H:/Data/GitHub/UnrealFinalProject/Flamingo_O_O_OOO/Intermediate/CachedAssetRegistry.bin.tmp (There is not enough space on the disk.)
[2018.10.06-15.36.37:027][  0]LogFileManager: Error: Error flushing file: H:/Data/GitHub/UnrealFinalProject/Flamingo_O_O_OOO/Intermediate/CachedAssetRegistry.bin.tmp (There is not enough space on the disk.)
[2018.10.06-15.36.37:027][  0]LogFileManager: Error: Error flushing file: H:/Data/GitHub/UnrealFinalProject/Flamingo_O_O_OOO/Intermediate/CachedAssetRegistry.bin.tmp (There is not enough space on the disk.)
[2018.10.06-15.36.37:027][  0]LogFileManager: Error: Error flushing file: H:/Data/GitHub/UnrealFinalProject/Flamingo_O_O_OOO/Intermediate/CachedAssetRegistry.bin.tmp (There is not enough space on the disk.)
[2018.10.06-15.36.37:027][  0]LogFileManager: Error: Error flushing file: H:/Data/GitHub/UnrealFinalProject/Flamingo_O_O_OOO/Intermediate/CachedAssetRegistry.bin.tmp (There is not enough space on the disk.)
[2018.10.06-15.36.37:027][  0]LogFileManager: Error: Error flushing file: H:/Data/GitHub/UnrealFinalProject/Flamingo_O_O_OOO/Intermediate/CachedAssetRegistry.bin.tmp (There is not enough space on the disk.)
[2018.10.06-15.36.37:027][  0]LogFileManager: Error: Error flushing file: H:/Data/GitHub/UnrealFinalProject/Flamingo_O_O_OOO/Intermediate/CachedAssetRegistry.bin.tmp (There is not enough space on the disk.)
[2018.10.06-15.36.37:027][  0]LogFileManager: Error: Error flushing file: H:/Data/GitHub/UnrealFinalProject/Flamingo_O_O_OOO/Intermediate/CachedAssetRegistry.bin.tmp (There is not enough space on the disk.)
[2018.10.06-15.36.37:028][  0]LogFileManager: Error: Error flushing file: H:/Data/GitHub/UnrealFinalProject/Flamingo_O_O_OOO/Intermediate/CachedAssetRegistry.bin.tmp (There is not enough space on the disk.)
[2018.10.06-15.36.37:028][  0]LogFileManager: Error: Error flushing file: H:/Data/GitHub/UnrealFinalProject/Flamingo_O_O_OOO/Intermediate/CachedAssetRegistry.bin.tmp (There is not enough space on the disk.)
[2018.10.06-15.36.37:028][  0]LogFileManager: Error: Error flushing file: H:/Data/GitHub/UnrealFinalProject/Flamingo_O_O_OOO/Intermediate/CachedAssetRegistry.bin.tmp (There is not enough space on the disk.)
[2018.10.06-15.36.37:028][  0]LogFileManager: Error: Error flushing file: H:/Data/GitHub/UnrealFinalProject/Flamingo_O_O_OOO/Intermediate/CachedAssetRegistry.bin.tmp (There is not enough space on the disk.)
[2018.10.06-15.36.37:028][  0]LogFileManager: Error: Error flushing file: H:/Data/GitHub/UnrealFinalProject/Flamingo_O_O_OOO/Intermediate/CachedAssetRegistry.bin.tmp (There is not enough space on the disk.)
[2018.10.06-15.36.37:028][  0]LogFileManager: Error: Error flushing file: H:/Data/GitHub/UnrealFinalProject/Flamingo_O_O_OOO/Intermediate/CachedAssetRegistry.bin.tmp (There is not enough space on the disk.)
[2018.10.06-15.36.37:028][  0]LogFileManager: Error: Error flushing file: H:/Data/GitHub/UnrealFinalProject/Flamingo_O_O_OOO/Intermediate/CachedAssetRegistry.bin.tmp (There is not enough space on the disk.)
[2018.10.06-15.36.37:028][  0]LogFileManager: Error: Error flushing file: H:/Data/GitHub/UnrealFinalProject/Flamingo_O_O_OOO/Intermediate/CachedAssetRegistry.bin.tmp (There is not enough space on the disk.)
[2018.10.06-15.36.37:028][  0]LogFileManager: Error: Error flushing file: H:/Data/GitHub/UnrealFinalProject/Flamingo_O_O_OOO/Intermediate/CachedAssetRegistry.bin.tmp (There is not enough space on the disk.)
[2018.10.06-15.36.37:028][  0]LogFileManager: Error: Error flushing file: H:/Data/GitHub/UnrealFinalProject/Flamingo_O_O_OOO/Intermediate/CachedAssetRegistry.bin.tmp (There is not enough space on the disk.)
[2018.10.06-15.36.37:028][  0]LogFileManager: Error: Error flushing file: H:/Data/GitHub/UnrealFinalProject/Flamingo_O_O_OOO/Intermediate/CachedAssetRegistry.bin.tmp (There is not enough space on the disk.)
[2018.10.06-15.36.37:028][  0]LogFileManager: Error: Error flushing file: H:/Data/GitHub/UnrealFinalProject/Flamingo_O_O_OOO/Intermediate/CachedAssetRegistry.bin.tmp (There is not enough space on the disk.)
[2018.10.06-15.36.37:028][  0]LogFileManager: Error: Error flushing file: H:/Data/GitHub/UnrealFinalProject/Flamingo_O_O_OOO/Intermediate/CachedAssetRegistry.bin.tmp (There is not enough space on the disk.)
[2018.10.06-15.36.37:028][  0]LogFileManager: Error: Error flushing file: H:/Data/GitHub/UnrealFinalProject/Flamingo_O_O_OOO/Intermediate/CachedAssetRegistry.bin.tmp (There is not enough space on the disk.)
[2018.10.06-15.36.37:028][  0]LogFileManager: Error: Error flushing file: H:/Data/GitHub/UnrealFinalProject/Flamingo_O_O_OOO/Intermediate/CachedAssetRegistry.bin.tmp (There is not enough space on the disk.)
[2018.10.06-15.36.37:028][  0]LogFileManager: Error: Error flushing file: H:/Data/GitHub/UnrealFinalProject/Flamingo_O_O_OOO/Intermediate/CachedAssetRegistry.bin.tmp (There is not enough space on the disk.)
[2018.10.06-15.36.37:028][  0]LogFileManager: Error: Error flushing file: H:/Data/GitHub/UnrealFinalProject/Flamingo_O_O_OOO/Intermediate/CachedAssetRegistry.bin.tmp (There is not enough space on the disk.)
[2018.10.06-15.36.37:028][  0]LogFileManager: Error: Error flushing file: H:/Data/GitHub/UnrealFinalProject/Flamingo_O_O_OOO/Intermediate/CachedAssetRegistry.bin.tmp (There is not enough space on the disk.)
[2018.10.06-15.36.37:028][  0]LogFileManager: Error: Error flushing file: H:/Data/GitHub/UnrealFinalProject/Flamingo_O_O_OOO/Intermediate/CachedAssetRegistry.bin.tmp (There is not enough space on the disk.)
[2018.10.06-15.36.37:028][  0]LogFileManager: Error: Error flushing file: H:/Data/GitHub/UnrealFinalProject/Flamingo_O_O_OOO/Intermediate/CachedAssetRegistry.bin.tmp (There is not enough space on the disk.)
[2018.10.06-15.36.37:028][  0]LogFileManager: Error: Error flushing file: H:/Data/GitHub/UnrealFinalProject/Flamingo_O_O_OOO/Intermediate/CachedAssetRegistry.bin.tmp (There is not enough space on the disk.)
[2018.10.06-15.36.37:028][  0]LogFileManager: Error: Error flushing file: H:/Data/GitHub/UnrealFinalProject/Flamingo_O_O_OOO/Intermediate/CachedAssetRegistry.bin.tmp (There is not enough space on the disk.)
[2018.10.06-15.36.37:028][  0]LogFileManager: Error: Error flushing file: H:/Data/GitHub/UnrealFinalProject/Flamingo_O_O_OOO/Intermediate/CachedAssetRegistry.bin.tmp (There is not enough space on the disk.)
[2018.10.06-15.36.37:028][  0]LogFileManager: Error: Error flushing file: H:/Data/GitHub/UnrealFinalProject/Flamingo_O_O_OOO/Intermediate/CachedAssetRegistry.bin.tmp (There is not enough space on the disk.)
[2018.10.06-15.36.37:028][  0]LogFileManager: Error: Error flushing file: H:/Data/GitHub/UnrealFinalProject/Flamingo_O_O_OOO/Intermediate/CachedAssetRegistry.bin.tmp (There is not enough space on the disk.)
[2018.10.06-15.36.37:028][  0]LogFileManager: Error: Error flushing file: H:/Data/GitHub/UnrealFinalProject/Flamingo_O_O_OOO/Intermediate/CachedAssetRegistry.bin.tmp (There is not enough space on the disk.)
[2018.10.06-15.36.37:028][  0]LogFileManager: Error: Error flushing file: H:/Data/GitHub/UnrealFinalProject/Flamingo_O_O_OOO/Intermediate/CachedAssetRegistry.bin.tmp (There is not enough space on the disk.)
[2018.10.06-15.36.37:028][  0]LogFileManager: Error: Error flushing file: H:/Data/GitHub/UnrealFinalProject/Flamingo_O_O_OOO/Intermediate/CachedAssetRegistry.bin.tmp (There is not enough space on the disk.)
[2018.10.06-15.36.37:028][  0]LogFileManager: Error: Error flushing file: H:/Data/GitHub/UnrealFinalProject/Flamingo_O_O_OOO/Intermediate/CachedAssetRegistry.bin.tmp (There is not enough space on the disk.)
[2018.10.06-15.36.37:028][  0]LogFileManager: Error: Error flushing file: H:/Data/GitHub/UnrealFinalProject/Flamingo_O_O_OOO/Intermediate/CachedAssetRegistry.bin.tmp (There is not enough space on the disk.)
[2018.10.06-15.36.37:028][  0]LogFileManager: Error: Error flushing file: H:/Data/GitHub/UnrealFinalProject/Flamingo_O_O_OOO/Intermediate/CachedAssetRegistry.bin.tmp (There is not enough space on the disk.)
[2018.10.06-15.36.37:028][  0]LogFileManager: Error: Error flushing file: H:/Data/GitHub/UnrealFinalProject/Flamingo_O_O_OOO/Intermediate/CachedAssetRegistry.bin.tmp (There is not enough space on the disk.)
[2018.10.06-15.36.37:028][  0]LogFileManager: Error: Error flushing file: H:/Data/GitHub/UnrealFinalProject/Flamingo_O_O_OOO/Intermediate/CachedAssetRegistry.bin.tmp (There is not enough space on the disk.)
[2018.10.06-15.36.37:028][  0]LogFileManager: Error: Error flushing file: H:/Data/GitHub/UnrealFinalProject/Flamingo_O_O_OOO/Intermediate/CachedAssetRegistry.bin.tmp (There is not enough space on the disk.)
[2018.10.06-15.36.37:028][  0]LogFileManager: Error: Error flushing file: H:/Data/GitHub/UnrealFinalProject/Flamingo_O_O_OOO/Intermediate/CachedAssetRegistry.bin.tmp (There is not enough space on the disk.)
[2018.10.06-15.36.37:028][  0]LogFileManager: Error: Error flushing file: H:/Data/GitHub/UnrealFinalProject/Flamingo_O_O_OOO/Intermediate/CachedAssetRegistry.bin.tmp (There is not enough space on the disk.)
[2018.10.06-15.36.37:028][  0]LogFileManager: Error: Error flushing file: H:/Data/GitHub/UnrealFinalProject/Flamingo_O_O_OOO/Intermediate/CachedAssetRegistry.bin.tmp (There is not enough space on the disk.)
[2018.10.06-15.36.37:028][  0]LogFileManager: Error: Error flushing file: H:/Data/GitHub/UnrealFinalProject/Flamingo_O_O_OOO/Intermediate/CachedAssetRegistry.bin.tmp (There is not enough space on the disk.)
[2018.10.06-15.36.37:028][  0]LogFileManager: Error: Error flushing file: H:/Data/GitHub/UnrealFinalProject/Flamingo_O_O_OOO/Intermediate/CachedAssetRegistry.bin.tmp (There is not enough space on the disk.)
[2018.10.06-15.36.37:028][  0]LogFileManager: Error: Error flushing file: H:/Data/GitHub/UnrealFinalProject/Flamingo_O_O_OOO/Intermediate/CachedAssetRegistry.bin.tmp (There is not enough space on the disk.)
[2018.10.06-15.36.37:028][  0]LogFileManager: Error: Error flushing file: H:/Data/GitHub/UnrealFinalProject/Flamingo_O_O_OOO/Intermediate/CachedAssetRegistry.bin.tmp (There is not enough space on the disk.)
[2018.10.06-15.36.37:028][  0]LogFileManager: Error: Error flushing file: H:/Data/GitHub/UnrealFinalProject/Flamingo_O_O_OOO/Intermediate/CachedAssetRegistry.bin.tmp (There is not enough space on the disk.)
[2018.10.06-15.36.37:028][  0]LogFileManager: Error: Error flushing file: H:/Data/GitHub/UnrealFinalProject/Flamingo_O_O_OOO/Intermediate/CachedAssetRegistry.bin.tmp (There is not enough space on the disk.)
[2018.10.06-15.36.37:028][  0]LogFileManager: Error: Error flushing file: H:/Data/GitHub/UnrealFinalProject/Flamingo_O_O_OOO/Intermediate/CachedAssetRegistry.bin.tmp (There is not enough space on the disk.)
[2018.10.06-15.36.37:028][  0]LogFileManager: Error: Error flushing file: H:/Data/GitHub/UnrealFinalProject/Flamingo_O_O_OOO/Intermediate/CachedAssetRegistry.bin.tmp (There is not enough space on the disk.)
[2018.10.06-15.36.37:028][  0]LogFileManager: Error: Error flushing file: H:/Data/GitHub/UnrealFinalProject/Flamingo_O_O_OOO/Intermediate/CachedAssetRegistry.bin.tmp (There is not enough space on the disk.)
[2018.10.06-15.36.37:028][  0]LogFileManager: Error: Error flushing file: H:/Data/GitHub/UnrealFinalProject/Flamingo_O_O_OOO/Intermediate/CachedAssetRegistry.bin.tmp (There is not enough space on the disk.)
[2018.10.06-15.36.37:028][  0]LogRenderer: Reallocating scene render targets to support 1208x576 Format 10 NumSamples 1 (Frame:1).
