Log file open, 01/10/19 16:01:42
LogWindows: Failed to load 'aqProf.dll' (GetLastError=126)
LogWindows: File 'aqProf.dll' does not exist
LogWindows: Failed to load 'VSPerf140.dll' (GetLastError=126)
LogWindows: File 'VSPerf140.dll' does not exist
LogWindows: Failed to load 'VtuneApi.dll' (GetLastError=126)
LogWindows: File 'VtuneApi.dll' does not exist
LogWindows: Failed to load 'VtuneApi32e.dll' (GetLastError=126)
LogWindows: File 'VtuneApi32e.dll' does not exist
LogInit: Display: Running engine for game: Flamingo_O_O_OOO
LogPlatformFile: Not using cached read wrapper
LogTaskGraph: Started task graph with 5 named threads and 23 total threads with 3 sets of task threads.
LogStats: Stats thread started at 0.313515
LogD3D11RHI: Loaded GFSDK_Aftermath_Lib.x64.dll
LogICUInternationalization: Display: ICU TimeZone Detection - Raw Offset: +0:00, Platform Override: ''
LogPluginManager: Mounting plugin Paper2D
LogPluginManager: Mounting plugin AISupport
LogPluginManager: Mounting plugin LightPropagationVolume
LogPluginManager: Mounting plugin CLionSourceCodeAccess
LogPluginManager: Mounting plugin CodeLiteSourceCodeAccess
LogPluginManager: Mounting plugin GitSourceControl
LogPluginManager: Mounting plugin KDevelopSourceCodeAccess
LogPluginManager: Mounting plugin NullSourceCodeAccess
LogPluginManager: Mounting plugin PerforceSourceControl
LogPluginManager: Mounting plugin SubversionSourceControl
LogPluginManager: Mounting plugin UObjectPlugin
LogPluginManager: Mounting plugin VisualStudioCodeSourceCodeAccess
LogPluginManager: Mounting plugin VisualStudioSourceCodeAccess
LogPluginManager: Mounting plugin XCodeSourceCodeAccess
LogPluginManager: Mounting plugin AssetManagerEditor
LogPluginManager: Mounting plugin CryptoKeys
LogPluginManager: Mounting plugin DataValidation
LogPluginManager: Mounting plugin FacialAnimation
LogPluginManager: Mounting plugin GameplayTagsEditor
LogPluginManager: Mounting plugin MacGraphicsSwitching
LogPluginManager: Mounting plugin MeshEditor
LogPluginManager: Mounting plugin MobileLauncherProfileWizard
LogPluginManager: Mounting plugin PluginBrowser
LogPluginManager: Mounting plugin SpeedTreeImporter
LogPluginManager: Mounting plugin DatasmithContent
LogPluginManager: Mounting plugin AlembicImporter
LogPluginManager: Mounting plugin AppleImageUtils
LogPluginManager: Mounting plugin AppleVision
LogPluginManager: Mounting plugin BackChannel
LogPluginManager: Mounting plugin CharacterAI
LogPluginManager: Mounting plugin GeometryCache
LogPluginManager: Mounting plugin HTML5Networking
LogPluginManager: Mounting plugin ProxyLODPlugin
LogPluginManager: Mounting plugin MagicLeap
LogPluginManager: Mounting plugin MagicLeapEmulator
LogPluginManager: Mounting plugin MagicLeapMedia
LogPluginManager: Mounting plugin InputBuffer
LogPluginManager: Mounting plugin AndroidMedia
LogPluginManager: Mounting plugin AvfMedia
LogPluginManager: Mounting plugin ImgMedia
LogPluginManager: Mounting plugin LinearTimecode
LogPluginManager: Mounting plugin MediaCompositing
LogPluginManager: Mounting plugin MediaPlayerEditor
LogPluginManager: Mounting plugin WmfMedia
LogPluginManager: Mounting plugin TcpMessaging
LogPluginManager: Mounting plugin UdpMessaging
LogPluginManager: Mounting plugin ActorSequence
LogPluginManager: Mounting plugin LevelSequenceEditor
LogPluginManager: Mounting plugin MatineeToLevelSequence
LogPluginManager: Mounting plugin NetcodeUnitTest
LogPluginManager: Mounting plugin NUTUnrealEngine4
LogPluginManager: Mounting plugin OnlineSubsystemGooglePlay
LogPluginManager: Mounting plugin OnlineSubsystemIOS
LogPluginManager: Mounting plugin OnlineSubsystem
LogPluginManager: Mounting plugin OnlineSubsystemNull
LogPluginManager: Mounting plugin OnlineSubsystemUtils
LogPluginManager: Mounting plugin LauncherChunkInstaller
LogPluginManager: Mounting plugin AndroidDeviceProfileSelector
LogPluginManager: Mounting plugin AndroidMoviePlayer
LogPluginManager: Mounting plugin AndroidPermission
LogPluginManager: Mounting plugin AppleMoviePlayer
LogPluginManager: Mounting plugin ArchVisCharacter
LogPluginManager: Mounting plugin AudioCapture
LogPluginManager: Mounting plugin CableComponent
LogPluginManager: Mounting plugin CustomMeshComponent
LogPluginManager: Mounting plugin EditableMesh
LogPluginManager: Mounting plugin ExampleDeviceProfileSelector
LogPluginManager: Mounting plugin GoogleCloudMessaging
LogPluginManager: Mounting plugin ImmediatePhysics
LogPluginManager: Mounting plugin IOSDeviceProfileSelector
LogPluginManager: Mounting plugin LinuxDeviceProfileSelector
LogPluginManager: Mounting plugin LocationServicesBPLibrary
LogPluginManager: Mounting plugin MobilePatchingUtils
LogPluginManager: Mounting plugin OculusVR
LogPluginManager: Plugin shader directory ../../../Engine/Plugins/Runtime/Oculus/OculusVR/Shaders found
LogPluginManager: Mapping shader source directory ../../../Engine/Plugins/Runtime/Oculus/OculusVR/Shaders to virtual directory /Plugin/OculusVR
LogPluginManager: Mounting plugin PhysXVehicles
LogPluginManager: Mounting plugin ProceduralMeshComponent
LogPluginManager: Mounting plugin RuntimePhysXCooking
LogPluginManager: Mounting plugin SteamVR
LogPluginManager: Mounting plugin WindowsMoviePlayer
LogStreaming: Display: Took  0.343s to configure plugins.
LogInit: Using libcurl 7.55.1-DEV
LogInit:  - built for x86_64-pc-win32
LogInit:  - supports SSL with OpenSSL/1.0.2h
LogInit:  - supports HTTP deflate (compression) using libz 1.2.8
LogInit:  - other features:
LogInit:      CURL_VERSION_SSL
LogInit:      CURL_VERSION_LIBZ
LogInit:      CURL_VERSION_IPV6
LogInit:      CURL_VERSION_ASYNCHDNS
LogInit:      CURL_VERSION_LARGEFILE
LogInit:      CURL_VERSION_IDN
LogInit:  CurlRequestOptions (configurable via config and command line):
LogInit:  - bVerifyPeer = false  - Libcurl will NOT verify peer certificate
LogInit:  - bUseHttpProxy = false  - Libcurl will NOT use HTTP proxy
LogInit:  - bDontReuseConnections = false  - Libcurl will reuse connections
LogInit:  - CertBundlePath = nullptr  - Libcurl will use whatever was configured at build time.
LogInit:  - MaxHostConnections = 16  - Libcurl will limit the number of connections to a host
LogInit:  - LocalHostAddr = Default
LogInit:  - BufferSize = 65536
LogInit: WinSock: version 1.1 (2.2), MaxSocks=32767, MaxUdp=65467
LogInit: Build: ++UE4+Release-4.20-CL-4369336
LogInit: Engine Version: 4.20.3-4369336+++UE4+Release-4.20
LogInit: Compatible Engine Version: 4.20.0-4212847+++UE4+Release-4.20
LogInit: Net CL: 4212847
LogInit: OS: Windows 10 (), CPU: Intel(R) Core(TM) i7-7700HQ CPU @ 2.80GHz, GPU: Intel(R) HD Graphics 630
LogInit: Compiled (64-bit): Sep 17 2018 12:26:19
LogInit: Compiled with Visual C++: 19.13.26129.00
LogInit: Build Configuration: Development
LogInit: Branch Name: ++UE4+Release-4.20
LogInit: Command Line: 
LogInit: Base Directory: C:/Program Files/Epic Games/UE_4.20/Engine/Binaries/Win64/
LogInit: Installed Engine Build: 1
LogDevObjectVersion: Number of dev versions registered: 20
LogDevObjectVersion:   Dev-Blueprints (B0D832E4-1F89-4F0D-ACCF-7EB736FD4AA2): 10
LogDevObjectVersion:   Dev-Build (E1C64328-A22C-4D53-A36C-8E866417BD8C): 0
LogDevObjectVersion:   Dev-Core (375EC13C-06E4-48FB-B500-84F0262A717E): 2
LogDevObjectVersion:   Dev-Editor (E4B068ED-F494-42E9-A231-DA0B2E46BB41): 24
LogDevObjectVersion:   Dev-Framework (CFFC743F-43B0-4480-9391-14DF171D2073): 34
LogDevObjectVersion:   Dev-Mobile (B02B49B5-BB20-44E9-A304-32B752E40360): 2
LogDevObjectVersion:   Dev-Networking (A4E4105C-59A1-49B5-A7C5-40C4547EDFEE): 0
LogDevObjectVersion:   Dev-Online (39C831C9-5AE6-47DC-9A44-9C173E1C8E7C): 0
LogDevObjectVersion:   Dev-Physics (78F01B33-EBEA-4F98-B9B4-84EACCB95AA2): 0
LogDevObjectVersion:   Dev-Platform (6631380F-2D4D-43E0-8009-CF276956A95A): 0
LogDevObjectVersion:   Dev-Rendering (12F88B9F-8875-4AFC-A67C-D90C383ABD29): 26
LogDevObjectVersion:   Dev-Sequencer (7B5AE74C-D270-4C10-A958-57980B212A5A): 9
LogDevObjectVersion:   Dev-VR (D7296918-1DD6-4BDD-9DE2-64A83CC13884): 2
LogDevObjectVersion:   Dev-LoadTimes (C2A15278-BFE7-4AFE-6C17-90FF531DF755): 1
LogDevObjectVersion:   Private-Geometry (6EACA3D4-40EC-4CC1-B786-8BED09428FC5): 3
LogDevObjectVersion:   Dev-AnimPhys (29E575DD-E0A3-4627-9D10-D276232CDCEA): 17
LogDevObjectVersion:   Dev-ReflectionCapture (6B266CEC-1EC7-4B8F-A30B-E4D90942FC07): 1
LogDevObjectVersion:   Dev-Automation (0DF73D61-A23F-47EA-B727-89E90C41499A): 1
LogDevObjectVersion:   FortniteMain (601D1886-AC64-4F84-AA16-D3DE0DEAC7D6): 12
LogDevObjectVersion:   Dev-Enterprise (9DFFBCD6-494F-0158-E221-12823C92A888): 1
LogStreaming: Display: Took  0.007s to delete old logs.
LogInit: Presizing for max 8388607 objects, including 0 objects not considered by GC, pre-allocating 0 bytes for permanent pool.
LogInit: Object subsystem initialized
[2019.01.10-16.01.43:014][  0]LogInit: Selected Device Profile: [Windows]
[2019.01.10-16.01.43:014][  0]LogInit: Applying CVar settings loaded from the selected device profile: [Windows]
[2019.01.10-16.01.43:083][  0]LogHAL: Display: Platform has ~ 8 GB [8459030528 / 8589934592 / 8], which maps to Default [LargestMinGB=32, LargerMinGB=12, DefaultMinGB=8, SmallerMinGB=6, SmallestMinGB=0)
[2019.01.10-16.01.43:084][  0]LogInit: Setting Device Profile CVar: [[r.Vulkan.UseRealUBs:1]]
[2019.01.10-16.01.43:084][  0]LogInit: Going up to parent DeviceProfile []
[2019.01.10-16.01.43:084][  0]LogInit: Computer: ALESSIO
[2019.01.10-16.01.43:084][  0]LogInit: User: aless
[2019.01.10-16.01.43:084][  0]LogInit: CPU Page size=4096, Cores=4
[2019.01.10-16.01.43:084][  0]LogInit: High frequency timer resolution =10.000000 MHz
[2019.01.10-16.01.43:084][  0]LogMemory: Memory total: Physical=7.9GB (8GB approx)
[2019.01.10-16.01.43:085][  0]LogMemory: Platform Memory Stats for Windows
[2019.01.10-16.01.43:085][  0]LogMemory: Process Physical Memory: 102.11 MB used, 102.11 MB peak
[2019.01.10-16.01.43:085][  0]LogMemory: Process Virtual Memory: 91.79 MB used, 91.79 MB peak
[2019.01.10-16.01.43:085][  0]LogMemory: Physical Memory: 5601.42 MB used,  2465.74 MB free, 8067.16 MB total
[2019.01.10-16.01.43:085][  0]LogMemory: Virtual Memory: 4628.64 MB used,  2465.74 MB free, 134217728.00 MB total
[2019.01.10-16.01.43:109][  0]LogInit: Using OS detected language (en-US).
[2019.01.10-16.01.43:109][  0]LogInit: Using OS detected locale (en-US).
[2019.01.10-16.01.43:111][  0]LogTextLocalizationManager: No specific localization for 'en-US' exists, so the 'en' localization will be used.
[2019.01.10-16.01.43:539][  0]LogStreaming: Display: Took  0.430s to InitEngineTextLocalization.
[2019.01.10-16.01.43:540][  0]LogInit: Setting process to per monitor DPI aware
[2019.01.10-16.01.43:590][  0]LogSlate: New Slate User Created.  User Index 0, Is Virtual User: 0
[2019.01.10-16.01.43:590][  0]LogSlate: Slate User Registered.  User Index 0, Is Virtual User: 0
[2019.01.10-16.01.43:899][  0]LogHMD: Failed to initialize OpenVR with code 110
[2019.01.10-16.01.43:899][  0]LogD3D11RHI: D3D11 adapters:
[2019.01.10-16.01.43:981][  0]LogD3D11RHI:    0. 'NVIDIA GeForce GTX 1050' (Feature Level 11_0)
[2019.01.10-16.01.43:981][  0]LogD3D11RHI:       4021/0/4033 MB DedicatedVideo/DedicatedSystem/SharedSystem, Outputs:1, VendorId:0x10de
[2019.01.10-16.01.43:997][  0]LogD3D11RHI:    1. 'Intel(R) HD Graphics 630' (Feature Level 11_0)
[2019.01.10-16.01.43:997][  0]LogD3D11RHI:       128/0/4033 MB DedicatedVideo/DedicatedSystem/SharedSystem, Outputs:0, VendorId:0x8086
[2019.01.10-16.01.44:000][  0]LogD3D11RHI:    2. 'Microsoft Basic Render Driver' (Feature Level 11_0)
[2019.01.10-16.01.44:000][  0]LogD3D11RHI:       0/0/4033 MB DedicatedVideo/DedicatedSystem/SharedSystem, Outputs:0, VendorId:0x1414
[2019.01.10-16.01.44:000][  0]LogD3D11RHI: Chosen D3D11 Adapter: 0
[2019.01.10-16.01.44:027][  0]LogD3D11RHI: Creating new Direct3DDevice
[2019.01.10-16.01.44:027][  0]LogD3D11RHI:     GPU DeviceId: 0x1c8d (for the marketing name, search the web for "GPU Device Id")
[2019.01.10-16.01.44:027][  0]LogWindows: EnumDisplayDevices:
[2019.01.10-16.01.44:027][  0]LogWindows:    0. 'Intel(R) HD Graphics 630' (P:1 D:1)
[2019.01.10-16.01.44:028][  0]LogWindows:    1. 'Intel(R) HD Graphics 630' (P:0 D:0)
[2019.01.10-16.01.44:028][  0]LogWindows:    2. 'Intel(R) HD Graphics 630' (P:0 D:0)
[2019.01.10-16.01.44:028][  0]LogWindows: DebugString: PrimaryIsNotTheChoosenAdapter PrimaryIsNotTheChoosenAdapter PrimaryIsNotTheChoosenAdapter FoundDriverCount:0 
[2019.01.10-16.01.44:028][  0]LogD3D11RHI:     Adapter Name: NVIDIA GeForce GTX 1050
[2019.01.10-16.01.44:028][  0]LogD3D11RHI:   Driver Version: Unknown (internal:Unknown, unified:Unknown)
[2019.01.10-16.01.44:028][  0]LogD3D11RHI:      Driver Date: Unknown
[2019.01.10-16.01.44:028][  0]LogRHI: Texture pool is 2814 MB (70% of 4021 MB)
[2019.01.10-16.01.44:079][  0]LogD3D11RHI: Async texture creation enabled
[2019.01.10-16.01.44:098][  0]LogD3D11RHI: GPU Timing Frequency: 1000.000000 (Debug: 2 2)
[2019.01.10-16.01.44:100][  0]LogShaderCompilers: Guid format shader working directory is -37 characters bigger than the processId version (../../../../../../Users/aless/Documents/GitHub/UnrealFinalProject/Flamingo_O_O_OOO/Intermediate/Shaders/WorkingDirectory/14516/).
[2019.01.10-16.01.44:100][  0]LogShaderCompilers: Cleaned the shader compiler working directory 'C:/Users/aless/AppData/Local/Temp/UnrealShaderWorkingDir/45BEBE9B41A77D9D5563AAB03C99AA0E/'.
[2019.01.10-16.01.44:663][  0]LogTemp: Display: Loaded TP AllDesktopTargetPlatform
[2019.01.10-16.01.44:680][  0]LogTemp: Display: Loaded TP MacClientTargetPlatform
[2019.01.10-16.01.44:697][  0]LogTemp: Display: Loaded TP MacNoEditorTargetPlatform
[2019.01.10-16.01.44:715][  0]LogTemp: Display: Loaded TP MacServerTargetPlatform
[2019.01.10-16.01.44:731][  0]LogTemp: Display: Loaded TP MacTargetPlatform
[2019.01.10-16.01.44:750][  0]LogTemp: Display: Loaded TP WindowsClientTargetPlatform
[2019.01.10-16.01.44:766][  0]LogTemp: Display: Loaded TP WindowsNoEditorTargetPlatform
[2019.01.10-16.01.44:785][  0]LogTemp: Display: Loaded TP WindowsServerTargetPlatform
[2019.01.10-16.01.44:794][  0]LogTemp: Display: Loaded TP WindowsTargetPlatform
[2019.01.10-16.01.44:887][  0]LogTemp: Display: Loaded TP AndroidTargetPlatform
[2019.01.10-16.01.44:887][  0]LogTemp: Display: Loaded TP AndroidTargetPlatform
[2019.01.10-16.01.44:887][  0]LogTemp: Display: Loaded TP AndroidTargetPlatform
[2019.01.10-16.01.44:887][  0]LogTemp: Display: Loaded TP AndroidTargetPlatform
[2019.01.10-16.01.44:887][  0]LogTemp: Display: Loaded TP AndroidTargetPlatform
[2019.01.10-16.01.44:887][  0]LogTemp: Display: Loaded TP AndroidTargetPlatform
[2019.01.10-16.01.44:887][  0]LogTemp: Display: Loaded TP AndroidTargetPlatform
[2019.01.10-16.01.44:887][  0]LogTemp: Display: Loaded TP AndroidTargetPlatform
[2019.01.10-16.01.44:887][  0]LogTemp: Display: Loaded TP AndroidTargetPlatform
[2019.01.10-16.01.44:887][  0]LogTemp: Display: Loaded TP AndroidTargetPlatform
[2019.01.10-16.01.44:887][  0]LogTemp: Display: Loaded TP AndroidTargetPlatform
[2019.01.10-16.01.44:887][  0]LogTemp: Display: Loaded TP AndroidTargetPlatform
[2019.01.10-16.01.44:887][  0]LogTemp: Display: Loaded TP AndroidTargetPlatform
[2019.01.10-16.01.44:887][  0]LogTemp: Display: Loaded TP AndroidTargetPlatform
[2019.01.10-16.01.44:887][  0]LogTemp: Display: Loaded TP AndroidTargetPlatform
[2019.01.10-16.01.44:887][  0]LogTemp: Display: Loaded TP AndroidTargetPlatform
[2019.01.10-16.01.44:887][  0]LogTemp: Display: Loaded TP AndroidTargetPlatform
[2019.01.10-16.01.44:887][  0]LogTemp: Display: Loaded TP AndroidTargetPlatform
[2019.01.10-16.01.44:889][  0]LogTemp: Display: Loaded TP HTML5TargetPlatform
[2019.01.10-16.01.44:954][  0]LogTemp: Display: Loaded TP IOSTargetPlatform
[2019.01.10-16.01.44:954][  0]LogTemp: Display: Loaded TP IOSTargetPlatform
[2019.01.10-16.01.44:981][  0]LogTemp: Display: Loaded TP TVOSTargetPlatform
[2019.01.10-16.01.44:981][  0]LogTemp: Display: Loaded TP TVOSTargetPlatform
[2019.01.10-16.01.44:994][  0]LogTemp: Display: Loaded TP LinuxClientTargetPlatform
[2019.01.10-16.01.45:008][  0]LogTemp: Display: Loaded TP LinuxNoEditorTargetPlatform
[2019.01.10-16.01.45:021][  0]LogTemp: Display: Loaded TP LinuxServerTargetPlatform
[2019.01.10-16.01.45:034][  0]LogTemp: Display: Loaded TP LinuxTargetPlatform
[2019.01.10-16.01.45:044][  0]LogTemp: Display: Loaded TP LuminTargetPlatform
[2019.01.10-16.01.45:045][  0]LogTargetPlatformManager: Display: Building Assets For Windows
[2019.01.10-16.01.45:136][  0]LogXGEController: Cannot use XGE Controller as Incredibuild is not installed on this machine.
[2019.01.10-16.01.45:136][  0]LogShaderCompilers: Cannot use XGE Shader Compiler as Incredibuild is not installed on this machine.
[2019.01.10-16.01.45:136][  0]LogShaderCompilers: Display: Using Local Shader Compiler.
[2019.01.10-16.01.46:382][  0]LogDerivedDataCache: Display: Max Cache Size: 512 MB
[2019.01.10-16.01.49:459][  0]LogDerivedDataCache: Loaded boot cache 3.08s 71MB C:/Users/aless/AppData/Local/UnrealEngine/4.20/DerivedDataCache/Boot.ddc.
[2019.01.10-16.01.49:460][  0]LogDerivedDataCache: Display: Loaded Boot cache: C:/Users/aless/AppData/Local/UnrealEngine/4.20/DerivedDataCache/Boot.ddc
[2019.01.10-16.01.49:460][  0]LogDerivedDataCache: FDerivedDataBackendGraph:  Pak pak cache file ../../../../../../Users/aless/Documents/GitHub/UnrealFinalProject/Flamingo_O_O_OOO/DerivedDataCache/DDC.ddp not found, will not use a pak cache.
[2019.01.10-16.01.49:460][  0]LogDerivedDataCache: Unable to find inner node Pak for hierarchical cache Hierarchy.
[2019.01.10-16.01.49:460][  0]LogDerivedDataCache: FDerivedDataBackendGraph:  CompressedPak pak cache file ../../../../../../Users/aless/Documents/GitHub/UnrealFinalProject/Flamingo_O_O_OOO/DerivedDataCache/Compressed.ddp not found, will not use a pak cache.
[2019.01.10-16.01.49:460][  0]LogDerivedDataCache: Unable to find inner node CompressedPak for hierarchical cache Hierarchy.
[2019.01.10-16.01.49:473][  0]LogDerivedDataCache: Display: Pak cache opened for reading ../../../Engine/DerivedDataCache/Compressed.ddp.
[2019.01.10-16.01.49:487][  0]LogDerivedDataCache: Using Local data cache path C:/Users/aless/AppData/Local/UnrealEngine/Common/DerivedDataCache: Writable
[2019.01.10-16.01.49:487][  0]LogDerivedDataCache: Shared data cache path not found in *engine.ini, will not use an Shared cache.
[2019.01.10-16.01.49:487][  0]LogDerivedDataCache: Unable to find inner node Shared for hierarchical cache Hierarchy.
[2019.01.10-16.01.49:507][  0]LogMaterial: Verifying Global Shaders for PCD3D_SM5
[2019.01.10-16.01.49:509][  0]LogSlate: Using FreeType 2.6.0
[2019.01.10-16.01.49:524][  0]LogSlate: SlateFontServices - WITH_FREETYPE: 1, WITH_HARFBUZZ: 1
[2019.01.10-16.01.51:083][  0]LogAssetRegistry: FAssetRegistry took 0.0273 seconds to start up
[2019.01.10-16.01.51:414][  0]LogInit: Selected Device Profile: [Windows]
[2019.01.10-16.01.51:672][  0]LogSimplygon: Simplygon DLL not present - disabling.
[2019.01.10-16.01.51:677][  0]LogMeshReduction: Using SimplygonSwarm for distributed automatic mesh merging
[2019.01.10-16.01.51:677][  0]LogMeshReduction: Using ProxyLODMeshReduction for automatic mesh merging
[2019.01.10-16.01.51:677][  0]LogMeshReduction: Using QuadricMeshReduction for automatic static mesh reduction
[2019.01.10-16.01.51:677][  0]LogMeshReduction: No automatic skeletal mesh reduction module available
[2019.01.10-16.01.51:699][  0]LogNetVersion: Flamingo_O_O_OOO 1.0.0, NetCL: 4212847, EngineNetVer: 5, GameNetVer: 0 (Checksum: 3041211453)
[2019.01.10-16.01.52:722][  0]LogPackageLocalizationCache: Processed 12 localized package path(s) for 2 prioritized culture(s) in 0.354721 seconds
[2019.01.10-16.01.52:729][  0]LogUObjectArray: 38425 objects as part of root set at end of initial load.
[2019.01.10-16.01.52:729][  0]LogUObjectAllocator: 6690864 out of 0 bytes used by permanent object pool.
[2019.01.10-16.01.52:729][  0]LogUObjectArray: CloseDisregardForGC: 0/0 objects in disregard for GC pool
[2019.01.10-16.02.17:902][  0]LogTcpMessaging: Initializing TcpMessaging bridge
[2019.01.10-16.02.17:916][  0]LogUdpMessaging: Initializing bridge on interface 0.0.0.0:0 to multicast group 230.0.0.1:6666.
[2019.01.10-16.02.18:534][  0]SourceControl: Source control is disabled
[2019.01.10-16.02.18:534][  0]SourceControl: Source control is disabled
[2019.01.10-16.02.18:536][  0]SourceControl: Source control is disabled
[2019.01.10-16.02.18:537][  0]SourceControl: Source control is disabled
[2019.01.10-16.02.18:881][  0]LogAndroidPermission: UAndroidPermissionCallbackProxy::GetInstance
[2019.01.10-16.02.18:953][  0]LogOcInput: OculusInput pre-init called
[2019.01.10-16.02.19:078][  0]LogEngine: Initializing Engine...
[2019.01.10-16.02.19:079][  0]LogHMD: Failed to initialize OpenVR with code 110
[2019.01.10-16.02.19:081][  0]LogStats: UGameplayTagsManager::ConstructGameplayTagTree: ImportINI prefixes -  0.000 s
[2019.01.10-16.02.19:081][  0]LogStats: UGameplayTagsManager::ConstructGameplayTagTree: Construct from data asset -  0.000 s
[2019.01.10-16.02.19:081][  0]LogStats: UGameplayTagsManager::ConstructGameplayTagTree: ImportINI -  0.000 s
[2019.01.10-16.02.19:081][  0]LogStats: UGameplayTagsManager::ConstructGameplayTagTree: GameplayTagTreeChangedEvent.Broadcast -  0.000 s
[2019.01.10-16.02.19:351][  0]LogInit: Initializing FReadOnlyCVARCache
[2019.01.10-16.02.19:370][  0]LogAIModule: Creating AISystem for world Untitled
[2019.01.10-16.02.19:457][  0]LogInit: XAudio2 using 'Speakers (Realtek High Definition Audio)' : 2 channels at 48 kHz using 32 bits per sample (channel mask 0x3)
[2019.01.10-16.02.19:489][  0]LogInit: FAudioDevice initialized.
[2019.01.10-16.02.19:490][  0]LogNetVersion: Set ProjectVersion to 1.0.0.0. Version Checksum will be recalculated on next use.
[2019.01.10-16.02.19:647][  0]LogDerivedDataCache: Saved boot cache 0.16s 71MB C:/Users/aless/AppData/Local/UnrealEngine/4.20/DerivedDataCache/Boot.ddc.
[2019.01.10-16.02.19:655][  0]LogInit: Texture streaming: Enabled
[2019.01.10-16.02.19:685][  0]LogEngineSessionManager: EngineSessionManager initialized
[2019.01.10-16.02.19:757][  0]LogInit: Transaction tracking system initialized
[2019.01.10-16.02.19:793][  0]BlueprintLog: New page: Editor Load
[2019.01.10-16.02.19:937][  0]LocalizationService: Localization service is disabled
[2019.01.10-16.02.21:312][  0]LogCook: Display: Max memory allowance for cook 16384mb min free memory 0mb
[2019.01.10-16.02.21:312][  0]LogCook: Display: Mobile HDR setting 1
[2019.01.10-16.02.21:325][  0]LogGameplayTags: Display: UGameplayTagsManager::DoneAddingNativeTags. DelegateIsBound: 0
[2019.01.10-16.02.21:325][  0]LogStats: UGameplayTagsManager::ConstructGameplayTagTree: ImportINI prefixes -  0.000 s
[2019.01.10-16.02.21:325][  0]LogStats: UGameplayTagsManager::ConstructGameplayTagTree: Construct from data asset -  0.000 s
[2019.01.10-16.02.21:325][  0]LogStats: UGameplayTagsManager::ConstructGameplayTagTree: ImportINI -  0.000 s
[2019.01.10-16.02.21:325][  0]LogStats: UGameplayTagsManager::ConstructGameplayTagTree: GameplayTagTreeChangedEvent.Broadcast -  0.000 s
[2019.01.10-16.02.21:941][  0]LogFileCache: Scanning file cache for directory 'C:/Users/aless/Documents/GitHub/UnrealFinalProject/Flamingo_O_O_OOO/Content/' took 0.04s
[2019.01.10-16.02.21:941][  0]SourceControl: Source control is disabled
[2019.01.10-16.02.21:941][  0]Cmd: MAP LOAD FILE="../../../../../../Users/aless/Documents/GitHub/UnrealFinalProject/Flamingo_O_O_OOO/Content/ThirdPersonBP/Maps/ThirdPersonExampleMap.umap" TEMPLATE=0 SHOWPROGRESS=1 FEATURELEVEL=3
[2019.01.10-16.02.21:958][  0]LightingResults: New page: Lighting Build
[2019.01.10-16.02.21:962][  0]MapCheck: New page: Map Check
[2019.01.10-16.02.21:962][  0]LightingResults: New page: Lighting Build
[2019.01.10-16.02.28:904][  0]LogAIModule: Creating AISystem for world ThirdPersonExampleMap
[2019.01.10-16.02.29:352][  0]LogEditorServer: Finished looking for orphan Actors (0.000 secs)
[2019.01.10-16.02.29:424][  0]Cmd: MAP CHECKDEP NOCLEARLOG
[2019.01.10-16.02.29:545][  0]MapCheck: Map check complete: 0 Error(s), 0 Warning(s), took 120.732ms to complete.
[2019.01.10-16.02.29:545][  0]LogFileHelpers: Loading map 'ThirdPersonExampleMap' took 7.604
[2019.01.10-16.02.30:146][  0]LogSlate: Updating window title bar state: overlay mode, drag disabled, window buttons hidden, title bar hidden
[2019.01.10-16.02.30:157][  0]LogSlate: Updating window title bar state: overlay mode, drag disabled, window buttons hidden, title bar hidden
[2019.01.10-16.02.30:165][  0]LogSlate: Updating window title bar state: overlay mode, drag disabled, window buttons hidden, title bar hidden
[2019.01.10-16.02.30:173][  0]LogSlate: Updating window title bar state: overlay mode, drag disabled, window buttons hidden, title bar hidden
[2019.01.10-16.02.30:272][  0]LogCollectionManager: Loaded 0 collections in 0.021729 seconds
[2019.01.10-16.02.30:444][  0]LogFileCache: Scanning file cache for directory 'C:/Users/aless/Documents/GitHub/UnrealFinalProject/Flamingo_O_O_OOO/Saved/Collections/' took 0.01s
[2019.01.10-16.02.30:444][  0]LogFileCache: Scanning file cache for directory 'C:/Users/aless/Documents/GitHub/UnrealFinalProject/Flamingo_O_O_OOO/Content/Developers/aless/Collections/' took 0.01s
[2019.01.10-16.02.30:444][  0]LogFileCache: Scanning file cache for directory 'C:/Users/aless/Documents/GitHub/UnrealFinalProject/Flamingo_O_O_OOO/Content/Collections/' took 0.01s
[2019.01.10-16.02.30:444][  0]LogCollectionManager: Rebuilt the GUID cache for 0 collections in 0.000001 seconds
[2019.01.10-16.02.30:461][  0]LogContentBrowser: Native class hierarchy populated in 0.0141 seconds. Added 2578 classes and 608 folders.
[2019.01.10-16.02.30:558][  0]LogContentBrowser: Native class hierarchy updated for 'WidgetCarousel' in 0.0004 seconds. Added 0 classes and 0 folders.
[2019.01.10-16.02.31:764][  0]LogContentBrowser: Native class hierarchy updated for 'AddContentDialog' in 0.0004 seconds. Added 0 classes and 0 folders.
[2019.01.10-16.02.32:195][  0]LogContentBrowser: Native class hierarchy updated for 'SceneOutliner' in 0.0003 seconds. Added 1 classes and 2 folders.
[2019.01.10-16.02.32:353][  0]LogSlate: Took 0.017275 seconds to synchronously load lazily loaded font '../../../Engine/Content/Slate/Fonts/Roboto-Regular.ttf' (155K)
[2019.01.10-16.02.32:367][  0]LogSlate: Took 0.008727 seconds to synchronously load lazily loaded font '../../../Engine/Content/Slate/Fonts/Roboto-Bold.ttf' (160K)
[2019.01.10-16.02.32:418][  0]LogSlate: Took 0.016249 seconds to synchronously load lazily loaded font '../../../Engine/Content/Editor/Slate/Fonts/FontAwesome.ttf' (139K)
[2019.01.10-16.02.32:866][  0]LogRenderer: Reallocating scene render targets to support 852x476 Format 9 NumSamples 1 (Frame:1).
[2019.01.10-16.02.33:681][  0]LogContentBrowser: Native class hierarchy updated for 'HierarchicalLODOutliner' in 0.0003 seconds. Added 0 classes and 0 folders.
[2019.01.10-16.02.33:682][  0]LogLoad: (Engine Initialization) Total time: 54.64 seconds
[2019.01.10-16.02.33:682][  0]LogLoad: (Engine Initialization) Total Blueprint compile time: 0.00 seconds
[2019.01.10-16.02.33:808][  0]LogContentStreaming: Texture pool size now 400 MB
[2019.01.10-16.02.33:922][  0]LogSlate: Took 0.024171 seconds to synchronously load lazily loaded font '../../../Engine/Content/Slate/Fonts/Roboto-Light.ttf' (167K)
[2019.01.10-16.02.34:027][  2]LogAssetRegistry: Asset discovery search completed in 42.9683 seconds
[2019.01.10-16.02.34:030][  2]LogCollectionManager: Rebuilt the object cache for 0 collections in 0.000000 seconds (found 0 objects)
[2019.01.10-16.02.34:030][  2]LogCollectionManager: Fixed up redirectors for 0 collections in 0.000069 seconds (updated 0 objects)
[2019.01.10-16.11.24:864][186]LogSlate: FSceneViewport::OnFocusLost() reason 0
[2019.01.10-16.12.56:242][875]LogSlate: Took 0.000438 seconds to synchronously load lazily loaded font '../../../Engine/Content/Slate/Fonts/Roboto-Light.ttf' (167K)
[2019.01.10-16.12.56:295][875]LogAssetEditorManager: Opening Asset editor for Blueprint /Game/ThirdPersonBP/Blueprints/Enemybro.Enemybro
[2019.01.10-16.12.58:566][875]LogContentBrowser: Native class hierarchy updated for 'BlueprintGraph' in 0.0006 seconds. Added 116 classes and 0 folders.
[2019.01.10-16.13.03:388][875]LogSlate: Took 0.015514 seconds to synchronously load lazily loaded font '../../../Engine/Content/Slate/Fonts/Roboto-BoldCondensed.ttf' (158K)
[2019.01.10-16.13.04:951][876]LogSlate: Took 0.015229 seconds to synchronously load lazily loaded font '../../../Engine/Content/Slate/Fonts/Roboto-Italic.ttf' (157K)
[2019.01.10-16.13.12:124][268]LogRenderer: Reallocating scene render targets to support 912x540 Format 9 NumSamples 1 (Frame:1).
[2019.01.10-16.13.40:686][909]LogSlate: FSceneViewport::OnFocusLost() reason 0
[2019.01.10-16.14.16:451][436]LogSlate: FSceneViewport::OnFocusLost() reason 2
[2019.01.10-16.14.34:486][488]LogEditorTransaction: Undo Modify Component(s)
[2019.01.10-16.14.36:064][558]LogSlate: FSceneViewport::OnFocusLost() reason 0
[2019.01.10-16.14.55:674][698]LogSlate: FSceneViewport::OnFocusLost() reason 0
[2019.01.10-16.15.02:021][ 72]LogSlate: FSceneViewport::OnFocusLost() reason 0
[2019.01.10-16.15.20:480][167]LogSlate: FSceneViewport::OnFocusLost() reason 0
[2019.01.10-16.15.53:462][518]LogSlate: FSceneViewport::OnFocusLost() reason 0
[2019.01.10-16.16.54:467][126]LogSlate: FSceneViewport::OnFocusLost() reason 0
[2019.01.10-16.17.02:115][533]LogSlate: FSceneViewport::OnFocusLost() reason 0
[2019.01.10-16.17.14:941][279]LogSlate: FSceneViewport::OnFocusLost() reason 0
[2019.01.10-16.17.15:057][286]BlueprintLog: New page: Compile Enemybro
[2019.01.10-16.17.40:452][902]LogSlate: FSceneViewport::OnFocusLost() reason 0
[2019.01.10-16.17.40:727][902]BlueprintLog: New page: Compile Enemybro
[2019.01.10-16.17.46:746][240]LogEditorTransaction: Undo Modify Component(s)
[2019.01.10-16.17.53:710][645]LogSlate: FSceneViewport::OnFocusLost() reason 0
[2019.01.10-16.17.53:793][650]BlueprintLog: New page: Compile Enemybro
[2019.01.10-16.18.07:380][438]BlueprintLog: New page: Compile Enemybro
[2019.01.10-16.18.09:931][463]LogSavePackage: Moving '../../../../../../Users/aless/Documents/GitHub/UnrealFinalProject/Flamingo_O_O_OOO/Saved/Enemybro03B4164F40960A34D16A98BA108E0C23.tmp' to '../../../../../../Users/aless/Documents/GitHub/UnrealFinalProject/Flamingo_O_O_OOO/Content/ThirdPersonBP/Blueprints/Enemybro.uasset'
[2019.01.10-16.18.32:980][545]LogSavePackage: Moving '../../../../../../Users/aless/Documents/GitHub/UnrealFinalProject/Flamingo_O_O_OOO/Saved/ThirdPersonExampleMap_Auto13A31168544E472A47FA7ECA23FFC7D6D.tmp' to '../../../../../../Users/aless/Documents/GitHub/UnrealFinalProject/Flamingo_O_O_OOO/Saved/Autosaves/Game/ThirdPersonBP/Maps/ThirdPersonExampleMap_Auto1.umap'
[2019.01.10-16.18.33:040][545]LogFileHelpers: Editor autosave (incl. sublevels) for '/Game/ThirdPersonBP/Maps/ThirdPersonExampleMap' took 0.518
[2019.01.10-16.18.33:040][545]LogFileHelpers: Editor autosave (incl. sublevels) for all levels took 0.518
[2019.01.10-16.18.43:550][869]LogSavePackage: Moving '../../../../../../Users/aless/Documents/GitHub/UnrealFinalProject/Flamingo_O_O_OOO/Saved/EnemybroDDADC61A4DADB32D0B16A59AC4082616.tmp' to '../../../../../../Users/aless/Documents/GitHub/UnrealFinalProject/Flamingo_O_O_OOO/Content/ThirdPersonBP/Blueprints/Enemybro.uasset'
[2019.01.10-16.19.03:153][509]LogSlate: FSceneViewport::OnFocusLost() reason 2
[2019.01.10-16.19.09:833][896]BlueprintLog: New page: Compile Enemybro
[2019.01.10-16.19.10:611][918]LogSavePackage: Moving '../../../../../../Users/aless/Documents/GitHub/UnrealFinalProject/Flamingo_O_O_OOO/Saved/Enemybro234AFBD1408D4CE9296F6EAC22719FAD.tmp' to '../../../../../../Users/aless/Documents/GitHub/UnrealFinalProject/Flamingo_O_O_OOO/Content/ThirdPersonBP/Blueprints/Enemybro.uasset'
[2019.01.10-16.19.55:500][453]LogSlate: Window 'Pick Parent Class' being destroyed
[2019.01.10-16.20.10:770][345]LogAssetEditorManager: Opening Asset editor for Blueprint /Game/ThirdPersonBP/Blueprints/LockOnInterface.LockOnInterface
[2019.01.10-16.20.35:634][522]LogMetaData: Removing '/Game/ThirdPersonBP/Blueprints/TargetLockON.SKEL_TargetLockON_C' ref from Metadata '/Game/ThirdPersonBP/Blueprints/LockOnInterface.PackageMetaData'
[2019.01.10-16.20.35:634][522]LogMetaData: Removing '/Game/ThirdPersonBP/Blueprints/TargetLockON.TargetLockON_C' ref from Metadata '/Game/ThirdPersonBP/Blueprints/LockOnInterface.PackageMetaData'
[2019.01.10-16.20.35:634][522]LogMetaData: Removing '/Game/ThirdPersonBP/Blueprints/TargetLockON.TargetLockON:TargetLockON.K2Node_FunctionEntry_0' ref from Metadata '/Game/ThirdPersonBP/Blueprints/LockOnInterface.PackageMetaData'
[2019.01.10-16.20.35:703][522]LogSavePackage: Moving '../../../../../../Users/aless/Documents/GitHub/UnrealFinalProject/Flamingo_O_O_OOO/Saved/TargetLockONF410EF3B48726BB196D38CBE7B3E8F18.tmp' to '../../../../../../Users/aless/Documents/GitHub/UnrealFinalProject/Flamingo_O_O_OOO/Content/ThirdPersonBP/Blueprints/TargetLockON.uasset'
[2019.01.10-16.28.34:624][488]LogSavePackage: Moving '../../../../../../Users/aless/Documents/GitHub/UnrealFinalProject/Flamingo_O_O_OOO/Saved/ThirdPersonExampleMap_Auto2B03B5D014A2008C280C36F9E5D5DAB80.tmp' to '../../../../../../Users/aless/Documents/GitHub/UnrealFinalProject/Flamingo_O_O_OOO/Saved/Autosaves/Game/ThirdPersonBP/Maps/ThirdPersonExampleMap_Auto2.umap'
[2019.01.10-16.28.34:691][488]LogFileHelpers: Editor autosave (incl. sublevels) for '/Game/ThirdPersonBP/Maps/ThirdPersonExampleMap' took 1.356
[2019.01.10-16.28.34:691][488]LogFileHelpers: Editor autosave (incl. sublevels) for all levels took 1.356
[2019.01.10-16.35.35:133][141]LogSlate: Prevented a slow task dialog from being summoned while a context menu was open
[2019.01.10-16.37.10:114][541]BlueprintLog: New page: Compile Enemybro
[2019.01.10-16.38.41:113][430]BlueprintLog: New page: Compile Enemybro
[2019.01.10-16.38.42:079][450]LogSavePackage: Moving '../../../../../../Users/aless/Documents/GitHub/UnrealFinalProject/Flamingo_O_O_OOO/Saved/Enemybro90EB5F7546329AC8E1AD64857E13BD6C.tmp' to '../../../../../../Users/aless/Documents/GitHub/UnrealFinalProject/Flamingo_O_O_OOO/Content/ThirdPersonBP/Blueprints/Enemybro.uasset'
[2019.01.10-16.38.47:670][552]LogSavePackage: Moving '../../../../../../Users/aless/Documents/GitHub/UnrealFinalProject/Flamingo_O_O_OOO/Saved/Enemybro7B13A73041503818DBBAC9A2A25086C9.tmp' to '../../../../../../Users/aless/Documents/GitHub/UnrealFinalProject/Flamingo_O_O_OOO/Content/ThirdPersonBP/Blueprints/Enemybro.uasset'
[2019.01.10-16.38.49:147][621]LogSavePackage: Moving '../../../../../../Users/aless/Documents/GitHub/UnrealFinalProject/Flamingo_O_O_OOO/Saved/TargetLockON58609E3E4211EC01FF90418A1F88CB8C.tmp' to '../../../../../../Users/aless/Documents/GitHub/UnrealFinalProject/Flamingo_O_O_OOO/Content/ThirdPersonBP/Blueprints/TargetLockON.uasset'
[2019.01.10-16.39.30:605][178]BlueprintLog: New page: Compile Enemybro
[2019.01.10-16.39.31:564][198]LogSavePackage: Moving '../../../../../../Users/aless/Documents/GitHub/UnrealFinalProject/Flamingo_O_O_OOO/Saved/Enemybro7CDD50F7410E1FD1C9CF80BD76765BD5.tmp' to '../../../../../../Users/aless/Documents/GitHub/UnrealFinalProject/Flamingo_O_O_OOO/Content/ThirdPersonBP/Blueprints/Enemybro.uasset'
[2019.01.10-16.39.57:088][354]LogSavePackage: Moving '../../../../../../Users/aless/Documents/GitHub/UnrealFinalProject/Flamingo_O_O_OOO/Saved/ThirdPersonExampleMap_Auto39E4C8244437142D6E44E62A0EFDBF467.tmp' to '../../../../../../Users/aless/Documents/GitHub/UnrealFinalProject/Flamingo_O_O_OOO/Saved/Autosaves/Game/ThirdPersonBP/Maps/ThirdPersonExampleMap_Auto3.umap'
[2019.01.10-16.39.57:094][354]LogFileHelpers: Editor autosave (incl. sublevels) for '/Game/ThirdPersonBP/Maps/ThirdPersonExampleMap' took 0.397
[2019.01.10-16.39.57:094][354]LogFileHelpers: Editor autosave (incl. sublevels) for all levels took 0.397
[2019.01.10-16.40.33:909][109]LogSlate: Took 0.048312 seconds to synchronously load lazily loaded font '../../../Engine/Content/Slate/Fonts/Roboto-BoldCondensedItalic.ttf' (160K)
[2019.01.10-16.41.40:462][213]BlueprintLog: New page: Compile Enemybro
[2019.01.10-16.41.41:202][225]LogSavePackage: Moving '../../../../../../Users/aless/Documents/GitHub/UnrealFinalProject/Flamingo_O_O_OOO/Saved/Enemybro10A8D78B4F066B837EF34D829F208BB2.tmp' to '../../../../../../Users/aless/Documents/GitHub/UnrealFinalProject/Flamingo_O_O_OOO/Content/ThirdPersonBP/Blueprints/Enemybro.uasset'
[2019.01.10-16.43.24:168][589]LogSavePackage: Moving '../../../../../../Users/aless/Documents/GitHub/UnrealFinalProject/Flamingo_O_O_OOO/Saved/EnemybroBFE1FF6040DA21BB0AF19E951E4DBB04.tmp' to '../../../../../../Users/aless/Documents/GitHub/UnrealFinalProject/Flamingo_O_O_OOO/Content/ThirdPersonBP/Blueprints/Enemybro.uasset'
[2019.01.10-16.49.57:683][ 77]LogSavePackage: Moving '../../../../../../Users/aless/Documents/GitHub/UnrealFinalProject/Flamingo_O_O_OOO/Saved/ThirdPersonExampleMap_Auto4638DB106441018266D3D25825180D3AC.tmp' to '../../../../../../Users/aless/Documents/GitHub/UnrealFinalProject/Flamingo_O_O_OOO/Saved/Autosaves/Game/ThirdPersonBP/Maps/ThirdPersonExampleMap_Auto4.umap'
[2019.01.10-16.49.57:690][ 77]LogFileHelpers: Editor autosave (incl. sublevels) for '/Game/ThirdPersonBP/Maps/ThirdPersonExampleMap' took 0.347
[2019.01.10-16.49.57:690][ 77]LogFileHelpers: Editor autosave (incl. sublevels) for all levels took 0.347
